Initializing...
==> Cluster identification................     0.001
    --> Domain assignment ..............     0.002
    --> Equation construction ..........     0.000
    --> Equation ordering ..............     0.046
    --> Equation mapping ...............     0.003
    --> Source association .............     0.083
    --> Anchoring ......................     0.000
==> Cluster list build ...................     0.134
    --> Products .......................     0.834
    --> Reactions ......................     0.713
    --> Leaks ..........................     0.021
    --> Emissions ......................     0.165
    --> Transforms .....................     0.001
    --> Sinks ..........................     0.000
    --> Scale Factors ..................     0.000
==> Kinetics reconstruction ..............     1.735
    --> Reaction Block .................     0.016
    --> Stamp ..........................     0.002
    --> Jacobian .......................     0.026
==> Matrix construction ..................     0.044
Total time elapsed:      1.915
    clusters     :   401
    equations    :   413
    3d reactions : 84555
    1d reactions : 0
    3d leaks     : 0
    1d leaks     : 0
    3d emissions : 600
    1d emissions : 0
  Preconditioner : 252079
Axis 01 upper boundary enchroachment detected
Expanded from 1000 to 6000
Resizing...
==> Cluster identification................     0.001
    --> Domain assignment ..............     0.001
    --> Equation construction ..........     0.000
    --> Equation ordering ..............     0.037
    --> Equation mapping ...............     0.002
    --> Source association .............     0.077
    --> Anchoring ......................     0.000
==> Cluster list build ...................     0.117
    --> Products .......................     1.518
    --> Reactions ......................     1.605
    --> Leaks ..........................     0.019
    --> Emissions ......................     0.166
    --> Transforms .....................     0.001
    --> Sinks ..........................     0.000
    --> Scale Factors ..................     0.001
==> Kinetics reconstruction ..............     3.310
    --> Reaction Block .................     0.016
    --> Stamp ..........................     0.003
    --> Jacobian .......................     0.030
==> Matrix construction ..................     0.049
Total time elapsed:      3.478
    clusters     :    419
    equations    :    449
    3d reactions : 101151
    1d reactions : 0
    3d leaks     : 0
    1d leaks     : 0
    3d emissions : 600
    1d emissions : 0
  Preconditioner : 269647
Axis 01 upper boundary enchroachment detected
Expanded from 6000 to 36000
Resizing...
==> Cluster identification................     0.000
    --> Domain assignment ..............     0.002
    --> Equation construction ..........     0.000
    --> Equation ordering ..............     0.044
    --> Equation mapping ...............     0.002
    --> Source association .............     0.090
    --> Anchoring ......................     0.001
==> Cluster list build ...................     0.139
    --> Products .......................     4.664
    --> Reactions ......................     6.202
    --> Leaks ..........................     0.017
    --> Emissions ......................     0.189
    --> Transforms .....................     0.001
    --> Sinks ..........................     0.000
    --> Scale Factors ..................     0.000
==> Kinetics reconstruction ..............    11.073
    --> Reaction Block .................     0.018
    --> Stamp ..........................     0.003
    --> Jacobian .......................     0.038
==> Matrix construction ..................     0.059
Total time elapsed:     11.272
    clusters     :    449
    equations    :    509
    3d reactions : 129754
    1d reactions : 0
    3d leaks     : 0
    1d leaks     : 0
    3d emissions : 600
    1d emissions : 0
  Preconditioner : 298927
Axis 01 lower boundary enchroachment detected
Expanded from -100 to -600
Resizing...
==> Cluster identification................     0.000
    --> Domain assignment ..............     0.002
    --> Equation construction ..........     0.000
    --> Equation ordering ..............     0.040
    --> Equation mapping ...............     0.002
    --> Source association .............     0.098
    --> Anchoring ......................     0.000
==> Cluster list build ...................     0.142
    --> Products .......................     4.738
    --> Reactions ......................     6.434
    --> Leaks ..........................     0.018
    --> Emissions ......................     0.202
    --> Transforms .....................     0.001
    --> Sinks ..........................     0.000
    --> Scale Factors ..................     0.001
==> Kinetics reconstruction ..............    11.394
    --> Reaction Block .................     0.023
    --> Stamp ..........................     0.003
    --> Jacobian .......................     0.047
==> Matrix construction ..................     0.073
Total time elapsed:     11.610
    clusters     :    461
    equations    :    533
    3d reactions : 149341
    1d reactions : 0
    3d leaks     : 0
    1d leaks     : 0
    3d emissions : 836
    1d emissions : 0
  Preconditioner : 312367
Axis 01 lower boundary enchroachment detected
Expanded from -600 to -3600
Resizing...
==> Cluster identification................     0.000
    --> Domain assignment ..............     0.001
    --> Equation construction ..........     0.000
    --> Equation ordering ..............     0.041
    --> Equation mapping ...............     0.003
    --> Source association .............     0.094
    --> Anchoring ......................     0.000
==> Cluster list build ...................     0.139
    --> Products .......................     5.121
    --> Reactions ......................     6.996
    --> Leaks ..........................     0.021
    --> Emissions ......................     0.223
    --> Transforms .....................     0.001
    --> Sinks ..........................     0.000
    --> Scale Factors ..................     0.001
==> Kinetics reconstruction ..............    12.363
    --> Reaction Block .................     0.025
    --> Stamp ..........................     0.002
    --> Jacobian .......................     0.052
==> Matrix construction ..................     0.079
Total time elapsed:     12.582
    clusters     :    475
    equations    :    561
    3d reactions : 163194
    1d reactions : 0
    3d leaks     : 0
    1d leaks     : 0
    3d emissions : 1116
    1d emissions : 0
  Preconditioner : 326535
Axis 01 lower boundary enchroachment detected
Expanded from -3600 to -21600
Resizing...
==> Cluster identification................     0.000
    --> Domain assignment ..............     0.001
    --> Equation construction ..........     0.001
    --> Equation ordering ..............     0.042
    --> Equation mapping ...............     0.002
    --> Source association .............     0.114
    --> Anchoring ......................     0.000
==> Cluster list build ...................     0.160
    --> Products .......................     7.314
    --> Reactions ......................    10.028
    --> Leaks ..........................     0.020
    --> Emissions ......................     0.322
    --> Transforms .....................     0.001
    --> Sinks ..........................     0.000
    --> Scale Factors ..................     0.001
==> Kinetics reconstruction ..............    17.686
    --> Reaction Block .................     0.029
    --> Stamp ..........................     0.003
    --> Jacobian .......................     0.060
==> Matrix construction ..................     0.092
Total time elapsed:     17.939
    clusters     :    501
    equations    :    613
    3d reactions : 189853
    1d reactions : 0
    3d leaks     : 0
    1d leaks     : 0
    3d emissions : 1636
    1d emissions : 0
  Preconditioner : 352847
Axis 01 lower boundary enchroachment detected
Expanded from -21600 to -100000
Resizing...
==> Cluster identification................     0.001
    --> Domain assignment ..............     0.001
    --> Equation construction ..........     0.000
    --> Equation ordering ..............     0.046
    --> Equation mapping ...............     0.004
    --> Source association .............     0.111
    --> Anchoring ......................     0.000
==> Cluster list build ...................     0.162
    --> Products .......................    15.127
    --> Reactions ......................    21.743
    --> Leaks ..........................     0.023
    --> Emissions ......................     0.597
    --> Transforms .....................     0.001
    --> Sinks ..........................     0.000
    --> Scale Factors ..................     0.001
==> Kinetics reconstruction ..............    37.492
    --> Reaction Block .................     0.032
    --> Stamp ..........................     0.003
    --> Jacobian .......................     0.071
==> Matrix construction ..................     0.106
Total time elapsed:     37.763
    clusters     :    537
    equations    :    685
    3d reactions : 226838
    1d reactions : 0
    3d leaks     : 0
    1d leaks     : 0
    3d emissions : 2356
    1d emissions : 0
  Preconditioner : 389279
