CONFIGURATION: Unrecognized option relative ignored for computing int_density
CONFIGURATION: Unrecognized option relative ignored for computing frank_density
CONFIGURATION: Unrecognized option relative ignored for computing perfect_density
CONFIGURATION: Unrecognized option relative ignored for computing faulted_density
CONFIGURATION: Unrecognized option relative ignored for computing void_density
NEWTON STEP: A step was accepted above threshold at   1.85004686E-14
NEWTON STEP: A step was rejected above threshold at   2.81915202E-09
NEWTON STEP: A step was accepted above threshold at   1.02786934E-13
NEWTON STEP: A step was accepted above threshold at   6.63183797E-13
NEWTON STEP: A step was accepted above threshold at   2.70466168E-12
NEWTON STEP: A step was rejected above threshold at   3.16421941E-09
NEWTON STEP: A step was accepted above threshold at   3.24234311E-10
NEWTON STEP: A step was accepted above threshold at   1.22127888E-10
NEWTON STEP: A step was accepted above threshold at   2.52650448E-11
NEWTON STEP: A step was accepted above threshold at   5.09114360E-12
NEWTON STEP: A step was rejected above threshold at   2.98741089E-09
NEWTON STEP: A step was accepted above threshold at   4.31127004E-13
NEWTON STEP: A step was accepted above threshold at   5.27991602E-13
NEWTON STEP: A step was accepted above threshold at   1.92846784E-13
NEWTON STEP: A step was accepted above threshold at   1.00787851E-13
NEWTON STEP: A step was rejected above threshold at   9.70904283E-09
NEWTON STEP: A step was rejected above threshold at   3.05751129E-09
NEWTON STEP: A step was rejected above threshold at   1.97927612E-09
NEWTON STEP: A step was rejected above threshold at   1.35394101E-09
NEWTON STEP: A step was accepted above threshold at   2.80913879E-14
NEWTON STEP: A step was accepted above threshold at   8.93782511E-10
NEWTON STEP: A step was rejected above threshold at   1.27135844E-09
NEWTON STEP: A step was accepted above threshold at   2.62040723E-14
NEWTON STEP: A step was accepted above threshold at   6.61096246E-10
NEWTON STEP: A step was accepted above threshold at   8.70507606E-10
NEWTON STEP: A step was accepted above threshold at   1.61873234E-11
NEWTON STEP: A step was accepted above threshold at   2.65897514E-11
NEWTON STEP: A step was accepted above threshold at   3.49970653E-11
NEWTON STEP: A step was accepted above threshold at   3.11733373E-11
NEWTON STEP: A step was accepted above threshold at   5.03191356E-13
NEWTON STEP: A step was accepted above threshold at   2.80691677E-14
NEWTON STEP: A step was accepted above threshold at   2.75513120E-14
NEWTON STEP: A step was accepted above threshold at   1.62310499E-13
NEWTON STEP: A step was accepted above threshold at   2.58918205E-14
NEWTON STEP: A step was accepted above threshold at   2.86488972E-14
NEWTON STEP: A step was accepted above threshold at   8.23028442E-13
NEWTON STEP: A step was accepted above threshold at   4.30220104E-11
NEWTON STEP: A step was rejected above threshold at   4.86741862E-08
NEWTON STEP: A step was rejected above threshold at   4.86574316E-08
NEWTON STEP: A step was accepted above threshold at   1.54330073E-10
NEWTON STEP: A step was accepted above threshold at   2.74650129E-10
NEWTON STEP: A step was rejected above threshold at   1.65933706E-09
NEWTON STEP: A step was accepted above threshold at   2.83022522E-10
NEWTON STEP: A step was accepted above threshold at   4.23989870E-10
NEWTON STEP: A step was accepted above threshold at   7.87034882E-10
NEWTON STEP: A step was accepted above threshold at   1.83029909E-10
NEWTON STEP: A step was accepted above threshold at   6.33478856E-10
NEWTON STEP: A step was accepted above threshold at   2.53964294E-10
NEWTON STEP: A step was accepted above threshold at   4.33918653E-12
NEWTON STEP: A step was accepted above threshold at   7.28037543E-14
NEWTON STEP: A step was accepted above threshold at   4.06825031E-13
NEWTON STEP: A step was accepted above threshold at   2.18345274E-11
NEWTON STEP: A step was accepted above threshold at   9.98790446E-11
NEWTON STEP: A step was accepted above threshold at   6.72558461E-13
NEWTON STEP: A step was accepted above threshold at   9.10022370E-14
NEWTON STEP: A step was accepted above threshold at   5.97021100E-14
NEWTON STEP: A step was accepted above threshold at   1.13234768E-13
NEWTON STEP: A step was accepted above threshold at   6.37315027E-12
