Initializing...
==> Cluster identification................     0.004
    --> Domain assignment ..............     0.009
    --> Equation construction ..........     0.001
    --> Equation ordering ..............     0.130
    --> Equation mapping ...............     0.014
    --> Source association .............     0.543
    --> Anchoring ......................     0.000
==> Cluster list build ...................     0.697
    --> Products .......................     0.000
    --> Reactions ......................     0.014
    --> Leaks ..........................     0.049
    --> Emissions ......................     1.028
    --> Transforms .....................     0.009
    --> Sinks ..........................     0.000
    --> Scale Factors ..................     0.004
==> Kinetics reconstruction ..............     1.105
    --> Reaction Block .................     0.048
    --> Stamp ..........................     0.020
    --> Jacobian .......................     0.005
==> Matrix construction ..................     0.073
Total time elapsed:      1.881
    clusters     : 3991
    equations    : 3991
    3d reactions : 0
    1d reactions : 0
    3d leaks     : 0
    1d leaks     : 0
    3d emissions : 0
    1d emissions : 0
  Preconditioner : 43901
