Initializing...
==> Cluster identification................     0.029
    --> Domain assignment ..............     0.105
    --> Equation construction ..........     0.001
    --> Equation ordering ..............     1.811
    --> Equation mapping ...............     0.234
    --> Source association .............     4.645
    --> Anchoring ......................     0.004
==> Cluster list build ...................     6.800
    --> Products .......................   113.811
    --> Reactions ......................    79.012
    --> Leaks ..........................     1.488
    --> Emissions ......................    12.104
    --> Transforms .....................     0.057
    --> Sinks ..........................     0.004
    --> Scale Factors ..................     0.021
==> Kinetics reconstruction ..............   206.670
    --> Reaction Block .................     2.740
    --> Stamp ..........................     0.125
    --> Jacobian .......................     4.525
==> Matrix construction ..................     7.390
Total time elapsed:    220.900
    clusters     :   25342
    equations    :   25396
    3d reactions : 5675348
    1d reactions : 0
    3d leaks     : 0
    1d leaks     : 0
    3d emissions : 75815
    1d emissions : 0
  Preconditioner : 23154674
Axis 01 lower boundary was reached and expansion was accelerated
Expanded from -25000 to -275000
Resizing...
==> Cluster identification................     0.024
    --> Domain assignment ..............     0.112
    --> Equation construction ..........     0.001
    --> Equation ordering ..............     1.903
    --> Equation mapping ...............     0.223
    --> Source association .............     4.677
    --> Anchoring ......................     0.004
==> Cluster list build ...................     6.920
    --> Products .......................   149.598
    --> Reactions ......................   117.171
    --> Leaks ..........................     1.569
    --> Emissions ......................    12.310
    --> Transforms .....................     0.051
    --> Sinks ..........................     0.002
    --> Scale Factors ..................     0.022
==> Kinetics reconstruction ..............   280.724
    --> Reaction Block .................     2.547
    --> Stamp ..........................     0.113
    --> Jacobian .......................     4.082
==> Matrix construction ..................     6.742
Total time elapsed:    294.428
    clusters     :   25417
    equations    :   25545
    3d reactions : 5756577
    1d reactions : 0
    3d leaks     : 0
    1d leaks     : 0
    3d emissions : 77296
    1d emissions : 0
  Preconditioner : 23296290
Axis 01 upper boundary was reached and expansion was accelerated
Expanded from 5000 to 55000
Resizing...
==> Cluster identification................     0.024
    --> Domain assignment ..............     0.099
    --> Equation construction ..........     0.001
    --> Equation ordering ..............     1.915
    --> Equation mapping ...............     0.208
    --> Source association .............     4.723
    --> Anchoring ......................     0.011
==> Cluster list build ...................     6.957
    --> Products .......................   153.690
    --> Reactions ......................   127.143
    --> Leaks ..........................     1.574
    --> Emissions ......................    11.869
    --> Transforms .....................     0.049
    --> Sinks ..........................     0.002
    --> Scale Factors ..................     0.023
==> Kinetics reconstruction ..............   294.351
    --> Reaction Block .................     2.555
    --> Stamp ..........................     0.117
    --> Jacobian .......................     4.137
==> Matrix construction ..................     6.809
Total time elapsed:    308.160
    clusters     :   25459
    equations    :   25629
    3d reactions : 5799537
    1d reactions : 0
    3d leaks     : 0
    1d leaks     : 0
    3d emissions : 77296
    1d emissions : 0
  Preconditioner : 23338794
