CONFIGURATION: Unrecognized option relative ignored for computing int
CONFIGURATION: Unrecognized option relative ignored for computing vac
CONFIGURATION: Unrecognized option relative ignored for computing faulted
CONFIGURATION: Unrecognized option relative ignored for computing frank
CONFIGURATION: Unrecognized option relative ignored for computing perfect
CONFIGURATION: Unrecognized option relative ignored for computing void
NEWTON STEP: A step was accepted above threshold at   6.08725902E-12
NEWTON STEP: A step was accepted above threshold at   1.05394047E-11
NEWTON STEP: A step was accepted above threshold at   2.87671596E-11
NEWTON STEP: A step was accepted above threshold at   1.07532898E-10
NEWTON STEP: A step was accepted above threshold at   1.83992645E-10
NEWTON STEP: A step was accepted above threshold at   1.75053390E-10
NEWTON STEP: A step was accepted above threshold at   2.84739176E-10
NEWTON STEP: A step was accepted above threshold at   2.18007668E-10
NEWTON STEP: A step was accepted above threshold at   2.03319503E-10
NEWTON STEP: A step was accepted above threshold at   3.35105003E-11
NEWTON STEP: A step was accepted above threshold at   1.08689519E-13
NEWTON STEP: A step was accepted above threshold at   7.66549484E-14
NEWTON STEP: A step was accepted above threshold at   2.71426990E-11
NEWTON STEP: A step was accepted above threshold at   5.95342966E-12
NEWTON STEP: A step was accepted above threshold at   2.29588285E-11
NEWTON STEP: A step was accepted above threshold at   1.50623037E-10
NEWTON STEP: A step was accepted above threshold at   6.54499201E-12
NEWTON STEP: A step was accepted above threshold at   1.60575116E-11
NEWTON STEP: A step was accepted above threshold at   6.13248479E-11
NEWTON STEP: A step was accepted above threshold at   8.98543997E-12
NEWTON STEP: A step was accepted above threshold at   9.57542390E-14
