CONFIGURATION: Unrecognized option relative ignored for computing int_density
CONFIGURATION: Unrecognized option relative ignored for computing frank_density
CONFIGURATION: Unrecognized option relative ignored for computing perfect_density
CONFIGURATION: Unrecognized option relative ignored for computing faulted_density
CONFIGURATION: Unrecognized option relative ignored for computing void_density
NEWTON STEP: A step was accepted above threshold at   1.37635819E-13
NEWTON STEP: A step was accepted above threshold at   2.60725247E-12
NEWTON STEP: A step was accepted above threshold at   4.75705309E-12
NEWTON STEP: A step was accepted above threshold at   1.27171894E-13
NEWTON STEP: A step was rejected above threshold at   2.18684562E-09
NEWTON STEP: A step was accepted above threshold at   1.96885559E-14
NEWTON STEP: A step was accepted above threshold at   2.19867669E-13
NEWTON STEP: A step was accepted above threshold at   1.00292783E-11
NEWTON STEP: A step was rejected above threshold at   3.83271338E-09
NEWTON STEP: A step was rejected above threshold at   5.69756659E-09
NEWTON STEP: A step was rejected above threshold at   6.55072387E-09
NEWTON STEP: A step was rejected above threshold at   1.19419825E-09
NEWTON STEP: A step was accepted above threshold at   1.26842278E-10
NEWTON STEP: A step was accepted above threshold at   3.36568613E-12
NEWTON STEP: A step was accepted above threshold at   1.61451097E-10
NEWTON STEP: A step was accepted above threshold at   4.55037160E-11
NEWTON STEP: A step was accepted above threshold at   1.13009287E-11
NEWTON STEP: A step was accepted above threshold at   4.74754424E-12
NEWTON STEP: A step was accepted above threshold at   1.84452532E-12
NEWTON STEP: A step was accepted above threshold at   2.37726666E-12
NEWTON STEP: A step was accepted above threshold at   6.44516260E-12
NEWTON STEP: A step was accepted above threshold at   7.36689006E-11
NEWTON STEP: A step was accepted above threshold at   1.10815489E-11
NEWTON STEP: A step was accepted above threshold at   5.53961098E-12
NEWTON STEP: A step was accepted above threshold at   2.38571973E-11
NEWTON STEP: A step was accepted above threshold at   6.39634064E-11
NEWTON STEP: A step was accepted above threshold at   1.40386096E-11
NEWTON STEP: A step was accepted above threshold at   2.45895663E-12
