Initializing...
==> Cluster identification................     0.001
    --> Domain assignment ..............     0.003
    --> Equation construction ..........     0.001
    --> Equation ordering ..............     0.023
    --> Equation mapping ...............     0.003
    --> Source association .............     0.040
    --> Anchoring ......................     0.001
==> Cluster list build ...................     0.071
    --> Products .......................     1.231
    --> Reactions ......................     1.127
    --> Leaks ..........................     0.018
    --> Emissions ......................     0.083
    --> Transforms .....................     0.001
    --> Sinks ..........................     0.001
    --> Scale Factors ..................     0.002
==> Kinetics reconstruction ..............     2.463
    --> Reaction Block .................     0.014
    --> Stamp ..........................     0.003
    --> Jacobian .......................     0.110
==> Matrix construction ..................     0.126
Total time elapsed:      2.665
    clusters     :    723
    equations    :    758
    3d reactions : 287817
    1d reactions : 0
    3d leaks     : 0
    1d leaks     : 0
    3d emissions : 1632
    1d emissions : 0
  Preconditioner : 538591
Axis 01 upper boundary was reached and expansion was accelerated
Expanded from 5000 to 55000
Resizing...
==> Cluster identification................     0.001
    --> Domain assignment ..............     0.002
    --> Equation construction ..........     0.001
    --> Equation ordering ..............     0.018
    --> Equation mapping ...............     0.004
    --> Source association .............     0.044
    --> Anchoring ......................     0.001
==> Cluster list build ...................     0.070
    --> Products .......................     3.928
    --> Reactions ......................     5.382
    --> Leaks ..........................     0.021
    --> Emissions ......................     0.092
    --> Transforms .....................     0.002
    --> Sinks ..........................     0.001
    --> Scale Factors ..................     0.001
==> Kinetics reconstruction ..............     9.428
    --> Reaction Block .................     0.016
    --> Stamp ..........................     0.003
    --> Jacobian .......................     0.132
==> Matrix construction ..................     0.151
Total time elapsed:      9.655
    clusters     :    765
    equations    :    842
    3d reactions : 347997
    1d reactions : 0
    3d leaks     : 0
    1d leaks     : 0
    3d emissions : 1632
    1d emissions : 0
  Preconditioner : 581095
Axis 01 lower boundary enchroachment detected
Expanded from -500 to -3000
Resizing...
==> Cluster identification................     0.000
    --> Domain assignment ..............     0.002
    --> Equation construction ..........     0.001
    --> Equation ordering ..............     0.017
    --> Equation mapping ...............     0.003
    --> Source association .............     0.045
    --> Anchoring ......................     0.001
==> Cluster list build ...................     0.069
    --> Products .......................     4.106
    --> Reactions ......................     5.618
    --> Leaks ..........................     0.020
    --> Emissions ......................     0.098
    --> Transforms .....................     0.002
    --> Sinks ..........................     0.001
    --> Scale Factors ..................     0.001
==> Kinetics reconstruction ..............     9.847
    --> Reaction Block .................     0.017
    --> Stamp ..........................     0.003
    --> Jacobian .......................     0.148
==> Matrix construction ..................     0.168
Total time elapsed:     10.088
    clusters     :    779
    equations    :    870
    3d reactions : 367400
    1d reactions : 0
    3d leaks     : 0
    1d leaks     : 0
    3d emissions : 1912
    1d emissions : 0
  Preconditioner : 596973
Axis 01 lower boundary was reached and expansion was accelerated
Expanded from -3000 to -33000
Resizing...
==> Cluster identification................     0.001
    --> Domain assignment ..............     0.001
    --> Equation construction ..........     0.001
    --> Equation ordering ..............     0.017
    --> Equation mapping ...............     0.004
    --> Source association .............     0.049
    --> Anchoring ......................     0.001
==> Cluster list build ...................     0.073
    --> Products .......................     5.816
    --> Reactions ......................     8.246
    --> Leaks ..........................     0.022
    --> Emissions ......................     0.145
    --> Transforms .....................     0.002
    --> Sinks ..........................     0.001
    --> Scale Factors ..................     0.001
==> Kinetics reconstruction ..............    14.234
    --> Reaction Block .................     0.019
    --> Stamp ..........................     0.004
    --> Jacobian .......................     0.167
==> Matrix construction ..................     0.190
Total time elapsed:     14.509
    clusters     :    815
    equations    :    942
    3d reactions : 418610
    1d reactions : 0
    3d leaks     : 0
    1d leaks     : 0
    3d emissions : 2632
    1d emissions : 0
  Preconditioner : 633405
