CONFIGURATION: Unrecognized option relative ignored for computing int_density
CONFIGURATION: Unrecognized option relative ignored for computing frank_density
CONFIGURATION: Unrecognized option relative ignored for computing perfect_density
CONFIGURATION: Unrecognized option relative ignored for computing faulted_density
CONFIGURATION: Unrecognized option relative ignored for computing void_density
NEWTON STEP: A step was accepted above threshold at   1.55610905E-12
NEWTON STEP: A step was accepted above threshold at   1.36619602E-12
NEWTON STEP: A step was accepted above threshold at   1.11360867E-11
NEWTON STEP: A step was accepted above threshold at   2.66966400E-12
NEWTON STEP: A step was accepted above threshold at   2.65955853E-14
NEWTON STEP: A step was rejected above threshold at   2.44550814E-09
NEWTON STEP: A step was accepted above threshold at   2.29769870E-14
NEWTON STEP: A step was rejected above threshold at   3.30325980E-09
NEWTON STEP: A step was accepted above threshold at   8.32919787E-13
NEWTON STEP: A step was rejected above threshold at   5.74837641E-09
NEWTON STEP: A step was accepted above threshold at   5.01233441E-14
NEWTON STEP: A step was rejected above threshold at   1.13123312E-08
NEWTON STEP: A step was rejected above threshold at   2.05701609E-09
NEWTON STEP: A step was accepted above threshold at   2.24393704E-10
NEWTON STEP: A step was accepted above threshold at   6.61242011E-12
NEWTON STEP: A step was accepted above threshold at   1.99842945E-10
NEWTON STEP: A step was accepted above threshold at   4.59412010E-11
NEWTON STEP: A step was accepted above threshold at   2.76780674E-11
NEWTON STEP: A step was accepted above threshold at   1.64179377E-12
NEWTON STEP: A step was accepted above threshold at   5.23021982E-13
NEWTON STEP: A step was accepted above threshold at   3.18798034E-12
NEWTON STEP: A step was accepted above threshold at   5.60545284E-11
NEWTON STEP: A step was accepted above threshold at   3.08392628E-12
NEWTON STEP: A step was accepted above threshold at   9.47963446E-11
NEWTON STEP: A step was accepted above threshold at   1.05062578E-11
NEWTON STEP: A step was accepted above threshold at   1.24252997E-11
NEWTON STEP: A step was accepted above threshold at   6.13709668E-11
NEWTON STEP: A step was accepted above threshold at   4.27075721E-11
NEWTON STEP: A step was accepted above threshold at   1.70045450E-12
