Initializing...
==> Cluster identification................     0.001
    --> Domain assignment ..............     0.002
    --> Equation construction ..........     0.000
    --> Equation ordering ..............     0.078
    --> Equation mapping ...............     0.006
    --> Source association .............     0.171
    --> Anchoring ......................     0.001
==> Cluster list build ...................     0.258
    --> Products .......................    25.432
    --> Reactions ......................    35.234
    --> Leaks ..........................     0.036
    --> Emissions ......................     1.096
    --> Transforms .....................     0.002
    --> Sinks ..........................     0.000
    --> Scale Factors ..................     0.001
==> Kinetics reconstruction ..............    61.802
    --> Reaction Block .................     0.054
    --> Stamp ..........................     0.005
    --> Jacobian .......................     0.124
==> Matrix construction ..................     0.182
Total time elapsed:     62.244
    clusters     :    825
    equations    :    962
    3d reactions : 302957
    1d reactions : 0
    3d leaks     : 0
    1d leaks     : 0
    3d emissions : 3672
    1d emissions : 0
  Preconditioner : 643525
Axis 01 lower boundary was reached and expansion was accelerated
Expanded from -200000 to -1000000
Resizing...
==> Cluster identification................     0.001
    --> Domain assignment ..............     0.003
    --> Equation construction ..........     0.000
    --> Equation ordering ..............     0.084
    --> Equation mapping ...............     0.005
    --> Source association .............     0.224
    --> Anchoring ......................     0.000
==> Cluster list build ...................     0.316
    --> Products .......................   106.354
    --> Reactions ......................   155.938
    --> Leaks ..........................     0.037
    --> Emissions ......................     3.835
    --> Transforms .....................     0.002
    --> Sinks ..........................     0.000
    --> Scale Factors ..................     0.001
==> Kinetics reconstruction ..............   266.167
    --> Reaction Block .................     0.058
    --> Stamp ..........................     0.006
    --> Jacobian .......................     0.138
==> Matrix construction ..................     0.202
Total time elapsed:    266.688
    clusters     :    907
    equations    :   1126
    3d reactions : 387798
    1d reactions : 0
    3d leaks     : 0
    1d leaks     : 0
    3d emissions : 5310
    1d emissions : 0
  Preconditioner : 726509
Axis 01 upper boundary enchroachment detected
Expanded from 5000 to 30000
Resizing...
==> Cluster identification................     0.001
    --> Domain assignment ..............     0.002
    --> Equation construction ..........     0.000
    --> Equation ordering ..............     0.077
    --> Equation mapping ...............     0.006
    --> Source association .............     0.225
    --> Anchoring ......................     0.000
==> Cluster list build ...................     0.310
    --> Products .......................   109.090
    --> Reactions ......................   160.387
    --> Leaks ..........................     0.040
    --> Emissions ......................     3.861
    --> Transforms .....................     0.002
    --> Sinks ..........................     0.001
    --> Scale Factors ..................     0.001
==> Kinetics reconstruction ..............   273.382
    --> Reaction Block .................     0.064
    --> Stamp ..........................     0.005
    --> Jacobian .......................     0.153
==> Matrix construction ..................     0.222
Total time elapsed:    273.916
    clusters     :    935
    equations    :   1182
    3d reactions : 416295
    1d reactions : 0
    3d leaks     : 0
    1d leaks     : 0
    3d emissions : 5310
    1d emissions : 0
  Preconditioner : 754845
Axis 01 upper boundary enchroachment detected
Expanded from 30000 to 180000
Resizing...
==> Cluster identification................     0.001
    --> Domain assignment ..............     0.002
    --> Equation construction ..........     0.000
    --> Equation ordering ..............     0.080
    --> Equation mapping ...............     0.005
    --> Source association .............     0.255
    --> Anchoring ......................     0.000
==> Cluster list build ...................     0.342
    --> Products .......................   124.855
    --> Reactions ......................   183.771
    --> Leaks ..........................     0.042
    --> Emissions ......................     3.916
    --> Transforms .....................     0.003
    --> Sinks ..........................     0.000
    --> Scale Factors ..................     0.001
==> Kinetics reconstruction ..............   312.588
    --> Reaction Block .................     0.072
    --> Stamp ..........................     0.006
    --> Jacobian .......................     0.169
==> Matrix construction ..................     0.247
Total time elapsed:    313.179
    clusters     :    985
    equations    :   1282
    3d reactions : 467895
    1d reactions : 0
    3d leaks     : 0
    1d leaks     : 0
    3d emissions : 5310
    1d emissions : 0
  Preconditioner : 805445
