CONFIGURATION: Unrecognized option relative ignored for computing int_density
CONFIGURATION: Unrecognized option relative ignored for computing frank_density
CONFIGURATION: Unrecognized option relative ignored for computing perfect_density
CONFIGURATION: Unrecognized option relative ignored for computing faulted_density
CONFIGURATION: Unrecognized option relative ignored for computing void_density
NEWTON STEP: A step was rejected above threshold at   5.23058173E-09
NEWTON STEP: A step was accepted above threshold at   3.31547911E-14
NEWTON STEP: A step was accepted above threshold at   4.82725426E-14
NEWTON STEP: A step was accepted above threshold at   2.73103254E-12
NEWTON STEP: A step was rejected above threshold at   5.01156912E-09
NEWTON STEP: A step was accepted above threshold at   8.86685728E-11
NEWTON STEP: A step was accepted above threshold at   4.89319884E-12
NEWTON STEP: A step was accepted above threshold at   1.64998000E-11
NEWTON STEP: A step was accepted above threshold at   6.29984430E-14
NEWTON STEP: A step was rejected above threshold at   6.20068795E-09
NEWTON STEP: A step was accepted above threshold at   8.22500202E-13
NEWTON STEP: A step was accepted above threshold at   8.45659770E-13
NEWTON STEP: A step was accepted above threshold at   3.36817345E-13
NEWTON STEP: A step was accepted above threshold at   1.69262734E-13
NEWTON STEP: A step was rejected above threshold at   5.21303518E-09
NEWTON STEP: A step was accepted above threshold at   1.04323917E-14
NEWTON STEP: A step was rejected above threshold at   1.00127151E-09
NEWTON STEP: A step was accepted above threshold at   1.00085258E-14
NEWTON STEP: A step was rejected above threshold at   1.01219160E-09
NEWTON STEP: A step was accepted above threshold at   1.85435016E-14
NEWTON STEP: A step was accepted above threshold at   1.49409618E-14
NEWTON STEP: A step was accepted above threshold at   7.30434473E-10
NEWTON STEP: A step was accepted above threshold at   8.17728704E-10
NEWTON STEP: A step was accepted above threshold at   1.64857189E-11
NEWTON STEP: A step was accepted above threshold at   1.96790881E-11
NEWTON STEP: A step was accepted above threshold at   2.75275694E-11
NEWTON STEP: A step was accepted above threshold at   3.38803881E-11
NEWTON STEP: A step was accepted above threshold at   3.73524698E-11
NEWTON STEP: A step was accepted above threshold at   3.41170042E-11
NEWTON STEP: A step was accepted above threshold at   1.18365192E-14
NEWTON STEP: A step was accepted above threshold at   1.57551762E-14
NEWTON STEP: A step was accepted above threshold at   6.38042382E-13
NEWTON STEP: A step was accepted above threshold at   3.35033333E-13
NEWTON STEP: A step was accepted above threshold at   1.31365219E-13
NEWTON STEP: A step was rejected above threshold at   1.46389520E-09
NEWTON STEP: A step was rejected above threshold at   1.27493722E-08
NEWTON STEP: A step was rejected above threshold at   1.61311233E-09
NEWTON STEP: A step was accepted above threshold at   1.23757183E-11
NEWTON STEP: A step was accepted above threshold at   1.91962701E-11
NEWTON STEP: A step was rejected above threshold at   1.62859805E-09
NEWTON STEP: A step was accepted above threshold at   2.83360358E-11
NEWTON STEP: A step was accepted above threshold at   3.97499195E-11
NEWTON STEP: A step was rejected above threshold at   1.92749855E-09
NEWTON STEP: A step was accepted above threshold at   6.44811836E-11
NEWTON STEP: A step was accepted above threshold at   9.12401607E-11
NEWTON STEP: A step was rejected above threshold at   2.30851195E-09
NEWTON STEP: A step was accepted above threshold at   2.01793121E-10
NEWTON STEP: A step was accepted above threshold at   3.50923286E-10
NEWTON STEP: A step was rejected above threshold at   3.25772751E-09
NEWTON STEP: A step was accepted above threshold at   9.46012432E-10
NEWTON STEP: A step was rejected above threshold at   4.79938597E-09
NEWTON STEP: A step was accepted above threshold at   9.69277196E-10
NEWTON STEP: A step was rejected above threshold at   1.04027583E-09
NEWTON STEP: A step was accepted above threshold at   1.14032950E-10
NEWTON STEP: A step was accepted above threshold at   5.65922010E-11
NEWTON STEP: A step was accepted above threshold at   2.34013869E-10
NEWTON STEP: A step was rejected above threshold at   1.39197890E-09
NEWTON STEP: A step was accepted above threshold at   3.61007419E-10
NEWTON STEP: A step was accepted above threshold at   7.72270376E-10
NEWTON STEP: A step was accepted above threshold at   2.85915545E-10
NEWTON STEP: A step was accepted above threshold at   4.34761591E-10
NEWTON STEP: A step was accepted above threshold at   6.36538699E-12
NEWTON STEP: A step was accepted above threshold at   2.08505806E-10
NEWTON STEP: A step was accepted above threshold at   7.69143965E-11
NEWTON STEP: A step was rejected above threshold at   1.42601901E-09
NEWTON STEP: A step was accepted above threshold at   1.87466243E-11
NEWTON STEP: A step was accepted above threshold at   5.30563828E-11
NEWTON STEP: A step was accepted above threshold at   3.41739192E-11
NEWTON STEP: A step was accepted above threshold at   1.45612774E-12
NEWTON STEP: A step was accepted above threshold at   9.96408944E-13
NEWTON STEP: A step was accepted above threshold at   4.03622094E-12
NEWTON STEP: A step was accepted above threshold at   2.20444360E-14
NEWTON STEP: A step was accepted above threshold at   2.22615873E-14
NEWTON STEP: A step was accepted above threshold at   3.25489585E-13
NEWTON STEP: A step was accepted above threshold at   2.64476242E-12
NEWTON STEP: A step was accepted above threshold at   3.98688644E-11
NEWTON STEP: A step was accepted above threshold at   9.48292841E-12
NEWTON STEP: A step was accepted above threshold at   1.35515630E-14
NEWTON STEP: A step was accepted above threshold at   3.33777605E-13
NEWTON STEP: A step was accepted above threshold at   1.97366826E-12
NEWTON STEP: A step was accepted above threshold at   3.99132543E-13
