CONFIGURATION: Unrecognized option relative ignored for computing int_density
CONFIGURATION: Unrecognized option relative ignored for computing frank_density
CONFIGURATION: Unrecognized option relative ignored for computing perfect_density
CONFIGURATION: Unrecognized option relative ignored for computing faulted_density
CONFIGURATION: Unrecognized option relative ignored for computing void_density
NEWTON STEP: A step was accepted above threshold at   1.45628121E-12
NEWTON STEP: A step was accepted above threshold at   3.22638894E-13
NEWTON STEP: A step was accepted above threshold at   6.85889702E-13
NEWTON STEP: A step was accepted above threshold at   7.46227648E-13
NEWTON STEP: A step was accepted above threshold at   1.48090722E-12
NEWTON STEP: A step was accepted above threshold at   6.92320122E-10
NEWTON STEP: A step was rejected above threshold at   1.14472942E-09
NEWTON STEP: A step was accepted above threshold at   5.67926254E-10
NEWTON STEP: A step was accepted above threshold at   7.41975664E-10
NEWTON STEP: A step was accepted above threshold at   3.56298722E-10
NEWTON STEP: A step was rejected above threshold at   4.10180368E-09
NEWTON STEP: A step was rejected above threshold at   1.20715799E-09
NEWTON STEP: A step was rejected above threshold at   3.06031377E-09
NEWTON STEP: A step was accepted above threshold at   4.75080868E-10
NEWTON STEP: A step was accepted above threshold at   1.46085694E-12
NEWTON STEP: A step was accepted above threshold at   3.24562514E-10
NEWTON STEP: A step was accepted above threshold at   2.87565806E-11
NEWTON STEP: A step was accepted above threshold at   9.35929831E-11
NEWTON STEP: A step was accepted above threshold at   7.93888781E-13
NEWTON STEP: A step was accepted above threshold at   6.97000783E-13
NEWTON STEP: A step was accepted above threshold at   1.08393609E-13
NEWTON STEP: A step was accepted above threshold at   1.20663428E-11
NEWTON STEP: A step was accepted above threshold at   3.71264517E-12
NEWTON STEP: A step was accepted above threshold at   2.22036814E-11
NEWTON STEP: A step was accepted above threshold at   5.48019117E-13
NEWTON STEP: A step was accepted above threshold at   2.55408373E-12
NEWTON STEP: A step was accepted above threshold at   1.95766767E-12
NEWTON STEP: A step was accepted above threshold at   9.65989766E-12
NEWTON STEP: A step was accepted above threshold at   2.97008941E-12
