Initializing...
==> Cluster identification................     0.004
    --> Domain assignment ..............     0.004
    --> Equation construction ..........     0.001
    --> Equation ordering ..............     0.529
    --> Equation mapping ...............     0.009
    --> Source association .............     0.541
    --> Anchoring ......................     0.001
==> Cluster list build ...................     1.085
    --> Products .......................     8.259
    --> Reactions ......................     6.665
    --> Leaks ..........................     0.108
    --> Emissions ......................     1.066
    --> Transforms .....................     0.007
    --> Sinks ..........................     0.000
    --> Scale Factors ..................     0.004
==> Kinetics reconstruction ..............    16.110
    --> Reaction Block .................     0.173
    --> Stamp ..........................     0.022
    --> Jacobian .......................     0.316
==> Matrix construction ..................     0.511
Total time elapsed:     17.712
    clusters     :   3991
    equations    :   3991
    3d reactions : 871283
    1d reactions : 0
    3d leaks     : 0
    1d leaks     : 0
    3d emissions : 6000
    1d emissions : 0
  Preconditioner : 2718251
