Initializing...
==> Cluster identification................     0.002
    --> Domain assignment ..............     0.002
    --> Equation construction ..........     0.002
    --> Equation ordering ..............     0.022
    --> Equation mapping ...............     0.007
    --> Source association .............     0.039
    --> Anchoring ......................     0.002
==> Cluster list build ...................     0.074
    --> Products .......................     0.864
    --> Reactions ......................     0.796
    --> Leaks ..........................     0.015
    --> Emissions ......................     0.083
    --> Transforms .....................     0.001
    --> Sinks ..........................     0.002
    --> Scale Factors ..................     0.001
==> Kinetics reconstruction ..............     1.763
    --> Reaction Block .................     0.012
    --> Stamp ..........................     0.003
    --> Jacobian .......................     0.079
==> Matrix construction ..................     0.094
Total time elapsed:      1.937
    clusters     :    723
    equations    :    758
    3d reactions : 198737
    1d reactions : 0
    3d leaks     : 0
    1d leaks     : 0
    3d emissions : 1632
    1d emissions : 0
  Preconditioner : 538591
Axis 01 upper boundary was reached and expansion was accelerated
Expanded from 5000 to 55000
Resizing...
==> Cluster identification................     0.000
    --> Domain assignment ..............     0.002
    --> Equation construction ..........     0.001
    --> Equation ordering ..............     0.017
    --> Equation mapping ...............     0.003
    --> Source association .............     0.044
    --> Anchoring ......................     0.001
==> Cluster list build ...................     0.068
    --> Products .......................     2.789
    --> Reactions ......................     3.808
    --> Leaks ..........................     0.020
    --> Emissions ......................     0.092
    --> Transforms .....................     0.002
    --> Sinks ..........................     0.001
    --> Scale Factors ..................     0.002
==> Kinetics reconstruction ..............     6.715
    --> Reaction Block .................     0.014
    --> Stamp ..........................     0.003
    --> Jacobian .......................     0.099
==> Matrix construction ..................     0.116
Total time elapsed:      6.903
    clusters     :    765
    equations    :    842
    3d reactions : 241699
    1d reactions : 0
    3d leaks     : 0
    1d leaks     : 0
    3d emissions : 1632
    1d emissions : 0
  Preconditioner : 581095
Axis 01 lower boundary enchroachment detected
Expanded from -500 to -3000
Resizing...
==> Cluster identification................     0.000
    --> Domain assignment ..............     0.002
    --> Equation construction ..........     0.001
    --> Equation ordering ..............     0.019
    --> Equation mapping ...............     0.004
    --> Source association .............     0.045
    --> Anchoring ......................     0.001
==> Cluster list build ...................     0.072
    --> Products .......................     2.925
    --> Reactions ......................     3.990
    --> Leaks ..........................     0.017
    --> Emissions ......................     0.098
    --> Transforms .....................     0.002
    --> Sinks ..........................     0.001
    --> Scale Factors ..................     0.001
==> Kinetics reconstruction ..............     7.035
    --> Reaction Block .................     0.015
    --> Stamp ..........................     0.003
    --> Jacobian .......................     0.105
==> Matrix construction ..................     0.123
Total time elapsed:      7.233
    clusters     :    779
    equations    :    870
    3d reactions : 255598
    1d reactions : 0
    3d leaks     : 0
    1d leaks     : 0
    3d emissions : 1912
    1d emissions : 0
  Preconditioner : 596973
Axis 01 lower boundary was reached and expansion was accelerated
Expanded from -3000 to -33000
Resizing...
==> Cluster identification................     0.000
    --> Domain assignment ..............     0.002
    --> Equation construction ..........     0.001
    --> Equation ordering ..............     0.019
    --> Equation mapping ...............     0.004
    --> Source association .............     0.049
    --> Anchoring ......................     0.001
==> Cluster list build ...................     0.076
    --> Products .......................     4.135
    --> Reactions ......................     5.861
    --> Leaks ..........................     0.018
    --> Emissions ......................     0.145
    --> Transforms .....................     0.002
    --> Sinks ..........................     0.001
    --> Scale Factors ..................     0.002
==> Kinetics reconstruction ..............    10.165
    --> Reaction Block .................     0.017
    --> Stamp ..........................     0.003
    --> Jacobian .......................     0.117
==> Matrix construction ..................     0.137
Total time elapsed:     10.381
    clusters     :    815
    equations    :    942
    3d reactions : 292208
    1d reactions : 0
    3d leaks     : 0
    1d leaks     : 0
    3d emissions : 2632
    1d emissions : 0
  Preconditioner : 633405
