CONFIGURATION: Unrecognized option relative ignored for computing int_density
CONFIGURATION: Unrecognized option relative ignored for computing frank_density
CONFIGURATION: Unrecognized option relative ignored for computing perfect_density
CONFIGURATION: Unrecognized option relative ignored for computing faulted_density
CONFIGURATION: Unrecognized option relative ignored for computing void_density
NEWTON STEP: A step was accepted above threshold at   1.24454995E-11
NEWTON STEP: A step was accepted above threshold at   1.11722555E-11
NEWTON STEP: A step was accepted above threshold at   6.79293338E-12
NEWTON STEP: A step was accepted above threshold at   4.33084816E-14
NEWTON STEP: A step was accepted above threshold at   5.64016520E-14
NEWTON STEP: A step was accepted above threshold at   8.43643593E-14
NEWTON STEP: A step was accepted above threshold at   1.15715135E-13
NEWTON STEP: A step was accepted above threshold at   1.34565258E-11
NEWTON STEP: A step was accepted above threshold at   1.79545674E-11
NEWTON STEP: A step was accepted above threshold at   4.71863024E-11
NEWTON STEP: A step was accepted above threshold at   4.18257198E-11
NEWTON STEP: A step was accepted above threshold at   5.92353981E-11
NEWTON STEP: A step was accepted above threshold at   8.39745236E-11
NEWTON STEP: A step was accepted above threshold at   5.88180848E-11
NEWTON STEP: A step was accepted above threshold at   4.81907352E-11
NEWTON STEP: A step was accepted above threshold at   1.87864822E-10
NEWTON STEP: A step was accepted above threshold at   2.10182176E-14
NEWTON STEP: A step was accepted above threshold at   2.43124850E-10
NEWTON STEP: A step was accepted above threshold at   4.38131309E-14
NEWTON STEP: A step was accepted above threshold at   2.51660779E-14
NEWTON STEP: A step was accepted above threshold at   2.50697886E-14
NEWTON STEP: A step was accepted above threshold at   5.16781988E-12
NEWTON STEP: A step was accepted above threshold at   9.87913462E-13
NEWTON STEP: A step was accepted above threshold at   1.21404787E-12
NEWTON STEP: A step was accepted above threshold at   1.83110417E-11
NEWTON STEP: A step was accepted above threshold at   5.00007814E-10
NEWTON STEP: A step was rejected above threshold at   3.03812998E-09
NEWTON STEP: A step was accepted above threshold at   1.34290162E-10
NEWTON STEP: A step was accepted above threshold at   9.23848975E-12
NEWTON STEP: A step was accepted above threshold at   9.38898832E-11
NEWTON STEP: A step was accepted above threshold at   1.19629199E-14
