Initializing...
==> Cluster identification................     0.001
    --> Domain assignment ..............     0.002
    --> Equation construction ..........     0.000
    --> Equation ordering ..............     0.046
    --> Equation mapping ...............     0.004
    --> Source association .............     0.086
    --> Anchoring ......................     0.000
==> Cluster list build ...................     0.138
    --> Products .......................     1.003
    --> Reactions ......................     0.812
    --> Leaks ..........................     0.017
    --> Emissions ......................     0.182
    --> Transforms .....................     0.001
    --> Sinks ..........................     0.001
    --> Scale Factors ..................     0.000
==> Kinetics reconstruction ..............     2.016
    --> Reaction Block .................     0.015
    --> Stamp ..........................     0.002
    --> Jacobian .......................     0.031
==> Matrix construction ..................     0.048
Total time elapsed:      2.203
    clusters     :   401
    equations    :   413
    3d reactions : 84555
    1d reactions : 0
    3d leaks     : 0
    1d leaks     : 0
    3d emissions : 600
    1d emissions : 0
  Preconditioner : 252079
Axis 01 upper boundary enchroachment detected
Expanded from 1000 to 6000
Resizing...
==> Cluster identification................     0.001
    --> Domain assignment ..............     0.002
    --> Equation construction ..........     0.000
    --> Equation ordering ..............     0.042
    --> Equation mapping ...............     0.003
    --> Source association .............     0.088
    --> Anchoring ......................     0.000
==> Cluster list build ...................     0.135
    --> Products .......................     1.751
    --> Reactions ......................     1.906
    --> Leaks ..........................     0.020
    --> Emissions ......................     0.205
    --> Transforms .....................     0.001
    --> Sinks ..........................     0.000
    --> Scale Factors ..................     0.001
==> Kinetics reconstruction ..............     3.884
    --> Reaction Block .................     0.016
    --> Stamp ..........................     0.003
    --> Jacobian .......................     0.038
==> Matrix construction ..................     0.057
Total time elapsed:      4.077
    clusters     :    419
    equations    :    449
    3d reactions : 101151
    1d reactions : 0
    3d leaks     : 0
    1d leaks     : 0
    3d emissions : 600
    1d emissions : 0
  Preconditioner : 269647
Axis 01 upper boundary enchroachment detected
Expanded from 6000 to 36000
Resizing...
==> Cluster identification................     0.000
    --> Domain assignment ..............     0.002
    --> Equation construction ..........     0.000
    --> Equation ordering ..............     0.044
    --> Equation mapping ...............     0.003
    --> Source association .............     0.104
    --> Anchoring ......................     0.000
==> Cluster list build ...................     0.153
    --> Products .......................     5.527
    --> Reactions ......................     7.446
    --> Leaks ..........................     0.023
    --> Emissions ......................     0.216
    --> Transforms .....................     0.001
    --> Sinks ..........................     0.000
    --> Scale Factors ..................     0.001
==> Kinetics reconstruction ..............    13.214
    --> Reaction Block .................     0.020
    --> Stamp ..........................     0.003
    --> Jacobian .......................     0.045
==> Matrix construction ..................     0.068
Total time elapsed:     13.436
    clusters     :    449
    equations    :    509
    3d reactions : 129754
    1d reactions : 0
    3d leaks     : 0
    1d leaks     : 0
    3d emissions : 600
    1d emissions : 0
  Preconditioner : 298927
Axis 01 lower boundary enchroachment detected
Expanded from -100 to -600
Resizing...
==> Cluster identification................     0.001
    --> Domain assignment ..............     0.002
    --> Equation construction ..........     0.000
    --> Equation ordering ..............     0.052
    --> Equation mapping ...............     0.002
    --> Source association .............     0.111
    --> Anchoring ......................     0.000
==> Cluster list build ...................     0.167
    --> Products .......................     5.718
    --> Reactions ......................     7.676
    --> Leaks ..........................     0.022
    --> Emissions ......................     0.247
    --> Transforms .....................     0.001
    --> Sinks ..........................     0.000
    --> Scale Factors ..................     0.001
==> Kinetics reconstruction ..............    13.665
    --> Reaction Block .................     0.025
    --> Stamp ..........................     0.002
    --> Jacobian .......................     0.059
==> Matrix construction ..................     0.086
Total time elapsed:     13.920
    clusters     :    461
    equations    :    533
    3d reactions : 149341
    1d reactions : 0
    3d leaks     : 0
    1d leaks     : 0
    3d emissions : 836
    1d emissions : 0
  Preconditioner : 312367
Axis 01 lower boundary enchroachment detected
Expanded from -600 to -3600
Resizing...
==> Cluster identification................     0.001
    --> Domain assignment ..............     0.002
    --> Equation construction ..........     0.001
    --> Equation ordering ..............     0.064
    --> Equation mapping ...............     0.003
    --> Source association .............     0.143
    --> Anchoring ......................     0.000
==> Cluster list build ...................     0.213
    --> Products .......................     7.399
    --> Reactions ......................     8.064
    --> Leaks ..........................     0.020
    --> Emissions ......................     0.309
    --> Transforms .....................     0.001
    --> Sinks ..........................     0.000
    --> Scale Factors ..................     0.001
==> Kinetics reconstruction ..............    15.794
    --> Reaction Block .................     0.029
    --> Stamp ..........................     0.003
    --> Jacobian .......................     0.093
==> Matrix construction ..................     0.125
Total time elapsed:     16.136
    clusters     :    475
    equations    :    561
    3d reactions : 163194
    1d reactions : 0
    3d leaks     : 0
    1d leaks     : 0
    3d emissions : 1116
    1d emissions : 0
  Preconditioner : 326535
Axis 01 lower boundary enchroachment detected
Expanded from -3600 to -21600
Resizing...
==> Cluster identification................     0.001
    --> Domain assignment ..............     0.002
    --> Equation construction ..........     0.000
    --> Equation ordering ..............     0.057
    --> Equation mapping ...............     0.002
    --> Source association .............     0.123
    --> Anchoring ......................     0.000
==> Cluster list build ...................     0.184
    --> Products .......................     8.512
    --> Reactions ......................    12.241
    --> Leaks ..........................     0.023
    --> Emissions ......................     0.351
    --> Transforms .....................     0.002
    --> Sinks ..........................     0.000
    --> Scale Factors ..................     0.001
==> Kinetics reconstruction ..............    21.130
    --> Reaction Block .................     0.029
    --> Stamp ..........................     0.003
    --> Jacobian .......................     0.069
==> Matrix construction ..................     0.101
Total time elapsed:     21.417
    clusters     :    501
    equations    :    613
    3d reactions : 189853
    1d reactions : 0
    3d leaks     : 0
    1d leaks     : 0
    3d emissions : 1636
    1d emissions : 0
  Preconditioner : 352847
Axis 01 lower boundary enchroachment detected
Expanded from -21600 to -100000
Resizing...
==> Cluster identification................     0.001
    --> Domain assignment ..............     0.001
    --> Equation construction ..........     0.000
    --> Equation ordering ..............     0.047
    --> Equation mapping ...............     0.002
    --> Source association .............     0.129
    --> Anchoring ......................     0.000
==> Cluster list build ...................     0.179
    --> Products .......................    15.910
    --> Reactions ......................    22.742
    --> Leaks ..........................     0.025
    --> Emissions ......................     0.624
    --> Transforms .....................     0.002
    --> Sinks ..........................     0.000
    --> Scale Factors ..................     0.001
==> Kinetics reconstruction ..............    39.304
    --> Reaction Block .................     0.035
    --> Stamp ..........................     0.004
    --> Jacobian .......................     0.072
==> Matrix construction ..................     0.111
Total time elapsed:     39.596
    clusters     :    537
    equations    :    685
    3d reactions : 226838
    1d reactions : 0
    3d leaks     : 0
    1d leaks     : 0
    3d emissions : 2356
    1d emissions : 0
  Preconditioner : 389279
