CONFIGURATION: Unrecognized option relative ignored for computing int_density
CONFIGURATION: Unrecognized option relative ignored for computing frank_density
CONFIGURATION: Unrecognized option relative ignored for computing perfect_density
CONFIGURATION: Unrecognized option relative ignored for computing faulted_density
CONFIGURATION: Unrecognized option relative ignored for computing void_density
NEWTON STEP: A step was accepted above threshold at   1.47961314E-14
NEWTON STEP: A step was accepted above threshold at   1.41705828E-14
NEWTON STEP: A step was accepted above threshold at   1.32160856E-14
NEWTON STEP: A step was accepted above threshold at   1.55186491E-14
NEWTON STEP: A step was accepted above threshold at   3.09300524E-13
NEWTON STEP: A step was accepted above threshold at   6.62599619E-11
NEWTON STEP: A step was accepted above threshold at   3.24304454E-10
NEWTON STEP: A step was rejected above threshold at   1.74852376E-09
NEWTON STEP: A step was accepted above threshold at   1.84053647E-12
NEWTON STEP: A step was accepted above threshold at   2.24232287E-13
NEWTON STEP: A step was accepted above threshold at   1.07703508E-13
NEWTON STEP: A step was rejected above threshold at   4.73313275E-09
NEWTON STEP: A step was rejected above threshold at   4.65236096E-09
NEWTON STEP: A step was rejected above threshold at   2.56632358E-09
NEWTON STEP: A step was accepted above threshold at   1.30735472E-14
NEWTON STEP: A step was rejected above threshold at   1.76166935E-09
NEWTON STEP: A step was rejected above threshold at   1.43085202E-09
NEWTON STEP: A step was rejected above threshold at   1.30040808E-09
NEWTON STEP: A step was accepted above threshold at   1.13269192E-14
NEWTON STEP: A step was accepted above threshold at   1.20590259E-14
NEWTON STEP: A step was rejected above threshold at   1.10667105E-09
NEWTON STEP: A step was accepted above threshold at   3.25321132E-14
NEWTON STEP: A step was accepted above threshold at   1.09035193E-14
NEWTON STEP: A step was accepted above threshold at   4.72251698E-14
NEWTON STEP: A step was accepted above threshold at   7.65069526E-10
NEWTON STEP: A step was rejected above threshold at   1.15919037E-09
NEWTON STEP: A step was accepted above threshold at   1.87246837E-14
NEWTON STEP: A step was accepted above threshold at   6.12151080E-10
NEWTON STEP: A step was accepted above threshold at   8.22329982E-10
NEWTON STEP: A step was accepted above threshold at   1.73437524E-11
NEWTON STEP: A step was accepted above threshold at   3.05355179E-11
NEWTON STEP: A step was accepted above threshold at   4.10748687E-11
NEWTON STEP: A step was accepted above threshold at   1.01047402E-13
NEWTON STEP: A step was accepted above threshold at   1.08658703E-14
NEWTON STEP: A step was accepted above threshold at   6.14956118E-14
NEWTON STEP: A step was accepted above threshold at   1.23001178E-11
NEWTON STEP: A step was rejected above threshold at   7.39562419E-09
NEWTON STEP: A step was rejected above threshold at   2.58265826E-08
NEWTON STEP: A step was accepted above threshold at   1.16520619E-10
NEWTON STEP: A step was accepted above threshold at   1.80245497E-10
NEWTON STEP: A step was accepted above threshold at   1.40897275E-12
NEWTON STEP: A step was accepted above threshold at   1.45461382E-14
NEWTON STEP: A step was accepted above threshold at   1.71468356E-13
NEWTON STEP: A step was accepted above threshold at   4.80112317E-14
NEWTON STEP: A step was accepted above threshold at   2.00936825E-14
NEWTON STEP: A step was accepted above threshold at   6.02254849E-14
NEWTON STEP: A step was accepted above threshold at   6.21873388E-13
NEWTON STEP: A step was accepted above threshold at   1.22248634E-10
NEWTON STEP: A step was accepted above threshold at   4.61738691E-10
NEWTON STEP: A step was accepted above threshold at   7.75443371E-12
NEWTON STEP: A step was accepted above threshold at   2.13462366E-13
NEWTON STEP: A step was accepted above threshold at   8.53130268E-14
NEWTON STEP: A step was accepted above threshold at   3.34757077E-12
