Initializing...
==> Cluster identification................     0.001
    --> Domain assignment ..............     0.003
    --> Equation construction ..........     0.001
    --> Equation ordering ..............     0.025
    --> Equation mapping ...............     0.004
    --> Source association .............     0.048
    --> Anchoring ......................     0.001
==> Cluster list build ...................     0.082
    --> Products .......................     0.883
    --> Reactions ......................     0.796
    --> Leaks ..........................     0.015
    --> Emissions ......................     0.082
    --> Transforms .....................     0.002
    --> Sinks ..........................     0.001
    --> Scale Factors ..................     0.001
==> Kinetics reconstruction ..............     1.781
    --> Reaction Block .................     0.012
    --> Stamp ..........................     0.003
    --> Jacobian .......................     0.078
==> Matrix construction ..................     0.092
Total time elapsed:      1.960
    clusters     :    723
    equations    :    758
    3d reactions : 198757
    1d reactions : 0
    3d leaks     : 0
    1d leaks     : 0
    3d emissions : 1632
    1d emissions : 0
  Preconditioner : 538591
Axis 01 upper boundary was reached and expansion was accelerated
Expanded from 5000 to 55000
Resizing...
==> Cluster identification................     0.000
    --> Domain assignment ..............     0.002
    --> Equation construction ..........     0.001
    --> Equation ordering ..............     0.018
    --> Equation mapping ...............     0.005
    --> Source association .............     0.044
    --> Anchoring ......................     0.003
==> Cluster list build ...................     0.073
    --> Products .......................     2.793
    --> Reactions ......................     3.813
    --> Leaks ..........................     0.016
    --> Emissions ......................     0.091
    --> Transforms .....................     0.002
    --> Sinks ..........................     0.001
    --> Scale Factors ..................     0.001
==> Kinetics reconstruction ..............     6.718
    --> Reaction Block .................     0.013
    --> Stamp ..........................     0.003
    --> Jacobian .......................     0.096
==> Matrix construction ..................     0.112
Total time elapsed:      6.907
    clusters     :    765
    equations    :    842
    3d reactions : 241717
    1d reactions : 0
    3d leaks     : 0
    1d leaks     : 0
    3d emissions : 1632
    1d emissions : 0
  Preconditioner : 581095
Axis 01 lower boundary was reached and expansion was accelerated
Expanded from -500 to -5500
Resizing...
==> Cluster identification................     0.000
    --> Domain assignment ..............     0.002
    --> Equation construction ..........     0.001
    --> Equation ordering ..............     0.018
    --> Equation mapping ...............     0.003
    --> Source association .............     0.045
    --> Anchoring ......................     0.001
==> Cluster list build ...................     0.070
    --> Products .......................     3.031
    --> Reactions ......................     4.142
    --> Leaks ..........................     0.016
    --> Emissions ......................     0.103
    --> Transforms .....................     0.001
    --> Sinks ..........................     0.001
    --> Scale Factors ..................     0.002
==> Kinetics reconstruction ..............     7.297
    --> Reaction Block .................     0.015
    --> Stamp ..........................     0.003
    --> Jacobian .......................     0.105
==> Matrix construction ..................     0.123
Total time elapsed:      7.493
    clusters     :    785
    equations    :    882
    3d reactions : 261532
    1d reactions : 0
    3d leaks     : 0
    1d leaks     : 0
    3d emissions : 2032
    1d emissions : 0
  Preconditioner : 603045
Axis 01 lower boundary enchroachment detected
Expanded from -5500 to -60500
Resizing...
==> Cluster identification................     0.000
    --> Domain assignment ..............     0.002
    --> Equation construction ..........     0.001
    --> Equation ordering ..............     0.017
    --> Equation mapping ...............     0.004
    --> Source association .............     0.050
    --> Anchoring ......................     0.002
==> Cluster list build ...................     0.076
    --> Products .......................     5.160
    --> Reactions ......................     7.438
    --> Leaks ..........................     0.018
    --> Emissions ......................     0.183
    --> Transforms .....................     0.001
    --> Sinks ..........................     0.001
    --> Scale Factors ..................     0.001
==> Kinetics reconstruction ..............    12.803
    --> Reaction Block .................     0.017
    --> Stamp ..........................     0.004
    --> Jacobian .......................     0.115
==> Matrix construction ..................     0.136
Total time elapsed:     13.019
    clusters     :    829
    equations    :    970
    3d reactions : 306721
    1d reactions : 0
    3d leaks     : 0
    1d leaks     : 0
    3d emissions : 2912
    1d emissions : 0
  Preconditioner : 647573
