CONFIGURATION: Unrecognized option relative ignored for computing int_density
CONFIGURATION: Unrecognized option relative ignored for computing frank_density
CONFIGURATION: Unrecognized option relative ignored for computing perfect_density
CONFIGURATION: Unrecognized option relative ignored for computing faulted_density
CONFIGURATION: Unrecognized option relative ignored for computing void_density
NEWTON STEP: A step was accepted above threshold at   1.89307073E-14
NEWTON STEP: A step was accepted above threshold at   5.01072507E-12
NEWTON STEP: A step was accepted above threshold at   1.95699322E-14
NEWTON STEP: A step was accepted above threshold at   1.28399923E-13
NEWTON STEP: A step was accepted above threshold at   6.87924480E-14
NEWTON STEP: A step was rejected above threshold at   4.49999406E-09
NEWTON STEP: A step was rejected above threshold at   6.15528516E-09
NEWTON STEP: A step was accepted above threshold at   2.46104504E-10
NEWTON STEP: A step was accepted above threshold at   5.64064401E-11
NEWTON STEP: A step was accepted above threshold at   2.10371052E-10
NEWTON STEP: A step was accepted above threshold at   3.19260502E-11
NEWTON STEP: A step was accepted above threshold at   1.29646117E-11
NEWTON STEP: A step was accepted above threshold at   5.58636426E-12
NEWTON STEP: A step was accepted above threshold at   7.16144383E-12
NEWTON STEP: A step was accepted above threshold at   6.98768204E-12
NEWTON STEP: A step was accepted above threshold at   1.09143879E-10
NEWTON STEP: A step was accepted above threshold at   1.36767728E-11
NEWTON STEP: A step was accepted above threshold at   1.60863610E-12
NEWTON STEP: A step was accepted above threshold at   5.39169675E-13
NEWTON STEP: A step was accepted above threshold at   1.12103581E-11
NEWTON STEP: A step was accepted above threshold at   3.25613947E-12
NEWTON STEP: A step was accepted above threshold at   1.57673031E-11
NEWTON STEP: A step was accepted above threshold at   6.66274556E-11
NEWTON STEP: A step was accepted above threshold at   2.61357888E-11
NEWTON STEP: A step was accepted above threshold at   1.66950601E-10
NEWTON STEP: A step was accepted above threshold at   2.28722110E-10
NEWTON STEP: A step was accepted above threshold at   3.19471811E-13
