Reading secondary input from standard.kincfg
INPUT: Loading option 'components' from standard.kincfg
+--------------------------------------+
| Cluster Group Configuration Log      |
+--------------------------------------+
Monomer size for vac set to  -1
loaded vac geometry in abridged format
loaded vac prefactor_exponent in abridged format
loaded vac mobile in abridged format
loaded vac detrap in abridged format
loaded vac dimensionality in abridged format
loaded vac migration_energy in abridged format
jump distance rescaled to   0.70700000E+00 lattice parameters
loaded vac jump_distance in abridged format
loaded vac included in verbose format
Monomer size for int set to  1
loaded int geometry in abridged format
loaded int prefactor_exponent in abridged format
loaded int mobile in abridged format
loaded int detrap in abridged format
loaded int dimensionality in abridged format
loaded int migration_energy in abridged format
jump distance rescaled to   0.70700000E+00 lattice parameters
loaded int jump_distance in abridged format
loaded int included in verbose format
INPUT: Loading option 'groups' from standard.kincfg
INPUT: Loading option 'kinetic_system' from standard.kincfg
Defining vac+int reaction order to recombine
INPUT: Loading option 'react_class' from standard.kincfg
Defining int+vac reaction order to recombine
INPUT: Loading option 'react_class' from standard.kincfg
INPUT: Loading option 'recombination_distance' from standard.kincfg
INPUT: Loading option 'core_radius' from standard.kincfg
Reading secondary input from dump.cfg
INPUT: Loading option 'compute' from dump.cfg
INPUT: Loading option 'compute' from dump.cfg
INPUT: Loading option 'dump' from dump.cfg
INPUT: Loading option 'temperature' from input.txt
INPUT: Loading option 'damage_file' from input.txt
INPUT: Loading option 'partition_file' from input.txt
INPUT: Loading option 'mesh_points' from input.txt
INPUT: Loading option 'foil_thickness' from input.txt
thermal monomer production enabled with a formation energy of   0.15000000E+01
loaded vac formation_energy in abridged format
INPUT: Loading option 'assign' from input.txt
INPUT: Loading option 'lattice_paramter' from input.txt
INPUT: Loading option 'atoms_per_cell' from input.txt
INPUT: Loading option 'total_time' from input.txt
Cluster size limits for defect component were set to the range (-1,1)
INPUT: Loading option 'component_limits' from input.txt
INPUT: Loading option 'initial_limits' from input.txt
Defining int+vac reaction bias to   1.5000E+00
INPUT: Loading option 'react_bias' from input.txt
INPUT: Loading option 'verbose_solver' from input.txt
INPUT: Loading option 'preconditioner_fill' from input.txt
INPUT: Loading option 'dual_sparsity' from input.txt
INPUT: Loading option 'ordering_axis' from input.txt
lattice parameter:   0.36000000E+00
atomic density:      0.85733882E+02
burgers vector:      0.31176915E+00
+--------------------------------------+
| Primary Damage Configuration Log     |
+--------------------------------------+
Reading profile #1 spatial distribution from: 1MeVKr.800H.damage
  Profile #1 distribution option interpolation_order set to 6
  Profile #1 distribution option interpolant_range set to   1.00000000E+02
  Profile #1 distribution option damage_bins set to 1
Reading profile #1 clustering partition from: fe.update.test.clustering
  Profile #1 partition option produced_species set to 2
  Profile #1 partition option conserves_mass set to T
Damage rate table in units of defects per volume time
               x               1
  5.00000000E+01  4.28669410E-02
Cluster equations with source terms
    group 2, composition  1
    group 1, composition -1
Dose Rate Information
    Average DPA rate   5.00000000E-04
    Maximum DPA rate   5.00000000E-04
    Leaked fraction    0.00000000E+00
Detailed Source Information
+-----------------+-------------------------------------+
|      depth      |                    defect           |
+-----------------+-------------------------------------+
|  5.00000000E+01 |  5.00000000E-04    5.00000000E-04   |
+-----------------+-------------------------------------+
