Initializing...
==> Cluster identification................     0.000
    --> Domain assignment ..............     0.000
    --> Equation construction ..........     0.000
    --> Equation ordering ..............     0.000
    --> Equation mapping ...............     0.000
    --> Source association .............     0.000
    --> Anchoring ......................     0.000
==> Cluster list build ...................     0.000
    --> Products .......................     0.000
    --> Reactions ......................     0.000
    --> Leaks ..........................     0.000
    --> Emissions ......................     0.000
    --> Transforms .....................     0.000
    --> Sinks ..........................     0.000
    --> Scale Factors ..................     0.000
==> Kinetics reconstruction ..............     0.001
    --> Reaction Block .................     0.000
    --> Stamp ..........................     0.000
    --> Jacobian .......................     0.000
==> Matrix construction ..................     0.000
Total time elapsed:      0.002
    clusters     : 2
    equations    : 2
    3d reactions : 4
    1d reactions : 0
    3d leaks     : 0
    1d leaks     : 0
    3d emissions : 0
    1d emissions : 0
  Preconditioner : 4
