Initializing...
==> Cluster identification................     0.001
    --> Domain assignment ..............     0.003
    --> Equation construction ..........     0.001
    --> Equation ordering ..............     0.023
    --> Equation mapping ...............     0.005
    --> Source association .............     0.040
    --> Anchoring ......................     0.001
==> Cluster list build ...................     0.073
    --> Products .......................     0.874
    --> Reactions ......................     0.804
    --> Leaks ..........................     0.015
    --> Emissions ......................     0.084
    --> Transforms .....................     0.001
    --> Sinks ..........................     0.002
    --> Scale Factors ..................     0.001
==> Kinetics reconstruction ..............     1.782
    --> Reaction Block .................     0.012
    --> Stamp ..........................     0.003
    --> Jacobian .......................     0.086
==> Matrix construction ..................     0.101
Total time elapsed:      1.962
    clusters     :    723
    equations    :    758
    3d reactions : 198757
    1d reactions : 0
    3d leaks     : 0
    1d leaks     : 0
    3d emissions : 1632
    1d emissions : 0
  Preconditioner : 538591
Axis 01 upper boundary enchroachment detected
Expanded from 5000 to 30000
Resizing...
==> Cluster identification................     0.001
    --> Domain assignment ..............     0.002
    --> Equation construction ..........     0.002
    --> Equation ordering ..............     0.024
    --> Equation mapping ...............     0.004
    --> Source association .............     0.043
    --> Anchoring ......................     0.001
==> Cluster list build ...................     0.076
    --> Products .......................     1.843
    --> Reactions ......................     2.325
    --> Leaks ..........................     0.015
    --> Emissions ......................     0.089
    --> Transforms .....................     0.001
    --> Sinks ..........................     0.001
    --> Scale Factors ..................     0.002
==> Kinetics reconstruction ..............     4.277
    --> Reaction Block .................     0.013
    --> Stamp ..........................     0.003
    --> Jacobian .......................     0.092
==> Matrix construction ..................     0.108
Total time elapsed:      4.466
    clusters     :    751
    equations    :    814
    3d reactions : 227254
    1d reactions : 0
    3d leaks     : 0
    1d leaks     : 0
    3d emissions : 1632
    1d emissions : 0
  Preconditioner : 566927
Axis 01 lower boundary enchroachment detected
Expanded from -500 to -3000
Resizing...
==> Cluster identification................     0.001
    --> Domain assignment ..............     0.002
    --> Equation construction ..........     0.001
    --> Equation ordering ..............     0.020
    --> Equation mapping ...............     0.004
    --> Source association .............     0.044
    --> Anchoring ......................     0.001
==> Cluster list build ...................     0.072
    --> Products .......................     1.972
    --> Reactions ......................     2.505
    --> Leaks ..........................     0.016
    --> Emissions ......................     0.095
    --> Transforms .....................     0.002
    --> Sinks ..........................     0.001
    --> Scale Factors ..................     0.001
==> Kinetics reconstruction ..............     4.594
    --> Reaction Block .................     0.014
    --> Stamp ..........................     0.002
    --> Jacobian .......................     0.098
==> Matrix construction ..................     0.114
Total time elapsed:      4.784
    clusters     :    765
    equations    :    842
    3d reactions : 241171
    1d reactions : 0
    3d leaks     : 0
    1d leaks     : 0
    3d emissions : 1912
    1d emissions : 0
  Preconditioner : 582805
Axis 01 lower boundary was reached and expansion was accelerated
Expanded from -3000 to -33000
Resizing...
==> Cluster identification................     0.001
    --> Domain assignment ..............     0.001
    --> Equation construction ..........     0.001
    --> Equation ordering ..............     0.017
    --> Equation mapping ...............     0.004
    --> Source association .............     0.047
    --> Anchoring ......................     0.001
==> Cluster list build ...................     0.071
    --> Products .......................     3.187
    --> Reactions ......................     4.371
    --> Leaks ..........................     0.016
    --> Emissions ......................     0.143
    --> Transforms .....................     0.001
    --> Sinks ..........................     0.001
    --> Scale Factors ..................     0.002
==> Kinetics reconstruction ..............     7.722
    --> Reaction Block .................     0.016
    --> Stamp ..........................     0.003
    --> Jacobian .......................     0.113
==> Matrix construction ..................     0.132
Total time elapsed:      7.929
    clusters     :    801
    equations    :    914
    3d reactions : 277766
    1d reactions : 0
    3d leaks     : 0
    1d leaks     : 0
    3d emissions : 2632
    1d emissions : 0
  Preconditioner : 619237
Axis 01 upper boundary enchroachment detected
Expanded from 30000 to 180000
Resizing...
==> Cluster identification................     0.000
    --> Domain assignment ..............     0.002
    --> Equation construction ..........     0.001
    --> Equation ordering ..............     0.019
    --> Equation mapping ...............     0.002
    --> Source association .............     0.053
    --> Anchoring ......................     0.001
==> Cluster list build ...................     0.078
    --> Products .......................     8.584
    --> Reactions ......................    12.894
    --> Leaks ..........................     0.018
    --> Emissions ......................     0.153
    --> Transforms .....................     0.001
    --> Sinks ..........................     0.002
    --> Scale Factors ..................     0.001
==> Kinetics reconstruction ..............    21.654
    --> Reaction Block .................     0.019
    --> Stamp ..........................     0.003
    --> Jacobian .......................     0.135
==> Matrix construction ..................     0.157
Total time elapsed:     21.892
    clusters     :    851
    equations    :   1014
    3d reactions : 329366
    1d reactions : 0
    3d leaks     : 0
    1d leaks     : 0
    3d emissions : 2632
    1d emissions : 0
  Preconditioner : 669837
Axis 01 upper boundary enchroachment detected
Expanded from 180000 to 1000000
Resizing...
==> Cluster identification................     0.000
    --> Domain assignment ..............     0.002
    --> Equation construction ..........     0.001
    --> Equation ordering ..............     0.023
    --> Equation mapping ...............     0.003
    --> Source association .............     0.062
    --> Anchoring ......................     0.001
==> Cluster list build ...................     0.092
    --> Products .......................    37.276
    --> Reactions ......................    58.133
    --> Leaks ..........................     0.022
    --> Emissions ......................     0.191
    --> Transforms .....................     0.002
    --> Sinks ..........................     0.001
    --> Scale Factors ..................     0.001
==> Kinetics reconstruction ..............    95.627
    --> Reaction Block .................     0.023
    --> Stamp ..........................     0.005
    --> Jacobian .......................     0.167
==> Matrix construction ..................     0.195
Total time elapsed:     95.918
    clusters     :    937
    equations    :   1186
    3d reactions : 418321
    1d reactions : 0
    3d leaks     : 0
    1d leaks     : 0
    3d emissions : 2632
    1d emissions : 0
  Preconditioner : 756869
Axis 01 lower boundary enchroachment detected
Expanded from -33000 to -363000
Resizing...
==> Cluster identification................     0.000
    --> Domain assignment ..............     0.002
    --> Equation construction ..........     0.003
    --> Equation ordering ..............     0.023
    --> Equation mapping ...............     0.006
    --> Source association .............     0.069
    --> Anchoring ......................     0.002
==> Cluster list build ...................     0.105
    --> Products .......................    49.259
    --> Reactions ......................    76.965
    --> Leaks ..........................     0.024
    --> Emissions ......................     0.594
    --> Transforms .....................     0.002
    --> Sinks ..........................     0.001
    --> Scale Factors ..................     0.002
==> Kinetics reconstruction ..............   126.848
    --> Reaction Block .................     0.039
    --> Stamp ..........................     0.006
    --> Jacobian .......................     0.204
==> Matrix construction ..................     0.249
Total time elapsed:    127.206
    clusters     :   1015
    equations    :   1342
    3d reactions : 498944
    1d reactions : 0
    3d leaks     : 0
    1d leaks     : 0
    3d emissions : 4192
    1d emissions : 0
  Preconditioner : 835805
