CONFIGURATION: Unrecognized option relative ignored for computing int_density
CONFIGURATION: Unrecognized option relative ignored for computing frank_density
CONFIGURATION: Unrecognized option relative ignored for computing perfect_density
CONFIGURATION: Unrecognized option relative ignored for computing faulted_density
CONFIGURATION: Unrecognized option relative ignored for computing void_density
NEWTON STEP: A step was accepted above threshold at   3.97111868E-14
NEWTON STEP: A step was accepted above threshold at   2.56628406E-14
NEWTON STEP: A step was accepted above threshold at   7.79682570E-12
NEWTON STEP: A step was accepted above threshold at   1.05176292E-11
NEWTON STEP: A step was accepted above threshold at   1.15455928E-11
NEWTON STEP: A step was accepted above threshold at   2.02744067E-12
NEWTON STEP: A step was accepted above threshold at   2.81947386E-12
NEWTON STEP: A step was accepted above threshold at   2.78581771E-12
NEWTON STEP: A step was accepted above threshold at   4.60249921E-12
NEWTON STEP: A step was accepted above threshold at   1.92266423E-13
NEWTON STEP: A step was accepted above threshold at   8.39591906E-13
NEWTON STEP: A step was accepted above threshold at   3.68783780E-12
NEWTON STEP: A step was accepted above threshold at   7.75605259E-12
NEWTON STEP: A step was accepted above threshold at   8.68496792E-11
NEWTON STEP: A step was accepted above threshold at   1.73169999E-10
NEWTON STEP: A step was accepted above threshold at   4.90460292E-10
NEWTON STEP: A step was accepted above threshold at   7.30088912E-10
NEWTON STEP: A step was accepted above threshold at   4.43906628E-11
NEWTON STEP: A step was accepted above threshold at   1.47401352E-13
NEWTON STEP: A step was accepted above threshold at   7.40374938E-14
NEWTON STEP: A step was rejected above threshold at   9.17977504E-08
NEWTON STEP: A step was rejected above threshold at   5.79172273E-07
NEWTON STEP: A step was rejected above threshold at   7.51678554E-08
NEWTON STEP: A step was rejected above threshold at   3.71845319E-08
NEWTON STEP: A step was rejected above threshold at   7.84860397E-09
NEWTON STEP: A step was rejected above threshold at   7.29516198E-08
NEWTON STEP: A step was accepted above threshold at   1.66995941E-14
NEWTON STEP: A step was accepted above threshold at   2.40533884E-12
NEWTON STEP: A step was rejected above threshold at   4.77193376E-08
NEWTON STEP: A step was accepted above threshold at   7.92341660E-10
NEWTON STEP: A step was rejected above threshold at   3.39073036E-08
NEWTON STEP: A step was rejected above threshold at   7.65509259E-09
NEWTON STEP: A step was accepted above threshold at   1.47024663E-13
NEWTON STEP: A step was accepted above threshold at   1.42324674E-11
NEWTON STEP: A step was accepted above threshold at   6.53325387E-10
NEWTON STEP: A step was rejected above threshold at   2.53555555E-09
NEWTON STEP: A step was accepted above threshold at   7.87580575E-10
NEWTON STEP: A step was rejected above threshold at   1.30060237E-09
NEWTON STEP: A step was accepted above threshold at   4.46789948E-10
NEWTON STEP: A step was accepted above threshold at   6.07398143E-10
NEWTON STEP: A step was rejected above threshold at   1.22063936E-09
NEWTON STEP: A step was accepted above threshold at   7.72556586E-10
NEWTON STEP: A step was accepted above threshold at   9.40460646E-10
NEWTON STEP: A step was rejected above threshold at   2.09110295E-09
NEWTON STEP: A step was rejected above threshold at   1.10852795E-09
NEWTON STEP: A step was accepted above threshold at   1.61003505E-10
NEWTON STEP: A step was accepted above threshold at   1.45652326E-10
NEWTON STEP: A step was accepted above threshold at   2.82846341E-10
NEWTON STEP: A step was accepted above threshold at   2.66603694E-10
NEWTON STEP: A step was accepted above threshold at   2.52371834E-10
NEWTON STEP: A step was accepted above threshold at   2.42257975E-10
NEWTON STEP: A step was accepted above threshold at   7.58140521E-10
NEWTON STEP: A step was accepted above threshold at   9.39248100E-10
NEWTON STEP: A step was rejected above threshold at   2.19324763E-09
NEWTON STEP: A step was rejected above threshold at   1.11979481E-09
NEWTON STEP: A step was accepted above threshold at   1.54553610E-10
NEWTON STEP: A step was accepted above threshold at   1.32624577E-10
NEWTON STEP: A step was accepted above threshold at   2.48632322E-10
NEWTON STEP: A step was accepted above threshold at   2.39380470E-10
NEWTON STEP: A step was accepted above threshold at   2.23731067E-10
NEWTON STEP: A step was accepted above threshold at   2.18779539E-10
NEWTON STEP: A step was accepted above threshold at   7.16197321E-10
NEWTON STEP: A step was accepted above threshold at   8.97574944E-10
NEWTON STEP: A step was rejected above threshold at   2.12720853E-09
NEWTON STEP: A step was rejected above threshold at   1.08041102E-09
NEWTON STEP: A step was accepted above threshold at   1.50953695E-10
NEWTON STEP: A step was accepted above threshold at   1.32542342E-10
NEWTON STEP: A step was accepted above threshold at   2.54815192E-10
NEWTON STEP: A step was accepted above threshold at   2.44094567E-10
NEWTON STEP: A step was accepted above threshold at   2.38392935E-10
NEWTON STEP: A step was accepted above threshold at   2.28149374E-10
NEWTON STEP: A step was accepted above threshold at   7.47496370E-10
NEWTON STEP: A step was accepted above threshold at   9.42275438E-10
NEWTON STEP: A step was rejected above threshold at   1.93394209E-09
NEWTON STEP: A step was rejected above threshold at   1.12117732E-09
NEWTON STEP: A step was accepted above threshold at   1.50527140E-10
NEWTON STEP: A step was accepted above threshold at   1.33684589E-10
NEWTON STEP: A step was accepted above threshold at   2.57408674E-10
NEWTON STEP: A step was accepted above threshold at   2.47031067E-10
NEWTON STEP: A step was accepted above threshold at   2.29445174E-10
NEWTON STEP: A step was accepted above threshold at   2.30833659E-10
NEWTON STEP: A step was accepted above threshold at   7.52602903E-10
NEWTON STEP: A step was accepted above threshold at   9.56144359E-10
NEWTON STEP: A step was rejected above threshold at   2.18885134E-09
NEWTON STEP: A step was rejected above threshold at   1.15919352E-09
NEWTON STEP: A step was accepted above threshold at   1.55795797E-10
NEWTON STEP: A step was accepted above threshold at   1.49137785E-10
NEWTON STEP: A step was accepted above threshold at   2.99598158E-10
NEWTON STEP: A step was accepted above threshold at   3.10249090E-10
NEWTON STEP: A step was accepted above threshold at   3.17134662E-10
NEWTON STEP: A step was accepted above threshold at   3.28147735E-10
NEWTON STEP: A step was rejected above threshold at   1.00289174E-09
NEWTON STEP: A step was accepted above threshold at   1.55004049E-10
NEWTON STEP: A step was accepted above threshold at   1.56534455E-10
NEWTON STEP: A step was accepted above threshold at   3.35902919E-10
NEWTON STEP: A step was accepted above threshold at   3.57335412E-10
NEWTON STEP: A step was accepted above threshold at   3.74600067E-10
NEWTON STEP: A step was accepted above threshold at   3.96932719E-10
NEWTON STEP: A step was rejected above threshold at   1.17283286E-09
NEWTON STEP: A step was accepted above threshold at   1.90306437E-10
NEWTON STEP: A step was accepted above threshold at   1.91484357E-10
NEWTON STEP: A step was accepted above threshold at   3.99950019E-10
NEWTON STEP: A step was accepted above threshold at   4.18239707E-10
NEWTON STEP: A step was accepted above threshold at   4.44075420E-10
NEWTON STEP: A step was accepted above threshold at   4.59668386E-10
NEWTON STEP: A step was rejected above threshold at   1.35086419E-09
NEWTON STEP: A step was accepted above threshold at   2.30660872E-10
NEWTON STEP: A step was accepted above threshold at   2.29351828E-10
NEWTON STEP: A step was accepted above threshold at   4.70461850E-10
NEWTON STEP: A step was accepted above threshold at   4.92493048E-10
NEWTON STEP: A step was accepted above threshold at   5.12579025E-10
NEWTON STEP: A step was accepted above threshold at   5.46047178E-10
NEWTON STEP: A step was rejected above threshold at   1.53949946E-09
NEWTON STEP: A step was accepted above threshold at   2.66554067E-10
NEWTON STEP: A step was accepted above threshold at   2.43825359E-10
NEWTON STEP: A step was accepted above threshold at   4.88993735E-10
NEWTON STEP: A step was accepted above threshold at   5.20065785E-10
NEWTON STEP: A step was accepted above threshold at   5.44700478E-10
NEWTON STEP: A step was accepted above threshold at   5.67387185E-10
NEWTON STEP: A step was rejected above threshold at   1.59716628E-09
NEWTON STEP: A step was accepted above threshold at   2.71129792E-10
NEWTON STEP: A step was accepted above threshold at   2.54117351E-10
NEWTON STEP: A step was accepted above threshold at   5.21535985E-10
NEWTON STEP: A step was accepted above threshold at   5.40760150E-10
NEWTON STEP: A step was accepted above threshold at   5.36603676E-10
NEWTON STEP: A step was accepted above threshold at   5.28602872E-10
NEWTON STEP: A step was rejected above threshold at   1.47371594E-09
NEWTON STEP: A step was accepted above threshold at   2.36501294E-10
NEWTON STEP: A step was accepted above threshold at   1.80051413E-10
NEWTON STEP: A step was accepted above threshold at   3.28721655E-10
NEWTON STEP: A step was accepted above threshold at   3.31010391E-10
NEWTON STEP: A step was accepted above threshold at   3.18124385E-10
NEWTON STEP: A step was accepted above threshold at   3.16546882E-10
NEWTON STEP: A step was accepted above threshold at   9.80470074E-10
NEWTON STEP: A step was rejected above threshold at   1.21586148E-09
NEWTON STEP: A step was accepted above threshold at   1.73560765E-10
NEWTON STEP: A step was accepted above threshold at   3.36487248E-10
NEWTON STEP: A step was accepted above threshold at   3.23154381E-10
NEWTON STEP: A step was rejected above threshold at   1.00605738E-09
NEWTON STEP: A step was accepted above threshold at   1.36508010E-10
NEWTON STEP: A step was accepted above threshold at   1.12326046E-10
NEWTON STEP: A step was accepted above threshold at   2.25119628E-10
NEWTON STEP: A step was accepted above threshold at   2.20324025E-10
NEWTON STEP: A step was accepted above threshold at   2.03067894E-10
NEWTON STEP: A step was accepted above threshold at   1.95686174E-10
NEWTON STEP: A step was accepted above threshold at   7.20957322E-10
NEWTON STEP: A step was accepted above threshold at   9.62339592E-10
NEWTON STEP: A step was rejected above threshold at   2.42037970E-09
NEWTON STEP: A step was rejected above threshold at   1.20450085E-09
NEWTON STEP: A step was accepted above threshold at   1.44161279E-10
NEWTON STEP: A step was accepted above threshold at   9.58003337E-11
NEWTON STEP: A step was accepted above threshold at   1.68964384E-10
NEWTON STEP: A step was accepted above threshold at   1.10773743E-10
NEWTON STEP: A step was accepted above threshold at   8.73949631E-11
NEWTON STEP: A step was accepted above threshold at   9.81748948E-11
NEWTON STEP: A step was accepted above threshold at   5.03192512E-10
NEWTON STEP: A step was accepted above threshold at   7.52006812E-10
NEWTON STEP: A step was rejected above threshold at   1.99511046E-09
NEWTON STEP: A step was accepted above threshold at   9.93470670E-10
NEWTON STEP: A step was rejected above threshold at   1.23997559E-09
NEWTON STEP: A step was accepted above threshold at   1.41589184E-10
NEWTON STEP: A step was accepted above threshold at   2.21811726E-10
NEWTON STEP: A step was accepted above threshold at   2.05362060E-10
NEWTON STEP: A step was accepted above threshold at   7.64841189E-10
NEWTON STEP: A step was rejected above threshold at   1.02951400E-09
NEWTON STEP: A step was accepted above threshold at   1.15646275E-10
NEWTON STEP: A step was accepted above threshold at   2.19940712E-10
NEWTON STEP: A step was accepted above threshold at   1.85428607E-10
NEWTON STEP: A step was accepted above threshold at   7.20086531E-10
NEWTON STEP: A step was rejected above threshold at   1.00224058E-09
NEWTON STEP: A step was accepted above threshold at   1.05815590E-10
NEWTON STEP: A step was accepted above threshold at   2.08276339E-10
NEWTON STEP: A step was accepted above threshold at   1.31767037E-10
NEWTON STEP: A step was accepted above threshold at   6.23869643E-10
NEWTON STEP: A step was accepted above threshold at   9.34826985E-10
NEWTON STEP: A step was rejected above threshold at   2.38811686E-09
NEWTON STEP: A step was rejected above threshold at   1.24712207E-09
NEWTON STEP: A step was accepted above threshold at   1.43921319E-10
NEWTON STEP: A step was accepted above threshold at   1.03225394E-10
NEWTON STEP: A step was accepted above threshold at   2.13388116E-10
NEWTON STEP: A step was accepted above threshold at   1.82585437E-10
NEWTON STEP: A step was accepted above threshold at   1.86522046E-10
NEWTON STEP: A step was accepted above threshold at   1.94908159E-10
NEWTON STEP: A step was accepted above threshold at   7.81918124E-10
NEWTON STEP: A step was rejected above threshold at   1.07578550E-09
NEWTON STEP: A step was accepted above threshold at   1.32569424E-10
NEWTON STEP: A step was accepted above threshold at   2.25242033E-10
NEWTON STEP: A step was accepted above threshold at   2.20232449E-10
NEWTON STEP: A step was accepted above threshold at   8.56640466E-10
NEWTON STEP: A step was rejected above threshold at   1.18473183E-09
NEWTON STEP: A step was accepted above threshold at   1.46345938E-10
NEWTON STEP: A step was accepted above threshold at   1.93945503E-10
NEWTON STEP: A step was accepted above threshold at   2.10514501E-10
NEWTON STEP: A step was accepted above threshold at   8.50561146E-10
NEWTON STEP: A step was rejected above threshold at   1.20556855E-09
NEWTON STEP: A step was accepted above threshold at   1.44591554E-10
NEWTON STEP: A step was accepted above threshold at   2.90507950E-10
NEWTON STEP: A step was accepted above threshold at   2.86396912E-10
NEWTON STEP: A step was rejected above threshold at   1.02298329E-09
NEWTON STEP: A step was accepted above threshold at   1.25549975E-10
NEWTON STEP: A step was accepted above threshold at   1.16265936E-10
NEWTON STEP: A step was accepted above threshold at   2.47728249E-10
NEWTON STEP: A step was accepted above threshold at   2.63160984E-10
NEWTON STEP: A step was accepted above threshold at   2.68096727E-10
NEWTON STEP: A step was accepted above threshold at   2.31651868E-10
NEWTON STEP: A step was accepted above threshold at   8.01492707E-10
NEWTON STEP: A step was rejected above threshold at   1.15162171E-09
NEWTON STEP: A step was accepted above threshold at   1.55717029E-10
NEWTON STEP: A step was accepted above threshold at   2.97756824E-10
NEWTON STEP: A step was accepted above threshold at   3.19166465E-10
NEWTON STEP: A step was rejected above threshold at   1.16267683E-09
NEWTON STEP: A step was accepted above threshold at   1.61547028E-10
NEWTON STEP: A step was accepted above threshold at   1.63220293E-10
NEWTON STEP: A step was accepted above threshold at   3.58673488E-10
NEWTON STEP: A step was accepted above threshold at   3.89877059E-10
NEWTON STEP: A step was accepted above threshold at   4.11587770E-10
NEWTON STEP: A step was accepted above threshold at   4.37239942E-10
NEWTON STEP: A step was rejected above threshold at   1.43884785E-09
NEWTON STEP: A step was accepted above threshold at   2.26055586E-10
NEWTON STEP: A step was accepted above threshold at   2.37259472E-10
NEWTON STEP: A step was accepted above threshold at   5.07449524E-10
NEWTON STEP: A step was accepted above threshold at   5.51750302E-10
NEWTON STEP: A step was accepted above threshold at   5.98439823E-10
NEWTON STEP: A step was accepted above threshold at   6.54075441E-10
NEWTON STEP: A step was rejected above threshold at   2.01489029E-09
NEWTON STEP: A step was accepted above threshold at   3.08967757E-10
NEWTON STEP: A step was accepted above threshold at   3.00293306E-10
NEWTON STEP: A step was accepted above threshold at   6.29265047E-10
NEWTON STEP: A step was accepted above threshold at   6.48595132E-10
NEWTON STEP: A step was accepted above threshold at   6.69064492E-10
NEWTON STEP: A step was accepted above threshold at   6.36299056E-10
NEWTON STEP: A step was rejected above threshold at   1.99862723E-09
NEWTON STEP: A step was accepted above threshold at   2.80494026E-10
NEWTON STEP: A step was accepted above threshold at   2.51655182E-10
NEWTON STEP: A step was accepted above threshold at   4.69318422E-10
NEWTON STEP: A step was accepted above threshold at   4.66578552E-10
NEWTON STEP: A step was accepted above threshold at   4.71255046E-10
NEWTON STEP: A step was accepted above threshold at   4.33441727E-10
NEWTON STEP: A step was rejected above threshold at   1.49289998E-09
NEWTON STEP: A step was accepted above threshold at   1.87803283E-10
NEWTON STEP: A step was accepted above threshold at   1.65186045E-10
NEWTON STEP: A step was accepted above threshold at   3.23334435E-10
NEWTON STEP: A step was accepted above threshold at   3.13116968E-10
NEWTON STEP: A step was accepted above threshold at   3.09738583E-10
NEWTON STEP: A step was accepted above threshold at   2.93306020E-10
NEWTON STEP: A step was rejected above threshold at   1.13935350E-09
NEWTON STEP: A step was accepted above threshold at   1.33711112E-10
NEWTON STEP: A step was accepted above threshold at   1.05286871E-10
NEWTON STEP: A step was accepted above threshold at   1.89459536E-10
NEWTON STEP: A step was accepted above threshold at   1.92381734E-10
NEWTON STEP: A step was accepted above threshold at   1.81685604E-10
NEWTON STEP: A step was accepted above threshold at   1.83306179E-10
NEWTON STEP: A step was accepted above threshold at   9.09652574E-10
NEWTON STEP: A step was rejected above threshold at   1.38145309E-09
NEWTON STEP: A step was accepted above threshold at   1.28488513E-10
NEWTON STEP: A step was accepted above threshold at   2.40671685E-10
NEWTON STEP: A step was accepted above threshold at   2.35024982E-10
NEWTON STEP: A step was accepted above threshold at   9.95613755E-10
NEWTON STEP: A step was rejected above threshold at   1.48731211E-09
NEWTON STEP: A step was accepted above threshold at   1.61993010E-10
NEWTON STEP: A step was accepted above threshold at   2.44527316E-10
NEWTON STEP: A step was accepted above threshold at   2.18585845E-10
NEWTON STEP: A step was accepted above threshold at   9.89158291E-10
NEWTON STEP: A step was rejected above threshold at   1.40751257E-09
NEWTON STEP: A step was accepted above threshold at   9.87680103E-11
NEWTON STEP: A step was accepted above threshold at   1.76214513E-10
NEWTON STEP: A step was accepted above threshold at   1.50037273E-10
NEWTON STEP: A step was accepted above threshold at   8.79288678E-10
NEWTON STEP: A step was rejected above threshold at   1.38553237E-09
NEWTON STEP: A step was accepted above threshold at   8.08310720E-11
NEWTON STEP: A step was accepted above threshold at   4.11653355E-11
NEWTON STEP: A step was accepted above threshold at   6.61820495E-11
NEWTON STEP: A step was accepted above threshold at   6.83332996E-10
NEWTON STEP: A step was rejected above threshold at   1.24157819E-09
NEWTON STEP: A step was accepted above threshold at   4.60837816E-11
NEWTON STEP: A step was accepted above threshold at   1.06587554E-10
NEWTON STEP: A step was accepted above threshold at   6.67401619E-11
NEWTON STEP: A step was accepted above threshold at   6.05138256E-10
NEWTON STEP: A step was rejected above threshold at   1.20240739E-09
NEWTON STEP: A step was accepted above threshold at   8.91978008E-11
NEWTON STEP: A step was accepted above threshold at   1.57734616E-10
NEWTON STEP: A step was accepted above threshold at   1.40411039E-10
NEWTON STEP: A step was accepted above threshold at   8.11786925E-10
NEWTON STEP: A step was rejected above threshold at   1.35220777E-09
NEWTON STEP: A step was accepted above threshold at   5.67003224E-11
NEWTON STEP: A step was accepted above threshold at   6.86721308E-11
NEWTON STEP: A step was accepted above threshold at   3.16091515E-11
NEWTON STEP: A step was accepted above threshold at   6.08504442E-10
NEWTON STEP: A step was rejected above threshold at   1.24324898E-09
NEWTON STEP: A step was accepted above threshold at   3.23558360E-11
NEWTON STEP: A step was accepted above threshold at   1.73623306E-11
NEWTON STEP: A step was accepted above threshold at   4.09397906E-11
NEWTON STEP: A step was accepted above threshold at   7.42413550E-10
NEWTON STEP: A step was rejected above threshold at   1.34872249E-09
NEWTON STEP: A step was accepted above threshold at   3.52854564E-11
NEWTON STEP: A step was accepted above threshold at   4.18928151E-11
NEWTON STEP: A step was accepted above threshold at   2.85870944E-11
NEWTON STEP: A step was accepted above threshold at   6.50209030E-10
NEWTON STEP: A step was rejected above threshold at   1.18408895E-09
NEWTON STEP: A step was accepted above threshold at   4.25623155E-11
NEWTON STEP: A step was accepted above threshold at   4.38449883E-11
NEWTON STEP: A step was accepted above threshold at   2.56167274E-11
NEWTON STEP: A step was accepted above threshold at   6.17678336E-10
NEWTON STEP: A step was rejected above threshold at   1.36149619E-09
NEWTON STEP: A step was accepted above threshold at   1.86516720E-11
NEWTON STEP: A step was accepted above threshold at   4.73268322E-11
NEWTON STEP: A step was accepted above threshold at   2.85940676E-11
NEWTON STEP: A step was accepted above threshold at   6.41005089E-10
NEWTON STEP: A step was rejected above threshold at   1.22272301E-09
NEWTON STEP: A step was accepted above threshold at   5.16607342E-11
NEWTON STEP: A step was accepted above threshold at   4.54491609E-11
NEWTON STEP: A step was accepted above threshold at   5.59658532E-11
NEWTON STEP: A step was accepted above threshold at   7.70426856E-10
NEWTON STEP: A step was rejected above threshold at   1.45373688E-09
NEWTON STEP: A step was accepted above threshold at   4.48469376E-11
NEWTON STEP: A step was accepted above threshold at   7.17534455E-11
NEWTON STEP: A step was accepted above threshold at   5.58467094E-11
NEWTON STEP: A step was accepted above threshold at   3.56687094E-10
NEWTON STEP: A step was rejected above threshold at   1.06606699E-09
NEWTON STEP: A step was accepted above threshold at   3.70272057E-11
NEWTON STEP: A step was accepted above threshold at   6.79578390E-11
NEWTON STEP: A step was accepted above threshold at   7.09901748E-11
NEWTON STEP: A step was accepted above threshold at   9.40309304E-10
NEWTON STEP: A step was rejected above threshold at   1.65792945E-09
NEWTON STEP: A step was accepted above threshold at   6.09411087E-11
NEWTON STEP: A step was accepted above threshold at   4.74781514E-11
NEWTON STEP: A step was accepted above threshold at   6.22970454E-11
NEWTON STEP: A step was accepted above threshold at   5.39349505E-10
NEWTON STEP: A step was rejected above threshold at   1.27061263E-09
NEWTON STEP: A step was accepted above threshold at   2.45890974E-11
NEWTON STEP: A step was accepted above threshold at   6.59798826E-11
NEWTON STEP: A step was accepted above threshold at   5.76049023E-11
NEWTON STEP: A step was accepted above threshold at   8.99226418E-10
NEWTON STEP: A step was rejected above threshold at   1.74494470E-09
NEWTON STEP: A step was accepted above threshold at   3.80245162E-11
NEWTON STEP: A step was accepted above threshold at   7.84746669E-11
NEWTON STEP: A step was accepted above threshold at   8.93945157E-11
NEWTON STEP: A step was accepted above threshold at   8.26609046E-10
NEWTON STEP: A step was rejected above threshold at   1.35166897E-09
NEWTON STEP: A step was accepted above threshold at   7.65727049E-11
NEWTON STEP: A step was accepted above threshold at   9.25991444E-11
NEWTON STEP: A step was accepted above threshold at   7.59337648E-11
NEWTON STEP: A step was rejected above threshold at   1.07307977E-09
NEWTON STEP: A step was accepted above threshold at   2.25276660E-11
NEWTON STEP: A step was accepted above threshold at   2.48560450E-11
NEWTON STEP: A step was accepted above threshold at   5.95459270E-11
NEWTON STEP: A step was accepted above threshold at   6.07879084E-11
NEWTON STEP: A step was accepted above threshold at   9.58986594E-11
NEWTON STEP: A step was accepted above threshold at   9.49349694E-11
NEWTON STEP: A step was rejected above threshold at   1.06577351E-09
NEWTON STEP: A step was accepted above threshold at   1.45113212E-11
NEWTON STEP: A step was accepted above threshold at   2.10565087E-11
NEWTON STEP: A step was accepted above threshold at   8.51865951E-11
NEWTON STEP: A step was accepted above threshold at   1.77642346E-11
NEWTON STEP: A step was accepted above threshold at   4.53456957E-11
NEWTON STEP: A step was accepted above threshold at   4.47506961E-11
NEWTON STEP: A step was accepted above threshold at   9.54744569E-10
NEWTON STEP: A step was rejected above threshold at   1.81855735E-09
NEWTON STEP: A step was accepted above threshold at   6.45859916E-11
NEWTON STEP: A step was accepted above threshold at   1.54131836E-10
NEWTON STEP: A step was accepted above threshold at   1.37199981E-10
NEWTON STEP: A step was rejected above threshold at   1.25016497E-09
NEWTON STEP: A step was accepted above threshold at   3.60695324E-11
NEWTON STEP: A step was accepted above threshold at   3.54069833E-11
NEWTON STEP: A step was accepted above threshold at   8.57800333E-11
NEWTON STEP: A step was accepted above threshold at   9.86059897E-11
NEWTON STEP: A step was accepted above threshold at   8.03684430E-11
NEWTON STEP: A step was accepted above threshold at   9.27163130E-11
NEWTON STEP: A step was rejected above threshold at   1.21364317E-09
NEWTON STEP: A step was accepted above threshold at   3.07815291E-11
NEWTON STEP: A step was accepted above threshold at   3.27446587E-11
NEWTON STEP: A step was accepted above threshold at   1.33635690E-10
NEWTON STEP: A step was accepted above threshold at   1.12783953E-10
NEWTON STEP: A step was accepted above threshold at   1.57705038E-10
NEWTON STEP: A step was accepted above threshold at   1.56301213E-10
NEWTON STEP: A step was rejected above threshold at   1.40393537E-09
NEWTON STEP: A step was accepted above threshold at   6.90477527E-11
NEWTON STEP: A step was accepted above threshold at   3.37213978E-11
NEWTON STEP: A step was accepted above threshold at   1.42566920E-10
NEWTON STEP: A step was accepted above threshold at   2.21634087E-10
NEWTON STEP: A step was accepted above threshold at   2.41360913E-10
NEWTON STEP: A step was accepted above threshold at   2.57982377E-10
NEWTON STEP: A step was rejected above threshold at   1.73450535E-09
NEWTON STEP: A step was accepted above threshold at   1.47029686E-10
NEWTON STEP: A step was accepted above threshold at   1.71592445E-10
NEWTON STEP: A step was accepted above threshold at   4.52060787E-10
NEWTON STEP: A step was accepted above threshold at   4.87544583E-10
NEWTON STEP: A step was accepted above threshold at   5.17773158E-10
NEWTON STEP: A step was accepted above threshold at   5.69313837E-10
NEWTON STEP: A step was rejected above threshold at   2.51327774E-09
NEWTON STEP: A step was accepted above threshold at   3.05619782E-10
NEWTON STEP: A step was accepted above threshold at   3.33084871E-10
NEWTON STEP: A step was accepted above threshold at   7.92134413E-10
NEWTON STEP: A step was accepted above threshold at   8.61830516E-10
NEWTON STEP: A step was accepted above threshold at   9.84293021E-10
NEWTON STEP: A step was rejected above threshold at   1.14957872E-09
NEWTON STEP: A step was accepted above threshold at   5.40073628E-10
NEWTON STEP: A step was accepted above threshold at   5.43245957E-10
NEWTON STEP: A step was rejected above threshold at   1.23451359E-09
NEWTON STEP: A step was accepted above threshold at   5.82274037E-10
NEWTON STEP: A step was accepted above threshold at   4.87967841E-11
NEWTON STEP: A step was accepted above threshold at   2.52355065E-10
NEWTON STEP: A step was accepted above threshold at   1.64469847E-11
NEWTON STEP: A step was accepted above threshold at   7.89776702E-11
NEWTON STEP: A step was accepted above threshold at   1.10952137E-10
NEWTON STEP: A step was accepted above threshold at   2.16578456E-10
NEWTON STEP: A step was accepted above threshold at   2.44499574E-10
NEWTON STEP: A step was accepted above threshold at   1.77953359E-10
NEWTON STEP: A step was accepted above threshold at   1.31850771E-11
NEWTON STEP: A step was accepted above threshold at   2.29064526E-11
NEWTON STEP: A step was accepted above threshold at   1.46045026E-12
NEWTON STEP: A step was accepted above threshold at   1.19219475E-14
NEWTON STEP: A step was accepted above threshold at   8.55704027E-14
NEWTON STEP: A step was accepted above threshold at   2.00211840E-14
NEWTON STEP: A step was accepted above threshold at   3.97316651E-14
NEWTON STEP: A step was accepted above threshold at   2.68187231E-10
NEWTON STEP: A step was accepted above threshold at   5.43925923E-11
NEWTON STEP: A step was accepted above threshold at   2.45000154E-11
NEWTON STEP: A step was accepted above threshold at   3.47805235E-11
NEWTON STEP: A step was accepted above threshold at   1.63990001E-11
NEWTON STEP: A step was rejected above threshold at   1.11361242E-09
NEWTON STEP: A step was accepted above threshold at   2.61722231E-11
NEWTON STEP: A step was accepted above threshold at   3.08414676E-10
NEWTON STEP: A step was rejected above threshold at   4.75255657E-09
NEWTON STEP: A step was rejected above threshold at   1.24161074E-09
NEWTON STEP: A step was rejected above threshold at   4.77972422E-09
NEWTON STEP: A step was accepted above threshold at   7.37485546E-10
NEWTON STEP: A step was accepted above threshold at   4.74923514E-10
NEWTON STEP: A step was accepted above threshold at   5.80438271E-10
NEWTON STEP: A step was rejected above threshold at   1.18968652E-09
NEWTON STEP: A step was accepted above threshold at   2.78827645E-10
NEWTON STEP: A step was accepted above threshold at   3.99506972E-10
NEWTON STEP: A step was rejected above threshold at   2.00841814E-09
NEWTON STEP: A step was accepted above threshold at   4.50948765E-10
NEWTON STEP: A step was rejected above threshold at   1.14108190E-09
NEWTON STEP: A step was accepted above threshold at   2.98178656E-10
NEWTON STEP: A step was accepted above threshold at   4.17023344E-10
NEWTON STEP: A step was rejected above threshold at   2.00179583E-09
NEWTON STEP: A step was accepted above threshold at   5.89558975E-10
NEWTON STEP: A step was rejected above threshold at   1.15926812E-09
NEWTON STEP: A step was accepted above threshold at   8.94609477E-11
NEWTON STEP: A step was accepted above threshold at   2.21705599E-10
NEWTON STEP: A step was accepted above threshold at   3.36870374E-10
NEWTON STEP: A step was accepted above threshold at   9.01645043E-10
NEWTON STEP: A step was accepted above threshold at   4.25345275E-10
NEWTON STEP: A step was accepted above threshold at   3.37109879E-10
NEWTON STEP: A step was accepted above threshold at   1.55652464E-10
NEWTON STEP: A step was accepted above threshold at   1.62222201E-10
NEWTON STEP: A step was accepted above threshold at   1.00807916E-10
NEWTON STEP: A step was rejected above threshold at   1.37447157E-09
NEWTON STEP: A step was accepted above threshold at   1.17849996E-10
NEWTON STEP: A step was accepted above threshold at   2.73569689E-10
NEWTON STEP: A step was accepted above threshold at   1.35300840E-10
NEWTON STEP: A step was accepted above threshold at   2.08186384E-10
NEWTON STEP: A step was accepted above threshold at   8.31756761E-11
NEWTON STEP: A step was accepted above threshold at   3.51539818E-13
NEWTON STEP: A step was accepted above threshold at   1.13344271E-10
NEWTON STEP: A step was accepted above threshold at   4.60061787E-11
NEWTON STEP: A step was accepted above threshold at   5.97159546E-12
