Stepping:   1.00000000E-09
--residual--   0   0  5.14769404E-09
netwon/GMRES   1   2  7.39815630E-21  5.14710368E-18  5.59384997E-10
Update computed in 1 newton steps using 3 function evaluations
Stepping:   1.00000000E-09
--residual--   0   0  5.14710368E-09
netwon/GMRES   1   2  7.37708411E-21  5.14651645E-18  5.57385347E-10
Update computed in 1 newton steps using 3 function evaluations
Stepping:   2.00000000E-09
--residual--   0   0  1.02930329E-08
netwon/GMRES   1   2  6.01619637E-20  2.05814123E-17  2.21366773E-09
Update computed in 1 newton steps using 3 function evaluations
Stepping:   2.00000000E-09
--residual--   0   0  1.02907062E-08
netwon/GMRES   1   2  6.00729184E-20  2.05768076E-17  2.19791774E-09
Update computed in 1 newton steps using 3 function evaluations
Stepping:   2.00000000E-09
--residual--   0   0  1.02884038E-08
netwon/GMRES   1   2  5.99434286E-20  2.05722511E-17  2.18229048E-09
Update computed in 1 newton steps using 3 function evaluations
Stepping:   2.00000000E-09
--residual--   0   0  1.02861256E-08
netwon/GMRES   1   2  5.98125869E-20  2.05677420E-17  2.16678504E-09
Update computed in 1 newton steps using 3 function evaluations
Stepping:   5.00000000E-09
--residual--   0   0  2.57096775E-08
netwon/GMRES   1   2  1.17405941E-18  1.28479508E-16  1.33047532E-08
Update computed in 1 newton steps using 3 function evaluations
Stepping:   5.00000000E-09
--residual--   0   0  2.56959016E-08
netwon/GMRES   1   2  1.17174072E-18  1.28412370E-16  1.30716819E-08
Update computed in 1 newton steps using 3 function evaluations
Stepping:   1.00000000E-08
--residual--   0   0  5.13649480E-08
netwon/GMRES   1   2  2.06407251E-17  5.13135910E-16  5.04921159E-08
Update computed in 1 newton steps using 3 function evaluations
Stepping:   1.00000000E-08
--residual--   0   0  5.13135910E-08
netwon/GMRES   1   2  2.06367130E-17  5.12646873E-16  4.87655398E-08
Update computed in 1 newton steps using 3 function evaluations
Stepping:   2.00000000E-08
--residual--   0   0  1.02529375E-07
netwon/GMRES   1   2  5.48301910E-16  2.04698878E-15  1.82250508E-07
Update computed in 1 newton steps using 3 function evaluations
Stepping:   2.00000000E-08
--residual--   0   0  1.02349439E-07
netwon/GMRES   1   2  5.47482295E-16  2.04369523E-15  1.70378944E-07
Update computed in 1 newton steps using 3 function evaluations
Stepping:   2.00000000E-08
--residual--   0   0  1.02184761E-07
netwon/GMRES   1   2  5.46637974E-16  2.04066591E-15  1.59381345E-07
Update computed in 1 newton steps using 3 function evaluations
Stepping:   5.00000000E-08
--residual--   0   0  2.55083239E-07
netwon/GMRES   1   3  8.19397713E-16  1.27137965E-14  8.52482990E-07
Update computed in 1 newton steps using 4 function evaluations
Stepping:   5.00000000E-08
--residual--   0   0  2.54275930E-07
netwon/GMRES   1   3  8.01401237E-16  1.26790723E-14  7.32932276E-07
Update computed in 1 newton steps using 4 function evaluations
Stepping:   1.00000000E-07
--residual--   0   0  5.07162892E-07
netwon/GMRES   1   3  5.95460937E-15  5.04859482E-14  2.24869054E-06
Update computed in 1 newton steps using 4 function evaluations
Stepping:   1.00000000E-07
--residual--   0   0  5.04859478E-07
netwon/GMRES   1   3  5.78165861E-15  5.02792838E-14  1.76761515E-06
Update computed in 1 newton steps using 4 function evaluations
Stepping:   2.00000000E-07
--residual--   0   0  1.00558567E-06
netwon/GMRES   1   4  4.61719100E-14  1.99535459E-13  4.96615127E-06
netwon/GMRES   2   4  4.20800758E-22  8.99149632E-21  4.96615432E-06
Update computed in 2 newton steps using 9 function evaluations
Stepping:   2.00000000E-07
--residual--   0   0  9.97677270E-07
netwon/GMRES   1   4  4.41478500E-14  1.97828419E-13  3.84688312E-06
netwon/GMRES   2   4  3.19377288E-22  8.61315740E-21  3.84688635E-06
Update computed in 2 newton steps using 9 function evaluations
Stepping:   2.00000000E-07
--residual--   0   0  9.89142072E-07
netwon/GMRES   1   4  4.23205099E-14  1.95935712E-13  3.22994003E-06
netwon/GMRES   2   4  2.60172705E-22  8.26737763E-21  3.22994332E-06
Update computed in 2 newton steps using 9 function evaluations
Stepping:   5.00000000E-07
--residual--   0   0  2.44919634E-06
netwon/GMRES   1   5  5.99114828E-13  1.18953290E-12  1.59685561E-05
netwon/GMRES   2   5  9.10091083E-22  2.84295572E-19  1.59686024E-05
Update computed in 2 newton steps using 11 function evaluations
Stepping:   5.00000000E-07
--residual--   0   0  2.37906552E-06
netwon/GMRES   1   5  5.46993362E-13  1.14783022E-12  1.36066548E-05
netwon/GMRES   2   5  8.79564533E-22  2.60216308E-19  1.36066981E-05
Update computed in 2 newton steps using 11 function evaluations
Stepping:   1.00000000E-06
--residual--   0   0  4.59132038E-06
netwon/GMRES   1   6  3.68811767E-12  4.21157396E-12  4.32893907E-05
netwon/GMRES   2   6  2.52400153E-20  3.36482478E-18  4.32896786E-05
Update computed in 2 newton steps using 13 function evaluations
Stepping:   1.00000000E-06
--residual--   0   0  4.21157238E-06
netwon/GMRES   1   6  3.13066914E-12  3.82529200E-12  3.56619290E-05
netwon/GMRES   2   6  1.22568136E-20  2.86159030E-18  3.56621902E-05
Update computed in 2 newton steps using 13 function evaluations
Stepping:   2.00000000E-06
--residual--   0   0  7.65058141E-06
netwon/GMRES   1   8  1.85101084E-11  1.25643261E-11  1.03912428E-04
netwon/GMRES   2   8  1.74475877E-19  3.12632562E-17  1.03914007E-04
Update computed in 2 newton steps using 17 function evaluations
Stepping:   2.00000000E-06
--residual--   0   0  6.28215660E-06
netwon/GMRES   1   8  1.38543353E-11  1.04851233E-11  7.88884020E-05
netwon/GMRES   2   8  1.11131584E-19  2.33984320E-17  7.88896954E-05
Update computed in 2 newton steps using 17 function evaluations
Stepping:   2.00000000E-06
--residual--   0   0  5.24255699E-06
netwon/GMRES   1   8  1.05125373E-11  8.92668092E-12  6.17532185E-05
netwon/GMRES   2   8  7.40645650E-20  1.77499226E-17  6.17542571E-05
Update computed in 2 newton steps using 17 function evaluations
Stepping:   5.00000000E-06
--residual--   0   0  1.11583427E-05
netwon/GMRES   1  16  9.29334466E-11  3.99201886E-11  2.38547679E-04
netwon/GMRES   2  16  6.87424068E-19  3.18509036E-16  2.38555733E-04
Update computed in 2 newton steps using 33 function evaluations
Stepping:   5.00000000E-06
--residual--   0   0  7.98401648E-06
netwon/GMRES   1  16  5.54639154E-11  3.08051954E-11  1.57953574E-04
netwon/GMRES   2  16  4.83808011E-19  1.89766750E-16  1.57958438E-04
Update computed in 2 newton steps using 33 function evaluations
Stepping:   5.00000000E-06
--residual--   0   0  6.16102726E-06
netwon/GMRES   1  16  3.44137408E-11  2.49268211E-11  1.09460604E-04
netwon/GMRES   2  16  2.64616634E-19  1.17697451E-16  1.09463563E-04
Update computed in 2 newton steps using 33 function evaluations
Stepping:   5.00000000E-06
--residual--   0   0  4.98535755E-06
netwon/GMRES   1  15  2.19241029E-11  2.08383866E-11  7.85350616E-05
netwon/GMRES   2  16  1.69797698E-19  7.50229204E-17  7.85368777E-05
Update computed in 2 newton steps using 32 function evaluations
Stepping:   5.00000000E-06
--residual--   0   0  4.16767348E-06
netwon/GMRES   1  15  1.42427313E-11  1.78419950E-11  5.79859261E-05
netwon/GMRES   2  16  1.12369361E-19  4.88048272E-17  5.79870481E-05
Update computed in 2 newton steps using 32 function evaluations
Stepping:   5.00000000E-06
--residual--   0   0  3.56839675E-06
netwon/GMRES   1  15  9.37657346E-12  1.55598796E-11  4.38731511E-05
netwon/GMRES   2  16  7.82115858E-20  3.22115647E-17  4.38738494E-05
Update computed in 2 newton steps using 32 function evaluations
Stepping:   1.00000000E-05
--residual--   0   0  6.22394914E-06
netwon/GMRES   1  21  3.72716052E-11  4.92973756E-11  1.11611894E-04
netwon/GMRES   2  23  6.67950849E-20  1.99569676E-16  1.11613917E-04
Update computed in 2 newton steps using 45 function evaluations
Stepping:   1.00000000E-05
--residual--   0   0  4.92973352E-06
netwon/GMRES   1  20  1.88681956E-11  4.06819353E-11  7.41961396E-05
netwon/GMRES   2  23  4.58486315E-20  1.04053387E-16  7.41971449E-05
Update computed in 2 newton steps using 44 function evaluations
Stepping:   1.00000000E-05
--residual--   0   0  4.06819153E-06
netwon/GMRES   1  20  9.75579891E-12  3.45788446E-11  5.10137251E-05
netwon/GMRES   2  23  3.03365869E-20  5.67331513E-17  5.10142765E-05
Update computed in 2 newton steps using 44 function evaluations
Stepping:   1.00000000E-05
--residual--   0   0  3.45788336E-06
netwon/GMRES   1  20  5.21885461E-12  3.00551233E-11  3.60538159E-05
netwon/GMRES   2  23  1.57674049E-20  3.31194098E-17  3.60541571E-05
Update computed in 2 newton steps using 44 function evaluations
Stepping:   2.00000000E-05
--residual--   0   0  6.01102331E-06
netwon/GMRES   1  22  1.69609534E-11  9.53810193E-11  8.33522493E-05
netwon/GMRES   2  26  5.64403402E-20  2.21348879E-16  8.33535390E-05
Update computed in 2 newton steps using 49 function evaluations
Stepping:   2.00000000E-05
--residual--   0   0  4.76904835E-06
netwon/GMRES   1  22  9.04763246E-12  7.92793922E-11  5.17029125E-05
netwon/GMRES   2  25  7.76835575E-20  1.39122591E-16  5.17037953E-05
Update computed in 2 newton steps using 48 function evaluations
Stepping:   2.00000000E-05
--residual--   0   0  3.96396793E-06
netwon/GMRES   1  22  6.29358698E-12  6.80783365E-11  3.45833626E-05
netwon/GMRES   2  26  2.20079696E-20  9.68699291E-17  3.45840154E-05
Update computed in 2 newton steps using 49 function evaluations
Stepping:   2.00000000E-05
--residual--   0   0  3.40391564E-06
netwon/GMRES   1  21  5.14456006E-12  5.98893484E-11  2.47859647E-05
netwon/GMRES   2  25  3.75326094E-20  7.19591260E-17  2.47864646E-05
Update computed in 2 newton steps using 47 function evaluations
Stepping:   2.00000000E-05
--residual--   0   0  2.99446654E-06
netwon/GMRES   1  21  4.37793767E-12  5.36780343E-11  1.87310623E-05
netwon/GMRES   2  26  1.92155031E-20  5.54559736E-17  1.87314461E-05
Update computed in 2 newton steps using 48 function evaluations
Stepping:   2.00000000E-05
--residual--   0   0  2.68390104E-06
netwon/GMRES   1  21  3.93170788E-12  4.88304466E-11  1.46721574E-05
netwon/GMRES   2  25  4.75569732E-20  4.45483840E-17  1.46724547E-05
Update computed in 2 newton steps using 47 function evaluations
Stepping:   5.00000000E-05
--residual--   0   0  6.10380451E-06
netwon/GMRES   1  17  5.36774086E-11  2.52933837E-10  5.76825000E-05
netwon/GMRES   2  23  3.15718907E-19  8.73037893E-16  5.76846780E-05
Update computed in 2 newton steps using 41 function evaluations
Stepping:   5.00000000E-05
--residual--   0   0  5.05867202E-06
netwon/GMRES   1  17  5.09168260E-11  2.19810335E-10  3.77956373E-05
netwon/GMRES   2  22  6.17058354E-19  6.34025072E-16  3.77969680E-05
Update computed in 2 newton steps using 40 function evaluations
Stepping:   1.00000000E-04
--residual--   0   0  8.79240715E-06
netwon/GMRES   1  18  3.94834900E-10  7.22239332E-10  7.78522040E-05
netwon/GMRES   2  22  1.54381106E-18  4.86202355E-15  7.78560660E-05
Update computed in 2 newton steps using 41 function evaluations
Stepping:   1.00000000E-04
--residual--   0   0  7.22238098E-06
netwon/GMRES   1  17  3.90479371E-10  6.30573086E-10  4.24279560E-05
netwon/GMRES   2  22  1.71492667E-18  3.97849306E-15  4.24299668E-05
Update computed in 2 newton steps using 40 function evaluations
Stepping:   1.00000000E-04
--residual--   0   0  6.30572445E-06
netwon/GMRES   1  16  3.88415486E-10  5.68383811E-10  2.45711825E-05
netwon/GMRES   2  22  1.58545917E-18  3.70343405E-15  2.45722208E-05
Update computed in 2 newton steps using 39 function evaluations
Stepping:   2.00000000E-04
--residual--   0   0  1.13676697E-05
netwon/GMRES   1  17  3.08757212E-09  1.93849901E-09  4.53415470E-05
netwon/GMRES   2  24  2.80216546E-17  3.05971123E-14  4.53441882E-05
Update computed in 2 newton steps using 42 function evaluations
Stepping:   2.00000000E-04
--residual--   0   0  9.69248835E-06
netwon/GMRES   1  16  3.06743863E-09  1.70815614E-09  2.38289468E-05
netwon/GMRES   2  24  2.66961161E-17  3.00076487E-14  2.38302790E-05
Update computed in 2 newton steps using 41 function evaluations
Stepping:   5.00000000E-04
--residual--   0   0  2.13519517E-05
netwon/GMRES   1  31  4.75040463E-08  8.33403333E-09  5.66538475E-05
netwon/GMRES   2  40  4.55558441E-15  5.04603107E-13  5.66445602E-05
Update computed in 2 newton steps using 72 function evaluations
Stepping:   5.00000000E-04
--residual--   0   0  1.66681090E-05
netwon/GMRES   1  21  4.68485086E-08  6.86914306E-09  2.70581385E-05
netwon/GMRES   2  40  4.33723936E-15  4.91923634E-13  2.70342527E-05
Update computed in 2 newton steps using 62 function evaluations
Stepping:   1.00000000E-03
--residual--   0   0  2.74766652E-05
netwon/GMRES   1  26  3.68255491E-07  2.04443382E-08  5.80227504E-05
netwon/GMRES   2  51  2.73323841E-13  4.43748246E-12  5.77004900E-05
netwon/GMRES   3  51  2.21625355E-16  9.45316317E-18  5.77004904E-05
Update computed in 3 newton steps using 129 function evaluations
Stepping:   1.00000000E-03
--residual--   0   0  2.04445929E-05
netwon/GMRES   1  27  3.58755460E-07  1.63513727E-08  4.75057555E-05
netwon/GMRES   2  51  2.29762126E-13  4.22204662E-12  4.71814887E-05
netwon/GMRES   3  51  1.34015068E-16  6.69710873E-18  4.71814891E-05
Update computed in 3 newton steps using 130 function evaluations
Stepping:   2.00000000E-03
--residual--   0   0  3.27030999E-05
netwon/GMRES   1  34  2.77822999E-06  4.71512018E-08  1.66664885E-04
netwon/GMRES   2  51  1.30396359E-11  4.28125381E-11  1.64309755E-04
netwon/GMRES   3  51  9.29981392E-13  6.56535549E-16  1.64309777E-04
netwon/GMRES   4  51  5.53701387E-13  3.19174270E-17  1.64309776E-04
netwon/GMRES   5  51  3.35334880E-13  1.61170686E-17  1.64309776E-04
netwon/GMRES   6  51  2.06457782E-13  1.05128410E-17  1.64309776E-04
netwon/GMRES   7  51  1.28013376E-13  6.67307415E-18  1.64309776E-04
netwon/GMRES   8  51  7.96946223E-14  4.87721141E-18  1.64309776E-04
netwon/GMRES   9  51  5.21269398E-14  3.02429412E-18  1.64309776E-04
netwon/GMRES  10  51  3.40235056E-14  2.21404042E-18  1.64309776E-04
netwon/GMRES  11  51  2.30237699E-14  1.41908072E-18  1.64309776E-04
netwon/GMRES  12  51  1.52045822E-14  1.06554171E-18  1.64309776E-04
netwon/GMRES  13  51  1.03639528E-14  7.14871368E-19  1.64309776E-04
netwon/GMRES  14  51  6.90311759E-15  4.60100911E-19  1.64309776E-04
Update computed in 14 newton steps using 698 function evaluations
Stepping:   2.00000000E-03
--residual--   0   0  2.35757854E-05
netwon/GMRES   1  35  2.64760048E-06  3.72397210E-08  1.50859866E-04
netwon/GMRES   2  51  1.06258052E-11  3.86218459E-11  1.48925456E-04
netwon/GMRES   3  51  7.73439824E-13  4.93642104E-16  1.48925471E-04
netwon/GMRES   4  51  4.82923935E-13  2.47905970E-17  1.48925470E-04
netwon/GMRES   5  51  3.02568945E-13  1.41608455E-17  1.48925470E-04
netwon/GMRES   6  51  1.93497068E-13  9.75334609E-18  1.48925470E-04
netwon/GMRES   7  51  1.22437893E-13  6.10437038E-18  1.48925470E-04
netwon/GMRES   8  51  7.84398990E-14  4.27922092E-18  1.48925470E-04
netwon/GMRES   9  51  4.95201117E-14  2.38643413E-18  1.48925470E-04
netwon/GMRES  10  51  3.14727616E-14  1.73487971E-18  1.48925470E-04
netwon/GMRES  11  51  1.99040115E-14  1.06595092E-18  1.48925470E-04
netwon/GMRES  12  51  1.19679758E-14  7.56601458E-19  1.48925470E-04
netwon/GMRES  13  51  7.19693405E-15  4.16185136E-19  1.48925470E-04
Update computed in 13 newton steps using 648 function evaluations
Stepping:   2.00000000E-03
--residual--   0   0  1.86192319E-05
netwon/GMRES   1  35  2.52926710E-06  3.11062509E-08  1.37994332E-04
netwon/GMRES   2  51  9.03944136E-12  3.50184831E-11  1.36424586E-04
netwon/GMRES   3  51  8.62133612E-13  4.01377580E-16  1.36424596E-04
netwon/GMRES   4  51  5.74089442E-13  2.63874772E-17  1.36424596E-04
netwon/GMRES   5  51  3.86453527E-13  1.61435517E-17  1.36424596E-04
netwon/GMRES   6  51  2.61467199E-13  1.19079843E-17  1.36424596E-04
netwon/GMRES   7  51  1.74711590E-13  8.04981191E-18  1.36424596E-04
netwon/GMRES   8  51  1.18652524E-13  6.15399222E-18  1.36424596E-04
netwon/GMRES   9  51  7.89873721E-14  3.39027625E-18  1.36424596E-04
netwon/GMRES  10  51  5.28318954E-14  2.48245880E-18  1.36424596E-04
netwon/GMRES  11  51  3.51750283E-14  1.56972927E-18  1.36424596E-04
netwon/GMRES  12  51  2.31761321E-14  1.19789260E-18  1.36424596E-04
netwon/GMRES  13  51  1.55017911E-14  8.13702834E-19  1.36424596E-04
netwon/GMRES  14  51  1.02445641E-14  5.74956246E-19  1.36424596E-04
netwon/GMRES  15  51  7.02717551E-15  4.27200762E-19  1.36424596E-04
Update computed in 15 newton steps using 750 function evaluations
Stepping:   2.00000000E-03
--residual--   0   0  1.55519138E-05
netwon/GMRES   1  35  2.42159640E-06  2.70188306E-08  1.26583553E-04
netwon/GMRES   2  51  7.84882956E-12  3.18901160E-11  1.25343837E-04
netwon/GMRES   3  51  9.65145386E-13  3.36686520E-16  1.25343843E-04
netwon/GMRES   4  51  6.61191525E-13  2.78138080E-17  1.25343843E-04
netwon/GMRES   5  51  4.59210021E-13  1.90668457E-17  1.25343843E-04
netwon/GMRES   6  51  3.22894076E-13  1.28493660E-17  1.25343843E-04
netwon/GMRES   7  51  2.24226292E-13  9.28301441E-18  1.25343843E-04
netwon/GMRES   8  51  1.57840549E-13  6.55354125E-18  1.25343843E-04
netwon/GMRES   9  51  1.10378747E-13  4.13195149E-18  1.25343843E-04
netwon/GMRES  10  51  7.78080440E-14  2.97340289E-18  1.25343843E-04
netwon/GMRES  11  51  5.45162015E-14  2.04239482E-18  1.25343843E-04
netwon/GMRES  12  51  4.05969959E-14  1.50357939E-18  1.25343843E-04
netwon/GMRES  13  51  3.01723742E-14  1.08581676E-18  1.25343843E-04
netwon/GMRES  14  51  2.26300799E-14  8.25923298E-19  1.25343843E-04
netwon/GMRES  15  51  1.67354897E-14  6.47740329E-19  1.25343843E-04
netwon/GMRES  16  51  1.24415232E-14  5.36195207E-19  1.25343843E-04
netwon/GMRES  17  51  9.31254102E-15  4.18067882E-19  1.25343843E-04
Update computed in 17 newton steps using 852 function evaluations
Stepping:   2.00000000E-03
--residual--   0   0  1.35078745E-05
netwon/GMRES   1  35  2.32311609E-06  2.41552436E-08  1.16242849E-04
netwon/GMRES   2  51  6.96297252E-12  2.91974803E-11  1.15295712E-04
netwon/GMRES   3  51  1.05055616E-12  2.92463286E-16  1.15295715E-04
netwon/GMRES   4  51  7.06304485E-13  3.00024251E-17  1.15295715E-04
netwon/GMRES   5  51  4.77086715E-13  2.24502765E-17  1.15295714E-04
netwon/GMRES   6  51  3.26912430E-13  1.45142626E-17  1.15295715E-04
netwon/GMRES   7  51  2.19738034E-13  9.91288059E-18  1.15295715E-04
netwon/GMRES   8  51  1.46752219E-13  6.93538720E-18  1.15295715E-04
netwon/GMRES   9  51  9.86044593E-14  4.44086284E-18  1.15295715E-04
netwon/GMRES  10  51  6.65489411E-14  3.19171344E-18  1.15295715E-04
netwon/GMRES  11  51  4.47205791E-14  2.08682291E-18  1.15295715E-04
netwon/GMRES  12  51  3.49008021E-14  1.45737979E-18  1.15295715E-04
netwon/GMRES  13  51  2.75214960E-14  1.00582555E-18  1.15295715E-04
netwon/GMRES  14  51  2.16666333E-14  9.40171912E-19  1.15295715E-04
netwon/GMRES  15  51  1.70411729E-14  9.96530730E-19  1.15295715E-04
netwon/GMRES  16  51  1.32728151E-14  7.83140115E-19  1.15295715E-04
netwon/GMRES  17  51  1.03974078E-14  4.18910440E-19  1.15295715E-04
netwon/GMRES  18  51  7.94680447E-15  3.34188995E-19  1.15295715E-04
Update computed in 18 newton steps using 903 function evaluations
Stepping:   2.00000000E-03
--residual--   0   0  1.20759765E-05
netwon/GMRES   1  35  2.23258818E-06  2.20677056E-08  1.06896863E-04
netwon/GMRES   2  51  6.32385810E-12  2.69081280E-11  1.06202173E-04
netwon/GMRES   3  51  1.10223947E-12  2.63932112E-16  1.06202173E-04
netwon/GMRES   4  51  7.20474500E-13  3.28914432E-17  1.06202173E-04
netwon/GMRES   5  51  4.75668231E-13  2.40405954E-17  1.06202173E-04
netwon/GMRES   6  51  3.44528844E-13  1.45557103E-17  1.06202173E-04
netwon/GMRES   7  51  2.49284140E-13  1.14037633E-17  1.06202173E-04
netwon/GMRES   8  51  1.82972390E-13  7.66290391E-18  1.06202173E-04
netwon/GMRES   9  51  1.32327325E-13  6.12755700E-18  1.06202173E-04
netwon/GMRES  10  51  9.88824135E-14  4.01011428E-18  1.06202173E-04
netwon/GMRES  11  51  7.49581180E-14  3.18585779E-18  1.06202173E-04
netwon/GMRES  12  51  6.80071829E-14  1.82109060E-18  1.06202173E-04
netwon/GMRES  13  51  6.21847914E-14  1.63406929E-18  1.06202173E-04
netwon/GMRES  14  51  5.68289168E-14  1.37236048E-18  1.06202173E-04
netwon/GMRES  15  51  5.18131367E-14  1.32990778E-18  1.06202173E-04
netwon/GMRES  16  51  4.71367257E-14  1.18588799E-18  1.06202173E-04
netwon/GMRES  17  51  4.26082646E-14  1.23386601E-18  1.06202173E-04
netwon/GMRES  18  51  3.87140483E-14  1.16874689E-18  1.06202173E-04
netwon/GMRES  19  51  3.50317729E-14  1.16150743E-18  1.06202173E-04
netwon/GMRES  20  51  3.21403007E-14  8.77871683E-19  1.06202173E-04
netwon/GMRES  21  51  2.91431343E-14  6.67305051E-19  1.06202173E-04
netwon/GMRES  22  51  2.65888213E-14  5.99084895E-19  1.06202173E-04
netwon/GMRES  23  51  2.38687226E-14  6.29750610E-19  1.06202173E-04
netwon/GMRES  24  51  2.16604028E-14  5.79993415E-19  1.06202173E-04
netwon/GMRES  25  51  1.75993276E-14  5.77688275E-19  1.06202173E-04
Update computed in 26 newton steps using 1260 function evaluations
Stepping:   2.00000000E-03
--residual--   0   0  1.10322704E-05
netwon/GMRES   1  35  2.14896941E-06  2.04918977E-08  9.85134766E-05
netwon/GMRES   2  51  5.88817849E-12  2.49749088E-11  9.80308903E-05
netwon/GMRES   3  51  1.14087650E-12  2.47568074E-16  9.80308898E-05
netwon/GMRES   4  51  8.52267175E-13  3.69395821E-17  9.80308898E-05
netwon/GMRES   5  51  6.50153406E-13  3.09972639E-17  9.80308898E-05
netwon/GMRES   6  51  5.32153972E-13  2.01491712E-17  9.80308898E-05
netwon/GMRES   7  51  4.37650726E-13  1.85362176E-17  9.80308898E-05
netwon/GMRES   8  51  3.73109153E-13  1.24307325E-17  9.80308898E-05
netwon/GMRES   9  51  3.18867537E-13  1.13472586E-17  9.80308898E-05
netwon/GMRES  10  51  2.77324270E-13  9.18410718E-18  9.80308898E-05
netwon/GMRES  11  51  2.41048740E-13  8.44132785E-18  9.80308898E-05
netwon/GMRES  12  51  2.06980965E-13  5.45437911E-18  9.80308898E-05
netwon/GMRES  13  51  1.78135127E-13  5.66046944E-18  9.80308898E-05
netwon/GMRES  14  51  1.60013559E-13  3.88456470E-18  9.80308898E-05
netwon/GMRES  15  51  1.47228479E-13  3.28437945E-18  9.80308898E-05
netwon/GMRES  16  51  1.33432784E-13  3.99467352E-18  9.80308898E-05
netwon/GMRES  17  51  1.22221592E-13  3.95998988E-18  9.80308898E-05
netwon/GMRES  18  51  1.11132104E-13  2.83643926E-18  9.80308898E-05
netwon/GMRES  19  51  1.02372921E-13  2.58249034E-18  9.80308898E-05
netwon/GMRES  20  51  9.35632491E-14  2.57948990E-18  9.80308898E-05
netwon/GMRES  21  51  8.62660713E-14  2.20732202E-18  9.80308898E-05
netwon/GMRES  22  51  7.77905257E-14  1.99559367E-18  9.80308898E-05
netwon/GMRES  23  51  7.06006759E-14  1.85524302E-18  9.80308898E-05
netwon/GMRES  24  51  6.19507589E-14  1.94452344E-18  9.80308898E-05
netwon/GMRES  25  51  5.42379675E-14  1.87853791E-18  9.80308898E-05
Update computed in 26 newton steps using 1260 function evaluations
Stepping:   2.00000000E-03
--residual--   0   0  1.02445354E-05
netwon/GMRES   1  35  2.07137853E-06  1.92637713E-08  9.10283876E-05
netwon/GMRES   2  51  5.61957724E-12  2.33399045E-11  9.07198517E-05
netwon/GMRES   3  51  1.20694513E-12  2.40171721E-16  9.07198505E-05
netwon/GMRES   4  51  1.00900981E-12  2.45124620E-17  9.07198505E-05
netwon/GMRES   5  51  8.43738489E-13  2.04521402E-17  9.07198505E-05
netwon/GMRES   6  51  7.31684348E-13  1.66049081E-17  9.07198505E-05
netwon/GMRES   7  51  6.26413729E-13  1.52252928E-17  9.07198505E-05
netwon/GMRES   8  51  5.32761000E-13  1.32763028E-17  9.07198505E-05
netwon/GMRES   9  51  4.67962173E-13  1.19668795E-17  9.07198505E-05
netwon/GMRES  10  51  4.08582927E-13  1.05180311E-17  9.07198505E-05
netwon/GMRES  11  51  3.61464533E-13  9.41444841E-18  9.07198505E-05
netwon/GMRES  12  51  1.92295280E-13  1.09192234E-17  9.07198505E-05
netwon/GMRES  13  51  1.08375069E-13  6.91142168E-18  9.07198505E-05
netwon/GMRES  14  51  6.32092112E-14  3.38569011E-18  9.07198505E-05
netwon/GMRES  15  51  3.79162482E-14  2.17354074E-18  9.07198505E-05
netwon/GMRES  16  51  2.50647486E-14  1.28711509E-18  9.07198505E-05
netwon/GMRES  17  51  1.69927838E-14  9.28365024E-19  9.07198505E-05
netwon/GMRES  18  51  1.18844812E-14  4.57050244E-19  9.07198505E-05
netwon/GMRES  19  51  8.17012765E-15  3.44725380E-19  9.07198505E-05
Update computed in 19 newton steps using 954 function evaluations
Stepping:   2.00000000E-03
--residual--   0   0  9.63069621E-06
netwon/GMRES   1  35  1.99906941E-06  1.82776455E-08  8.43466517E-05
netwon/GMRES   2  51  5.45071465E-12  2.19449823E-11  8.41779656E-05
netwon/GMRES   3  51  1.18216990E-12  2.37589402E-16  8.41779641E-05
netwon/GMRES   4  51  5.73757607E-13  3.80678617E-17  8.41779640E-05
netwon/GMRES   5  51  2.68487687E-13  1.93952353E-17  8.41779640E-05
netwon/GMRES   6  51  1.37495123E-13  8.38207565E-18  8.41779640E-05
netwon/GMRES   7  51  7.18934337E-14  4.86657371E-18  8.41779640E-05
netwon/GMRES   8  51  3.50237947E-14  2.40808345E-18  8.41779640E-05
netwon/GMRES   9  51  1.84468652E-14  1.31097223E-18  8.41779640E-05
netwon/GMRES  10  51  1.00757577E-14  5.73150882E-19  8.41779640E-05
netwon/GMRES  11  51  5.63750783E-15  3.74887541E-19  8.41779640E-05
Update computed in 11 newton steps using 546 function evaluations
Stepping:   2.00000000E-03
--residual--   0   0  9.13787577E-06
netwon/GMRES   1  35  1.93140878E-06  1.74633750E-08  7.83630457E-05
netwon/GMRES   2  51  5.36191473E-12  2.07392951E-11  7.83045114E-05
netwon/GMRES   3  51  1.20672066E-12  2.34076992E-16  7.83045098E-05
netwon/GMRES   4  51  3.84832586E-13  4.28863822E-17  7.83045097E-05
netwon/GMRES   5  51  1.20639165E-13  1.64203543E-17  7.83045097E-05
netwon/GMRES   6  51  3.54561582E-14  4.44475613E-18  7.83045097E-05
netwon/GMRES   7  51  1.08572002E-14  1.45649059E-18  7.83045097E-05
netwon/GMRES   8  51  3.01064599E-15  3.80877783E-19  7.83045097E-05
Update computed in 8 newton steps using 393 function evaluations
Stepping:   2.00000000E-03
--residual--   0   0  8.73097760E-06
netwon/GMRES   1  37  1.86785793E-06  1.67733537E-08  7.29783117E-05
netwon/GMRES   2  51  5.49904343E-12  1.96821244E-11  7.30048000E-05
netwon/GMRES   3  51  1.22879816E-12  2.05608653E-16  7.30047984E-05
netwon/GMRES   4  51  3.60779992E-13  4.53938419E-17  7.30047982E-05
netwon/GMRES   5  51  9.49348174E-14  1.52899851E-17  7.30047983E-05
netwon/GMRES   6  51  2.77942856E-14  3.13671459E-18  7.30047983E-05
netwon/GMRES   7  51  1.07290577E-14  1.03184381E-18  7.30047983E-05
netwon/GMRES   8  51  4.41319683E-15  3.44324537E-19  7.30047983E-05
Update computed in 8 newton steps using 395 function evaluations
Stepping:   2.00000000E-03
--residual--   0   0  8.38618502E-06
netwon/GMRES   1  37  1.80795728E-06  1.61748027E-08  6.81070151E-05
netwon/GMRES   2  51  5.47746356E-12  1.87426641E-11  6.81976924E-05
netwon/GMRES   3  51  1.25858535E-12  1.95726359E-16  6.81976910E-05
netwon/GMRES   4  51  3.82619342E-13  4.71597056E-17  6.81976908E-05
netwon/GMRES   5  51  1.20858052E-13  1.34255984E-17  6.81976909E-05
netwon/GMRES   6  51  3.90556403E-14  4.31204401E-18  6.81976909E-05
netwon/GMRES   7  51  1.66095515E-14  1.42410584E-18  6.81976909E-05
netwon/GMRES   8  51  7.67100409E-15  5.55863586E-19  6.81976909E-05
Update computed in 8 newton steps using 395 function evaluations
Stepping:   2.00000000E-03
--residual--   0   0  8.08710153E-06
netwon/GMRES   1  38  1.75131321E-06  1.56449613E-08  6.36791505E-05
netwon/GMRES   2  51  5.47348799E-12  1.78982404E-11  6.38170717E-05
netwon/GMRES   3  51  1.20013923E-12  1.94638714E-16  6.38170705E-05
netwon/GMRES   4  51  3.27811708E-13  4.55924264E-17  6.38170702E-05
netwon/GMRES   5  51  1.35842135E-13  1.25038596E-17  6.38170703E-05
netwon/GMRES   6  51  5.65691118E-14  4.76696897E-18  6.38170703E-05
netwon/GMRES   7  51  2.49135165E-14  1.95627042E-18  6.38170703E-05
netwon/GMRES   8  51  1.07739514E-14  8.69344120E-19  6.38170703E-05
netwon/GMRES   9  51  5.00901831E-15  4.26712756E-19  6.38170703E-05
Update computed in 9 newton steps using 447 function evaluations
Stepping:   2.00000000E-03
--residual--   0   0  7.82234479E-06
netwon/GMRES   1  39  1.69759010E-06  1.51679454E-08  5.96385172E-05
netwon/GMRES   2  51  5.23066905E-12  1.71321428E-11  5.98101682E-05
netwon/GMRES   3  51  1.16609226E-12  1.87152823E-16  5.98101670E-05
netwon/GMRES   4  51  3.37258204E-13  4.27579158E-17  5.98101669E-05
netwon/GMRES   5  51  1.34183744E-13  1.08295404E-17  5.98101669E-05
netwon/GMRES   6  51  5.34288535E-14  5.07292597E-18  5.98101669E-05
netwon/GMRES   7  51  2.20802719E-14  1.66623002E-18  5.98101669E-05
netwon/GMRES   8  51  8.89452372E-15  7.98517174E-19  5.98101669E-05
Update computed in 8 newton steps using 397 function evaluations
Stepping:   2.00000000E-03
--residual--   0   0  7.58397435E-06
netwon/GMRES   1  39  1.64649656E-06  1.47326245E-08  5.59400416E-05
netwon/GMRES   2  51  5.41213353E-12  1.64321234E-11  5.61347882E-05
netwon/GMRES   3  51  1.17351790E-12  1.82709194E-16  5.61347873E-05
netwon/GMRES   4  51  3.61611993E-13  4.43832676E-17  5.61347871E-05
netwon/GMRES   5  51  2.12238856E-13  1.26467074E-17  5.61347871E-05
netwon/GMRES   6  51  1.23411680E-13  6.22001748E-18  5.61347871E-05
netwon/GMRES   7  51  7.47486054E-14  3.97622969E-18  5.61347871E-05
netwon/GMRES   8  51  4.26123308E-14  2.18086554E-18  5.61347871E-05
netwon/GMRES   9  51  2.57661298E-14  1.45602112E-18  5.61347871E-05
netwon/GMRES  10  51  1.42159143E-14  7.90470275E-19  5.61347871E-05
netwon/GMRES  11  51  8.20888182E-15  5.44149350E-19  5.61347871E-05
Update computed in 11 newton steps using 550 function evaluations
Stepping:   2.00000000E-03
--residual--   0   0  7.36642664E-06
netwon/GMRES   1  39  1.59778339E-06  1.43311448E-08  5.25469494E-05
netwon/GMRES   2  51  5.59833944E-12  1.57887093E-11  5.27565682E-05
netwon/GMRES   3  51  1.19338750E-12  1.79182559E-16  5.27565676E-05
netwon/GMRES   4  51  3.24651795E-13  4.38600484E-17  5.27565672E-05
netwon/GMRES   5  51  2.06227480E-13  1.15700397E-17  5.27565673E-05
netwon/GMRES   6  51  1.21885651E-13  6.03262004E-18  5.27565673E-05
netwon/GMRES   7  51  7.53238941E-14  4.05392158E-18  5.27565673E-05
netwon/GMRES   8  51  4.08198227E-14  2.38639725E-18  5.27565673E-05
netwon/GMRES   9  51  2.34125840E-14  1.53377103E-18  5.27565673E-05
netwon/GMRES  10  51  1.07508903E-14  7.99905730E-19  5.27565673E-05
netwon/GMRES  11  51  5.15805663E-15  4.02785524E-19  5.27565673E-05
Update computed in 11 newton steps using 550 function evaluations
Stepping:   2.00000000E-03
--residual--   0   0  7.16577820E-06
netwon/GMRES   1  39  1.55123469E-06  1.39579056E-08  4.94285111E-05
netwon/GMRES   2  51  5.79377704E-12  1.51944057E-11  4.96467304E-05
netwon/GMRES   3  51  1.28712097E-12  1.81550448E-16  4.96467300E-05
netwon/GMRES   4  51  3.27632255E-13  4.88797852E-17  4.96467296E-05
netwon/GMRES   5  51  2.16964964E-13  9.71227207E-18  4.96467296E-05
netwon/GMRES   6  51  1.59023140E-13  6.25313999E-18  4.96467296E-05
netwon/GMRES   7  51  1.13102309E-13  4.07576873E-18  4.96467296E-05
netwon/GMRES   8  51  8.14561714E-14  3.27609498E-18  4.96467296E-05
netwon/GMRES   9  51  5.75029626E-14  2.46081937E-18  4.96467296E-05
netwon/GMRES  10  51  4.14618126E-14  1.62846561E-18  4.96467296E-05
netwon/GMRES  11  51  2.90853374E-14  1.27696726E-18  4.96467296E-05
netwon/GMRES  12  51  2.27714409E-14  8.92648745E-19  4.96467296E-05
netwon/GMRES  13  51  1.60447787E-14  7.99353416E-19  4.96467296E-05
netwon/GMRES  14  51  1.22105346E-14  5.08415615E-19  4.96467296E-05
netwon/GMRES  15  51  6.59447843E-15  4.33233871E-19  4.96467296E-05
Update computed in 15 newton steps using 754 function evaluations
Stepping:   2.00000000E-03
--residual--   0   0  6.97923180E-06
netwon/GMRES   1  39  1.50666334E-06  1.36088419E-08  4.65583409E-05
netwon/GMRES   2  51  6.01069535E-12  1.46430585E-11  4.67804415E-05
netwon/GMRES   3  51  1.52545206E-12  1.87063516E-16  4.67804411E-05
netwon/GMRES   4  51  4.16291238E-13  6.88062054E-17  4.67804406E-05
netwon/GMRES   5  51  2.90173698E-13  1.19483734E-17  4.67804407E-05
netwon/GMRES   6  51  2.24761483E-13  9.16446838E-18  4.67804407E-05
netwon/GMRES   7  51  1.70425284E-13  5.53837735E-18  4.67804407E-05
netwon/GMRES   8  51  1.36370038E-13  4.39623222E-18  4.67804407E-05
netwon/GMRES   9  51  1.06361502E-13  3.91303067E-18  4.67804407E-05
netwon/GMRES  10  51  8.38848716E-14  3.49837990E-18  4.67804407E-05
netwon/GMRES  11  51  6.50303558E-14  2.23936742E-18  4.67804407E-05
netwon/GMRES  12  51  5.39616150E-14  1.61299714E-18  4.67804407E-05
netwon/GMRES  13  51  4.62187145E-14  1.79657012E-18  4.67804407E-05
netwon/GMRES  14  51  3.99705112E-14  1.51177405E-18  4.67804407E-05
netwon/GMRES  15  51  3.66087822E-14  1.05451820E-18  4.67804407E-05
netwon/GMRES  16  51  3.31371587E-14  1.02387876E-18  4.67804407E-05
netwon/GMRES  17  51  3.08573862E-14  8.18915428E-19  4.67804407E-05
netwon/GMRES  18  51  2.78813852E-14  8.69433264E-19  4.67804407E-05
netwon/GMRES  19  51  2.59241006E-14  7.91412798E-19  4.67804407E-05
netwon/GMRES  20  51  2.29085602E-14  1.04445190E-18  4.67804407E-05
netwon/GMRES  21  51  2.07272128E-14  8.01195756E-19  4.67804407E-05
netwon/GMRES  22  51  1.77052354E-14  6.89407986E-19  4.67804407E-05
netwon/GMRES  23  51  1.52104660E-14  6.04913213E-19  4.67804407E-05
netwon/GMRES  24  51  1.18700716E-14  6.34763774E-19  4.67804407E-05
netwon/GMRES  25  51  9.51472424E-15  6.72396578E-19  4.67804407E-05
Update computed in 25 newton steps using 1264 function evaluations
Stepping:   5.00000000E-03
--residual--   0   0  1.70118950E-05
netwon/GMRES   1  51  2.23662962E-05  7.99170318E-08  2.48330367E-04
netwon/GMRES   2  51  2.08404963E-10  2.66051637E-10  2.50817342E-04
netwon/GMRES   3  51  3.33809161E-11  6.96558130E-15  2.50817221E-04
netwon/GMRES   4  51  2.30910818E-11  1.19949462E-15  2.50817223E-04
netwon/GMRES   5  51  1.70456884E-11  7.33709494E-16  2.50817222E-04
netwon/GMRES   6  51  1.47302130E-11  5.54297031E-16  2.50817225E-04
netwon/GMRES   7  51  1.06775640E-11  5.94933259E-16  2.50817223E-04
netwon/GMRES   8  51  8.16879342E-12  4.10396584E-16  2.50817224E-04
netwon/GMRES   9  51  6.25477967E-12  3.09259265E-16  2.50817224E-04
netwon/GMRES  10  51  4.92441844E-12  1.93468932E-16  2.50817224E-04
netwon/GMRES  11  51  3.92248582E-12  1.65113922E-16  2.50817224E-04
netwon/GMRES  12  51  2.97272030E-12  1.62431190E-16  2.50817224E-04
netwon/GMRES  13  51  2.51347101E-12  8.47608790E-17  2.50817224E-04
netwon/GMRES  14  51  2.18939735E-12  7.47997856E-17  2.50817224E-04
netwon/GMRES  15  51  1.90846849E-12  7.44428485E-17  2.50817224E-04
netwon/GMRES  16  51  1.67277115E-12  7.12525498E-17  2.50817224E-04
netwon/GMRES  17  51  1.43919779E-12  7.15385999E-17  2.50817224E-04
netwon/GMRES  18  51  1.28041724E-12  4.11639737E-17  2.50817224E-04
netwon/GMRES  19  51  1.10690872E-12  3.86555258E-17  2.50817224E-04
netwon/GMRES  20  51  9.73249783E-13  7.56225474E-17  2.50817224E-04
netwon/GMRES  21  51  8.52132531E-13  8.28108938E-17  2.50817224E-04
netwon/GMRES  22  51  7.52804828E-13  2.83483710E-17  2.50817224E-04
netwon/GMRES  23  51  6.61182899E-13  3.18610375E-17  2.50817224E-04
netwon/GMRES  24  51  5.81452672E-13  3.37831947E-17  2.50817224E-04
netwon/GMRES  25  51  4.96912284E-13  2.03955704E-17  2.50817224E-04
Update computed in 26 newton steps using 1276 function evaluations
Stepping:   5.00000000E-03
--residual--   0   0  1.59875594E-05
netwon/GMRES   1  48  2.08275436E-05  7.54940577E-08  2.16175551E-04
netwon/GMRES   2  51  1.49552017E-10  2.35809182E-10  2.18671353E-04
netwon/GMRES   3  51  1.42215997E-11  4.45239830E-15  2.18671270E-04
netwon/GMRES   4  51  8.23326870E-12  5.77822430E-16  2.18671270E-04
netwon/GMRES   5  51  5.56168331E-12  2.79244029E-16  2.18671270E-04
netwon/GMRES   6  51  4.61872457E-12  1.76169378E-16  2.18671270E-04
netwon/GMRES   7  51  3.78385889E-12  1.34243554E-16  2.18671270E-04
netwon/GMRES   8  51  3.30068923E-12  1.33839457E-16  2.18671270E-04
netwon/GMRES   9  51  2.75142916E-12  1.26505480E-16  2.18671270E-04
netwon/GMRES  10  51  2.19797704E-12  1.05862637E-16  2.18671270E-04
netwon/GMRES  11  51  1.84689565E-12  7.59845422E-17  2.18671270E-04
netwon/GMRES  12  51  1.45703413E-12  8.00032053E-17  2.18671270E-04
netwon/GMRES  13  51  1.44355787E-12  1.52078392E-17  2.18671270E-04
netwon/GMRES  14  51  1.43897865E-12  1.84494700E-17  2.18671270E-04
netwon/GMRES  15  51  1.43401453E-12  1.95827927E-17  2.18671270E-04
netwon/GMRES  16  51  1.42533494E-12  2.62127424E-17  2.18671270E-04
netwon/GMRES  17  51  1.41785373E-12  2.83236747E-17  2.18671270E-04
netwon/GMRES  18  51  1.41111936E-12  3.13340859E-17  2.18671270E-04
netwon/GMRES  19  51  1.40191892E-12  6.94635582E-17  2.18671270E-04
netwon/GMRES  20  51  1.39516221E-12  6.82523164E-17  2.18671270E-04
netwon/GMRES  21  51  1.37897643E-12  1.20670647E-16  2.18671270E-04
netwon/GMRES  22  51  1.36490314E-12  7.71602451E-17  2.18671270E-04
netwon/GMRES  23  51  1.35755220E-12  4.78984067E-17  2.18671270E-04
netwon/GMRES  24  51  1.34774847E-12  4.06613185E-17  2.18671270E-04
netwon/GMRES  25  51  1.34064514E-12  2.37442648E-17  2.18671270E-04
Update computed in 26 newton steps using 1273 function evaluations
Stepping:   5.00000000E-03
--residual--   0   0  1.51034984E-05
netwon/GMRES   1  48  1.94248238E-05  7.16289273E-08  1.89688216E-04
netwon/GMRES   2  51  1.12939314E-10  2.11281503E-10  1.91970183E-04
netwon/GMRES   3  51  8.55737383E-12  3.24337795E-15  1.91970124E-04
netwon/GMRES   4  51  4.97284758E-12  3.70506090E-16  1.91970124E-04
netwon/GMRES   5  51  3.69036387E-12  1.38956122E-16  1.91970124E-04
netwon/GMRES   6  51  3.24105926E-12  1.07197254E-16  1.91970124E-04
netwon/GMRES   7  51  3.15655027E-12  3.87395007E-17  1.91970124E-04
netwon/GMRES   8  51  3.13880706E-12  1.80924019E-17  1.91970124E-04
netwon/GMRES   9  51  3.13257892E-12  1.17401261E-17  1.91970124E-04
netwon/GMRES  10  51  3.12611067E-12  1.11433078E-17  1.91970124E-04
netwon/GMRES  11  51  3.12081357E-12  1.14045795E-17  1.91970124E-04
netwon/GMRES  12  51  2.61684961E-13  1.39914858E-16  1.91970124E-04
netwon/GMRES  13  51  6.65378235E-14  1.51846560E-17  1.91970124E-04
netwon/GMRES  14  51  3.78550924E-14  3.70340922E-18  1.91970124E-04
netwon/GMRES  15  51  2.87071618E-14  2.23070956E-18  1.91970124E-04
netwon/GMRES  16  51  2.35179918E-14  2.40904063E-18  1.91970124E-04
netwon/GMRES  17  51  2.00823034E-14  1.75668199E-18  1.91970124E-04
netwon/GMRES  18  51  1.73699302E-14  2.71696833E-18  1.91970124E-04
netwon/GMRES  19  51  1.50430121E-14  2.61389270E-18  1.91970124E-04
netwon/GMRES  20  51  1.29007514E-14  7.90437304E-19  1.91970124E-04
netwon/GMRES  21  51  1.10881994E-14  2.51755627E-18  1.91970124E-04
netwon/GMRES  22  51  9.50672214E-15  1.38321918E-18  1.91970124E-04
Update computed in 22 newton steps using 1120 function evaluations
Stepping:   5.00000000E-03
--residual--   0   0  1.43306459E-05
netwon/GMRES   1  48  1.81387069E-05  6.82113227E-08  1.67623418E-04
netwon/GMRES   2  51  8.72445225E-11  1.90982083E-10  1.69668049E-04
netwon/GMRES   3  51  5.94317156E-12  2.50833904E-15  1.69668007E-04
netwon/GMRES   4  51  2.49298852E-12  2.77141895E-16  1.69668007E-04
netwon/GMRES   5  51  1.62014014E-12  8.98200384E-17  1.69668007E-04
netwon/GMRES   6  51  1.35078634E-12  4.75660038E-17  1.69668007E-04
netwon/GMRES   7  51  1.14907758E-12  3.52549865E-17  1.69668007E-04
netwon/GMRES   8  51  9.91892119E-13  2.96102511E-17  1.69668007E-04
netwon/GMRES   9  51  8.60540780E-13  2.46851223E-17  1.69668007E-04
netwon/GMRES  10  51  7.44073993E-13  2.17426088E-17  1.69668007E-04
netwon/GMRES  11  51  6.46341132E-13  1.94500056E-17  1.69668007E-04
netwon/GMRES  12  51  4.72739676E-13  2.20635866E-17  1.69668007E-04
netwon/GMRES  13  51  3.53294232E-13  1.70365936E-17  1.69668007E-04
netwon/GMRES  14  51  2.69259712E-13  1.34992114E-17  1.69668007E-04
netwon/GMRES  15  51  2.05789959E-13  1.11625168E-17  1.69668007E-04
netwon/GMRES  16  51  1.62117688E-13  2.72529140E-17  1.69668007E-04
netwon/GMRES  17  51  1.27429374E-13  1.76489323E-17  1.69668007E-04
netwon/GMRES  18  51  9.97065965E-14  6.37257778E-18  1.69668007E-04
netwon/GMRES  19  51  7.57671381E-14  6.11834353E-18  1.69668007E-04
netwon/GMRES  20  51  6.31323972E-14  8.96004139E-18  1.69668007E-04
netwon/GMRES  21  51  4.83344116E-14  4.36779240E-18  1.69668007E-04
netwon/GMRES  22  51  3.51872613E-14  3.43910270E-18  1.69668007E-04
netwon/GMRES  23  51  3.07512167E-14  1.48139927E-18  1.69668007E-04
netwon/GMRES  24  51  2.61422164E-14  3.30425458E-18  1.69668007E-04
netwon/GMRES  25  51  2.25458512E-14  2.08464975E-18  1.69668007E-04
Update computed in 26 newton steps using 1273 function evaluations
Stepping:   5.00000000E-03
--residual--   0   0  1.36470816E-05
netwon/GMRES   1  48  1.69543491E-05  6.51552451E-08  1.49011880E-04
netwon/GMRES   2  51  6.89139186E-11  1.73869807E-10  1.50821528E-04
netwon/GMRES   3  51  5.67129061E-12  2.00378639E-15  1.50821498E-04
netwon/GMRES   4  51  3.08471674E-12  2.31308119E-16  1.50821498E-04
netwon/GMRES   5  51  2.39888663E-12  8.95143128E-17  1.50821498E-04
netwon/GMRES   6  51  1.93866935E-12  6.56651489E-17  1.50821498E-04
netwon/GMRES   7  51  1.62920637E-12  5.26868179E-17  1.50821498E-04
netwon/GMRES   8  51  1.37235200E-12  4.54350080E-17  1.50821498E-04
netwon/GMRES   9  51  1.17338365E-12  3.34502757E-17  1.50821498E-04
netwon/GMRES  10  51  1.01448295E-12  3.15241274E-17  1.50821498E-04
netwon/GMRES  11  51  8.81548884E-13  2.69805173E-17  1.50821498E-04
netwon/GMRES  12  51  6.49036107E-13  2.81350544E-17  1.50821498E-04
netwon/GMRES  13  51  6.25893304E-13  1.40888335E-17  1.50821498E-04
netwon/GMRES  14  51  6.03926920E-13  1.66382527E-17  1.50821498E-04
netwon/GMRES  15  51  5.77036605E-13  6.35633500E-17  1.50821498E-04
netwon/GMRES  16  51  5.49314722E-13  5.33473284E-17  1.50821498E-04
netwon/GMRES  17  51  5.22342777E-13  3.54255109E-17  1.50821498E-04
netwon/GMRES  18  51  4.87485681E-13  4.99253400E-17  1.50821498E-04
netwon/GMRES  19  51  4.58289706E-13  3.90167424E-17  1.50821498E-04
netwon/GMRES  20  51  4.40048001E-13  4.51499113E-17  1.50821498E-04
netwon/GMRES  21  51  4.16703529E-13  2.40401975E-17  1.50821498E-04
netwon/GMRES  22  51  3.94790654E-13  2.68052343E-17  1.50821498E-04
netwon/GMRES  23  51  3.72542248E-13  2.56442660E-17  1.50821498E-04
netwon/GMRES  24  51  3.52163278E-13  1.14469984E-17  1.50821498E-04
netwon/GMRES  25  51  3.33717821E-13  6.16122962E-17  1.50821498E-04
Update computed in 26 newton steps using 1273 function evaluations
Stepping:   5.00000000E-03
--residual--   0   0  1.30356967E-05
netwon/GMRES   1  48  1.58603322E-05  6.23947591E-08  1.33151902E-04
netwon/GMRES   2  51  5.61465306E-11  1.59212568E-10  1.34741854E-04
netwon/GMRES   3  51  6.64687391E-12  1.72924158E-15  1.34741833E-04
netwon/GMRES   4  51  4.08189705E-12  2.58350661E-16  1.34741833E-04
netwon/GMRES   5  51  3.85704170E-12  6.23732210E-17  1.34741833E-04
netwon/GMRES   6  51  3.78928682E-12  3.15611386E-17  1.34741833E-04
netwon/GMRES   7  51  3.75949756E-12  2.14241668E-17  1.34741833E-04
netwon/GMRES   8  51  3.73462513E-12  1.94851342E-17  1.34741833E-04
netwon/GMRES   9  51  3.70978514E-12  1.96032586E-17  1.34741833E-04
netwon/GMRES  10  51  3.68527666E-12  1.92072827E-17  1.34741833E-04
netwon/GMRES  11  51  3.66133629E-12  1.88758434E-17  1.34741833E-04
netwon/GMRES  12  51  9.04926640E-13  1.49709295E-16  1.34741833E-04
netwon/GMRES  13  51  2.43339536E-13  4.05074380E-17  1.34741833E-04
netwon/GMRES  14  51  8.78915725E-14  2.00472928E-17  1.34741833E-04
netwon/GMRES  15  51  4.17001064E-14  7.43554310E-18  1.34741833E-04
netwon/GMRES  16  51  2.99761068E-14  3.50437038E-18  1.34741833E-04
netwon/GMRES  17  51  2.28928222E-14  1.93605649E-18  1.34741833E-04
netwon/GMRES  18  51  1.80200947E-14  1.22564036E-18  1.34741833E-04
netwon/GMRES  19  51  1.46323520E-14  7.41619329E-19  1.34741833E-04
netwon/GMRES  20  51  1.18935831E-14  6.93076829E-19  1.34741833E-04
netwon/GMRES  21  51  9.73398447E-15  5.25785267E-19  1.34741833E-04
Update computed in 21 newton steps using 1069 function evaluations
Stepping:   5.00000000E-03
--residual--   0   0  1.24833623E-05
netwon/GMRES   1  48  1.48476317E-05  5.98799663E-08  1.19529081E-04
netwon/GMRES   2  51  4.78030425E-11  1.46485668E-10  1.20920510E-04
netwon/GMRES   3  51  8.70954074E-12  1.59138322E-15  1.20920494E-04
netwon/GMRES   4  51  5.56257510E-12  3.43068992E-16  1.20920495E-04
netwon/GMRES   5  51  4.27263265E-12  1.53686868E-16  1.20920495E-04
netwon/GMRES   6  51  3.41554010E-12  1.04327995E-16  1.20920495E-04
netwon/GMRES   7  51  2.91354869E-12  7.98213144E-17  1.20920495E-04
netwon/GMRES   8  51  2.51415226E-12  6.47950510E-17  1.20920495E-04
netwon/GMRES   9  51  2.16247361E-12  6.09175236E-17  1.20920495E-04
netwon/GMRES  10  51  1.86112849E-12  5.18906347E-17  1.20920495E-04
netwon/GMRES  11  51  1.59106468E-12  4.63588555E-17  1.20920495E-04
netwon/GMRES  12  51  1.14250719E-12  5.34599507E-17  1.20920495E-04
netwon/GMRES  13  51  8.37998359E-13  4.08810645E-17  1.20920495E-04
netwon/GMRES  14  51  6.30037763E-13  2.92584328E-17  1.20920495E-04
netwon/GMRES  15  51  4.78523695E-13  2.40824454E-17  1.20920495E-04
netwon/GMRES  16  51  3.69462083E-13  1.89366887E-17  1.20920495E-04
netwon/GMRES  17  51  2.70632675E-13  3.45145871E-17  1.20920495E-04
netwon/GMRES  18  51  2.03110882E-13  2.98570909E-17  1.20920495E-04
netwon/GMRES  19  51  1.52157187E-13  9.37274447E-18  1.20920495E-04
netwon/GMRES  20  51  1.17573716E-13  6.95017110E-18  1.20920495E-04
netwon/GMRES  21  51  8.73224260E-14  1.26191307E-17  1.20920495E-04
netwon/GMRES  22  51  6.77572440E-14  5.05252344E-18  1.20920495E-04
netwon/GMRES  23  51  5.02689547E-14  3.08544511E-18  1.20920495E-04
netwon/GMRES  24  51  3.78246386E-14  3.46081801E-18  1.20920495E-04
netwon/GMRES  25  51  2.53271233E-14  3.00832600E-18  1.20920495E-04
Update computed in 26 newton steps using 1273 function evaluations
Stepping:   5.00000000E-03
--residual--   0   0  1.19801360E-05
netwon/GMRES   1  48  1.39088996E-05  5.75730790E-08  1.07756406E-04
netwon/GMRES   2  51  4.37990585E-11  1.35305120E-10  1.08972317E-04
netwon/GMRES   3  51  1.31022930E-11  1.54320280E-15  1.08972306E-04
netwon/GMRES   4  51  1.03026790E-11  3.89576211E-16  1.08972307E-04
netwon/GMRES   5  51  8.29403887E-12  3.02671171E-16  1.08972306E-04
netwon/GMRES   6  51  6.87831737E-12  2.43086673E-16  1.08972307E-04
netwon/GMRES   7  51  5.64542714E-12  1.79899683E-16  1.08972307E-04
netwon/GMRES   8  51  4.63686839E-12  1.57023072E-16  1.08972307E-04
netwon/GMRES   9  51  3.78061916E-12  1.18791011E-16  1.08972307E-04
netwon/GMRES  10  51  3.15218727E-12  9.29290743E-17  1.08972307E-04
netwon/GMRES  11  51  2.45969636E-12  9.42160000E-17  1.08972307E-04
netwon/GMRES  12  51  2.03598460E-12  9.30557602E-17  1.08972307E-04
netwon/GMRES  13  51  1.97349273E-12  7.60744148E-17  1.08972307E-04
netwon/GMRES  14  51  1.94769040E-12  3.67623531E-17  1.08972307E-04
netwon/GMRES  15  51  1.92357514E-12  2.91562729E-17  1.08972307E-04
netwon/GMRES  16  51  1.87465192E-12  3.71394946E-17  1.08972307E-04
netwon/GMRES  17  51  1.83291104E-12  5.60145727E-17  1.08972307E-04
netwon/GMRES  18  51  1.79372712E-12  6.74743466E-17  1.08972307E-04
netwon/GMRES  19  51  1.76018838E-12  5.26320279E-17  1.08972307E-04
netwon/GMRES  20  51  1.69076375E-12  4.48884006E-17  1.08972307E-04
netwon/GMRES  21  51  1.59191426E-12  7.31883243E-17  1.08972307E-04
netwon/GMRES  22  51  1.55763938E-12  7.78203432E-17  1.08972307E-04
netwon/GMRES  23  51  1.52496628E-12  5.13515948E-17  1.08972307E-04
netwon/GMRES  24  51  1.47528048E-12  4.93908777E-17  1.08972307E-04
netwon/GMRES  25  51  1.44209801E-12  5.66614292E-17  1.08972307E-04
Update computed in 26 newton steps using 1273 function evaluations
Stepping:   5.00000000E-03
--residual--   0   0  1.15184831E-05
netwon/GMRES   1  49  1.30379685E-05  5.54451187E-08  9.75340455E-05
netwon/GMRES   2  51  4.57937663E-11  1.25385249E-10  9.85968755E-05
netwon/GMRES   3  51  2.23122483E-11  1.53385408E-15  9.85968693E-05
netwon/GMRES   4  51  2.13111251E-11  3.31475874E-16  9.85968694E-05
netwon/GMRES   5  51  2.10234459E-11  2.24963965E-16  9.85968691E-05
netwon/GMRES   6  51  2.07571422E-11  1.99293642E-16  9.85968693E-05
netwon/GMRES   7  51  2.03979368E-11  2.31247881E-16  9.85968694E-05
netwon/GMRES   8  51  2.01230724E-11  2.08633942E-16  9.85968696E-05
netwon/GMRES   9  51  1.98494896E-11  2.14593697E-16  9.85968694E-05
netwon/GMRES  10  51  1.94669203E-11  2.67156874E-16  9.85968699E-05
netwon/GMRES  11  51  1.92267964E-11  2.71602911E-16  9.85968689E-05
netwon/GMRES  12  51  2.54827459E-12  8.61144319E-16  9.85968690E-05
netwon/GMRES  13  51  5.04508846E-13  1.14532814E-16  9.85968690E-05
netwon/GMRES  14  51  3.64311405E-13  5.16726100E-17  9.85968691E-05
netwon/GMRES  15  51  2.87499279E-13  3.58586664E-17  9.85968691E-05
netwon/GMRES  16  51  2.23722875E-13  2.66478088E-17  9.85968691E-05
netwon/GMRES  17  51  1.80893774E-13  1.06230765E-17  9.85968691E-05
netwon/GMRES  18  51  1.45914384E-13  1.20198554E-17  9.85968691E-05
netwon/GMRES  19  51  1.05297834E-13  6.61089636E-18  9.85968691E-05
netwon/GMRES  20  51  7.79760331E-14  5.48386056E-18  9.85968691E-05
netwon/GMRES  21  51  6.10157158E-14  4.85121572E-18  9.85968691E-05
netwon/GMRES  22  51  4.79212118E-14  4.53257910E-18  9.85968691E-05
netwon/GMRES  23  51  3.84556459E-14  2.76597616E-18  9.85968691E-05
netwon/GMRES  24  51  3.14793740E-14  3.32076348E-18  9.85968691E-05
netwon/GMRES  25  51  2.60805422E-14  3.71939140E-18  9.85968691E-05
Update computed in 26 newton steps using 1274 function evaluations
Stepping:   5.00000000E-03
--residual--   0   0  1.10926203E-05
netwon/GMRES   1  50  1.22295117E-05  5.34733899E-08  8.86227123E-05
netwon/GMRES   2  51  4.65650006E-11  1.16508944E-10  8.95537570E-05
netwon/GMRES   3  51  3.26315313E-11  1.31199982E-15  8.95537533E-05
netwon/GMRES   4  51  2.49877726E-11  1.02409759E-15  8.95537540E-05
netwon/GMRES   5  51  2.03030427E-11  7.25114301E-16  8.95537519E-05
netwon/GMRES   6  51  1.47587077E-11  6.45358430E-16  8.95537531E-05
netwon/GMRES   7  51  1.15554736E-11  5.27203476E-16  8.95537515E-05
netwon/GMRES   8  51  7.88634146E-12  4.07871196E-16  8.95537517E-05
netwon/GMRES   9  51  5.58640055E-12  2.89748897E-16  8.95537517E-05
netwon/GMRES  10  51  4.46270817E-12  1.72282885E-16  8.95537516E-05
netwon/GMRES  11  51  3.61351336E-12  1.44386908E-16  8.95537516E-05
netwon/GMRES  12  51  2.46648413E-12  1.70633359E-16  8.95537516E-05
netwon/GMRES  13  51  1.79589973E-12  2.05709982E-16  8.95537516E-05
netwon/GMRES  14  51  1.39367003E-12  2.00167617E-16  8.95537516E-05
netwon/GMRES  15  51  1.10039069E-12  1.41508833E-16  8.95537516E-05
netwon/GMRES  16  51  8.89942144E-13  4.74337121E-17  8.95537516E-05
netwon/GMRES  17  51  7.13916714E-13  5.02177832E-17  8.95537516E-05
netwon/GMRES  18  51  5.78472805E-13  3.63933472E-17  8.95537516E-05
netwon/GMRES  19  51  4.53726097E-13  3.13295318E-17  8.95537516E-05
netwon/GMRES  20  51  3.73375399E-13  2.72450406E-17  8.95537516E-05
netwon/GMRES  21  51  2.96818110E-13  3.56875506E-17  8.95537516E-05
netwon/GMRES  22  51  2.46367549E-13  1.56578376E-17  8.95537516E-05
netwon/GMRES  23  51  1.80597715E-13  2.75621421E-17  8.95537516E-05
netwon/GMRES  24  51  1.37848780E-13  3.57681051E-17  8.95537516E-05
netwon/GMRES  25  51  8.21978815E-14  1.92458602E-17  8.95537516E-05
Update computed in 26 newton steps using 1275 function evaluations
Stepping:   5.00000000E-03
--residual--   0   0  1.06980197E-05
netwon/GMRES   1  50  1.14788120E-05  5.16397732E-08  8.08286985E-05
netwon/GMRES   2  51  1.07464195E-10  1.08511919E-10  8.16466067E-05
netwon/GMRES   3  51  8.22415225E-11  3.51599982E-15  8.16466074E-05
netwon/GMRES   4  51  6.10794154E-11  3.06143309E-15  8.16465954E-05
netwon/GMRES   5  51  4.84404014E-11  2.11688298E-15  8.16465983E-05
netwon/GMRES   6  51  2.70379476E-11  1.95811880E-15  8.16465976E-05
netwon/GMRES   7  51  1.67542765E-11  1.54853958E-15  8.16466028E-05
netwon/GMRES   8  51  1.22685922E-11  6.16294119E-16  8.16466033E-05
netwon/GMRES   9  51  8.80822369E-12  4.28104665E-16  8.16466032E-05
netwon/GMRES  10  51  6.86293941E-12  2.91480881E-16  8.16466036E-05
netwon/GMRES  11  51  5.34032342E-12  1.91788207E-16  8.16466036E-05
netwon/GMRES  12  51  4.30640170E-12  1.55722742E-16  8.16466037E-05
netwon/GMRES  13  51  3.94324808E-12  1.51044258E-16  8.16466040E-05
netwon/GMRES  14  51  3.67139104E-12  1.05133276E-16  8.16466039E-05
netwon/GMRES  15  51  3.51941700E-12  7.10168289E-17  8.16466040E-05
netwon/GMRES  16  51  3.37397290E-12  9.70891288E-17  8.16466039E-05
netwon/GMRES  17  51  3.24690385E-12  2.60922923E-16  8.16466041E-05
netwon/GMRES  18  51  3.14188392E-12  1.43504109E-16  8.16466040E-05
netwon/GMRES  19  51  3.05242263E-12  1.33343683E-16  8.16466040E-05
netwon/GMRES  20  51  2.95461854E-12  7.96642425E-17  8.16466039E-05
netwon/GMRES  21  51  2.87255671E-12  1.27326218E-16  8.16466041E-05
netwon/GMRES  22  51  2.76926516E-12  8.08803779E-17  8.16466039E-05
netwon/GMRES  23  51  2.68333894E-12  1.14725382E-16  8.16466041E-05
netwon/GMRES  24  51  2.59270857E-12  1.09087474E-16  8.16466040E-05
netwon/GMRES  25  51  2.51053640E-12  1.06370235E-16  8.16466042E-05
Update computed in 26 newton steps using 1275 function evaluations
Stepping:   5.00000000E-03
--residual--   0   0  1.03310572E-05
netwon/GMRES   1  51  1.07816089E-05  4.99294487E-08  7.39918244E-05
netwon/GMRES   2  51  3.59499294E-10  1.01265471E-10  7.47127007E-05
netwon/GMRES   3  51  2.63417341E-10  1.16259792E-14  7.47126921E-05
netwon/GMRES   4  51  2.38859594E-10  7.53729275E-15  7.47126928E-05
netwon/GMRES   5  51  2.21983615E-10  8.06057438E-15  7.47126884E-05
netwon/GMRES   6  51  2.14241874E-10  7.53200682E-15  7.47126942E-05
netwon/GMRES   7  51  2.09520190E-10  5.71473617E-15  7.47126887E-05
netwon/GMRES   8  51  2.04620824E-10  5.19797361E-15  7.47127001E-05
netwon/GMRES   9  51  1.86680699E-10  5.37698703E-15  7.47126935E-05
netwon/GMRES  10  51  1.65909775E-10  6.04229578E-15  7.47126917E-05
netwon/GMRES  11  51  1.58505624E-10  3.05467051E-15  7.47126927E-05
netwon/GMRES  12  51  8.82505583E-11  9.06886318E-15  7.47126879E-05
netwon/GMRES  13  51  4.56931227E-11  4.83813179E-15  7.47126905E-05
netwon/GMRES  14  51  2.53348981E-11  2.69209580E-15  7.47126893E-05
netwon/GMRES  15  51  1.33699885E-11  1.40657129E-15  7.47126889E-05
netwon/GMRES  16  51  7.37738883E-12  1.12744196E-15  7.47126897E-05
netwon/GMRES  17  51  4.01618851E-12  4.06054205E-16  7.47126896E-05
netwon/GMRES  18  51  2.74898063E-12  2.58910243E-16  7.47126897E-05
netwon/GMRES  19  51  2.18278881E-12  7.91869668E-17  7.47126896E-05
netwon/GMRES  20  51  1.83532234E-12  7.01428364E-17  7.47126898E-05
netwon/GMRES  21  51  1.56390476E-12  5.72603217E-17  7.47126898E-05
netwon/GMRES  22  51  1.37137898E-12  4.91049247E-17  7.47126898E-05
netwon/GMRES  23  51  1.20843852E-12  6.42592920E-17  7.47126898E-05
netwon/GMRES  24  51  1.05868046E-12  7.33305478E-17  7.47126898E-05
netwon/GMRES  25  51  9.27816319E-13  4.50939337E-17  7.47126898E-05
Update computed in 26 newton steps using 1276 function evaluations
Stepping:   5.00000000E-03
--residual--   0   0  9.98876799E-06
netwon/GMRES   1  51  1.01339984E-05  4.83300535E-08  6.79780480E-05
netwon/GMRES   2  51  8.05669079E-11  9.46692150E-11  6.86156732E-05
netwon/GMRES   3  51  3.03521516E-11  3.12187701E-15  6.86156722E-05
netwon/GMRES   4  51  2.51086273E-11  1.21723158E-15  6.86156712E-05
netwon/GMRES   5  51  2.08910830E-11  8.15269005E-16  6.86156714E-05
netwon/GMRES   6  51  1.83105431E-11  7.00464180E-16  6.86156718E-05
netwon/GMRES   7  51  1.55528291E-11  6.76880982E-16  6.86156721E-05
netwon/GMRES   8  51  1.36192404E-11  5.03785026E-16  6.86156723E-05
netwon/GMRES   9  51  1.12892972E-11  4.55163641E-16  6.86156721E-05
netwon/GMRES  10  51  9.61960179E-12  3.16817259E-16  6.86156721E-05
netwon/GMRES  11  51  8.51122169E-12  2.24496090E-16  6.86156721E-05
netwon/GMRES  12  51  5.02123276E-12  4.29654964E-16  6.86156723E-05
netwon/GMRES  13  51  4.63213256E-12  1.52580769E-16  6.86156722E-05
netwon/GMRES  14  51  4.41432645E-12  9.83911832E-17  6.86156723E-05
netwon/GMRES  15  51  4.24974605E-12  1.38278471E-16  6.86156723E-05
netwon/GMRES  16  51  4.09457658E-12  9.28700182E-17  6.86156723E-05
netwon/GMRES  17  51  3.99505388E-12  7.23719187E-17  6.86156723E-05
netwon/GMRES  18  51  3.87857273E-12  7.64062545E-17  6.86156723E-05
netwon/GMRES  19  51  3.75372330E-12  1.76729376E-16  6.86156724E-05
netwon/GMRES  20  51  3.63862483E-12  1.64907294E-16  6.86156723E-05
netwon/GMRES  21  51  3.55439814E-12  8.11080074E-17  6.86156724E-05
netwon/GMRES  22  51  3.45369808E-12  8.47023321E-17  6.86156724E-05
netwon/GMRES  23  51  3.38460076E-12  6.63326295E-17  6.86156724E-05
netwon/GMRES  24  51  3.26639456E-12  6.61556415E-17  6.86156724E-05
netwon/GMRES  25  51  3.16847122E-12  8.66227187E-17  6.86156724E-05
Update computed in 26 newton steps using 1276 function evaluations
Stepping:   5.00000000E-03
--residual--   0   0  9.66867929E-06
netwon/GMRES   1  50  9.53236888E-06  4.68310614E-08  6.26731713E-05
netwon/GMRES   2  51  4.23270484E-11  8.86386466E-11  6.32404325E-05
netwon/GMRES   3  51  1.98533325E-11  1.24332992E-15  6.32404299E-05
netwon/GMRES   4  51  1.18328936E-11  7.07636983E-16  6.32404313E-05
netwon/GMRES   5  51  8.78154059E-12  4.23070910E-16  6.32404305E-05
netwon/GMRES   6  51  7.75635005E-12  1.87346911E-16  6.32404308E-05
netwon/GMRES   7  51  7.44717026E-12  1.14733827E-16  6.32404308E-05
netwon/GMRES   8  51  7.24195840E-12  8.67226713E-17  6.32404307E-05
netwon/GMRES   9  51  7.07226214E-12  6.79465653E-17  6.32404307E-05
netwon/GMRES  10  51  6.87528541E-12  7.39154582E-17  6.32404307E-05
netwon/GMRES  11  51  6.68493097E-12  6.31050302E-17  6.32404307E-05
netwon/GMRES  12  51  2.03178646E-12  2.64739253E-16  6.32404310E-05
netwon/GMRES  13  51  6.27084400E-13  9.46393961E-17  6.32404309E-05
netwon/GMRES  14  51  2.32243763E-13  5.55133702E-17  6.32404309E-05
netwon/GMRES  15  51  8.06715977E-14  1.25663348E-17  6.32404309E-05
netwon/GMRES  16  51  4.61863173E-14  8.66385700E-18  6.32404309E-05
netwon/GMRES  17  51  2.81390089E-14  1.87643046E-18  6.32404309E-05
netwon/GMRES  18  51  2.10224617E-14  1.49390501E-18  6.32404309E-05
netwon/GMRES  19  51  1.57445964E-14  9.49545068E-19  6.32404309E-05
netwon/GMRES  20  51  1.18203798E-14  8.27190513E-19  6.32404309E-05
netwon/GMRES  21  51  9.01295577E-15  9.95195568E-19  6.32404309E-05
Update computed in 21 newton steps using 1071 function evaluations
Stepping:   1.00000000E-02
--residual--   0   0  1.87373867E-05
netwon/GMRES   1  51  6.87278004E-05  1.75944120E-07  2.12848960E-04
netwon/GMRES   2  51  4.62632617E-10  6.71024981E-10  2.15307838E-04
netwon/GMRES   3  51  1.75068973E-11  1.41698843E-14  2.15307764E-04
netwon/GMRES   4  51  1.30557416E-11  6.12203589E-16  2.15307765E-04
netwon/GMRES   5  51  1.23289233E-11  2.54458395E-16  2.15307764E-04
netwon/GMRES   6  51  1.18219674E-11  1.81985152E-16  2.15307765E-04
netwon/GMRES   7  51  1.13596640E-11  2.03670529E-16  2.15307766E-04
netwon/GMRES   8  51  1.09870095E-11  2.25655867E-16  2.15307765E-04
netwon/GMRES   9  51  1.06576324E-11  1.26349696E-16  2.15307765E-04
netwon/GMRES  10  51  1.03539314E-11  1.26905373E-16  2.15307765E-04
netwon/GMRES  11  51  1.00569453E-11  1.29101162E-16  2.15307765E-04
netwon/GMRES  12  51  1.76219059E-12  4.77846824E-16  2.15307765E-04
netwon/GMRES  13  51  5.02569572E-13  1.29505851E-16  2.15307765E-04
netwon/GMRES  14  51  2.04180214E-13  3.22697658E-17  2.15307765E-04
netwon/GMRES  15  51  9.38255721E-14  1.56394414E-17  2.15307765E-04
netwon/GMRES  16  51  4.40107313E-14  7.47676468E-18  2.15307765E-04
netwon/GMRES  17  51  2.24369003E-14  5.41361498E-18  2.15307765E-04
netwon/GMRES  18  51  9.93208891E-15  1.71631139E-18  2.15307765E-04
Update computed in 18 newton steps using 919 function evaluations
Stepping:   1.00000000E-02
--residual--   0   0  1.76055237E-05
netwon/GMRES   1  51  6.11209912E-05  1.66042988E-07  1.85353541E-04
netwon/GMRES   2  51  3.48016753E-10  5.89254655E-10  1.87621924E-04
netwon/GMRES   3  51  3.95460959E-11  1.14930531E-14  1.87621871E-04
netwon/GMRES   4  51  3.21740529E-11  1.24560191E-15  1.87621872E-04
netwon/GMRES   5  51  2.73459078E-11  1.02805628E-15  1.87621873E-04
netwon/GMRES   6  51  2.37509045E-11  9.01979307E-16  1.87621872E-04
netwon/GMRES   7  51  2.06363992E-11  5.93647360E-16  1.87621872E-04
netwon/GMRES   8  51  1.81805816E-11  6.05800282E-16  1.87621871E-04
netwon/GMRES   9  51  1.59429648E-11  4.15414771E-16  1.87621872E-04
netwon/GMRES  10  51  1.40980533E-11  4.17016274E-16  1.87621872E-04
netwon/GMRES  11  51  1.23459421E-11  3.72895189E-16  1.87621871E-04
netwon/GMRES  12  51  6.60523083E-12  5.68228275E-16  1.87621872E-04
netwon/GMRES  13  51  3.51303574E-12  3.36111075E-16  1.87621872E-04
netwon/GMRES  14  51  2.06188638E-12  2.69890733E-16  1.87621872E-04
netwon/GMRES  15  51  1.15252851E-12  1.33414609E-16  1.87621872E-04
