CONFIGURATION: Unrecognized option relative ignored for computing int_density
CONFIGURATION: Unrecognized option relative ignored for computing frank_density
CONFIGURATION: Unrecognized option relative ignored for computing perfect_density
CONFIGURATION: Unrecognized option relative ignored for computing faulted_density
CONFIGURATION: Unrecognized option relative ignored for computing void_density
NEWTON STEP: A step was accepted above threshold at   6.33323575E-14
NEWTON STEP: A step was accepted above threshold at   7.97049788E-14
NEWTON STEP: A step was accepted above threshold at   7.18120460E-13
NEWTON STEP: A step was accepted above threshold at   3.74124916E-13
NEWTON STEP: A step was accepted above threshold at   4.41235751E-13
NEWTON STEP: A step was accepted above threshold at   6.80562692E-14
NEWTON STEP: A step was accepted above threshold at   3.84360130E-13
NEWTON STEP: A step was accepted above threshold at   3.11765997E-13
NEWTON STEP: A step was rejected above threshold at   3.34126617E-09
NEWTON STEP: A step was accepted above threshold at   6.62476019E-13
NEWTON STEP: A step was accepted above threshold at   1.51509579E-12
NEWTON STEP: A step was accepted above threshold at   2.08291746E-12
NEWTON STEP: A step was accepted above threshold at   4.35851846E-12
NEWTON STEP: A step was rejected above threshold at   3.96972721E-09
NEWTON STEP: A step was accepted above threshold at   3.06234547E-12
NEWTON STEP: A step was accepted above threshold at   4.66325739E-12
NEWTON STEP: A step was accepted above threshold at   2.65520673E-11
NEWTON STEP: A step was accepted above threshold at   2.36286891E-11
NEWTON STEP: A step was rejected above threshold at   3.91892855E-09
NEWTON STEP: A step was accepted above threshold at   5.31910896E-11
NEWTON STEP: A step was accepted above threshold at   1.54546177E-10
NEWTON STEP: A step was accepted above threshold at   3.11836629E-10
NEWTON STEP: A step was accepted above threshold at   5.21460337E-10
NEWTON STEP: A step was rejected above threshold at   3.26363426E-09
NEWTON STEP: A step was accepted above threshold at   6.47019399E-10
NEWTON STEP: A step was rejected above threshold at   1.02036877E-09
NEWTON STEP: A step was accepted above threshold at   5.46941003E-10
NEWTON STEP: A step was accepted above threshold at   7.84993312E-10
NEWTON STEP: A step was rejected above threshold at   2.61943010E-09
NEWTON STEP: A step was accepted above threshold at   4.50152553E-10
NEWTON STEP: A step was accepted above threshold at   9.68944165E-10
NEWTON STEP: A step was accepted above threshold at   4.69576959E-10
NEWTON STEP: A step was accepted above threshold at   1.82585359E-10
NEWTON STEP: A step was rejected above threshold at   1.81166119E-09
NEWTON STEP: A step was accepted above threshold at   9.52907708E-13
NEWTON STEP: A step was accepted above threshold at   1.77225156E-12
NEWTON STEP: A step was accepted above threshold at   1.07987989E-12
NEWTON STEP: A step was rejected above threshold at   1.93444090E-09
NEWTON STEP: A step was accepted above threshold at   1.81106833E-13
NEWTON STEP: A step was accepted above threshold at   2.13946756E-14
NEWTON STEP: A step was accepted above threshold at   5.51686633E-14
NEWTON STEP: A step was accepted above threshold at   6.83565121E-13
NEWTON STEP: A step was rejected above threshold at   2.58700261E-09
NEWTON STEP: A step was accepted above threshold at   3.08834278E-13
NEWTON STEP: A step was accepted above threshold at   1.52272032E-12
NEWTON STEP: A step was accepted above threshold at   2.04750639E-12
NEWTON STEP: A step was accepted above threshold at   1.53748779E-12
NEWTON STEP: A step was rejected above threshold at   1.46627324E-08
NEWTON STEP: A step was accepted above threshold at   1.02250664E-13
NEWTON STEP: A step was accepted above threshold at   6.46444971E-13
NEWTON STEP: A step was accepted above threshold at   1.12570080E-12
NEWTON STEP: A step was accepted above threshold at   1.01612861E-13
NEWTON STEP: A step was rejected above threshold at   1.38351778E-08
NEWTON STEP: A step was accepted above threshold at   2.95303821E-13
NEWTON STEP: A step was accepted above threshold at   2.60991247E-13
NEWTON STEP: A step was accepted above threshold at   6.81256393E-14
NEWTON STEP: A step was accepted above threshold at   5.42320102E-14
NEWTON STEP: A step was rejected above threshold at   2.80781151E-09
NEWTON STEP: A step was accepted above threshold at   1.46894122E-13
NEWTON STEP: A step was accepted above threshold at   1.46750890E-14
NEWTON STEP: A step was accepted above threshold at   9.16954515E-10
NEWTON STEP: A step was accepted above threshold at   7.00919896E-10
NEWTON STEP: A step was rejected above threshold at   4.19513529E-09
NEWTON STEP: A step was accepted above threshold at   3.97485807E-10
NEWTON STEP: A step was accepted above threshold at   2.72692645E-10
NEWTON STEP: A step was accepted above threshold at   8.88652572E-10
NEWTON STEP: A step was accepted above threshold at   4.11043556E-10
NEWTON STEP: A step was accepted above threshold at   1.31266012E-10
NEWTON STEP: A step was accepted above threshold at   9.32779204E-12
NEWTON STEP: A step was accepted above threshold at   6.85536382E-13
NEWTON STEP: A step was accepted above threshold at   3.77078768E-13
NEWTON STEP: A step was accepted above threshold at   7.21889888E-14
NEWTON STEP: A step was accepted above threshold at   1.86494399E-13
NEWTON STEP: A step was accepted above threshold at   3.25723971E-13
NEWTON STEP: A step was accepted above threshold at   1.50222781E-13
NEWTON STEP: A step was accepted above threshold at   1.10568928E-12
NEWTON STEP: A step was accepted above threshold at   1.47842735E-12
NEWTON STEP: A step was accepted above threshold at   1.70705095E-11
NEWTON STEP: A step was accepted above threshold at   1.39925313E-11
NEWTON STEP: A step was accepted above threshold at   2.18099023E-10
NEWTON STEP: A step was rejected above threshold at   1.50471393E-09
NEWTON STEP: A step was rejected above threshold at   1.39242830E-08
NEWTON STEP: A step was rejected above threshold at   1.48132910E-09
NEWTON STEP: A step was rejected above threshold at   1.43101152E-09
NEWTON STEP: A step was rejected above threshold at   1.43908407E-09
NEWTON STEP: A step was rejected above threshold at   1.26502734E-09
NEWTON STEP: A step was accepted above threshold at   9.58068957E-10
NEWTON STEP: A step was rejected above threshold at   1.61742545E-09
NEWTON STEP: A step was accepted above threshold at   8.25872298E-10
NEWTON STEP: A step was rejected above threshold at   1.44487079E-09
NEWTON STEP: A step was accepted above threshold at   7.09496288E-10
NEWTON STEP: A step was rejected above threshold at   1.10974587E-09
NEWTON STEP: A step was accepted above threshold at   4.85963415E-10
NEWTON STEP: A step was accepted above threshold at   9.54032672E-10
NEWTON STEP: A step was rejected above threshold at   8.60335274E-09
NEWTON STEP: A step was rejected above threshold at   1.02161098E-09
NEWTON STEP: A step was accepted above threshold at   3.23132494E-10
NEWTON STEP: A step was accepted above threshold at   6.34120689E-10
NEWTON STEP: A step was rejected above threshold at   4.26963855E-09
NEWTON STEP: A step was accepted above threshold at   8.90308801E-10
NEWTON STEP: A step was accepted above threshold at   8.89336351E-10
NEWTON STEP: A step was rejected above threshold at   3.99782751E-09
NEWTON STEP: A step was accepted above threshold at   9.25111855E-10
NEWTON STEP: A step was accepted above threshold at   9.47588786E-10
NEWTON STEP: A step was rejected above threshold at   4.63467218E-09
NEWTON STEP: A step was accepted above threshold at   8.87897465E-10
NEWTON STEP: A step was accepted above threshold at   9.41957513E-10
NEWTON STEP: A step was rejected above threshold at   2.94047162E-09
NEWTON STEP: A step was accepted above threshold at   8.93592755E-10
NEWTON STEP: A step was accepted above threshold at   8.69772205E-10
NEWTON STEP: A step was rejected above threshold at   2.24577867E-09
NEWTON STEP: A step was accepted above threshold at   8.19258789E-10
NEWTON STEP: A step was accepted above threshold at   7.80355552E-10
NEWTON STEP: A step was rejected above threshold at   1.63315748E-09
NEWTON STEP: A step was accepted above threshold at   7.39496279E-10
NEWTON STEP: A step was accepted above threshold at   7.26571561E-10
NEWTON STEP: A step was rejected above threshold at   2.09701705E-09
NEWTON STEP: A step was accepted above threshold at   6.90805602E-10
NEWTON STEP: A step was accepted above threshold at   6.54108479E-10
NEWTON STEP: A step was rejected above threshold at   1.36131763E-09
NEWTON STEP: A step was accepted above threshold at   6.20550027E-10
NEWTON STEP: A step was accepted above threshold at   6.08477042E-10
NEWTON STEP: A step was rejected above threshold at   1.62853473E-09
NEWTON STEP: A step was accepted above threshold at   5.91898279E-10
NEWTON STEP: A step was accepted above threshold at   5.91238673E-10
NEWTON STEP: A step was rejected above threshold at   1.69492345E-09
NEWTON STEP: A step was accepted above threshold at   5.31884860E-10
NEWTON STEP: A step was accepted above threshold at   5.25085145E-10
NEWTON STEP: A step was rejected above threshold at   1.33424530E-09
NEWTON STEP: A step was accepted above threshold at   4.64464810E-10
NEWTON STEP: A step was accepted above threshold at   4.71697486E-10
NEWTON STEP: A step was rejected above threshold at   2.53879172E-09
NEWTON STEP: A step was accepted above threshold at   4.41589805E-10
NEWTON STEP: A step was accepted above threshold at   4.69289706E-10
NEWTON STEP: A step was rejected above threshold at   3.01521929E-09
NEWTON STEP: A step was accepted above threshold at   4.82276048E-10
NEWTON STEP: A step was accepted above threshold at   4.88503520E-10
NEWTON STEP: A step was rejected above threshold at   2.58605084E-09
NEWTON STEP: A step was accepted above threshold at   4.94124726E-10
NEWTON STEP: A step was accepted above threshold at   5.03460165E-10
NEWTON STEP: A step was rejected above threshold at   2.90261630E-09
NEWTON STEP: A step was accepted above threshold at   3.63956798E-10
NEWTON STEP: A step was accepted above threshold at   4.60969752E-10
NEWTON STEP: A step was rejected above threshold at   3.15049351E-09
NEWTON STEP: A step was accepted above threshold at   3.00567393E-10
NEWTON STEP: A step was accepted above threshold at   3.29718590E-10
NEWTON STEP: A step was rejected above threshold at   4.63239814E-09
NEWTON STEP: A step was accepted above threshold at   2.48534874E-10
NEWTON STEP: A step was accepted above threshold at   1.62120381E-10
NEWTON STEP: A step was rejected above threshold at   5.53679749E-09
NEWTON STEP: A step was accepted above threshold at   1.34416738E-10
NEWTON STEP: A step was accepted above threshold at   9.69242941E-11
NEWTON STEP: A step was rejected above threshold at   6.38817131E-09
NEWTON STEP: A step was accepted above threshold at   5.71373911E-11
NEWTON STEP: A step was accepted above threshold at   3.98370861E-11
NEWTON STEP: A step was rejected above threshold at   6.72042944E-09
NEWTON STEP: A step was accepted above threshold at   2.44433749E-11
NEWTON STEP: A step was accepted above threshold at   1.62904687E-11
NEWTON STEP: A step was rejected above threshold at   6.61886945E-09
NEWTON STEP: A step was accepted above threshold at   1.15174790E-11
NEWTON STEP: A step was accepted above threshold at   8.40357336E-12
NEWTON STEP: A step was rejected above threshold at   6.28561352E-09
NEWTON STEP: A step was accepted above threshold at   6.15239429E-12
NEWTON STEP: A step was accepted above threshold at   4.78100881E-12
NEWTON STEP: A step was rejected above threshold at   6.27859099E-09
NEWTON STEP: A step was accepted above threshold at   4.19100701E-12
NEWTON STEP: A step was accepted above threshold at   3.67302916E-12
NEWTON STEP: A step was rejected above threshold at   5.92935845E-09
NEWTON STEP: A step was accepted above threshold at   2.94473909E-12
NEWTON STEP: A step was accepted above threshold at   2.86089167E-12
NEWTON STEP: A step was rejected above threshold at   5.38987010E-09
NEWTON STEP: A step was accepted above threshold at   2.20948987E-12
NEWTON STEP: A step was accepted above threshold at   2.19043870E-12
NEWTON STEP: A step was rejected above threshold at   5.10940471E-09
NEWTON STEP: A step was accepted above threshold at   2.07692533E-12
NEWTON STEP: A step was accepted above threshold at   1.70303932E-12
NEWTON STEP: A step was rejected above threshold at   4.75778797E-09
NEWTON STEP: A step was accepted above threshold at   1.70132035E-12
NEWTON STEP: A step was accepted above threshold at   1.51727828E-12
NEWTON STEP: A step was rejected above threshold at   4.45583009E-09
NEWTON STEP: A step was accepted above threshold at   1.41571445E-12
NEWTON STEP: A step was accepted above threshold at   1.31629357E-12
NEWTON STEP: A step was rejected above threshold at   4.14802108E-09
NEWTON STEP: A step was accepted above threshold at   1.18367965E-12
NEWTON STEP: A step was accepted above threshold at   1.15834860E-12
NEWTON STEP: A step was rejected above threshold at   3.94815674E-09
NEWTON STEP: A step was accepted above threshold at   1.11524286E-12
NEWTON STEP: A step was accepted above threshold at   1.00198813E-12
NEWTON STEP: A step was rejected above threshold at   3.72145639E-09
NEWTON STEP: A step was accepted above threshold at   9.29162183E-13
NEWTON STEP: A step was accepted above threshold at   8.98914984E-13
NEWTON STEP: A step was rejected above threshold at   3.50442006E-09
NEWTON STEP: A step was accepted above threshold at   7.87730798E-13
NEWTON STEP: A step was accepted above threshold at   8.11367631E-13
NEWTON STEP: A step was rejected above threshold at   3.09561248E-09
NEWTON STEP: A step was accepted above threshold at   7.64654102E-13
NEWTON STEP: A step was accepted above threshold at   6.87455930E-13
NEWTON STEP: A step was rejected above threshold at   2.39190136E-09
NEWTON STEP: A step was accepted above threshold at   5.03409224E-13
NEWTON STEP: A step was accepted above threshold at   5.51413673E-13
NEWTON STEP: A step was rejected above threshold at   1.76445485E-09
NEWTON STEP: A step was accepted above threshold at   6.25637114E-13
NEWTON STEP: A step was accepted above threshold at   5.55359276E-13
NEWTON STEP: A step was rejected above threshold at   1.59914027E-09
NEWTON STEP: A step was accepted above threshold at   5.36809226E-13
NEWTON STEP: A step was accepted above threshold at   5.31647421E-13
NEWTON STEP: A step was rejected above threshold at   1.19192517E-09
NEWTON STEP: A step was accepted above threshold at   5.12723946E-13
NEWTON STEP: A step was accepted above threshold at   5.19586702E-13
NEWTON STEP: A step was rejected above threshold at   1.02464808E-09
NEWTON STEP: A step was accepted above threshold at   4.75848298E-13
NEWTON STEP: A step was accepted above threshold at   3.95749680E-13
NEWTON STEP: A step was rejected above threshold at   1.02908304E-09
NEWTON STEP: A step was accepted above threshold at   5.11046293E-13
NEWTON STEP: A step was accepted above threshold at   4.62569058E-13
NEWTON STEP: A step was accepted above threshold at   7.90855502E-10
NEWTON STEP: A step was rejected above threshold at   2.11477608E-08
NEWTON STEP: A step was rejected above threshold at   1.30021402E-09
NEWTON STEP: A step was accepted above threshold at   3.77164932E-13
NEWTON STEP: A step was accepted above threshold at   4.09510003E-13
NEWTON STEP: A step was accepted above threshold at   9.48499172E-10
NEWTON STEP: A step was rejected above threshold at   1.96559304E-08
NEWTON STEP: A step was accepted above threshold at   8.07875358E-10
NEWTON STEP: A step was rejected above threshold at   1.09918274E-09
NEWTON STEP: A step was accepted above threshold at   1.45469765E-12
NEWTON STEP: A step was accepted above threshold at   7.40868491E-13
NEWTON STEP: A step was accepted above threshold at   6.43228864E-10
NEWTON STEP: A step was accepted above threshold at   9.85203511E-10
NEWTON STEP: A step was rejected above threshold at   1.01295529E-08
NEWTON STEP: A step was rejected above threshold at   1.33312966E-09
NEWTON STEP: A step was accepted above threshold at   3.95739434E-13
NEWTON STEP: A step was accepted above threshold at   4.56716744E-13
NEWTON STEP: A step was accepted above threshold at   5.06869515E-10
NEWTON STEP: A step was rejected above threshold at   1.32319597E-08
NEWTON STEP: A step was accepted above threshold at   6.97997461E-10
NEWTON STEP: A step was accepted above threshold at   8.29361182E-10
NEWTON STEP: A step was rejected above threshold at   1.33296677E-08
NEWTON STEP: A step was rejected above threshold at   1.02272652E-09
NEWTON STEP: A step was accepted above threshold at   9.16760518E-13
NEWTON STEP: A step was accepted above threshold at   5.55696695E-13
NEWTON STEP: A step was accepted above threshold at   3.77017760E-10
NEWTON STEP: A step was rejected above threshold at   1.28216294E-08
NEWTON STEP: A step was accepted above threshold at   5.87681209E-10
NEWTON STEP: A step was accepted above threshold at   7.78316000E-10
NEWTON STEP: A step was rejected above threshold at   1.03796037E-08
NEWTON STEP: A step was accepted above threshold at   7.18122936E-10
NEWTON STEP: A step was accepted above threshold at   7.96607180E-10
NEWTON STEP: A step was rejected above threshold at   1.84505801E-09
NEWTON STEP: A step was accepted above threshold at   5.56461437E-10
NEWTON STEP: A step was accepted above threshold at   4.40973128E-10
NEWTON STEP: A step was accepted above threshold at   2.64573960E-11
NEWTON STEP: A step was accepted above threshold at   1.32218808E-10
NEWTON STEP: A step was accepted above threshold at   2.37567655E-11
NEWTON STEP: A step was accepted above threshold at   2.09350472E-12
NEWTON STEP: A step was accepted above threshold at   4.73780288E-10
NEWTON STEP: A step was accepted above threshold at   1.38809960E-13
NEWTON STEP: A step was accepted above threshold at   1.17709855E-10
NEWTON STEP: A step was accepted above threshold at   6.79497616E-14
NEWTON STEP: A step was accepted above threshold at   4.65412561E-12
NEWTON STEP: A step was accepted above threshold at   2.68070000E-13
NEWTON STEP: A step was accepted above threshold at   2.64055085E-10
NEWTON STEP: A step was accepted above threshold at   3.73579211E-13
NEWTON STEP: A step was accepted above threshold at   4.91656806E-13
NEWTON STEP: A step was accepted above threshold at   2.00949857E-11
NEWTON STEP: A step was accepted above threshold at   1.05823438E-13
NEWTON STEP: A step was accepted above threshold at   2.62855335E-14
NEWTON STEP: A step was accepted above threshold at   6.55860963E-14
