CONFIGURATION: Unrecognized option relative ignored for computing int_density
CONFIGURATION: Unrecognized option relative ignored for computing frank_density
CONFIGURATION: Unrecognized option relative ignored for computing perfect_density
CONFIGURATION: Unrecognized option relative ignored for computing faulted_density
CONFIGURATION: Unrecognized option relative ignored for computing void_density
NEWTON STEP: A step was accepted above threshold at   1.42650454E-13
NEWTON STEP: A step was accepted above threshold at   8.21066114E-14
NEWTON STEP: A step was accepted above threshold at   1.38650999E-13
NEWTON STEP: A step was accepted above threshold at   6.05115142E-14
NEWTON STEP: A step was accepted above threshold at   1.06717813E-14
NEWTON STEP: A step was accepted above threshold at   2.16202280E-14
NEWTON STEP: A step was accepted above threshold at   8.62049644E-14
NEWTON STEP: A step was accepted above threshold at   1.62809862E-13
NEWTON STEP: A step was rejected above threshold at   1.05237633E-09
NEWTON STEP: A step was accepted above threshold at   3.06506211E-14
NEWTON STEP: A step was accepted above threshold at   6.17162464E-13
NEWTON STEP: A step was accepted above threshold at   2.01244521E-11
NEWTON STEP: A step was accepted above threshold at   3.79424782E-11
NEWTON STEP: A step was rejected above threshold at   2.44344786E-09
NEWTON STEP: A step was accepted above threshold at   2.83088992E-11
NEWTON STEP: A step was accepted above threshold at   2.75672429E-11
NEWTON STEP: A step was accepted above threshold at   2.94827618E-11
NEWTON STEP: A step was accepted above threshold at   1.45893556E-11
NEWTON STEP: A step was rejected above threshold at   6.38432009E-09
NEWTON STEP: A step was accepted above threshold at   6.13915875E-12
NEWTON STEP: A step was accepted above threshold at   1.07736180E-12
NEWTON STEP: A step was accepted above threshold at   8.42570033E-13
NEWTON STEP: A step was accepted above threshold at   5.10343967E-13
NEWTON STEP: A step was rejected above threshold at   8.35537470E-09
NEWTON STEP: A step was accepted above threshold at   4.72456688E-13
NEWTON STEP: A step was accepted above threshold at   2.73275297E-14
NEWTON STEP: A step was accepted above threshold at   1.56962025E-13
NEWTON STEP: A step was accepted above threshold at   6.79479806E-10
NEWTON STEP: A step was accepted above threshold at   4.44608396E-10
NEWTON STEP: A step was accepted above threshold at   5.68086688E-10
NEWTON STEP: A step was accepted above threshold at   6.69333753E-11
NEWTON STEP: A step was accepted above threshold at   5.48726110E-11
NEWTON STEP: A step was accepted above threshold at   4.58787380E-11
NEWTON STEP: A step was accepted above threshold at   4.62845124E-11
NEWTON STEP: A step was accepted above threshold at   5.11871590E-11
NEWTON STEP: A step was accepted above threshold at   5.54834574E-11
NEWTON STEP: A step was accepted above threshold at   5.00889749E-11
NEWTON STEP: A step was accepted above threshold at   1.21259540E-13
NEWTON STEP: A step was accepted above threshold at   1.96082364E-13
NEWTON STEP: A step was accepted above threshold at   4.26699379E-11
NEWTON STEP: A step was accepted above threshold at   8.71051242E-11
NEWTON STEP: A step was rejected above threshold at   3.57918086E-09
NEWTON STEP: A step was rejected above threshold at   6.53004404E-09
NEWTON STEP: A step was accepted above threshold at   2.86396054E-11
NEWTON STEP: A step was accepted above threshold at   1.15094327E-10
NEWTON STEP: A step was accepted above threshold at   1.49886608E-12
NEWTON STEP: A step was accepted above threshold at   5.23412247E-12
NEWTON STEP: A step was accepted above threshold at   7.06456214E-12
NEWTON STEP: A step was accepted above threshold at   4.29151757E-12
NEWTON STEP: A step was accepted above threshold at   2.41994875E-12
NEWTON STEP: A step was accepted above threshold at   4.88772625E-14
NEWTON STEP: A step was accepted above threshold at   7.72668556E-13
NEWTON STEP: A step was accepted above threshold at   1.25797956E-12
NEWTON STEP: A step was accepted above threshold at   1.39741310E-11
NEWTON STEP: A step was accepted above threshold at   1.91580995E-10
NEWTON STEP: A step was accepted above threshold at   4.76253580E-11
NEWTON STEP: A step was accepted above threshold at   1.21277066E-12
NEWTON STEP: A step was accepted above threshold at   2.45268334E-14
NEWTON STEP: A step was accepted above threshold at   1.37770395E-14
NEWTON STEP: A step was accepted above threshold at   4.08163431E-14
NEWTON STEP: A step was accepted above threshold at   2.55144051E-12
NEWTON STEP: A step was rejected above threshold at   1.24487354E-05
NEWTON STEP: A step was rejected above threshold at   6.22436768E-06
NEWTON STEP: A step was rejected above threshold at   3.11218384E-06
NEWTON STEP: A step was rejected above threshold at   6.22436768E-07
NEWTON STEP: A step was rejected above threshold at   3.11218384E-07
NEWTON STEP: A step was rejected above threshold at   6.22436768E-08
NEWTON STEP: A step was rejected above threshold at   3.11218384E-08
NEWTON STEP: A step was rejected above threshold at   6.22436768E-09
NEWTON STEP: A step was rejected above threshold at   3.11218384E-09
NEWTON STEP: A step was accepted above threshold at   6.22436768E-10
NEWTON STEP: A step was rejected above threshold at   8.49014150E-05
NEWTON STEP: A step was rejected above threshold at   4.24507075E-05
NEWTON STEP: A step was rejected above threshold at   8.49014150E-06
NEWTON STEP: A step was rejected above threshold at   4.24507075E-06
NEWTON STEP: A step was rejected above threshold at   8.49014150E-07
NEWTON STEP: A step was rejected above threshold at   4.24507075E-07
NEWTON STEP: A step was rejected above threshold at   8.49014150E-08
NEWTON STEP: A step was rejected above threshold at   4.24507075E-08
NEWTON STEP: A step was rejected above threshold at   8.49014150E-09
NEWTON STEP: A step was rejected above threshold at   4.24507075E-09
NEWTON STEP: A step was accepted above threshold at   8.49014150E-10
NEWTON STEP: A step was accepted above threshold at   8.49014150E-10
NEWTON STEP: A step was rejected above threshold at   4.24507075E-08
NEWTON STEP: A step was rejected above threshold at   8.49014150E-09
NEWTON STEP: A step was rejected above threshold at   4.24507075E-09
NEWTON STEP: A step was accepted above threshold at   8.49014150E-10
NEWTON STEP: A step was rejected above threshold at   8.49014150E-06
NEWTON STEP: A step was rejected above threshold at   4.24507075E-06
NEWTON STEP: A step was rejected above threshold at   8.49014150E-07
NEWTON STEP: A step was rejected above threshold at   4.24507075E-07
NEWTON STEP: A step was rejected above threshold at   8.49014150E-08
NEWTON STEP: A step was rejected above threshold at   4.24507075E-08
NEWTON STEP: A step was rejected above threshold at   8.49014150E-09
NEWTON STEP: A step was rejected above threshold at   4.24507075E-09
NEWTON STEP: A step was accepted above threshold at   8.49014150E-10
NEWTON STEP: A step was accepted above threshold at   8.49014150E-10
NEWTON STEP: A step was rejected above threshold at   1.69802830E-09
NEWTON STEP: A step was accepted above threshold at   8.49014150E-10
NEWTON STEP: A step was rejected above threshold at   3.20730960E+00
NEWTON STEP: A step was rejected above threshold at   4.62594919E-07
NEWTON STEP: A step was rejected above threshold at   1.03692926E-04
NEWTON STEP: A step was accepted above threshold at   2.50373537E-13
NEWTON STEP: A step was rejected above threshold at   9.21255262E-09
NEWTON STEP: A step was rejected above threshold at   3.66881894E-07
NEWTON STEP: A step was accepted above threshold at   8.10463006E-13
NEWTON STEP: A step was accepted above threshold at   2.86577032E-10
NEWTON STEP: A step was accepted above threshold at   3.05248126E-14
NEWTON STEP: A step was accepted above threshold at   6.90230410E-14
NEWTON STEP: A step was accepted above threshold at   2.08772298E-14
NEWTON STEP: A step was accepted above threshold at   2.56048048E-14
NEWTON STEP: A step was accepted above threshold at   1.36919855E-14
NEWTON STEP: A step was accepted above threshold at   6.82978808E-10
NEWTON STEP: A step was accepted above threshold at   6.17036688E-10
NEWTON STEP: A step was accepted above threshold at   5.14640317E-10
NEWTON STEP: A step was accepted above threshold at   4.97215517E-10
NEWTON STEP: A step was rejected above threshold at   1.10666202E-09
NEWTON STEP: A step was accepted above threshold at   1.81566553E-12
NEWTON STEP: A step was accepted above threshold at   1.09292218E-11
NEWTON STEP: A step was accepted above threshold at   1.13857761E-12
NEWTON STEP: A step was accepted above threshold at   6.73959392E-13
NEWTON STEP: A step was rejected above threshold at   2.08385793E-09
NEWTON STEP: A step was accepted above threshold at   1.42642972E-13
NEWTON STEP: A step was accepted above threshold at   3.32362610E-13
NEWTON STEP: A step was accepted above threshold at   1.05313185E-13
NEWTON STEP: A step was accepted above threshold at   1.56787627E-13
NEWTON STEP: A step was rejected above threshold at   3.15162784E-09
NEWTON STEP: A step was accepted above threshold at   9.99593823E-14
NEWTON STEP: A step was accepted above threshold at   1.02253149E-13
NEWTON STEP: A step was accepted above threshold at   3.39987323E-14
NEWTON STEP: A step was accepted above threshold at   2.56500254E-10
NEWTON STEP: A step was accepted above threshold at   1.63019742E-10
NEWTON STEP: A step was accepted above threshold at   2.15483681E-10
NEWTON STEP: A step was accepted above threshold at   3.12001264E-11
NEWTON STEP: A step was accepted above threshold at   2.44817402E-11
NEWTON STEP: A step was accepted above threshold at   2.17235518E-11
NEWTON STEP: A step was accepted above threshold at   1.77098693E-14
NEWTON STEP: A step was accepted above threshold at   2.23195611E-14
NEWTON STEP: A step was accepted above threshold at   6.45266812E-14
NEWTON STEP: A step was accepted above threshold at   2.06000015E-11
NEWTON STEP: A step was accepted above threshold at   2.34380567E-10
NEWTON STEP: A step was rejected above threshold at   1.17590313E-09
NEWTON STEP: A step was rejected above threshold at   1.75017534E-09
NEWTON STEP: A step was accepted above threshold at   1.60668710E-11
NEWTON STEP: A step was accepted above threshold at   3.96190114E-11
NEWTON STEP: A step was accepted above threshold at   8.61600911E-13
NEWTON STEP: A step was accepted above threshold at   1.61044024E-12
NEWTON STEP: A step was accepted above threshold at   2.17818704E-12
NEWTON STEP: A step was accepted above threshold at   2.50664677E-14
NEWTON STEP: A step was accepted above threshold at   6.10281889E-13
NEWTON STEP: A step was accepted above threshold at   5.18269593E-14
NEWTON STEP: A step was accepted above threshold at   8.37577084E-13
NEWTON STEP: A step was accepted above threshold at   6.40490134E-13
NEWTON STEP: A step was accepted above threshold at   5.41861743E-12
NEWTON STEP: A step was accepted above threshold at   3.55067502E-11
NEWTON STEP: A step was accepted above threshold at   1.87476166E-10
NEWTON STEP: A step was accepted above threshold at   6.07905695E-13
NEWTON STEP: A step was accepted above threshold at   4.90716707E-14
