Initializing...
==> Cluster identification................     0.001
    --> Domain assignment ..............     0.002
    --> Equation construction ..........     0.000
    --> Equation ordering ..............     0.052
    --> Equation mapping ...............     0.003
    --> Source association .............     0.081
    --> Anchoring ......................     0.001
==> Cluster list build ...................     0.139
    --> Products .......................     0.986
    --> Reactions ......................     0.755
    --> Leaks ..........................     0.017
    --> Emissions ......................     0.165
    --> Transforms .....................     0.001
    --> Sinks ..........................     0.000
    --> Scale Factors ..................     0.001
==> Kinetics reconstruction ..............     1.925
    --> Reaction Block .................     0.014
    --> Stamp ..........................     0.002
    --> Jacobian .......................     0.027
==> Matrix construction ..................     0.043
Total time elapsed:      2.109
    clusters     :   401
    equations    :   413
    3d reactions : 84555
    1d reactions : 0
    3d leaks     : 0
    1d leaks     : 0
    3d emissions : 600
    1d emissions : 0
  Preconditioner : 252079
Axis 01 upper boundary enchroachment detected
Expanded from 1000 to 6000
Resizing...
==> Cluster identification................     0.001
    --> Domain assignment ..............     0.002
    --> Equation construction ..........     0.000
    --> Equation ordering ..............     0.040
    --> Equation mapping ...............     0.004
    --> Source association .............     0.082
    --> Anchoring ......................     0.000
==> Cluster list build ...................     0.128
    --> Products .......................     1.508
    --> Reactions ......................     1.620
    --> Leaks ..........................     0.018
    --> Emissions ......................     0.172
    --> Transforms .....................     0.001
    --> Sinks ..........................     0.000
    --> Scale Factors ..................     0.001
==> Kinetics reconstruction ..............     3.320
    --> Reaction Block .................     0.019
    --> Stamp ..........................     0.002
    --> Jacobian .......................     0.030
==> Matrix construction ..................     0.051
Total time elapsed:      3.501
    clusters     :    419
    equations    :    449
    3d reactions : 101151
    1d reactions : 0
    3d leaks     : 0
    1d leaks     : 0
    3d emissions : 600
    1d emissions : 0
  Preconditioner : 269647
Axis 01 upper boundary enchroachment detected
Expanded from 6000 to 36000
Resizing...
==> Cluster identification................     0.001
    --> Domain assignment ..............     0.001
    --> Equation construction ..........     0.000
    --> Equation ordering ..............     0.046
    --> Equation mapping ...............     0.004
    --> Source association .............     0.101
    --> Anchoring ......................     0.000
==> Cluster list build ...................     0.152
    --> Products .......................     5.068
    --> Reactions ......................     6.644
    --> Leaks ..........................     0.017
    --> Emissions ......................     0.204
    --> Transforms .....................     0.001
    --> Sinks ..........................     0.000
    --> Scale Factors ..................     0.001
==> Kinetics reconstruction ..............    11.935
    --> Reaction Block .................     0.021
    --> Stamp ..........................     0.002
    --> Jacobian .......................     0.038
==> Matrix construction ..................     0.061
Total time elapsed:     12.150
    clusters     :    449
    equations    :    509
    3d reactions : 129754
    1d reactions : 0
    3d leaks     : 0
    1d leaks     : 0
    3d emissions : 600
    1d emissions : 0
  Preconditioner : 298927
Axis 01 lower boundary enchroachment detected
Expanded from -100 to -600
Resizing...
==> Cluster identification................     0.001
    --> Domain assignment ..............     0.001
    --> Equation construction ..........     0.000
    --> Equation ordering ..............     0.040
    --> Equation mapping ...............     0.004
    --> Source association .............     0.101
    --> Anchoring ......................     0.000
==> Cluster list build ...................     0.146
    --> Products .......................     5.366
    --> Reactions ......................     7.306
    --> Leaks ..........................     0.021
    --> Emissions ......................     0.222
    --> Transforms .....................     0.002
    --> Sinks ..........................     0.000
    --> Scale Factors ..................     0.001
==> Kinetics reconstruction ..............    12.918
    --> Reaction Block .................     0.024
    --> Stamp ..........................     0.002
    --> Jacobian .......................     0.048
==> Matrix construction ..................     0.074
Total time elapsed:     13.140
    clusters     :    461
    equations    :    533
    3d reactions : 149341
    1d reactions : 0
    3d leaks     : 0
    1d leaks     : 0
    3d emissions : 836
    1d emissions : 0
  Preconditioner : 312367
Axis 01 lower boundary enchroachment detected
Expanded from -600 to -3600
Resizing...
==> Cluster identification................     0.001
    --> Domain assignment ..............     0.001
    --> Equation construction ..........     0.000
    --> Equation ordering ..............     0.043
    --> Equation mapping ...............     0.003
    --> Source association .............     0.108
    --> Anchoring ......................     0.000
==> Cluster list build ...................     0.155
    --> Products .......................     5.374
    --> Reactions ......................     7.436
    --> Leaks ..........................     0.021
    --> Emissions ......................     0.240
    --> Transforms .....................     0.001
    --> Sinks ..........................     0.001
    --> Scale Factors ..................     0.000
==> Kinetics reconstruction ..............    13.073
    --> Reaction Block .................     0.022
    --> Stamp ..........................     0.003
    --> Jacobian .......................     0.051
==> Matrix construction ..................     0.076
Total time elapsed:     13.306
    clusters     :    475
    equations    :    561
    3d reactions : 163194
    1d reactions : 0
    3d leaks     : 0
    1d leaks     : 0
    3d emissions : 1116
    1d emissions : 0
  Preconditioner : 326535
Axis 01 lower boundary enchroachment detected
Expanded from -3600 to -21600
Resizing...
==> Cluster identification................     0.000
    --> Domain assignment ..............     0.001
    --> Equation construction ..........     0.000
    --> Equation ordering ..............     0.043
    --> Equation mapping ...............     0.004
    --> Source association .............     0.114
    --> Anchoring ......................     0.000
==> Cluster list build ...................     0.162
    --> Products .......................     7.551
    --> Reactions ......................    10.945
    --> Leaks ..........................     0.031
    --> Emissions ......................     0.373
    --> Transforms .....................     0.001
    --> Sinks ..........................     0.000
    --> Scale Factors ..................     0.001
==> Kinetics reconstruction ..............    18.902
    --> Reaction Block .................     0.028
    --> Stamp ..........................     0.005
    --> Jacobian .......................     0.085
==> Matrix construction ..................     0.118
Total time elapsed:     19.183
    clusters     :    501
    equations    :    613
    3d reactions : 189853
    1d reactions : 0
    3d leaks     : 0
    1d leaks     : 0
    3d emissions : 1636
    1d emissions : 0
  Preconditioner : 352847
Axis 01 lower boundary enchroachment detected
Expanded from -21600 to -100000
Resizing...
==> Cluster identification................     0.001
    --> Domain assignment ..............     0.001
    --> Equation construction ..........     0.000
    --> Equation ordering ..............     0.050
    --> Equation mapping ...............     0.004
    --> Source association .............     0.135
    --> Anchoring ......................     0.000
==> Cluster list build ...................     0.190
    --> Products .......................    15.935
    --> Reactions ......................    23.049
    --> Leaks ..........................     0.024
    --> Emissions ......................     0.652
    --> Transforms .....................     0.002
    --> Sinks ..........................     0.000
    --> Scale Factors ..................     0.000
==> Kinetics reconstruction ..............    39.662
    --> Reaction Block .................     0.033
    --> Stamp ..........................     0.004
    --> Jacobian .......................     0.077
==> Matrix construction ..................     0.114
Total time elapsed:     39.969
    clusters     :    537
    equations    :    685
    3d reactions : 226838
    1d reactions : 0
    3d leaks     : 0
    1d leaks     : 0
    3d emissions : 2356
    1d emissions : 0
  Preconditioner : 389279
