Initializing...
==> Cluster identification................     0.004
    --> Domain assignment ..............     0.005
    --> Equation construction ..........     0.001
    --> Equation ordering ..............     0.512
    --> Equation mapping ...............     0.015
    --> Source association .............     0.546
    --> Anchoring ......................     0.000
==> Cluster list build ...................     1.079
    --> Products .......................     7.631
    --> Reactions ......................     6.376
    --> Leaks ..........................     0.105
    --> Emissions ......................     1.044
    --> Transforms .....................     0.007
    --> Sinks ..........................     0.000
    --> Scale Factors ..................     0.003
==> Kinetics reconstruction ..............    15.167
    --> Reaction Block .................     0.170
    --> Stamp ..........................     0.019
    --> Jacobian .......................     0.317
==> Matrix construction ..................     0.506
Total time elapsed:     16.759
    clusters     :   3991
    equations    :   3991
    3d reactions : 871283
    1d reactions : 0
    3d leaks     : 0
    1d leaks     : 0
    3d emissions : 6000
    1d emissions : 0
  Preconditioner : 2718251
