Reading secondary input from standard.kincfg
INPUT: Loading option 'components' from standard.kincfg
+--------------------------------------+
| Cluster Group Configuration Log      |
+--------------------------------------+
Monomer size for void set to  -1
loaded void geometry in abridged format
loaded void prefactor_exponent in abridged format
loaded void detrap in abridged format
loaded void dimensionality in abridged format
loaded void migration_energy in abridged format
jump distance rescaled to   0.70700000E+00 lattice parameters
loaded void jump_distance in abridged format
loaded void included in verbose format
loaded void mobile in verbose format
Monomer size for int set to  1
loaded int geometry in abridged format
loaded int prefactor_exponent in abridged format
loaded int mobile in abridged format
loaded int detrap in abridged format
loaded int dimensionality in abridged format
loaded int migration_energy in abridged format
jump distance rescaled to   0.70700000E+00 lattice parameters
loaded int jump_distance in abridged format
loaded int included in verbose format
loaded frank geometry in abridged format
loaded frank prefactor_exponent in abridged format
loaded frank mobile in abridged format
loaded frank detrap in abridged format
loaded frank dimensionality in abridged format
loaded frank migration_energy in abridged format
jump distance rescaled to   0.70700000E+00 lattice parameters
loaded frank jump_distance in abridged format
burgers vector magnitude set to   0.57700000E+00
loaded frank burgers_magnitude in abridged format
loaded frank included in verbose format
ORIENTATIONS: Adding orientation vector of   1  1  1  1  1  1 for group frank
loaded frank add_orientation in abridged format
ORIENTATIONS: Adding orientation vector of   1 -1  1  1 -1  1 for group frank
loaded frank add_orientation in abridged format
ORIENTATIONS: Adding orientation vector of  -1  1  1 -1  1  1 for group frank
loaded frank add_orientation in abridged format
ORIENTATIONS: Adding orientation vector of   1  1 -1  1  1 -1 for group frank
loaded frank add_orientation in abridged format
loaded perfect geometry in abridged format
loaded perfect prefactor_exponent in abridged format
loaded perfect mobile in abridged format
loaded perfect detrap in abridged format
loaded perfect dimensionality in abridged format
loaded perfect migration_energy in abridged format
jump distance rescaled to   0.70700000E+00 lattice parameters
loaded perfect jump_distance in abridged format
burgers vector magnitude set to   0.70700000E+00
loaded perfect burgers_magnitude in abridged format
loaded perfect included in verbose format
ORIENTATIONS: Adding orientation vector of   1  1  0  1  1  0 for group perfect
loaded perfect add_orientation in abridged format
ORIENTATIONS: Adding orientation vector of   1  0  1  1  0  1 for group perfect
loaded perfect add_orientation in abridged format
ORIENTATIONS: Adding orientation vector of   0  1  1  0  1  1 for group perfect
loaded perfect add_orientation in abridged format
ORIENTATIONS: Adding orientation vector of   1 -1  0  1 -1  0 for group perfect
loaded perfect add_orientation in abridged format
ORIENTATIONS: Adding orientation vector of   1  0 -1  1  0 -1 for group perfect
loaded perfect add_orientation in abridged format
ORIENTATIONS: Adding orientation vector of   0  1 -1  0  1 -1 for group perfect
loaded perfect add_orientation in abridged format
INPUT: Loading option 'groups' from standard.kincfg
INPUT: Loading option 'kinetic_system' from standard.kincfg
Defining void+void reaction order to void
INPUT: Loading option 'react_class' from standard.kincfg
Defining void+int reaction order to void recombine int
INPUT: Loading option 'react_class' from standard.kincfg
Defining void+frank reaction order to int frank
INPUT: Loading option 'react_class' from standard.kincfg
Defining void+perfect reaction order to void recombine int perfect
INPUT: Loading option 'react_class' from standard.kincfg
Defining int+void reaction order to void recombine int
INPUT: Loading option 'react_class' from standard.kincfg
Defining int+int reaction order to int frank
INPUT: Loading option 'react_class' from standard.kincfg
Defining int+frank reaction order to frank
INPUT: Loading option 'react_class' from standard.kincfg
Defining int+perfect reaction order to perfect
INPUT: Loading option 'react_class' from standard.kincfg
Defining frank+void reaction order to int frank
INPUT: Loading option 'react_class' from standard.kincfg
Defining frank+int reaction order to frank
INPUT: Loading option 'react_class' from standard.kincfg
Defining frank+perfect reaction order to frank
INPUT: Loading option 'react_class' from standard.kincfg
Defining perfect+void reaction order to void recombine perfect
INPUT: Loading option 'react_class' from standard.kincfg
Defining perfect+int reaction order to perfect
INPUT: Loading option 'react_class' from standard.kincfg
Defining perfect+frank reaction order to frank
INPUT: Loading option 'react_class' from standard.kincfg
Defining perfect+perfect reaction order to perfect
INPUT: Loading option 'react_class' from standard.kincfg
Defining void-void monomer emission target order to void
INPUT: Loading option 'emit_class' from standard.kincfg
Specifying capillary law constants for the emission of void monomers from void at   0.1500E+01   0.2200E+01
INPUT: Loading option 'capillary' from standard.kincfg
INPUT: Loading option 'recombination_distance' from standard.kincfg
INPUT: Loading option 'core_radius' from standard.kincfg
INPUT: Loading option 'add_sink' from standard.kincfg
SINKS: edge dimensions set to 1
INPUT: Loading option 'set_sink' from standard.kincfg
SINKS: edge density set to   1.0000E-04
INPUT: Loading option 'set_sink' from standard.kincfg
SINKS: edge bias for group int set to   1.0500E+00
INPUT: Loading option 'set_sink' from standard.kincfg
Reading secondary input from dump.cfg
INPUT: Loading option 'compute' from dump.cfg
INPUT: Loading option 'compute' from dump.cfg
INPUT: Loading option 'compute' from dump.cfg
INPUT: Loading option 'compute' from dump.cfg
INPUT: Loading option 'compute' from dump.cfg
INPUT: Loading option 'compute' from dump.cfg
INPUT: Loading option 'compute' from dump.cfg
INPUT: Loading option 'compute' from dump.cfg
INPUT: Loading option 'compute' from dump.cfg
INPUT: Loading option 'compute' from dump.cfg
INPUT: Loading option 'compute' from dump.cfg
INPUT: Loading option 'compute' from dump.cfg
INPUT: Loading option 'formula' from dump.cfg
INPUT: Loading option 'formula' from dump.cfg
INPUT: Loading option 'formula' from dump.cfg
INPUT: Loading option 'dump' from dump.cfg
INPUT: Loading option 'dump' from dump.cfg
INPUT: Loading option 'dump' from dump.cfg
INPUT: Loading option 'dump' from dump.cfg
INPUT: Loading option 'dump' from dump.cfg
INPUT: Loading option 'dump' from dump.cfg
INPUT: Loading option 'temperature' from input.txt
INPUT: Loading option 'damage_file' from input.txt
INPUT: Loading option 'partition_file' from input.txt
INPUT: Loading option 'mesh_points' from input.txt
INPUT: Loading option 'foil_thickness' from input.txt
INPUT: Loading option 'dose_rate_scale' from input.txt
INPUT: Loading option 'lattice_paramter' from input.txt
INPUT: Loading option 'atoms_per_cell' from input.txt
INPUT: Loading option 'total_time' from input.txt
Cluster size limits for defect component were set to the range (-1000000,1000000)
INPUT: Loading option 'component_limits' from input.txt
INPUT: Loading option 'initial_limits' from input.txt
INPUT: Loading option 'verbose_solver' from input.txt
domain spacing set to to order 3
domain spacing scaled by   0.50000000E+00
unitary domains enforced below 400 members
INPUT: Loading option 'compression_style' from input.txt
domain spacing set to to order 3
domain spacing scaled by   0.50000000E+00
unitary domains enforced below 100 members
INPUT: Loading option 'compression_style' from input.txt
domain spacing set to to order 3
domain spacing scaled by   0.50000000E+00
unitary domains enforced below 100 members
INPUT: Loading option 'compression_style' from input.txt
INPUT: Loading option 'preconditioner_fill' from input.txt
INPUT: Loading option 'dual_sparsity' from input.txt
INPUT: Loading option 'ordering_axis' from input.txt
INPUT: Loading option 'activation_threshold' from input.txt
lattice parameter:   0.35700000E+00
atomic density:      0.87913454E+02
burgers vector:      0.30917107E+00
+--------------------------------------+
| Primary Damage Configuration Log     |
+--------------------------------------+
Reading profile #1 spatial distribution from: 1MeVKr.800H.subcasc.damage
  Profile #1 distribution option interpolation_order set to 6
  Profile #1 distribution option interpolant_range set to   2.00000000E+02
  Profile #1 distribution option damage_bins set to 4
Reading profile #1 clustering partition from: fe.wirth2.clustering
  Profile #1 partition option produced_species set to 28
Damage rate table in units of defects per volume time
               x               1               2               3               4
  0.00000000E+00  0.00000000E+00  0.00000000E+00  0.00000000E+00  0.00000000E+00
  8.33333333E+00  8.66141875E-03  9.61607675E-03  8.78180474E-03  1.75494035E-02
  1.66666667E+01  1.04224438E-02  1.16068372E-02  1.03349659E-02  1.96036851E-02
  2.50000000E+01  1.18408988E-02  1.31943486E-02  1.15818247E-02  2.12083500E-02
  3.33333333E+01  1.30007278E-02  1.44864386E-02  1.26080379E-02  2.25596882E-02
  4.16666667E+01  1.39689561E-02  1.55672883E-02  1.34798849E-02  2.37844562E-02
  5.00000000E+01  1.47976809E-02  1.65005909E-02  1.42468512E-02  2.49553137E-02
  5.83333333E+01  1.55259656E-02  1.73325137E-02  1.49440578E-02  2.61045566E-02
  6.66666667E+01  1.61816379E-02  1.80944650E-02  1.55945373E-02  2.72361479E-02
  7.50000000E+01  1.67829929E-02  1.88056655E-02  1.62113555E-02  2.83360450E-02
  8.33333333E+01  1.73403990E-02  1.94755235E-02  1.67995803E-02  2.93808243E-02
  9.16666667E+01  1.78578084E-02  2.01058159E-02  1.73580965E-02  3.03446031E-02
  1.00000000E+02  0.00000000E+00  0.00000000E+00  0.00000000E+00  0.00000000E+00
WARNING: Primary damage rates have been modified to conserve mass
    mass leak has changed from  -1.21650110E-04 to  -1.21650110E-04
Cluster equations with source terms
    group 3, composition  45
    group 3, composition  40
    group 3, composition  35
    group 3, composition  30
    group 3, composition  25
    group 3, composition  20
    group 3, composition  16
    group 3, composition  12
    group 3, composition   9
    group 3, composition   8
    group 3, composition   7
    group 3, composition   6
    group 3, composition   5
    group 2, composition   4
    group 2, composition   3
    group 2, composition   2
    group 2, composition   1
    group 1, composition  -1
    group 1, composition  -2
    group 1, composition  -3
    group 1, composition  -4
    group 1, composition  -5
    group 1, composition  -9
    group 1, composition -12
    group 1, composition -15
    group 1, composition -20
    group 1, composition -25
    group 1, composition -30
Dose Rate Information
    Average DPA rate   1.50865025E-07
    Maximum DPA rate   2.06330656E-07
    Leaked fraction    0.00000000E+00
Detailed Source Information
+-----------------+-------------------------------------+
|      depth      |                    defect           |
+-----------------+-------------------------------------+
|  0.00000000E+00 |  0.00000000E+00    0.00000000E+00   |
|  8.33333333E+00 |  1.04107543E-07    1.04114002E-07   |
|  1.66666667E+01 |  1.22955007E-07    1.22958970E-07   |
|  2.50000000E+01 |  1.38016021E-07    1.38017882E-07   |
|  3.33333333E+01 |  1.50377778E-07    1.50378029E-07   |
|  4.16666667E+01 |  1.60858771E-07    1.60857908E-07   |
|  5.00000000E+01 |  1.70051843E-07    1.70050303E-07   |
|  5.83333333E+01 |  1.78363686E-07    1.78361803E-07   |
|  6.66666667E+01 |  1.86050782E-07    1.86048774E-07   |
|  7.50000000E+01 |  1.93251796E-07    1.93249764E-07   |
|  8.33333333E+01 |  2.00016420E-07    2.00014364E-07   |
|  9.16666667E+01 |  2.06330656E-07    2.06328505E-07   |
|  1.00000000E+02 |  0.00000000E+00    0.00000000E+00   |
+-----------------+-------------------------------------+
