Stepping:   1.00000000E-09
--residual--   0   0  4.65152146E-11
netwon/GMRES   1   1  1.82560060E-21  4.65152152E-20  6.51850770E-15
Update computed in 1 newton steps using 2 function evaluations
Stepping:   1.00000000E-09
--residual--   0   0  4.65152152E-11
netwon/GMRES   1   1  1.82560108E-21  4.65152158E-20  6.51847482E-15
Update computed in 1 newton steps using 2 function evaluations
Stepping:   2.00000000E-09
--residual--   0   0  9.30304317E-11
netwon/GMRES   1   1  1.46045453E-20  1.86060868E-19  2.60738537E-14
Update computed in 1 newton steps using 2 function evaluations
Stepping:   2.00000000E-09
--residual--   0   0  9.30304342E-11
netwon/GMRES   1   1  1.46045571E-20  1.86060873E-19  2.60735907E-14
Update computed in 1 newton steps using 2 function evaluations
Stepping:   2.00000000E-09
--residual--   0   0  9.30304366E-11
netwon/GMRES   1   1  1.46045878E-20  1.86060878E-19  2.60733277E-14
Update computed in 1 newton steps using 2 function evaluations
Stepping:   2.00000000E-09
--residual--   0   0  9.30304391E-11
netwon/GMRES   1   1  1.46045904E-20  1.86060883E-19  2.60730647E-14
Update computed in 1 newton steps using 2 function evaluations
Stepping:   5.00000000E-09
--residual--   0   0  2.32576104E-10
netwon/GMRES   1   1  2.28183178E-19  1.16288060E-18  1.62956623E-13
Update computed in 1 newton steps using 2 function evaluations
Stepping:   5.00000000E-09
--residual--   0   0  2.32576119E-10
netwon/GMRES   1   1  2.28183812E-19  1.16288067E-18  1.62952514E-13
Update computed in 1 newton steps using 2 function evaluations
Stepping:   1.00000000E-08
--residual--   0   0  4.65152269E-10
netwon/GMRES   1   1  1.82529092E-18  4.65152331E-18  6.51804380E-13
Update computed in 1 newton steps using 2 function evaluations
Stepping:   1.00000000E-08
--residual--   0   0  4.65152331E-10
netwon/GMRES   1   1  1.82530102E-18  4.65152393E-18  6.51771518E-13
Update computed in 1 newton steps using 2 function evaluations
Stepping:   2.00000000E-08
--residual--   0   0  9.30304786E-10
netwon/GMRES   1   2  2.82901850E-23  1.86061007E-17  2.60660566E-12
Update computed in 1 newton steps using 3 function evaluations
Stepping:   2.00000000E-08
--residual--   0   0  9.30305035E-10
netwon/GMRES   1   2  2.88692934E-23  1.86061057E-17  2.60634281E-12
Update computed in 1 newton steps using 3 function evaluations
Stepping:   2.00000000E-08
--residual--   0   0  9.30305284E-10
netwon/GMRES   1   2  2.78553739E-23  1.86061107E-17  2.60608001E-12
Update computed in 1 newton steps using 3 function evaluations
Stepping:   5.00000000E-08
--residual--   0   0  2.32576383E-09
netwon/GMRES   1   2  4.44761052E-22  1.16288270E-16  1.62838955E-11
Update computed in 1 newton steps using 3 function evaluations
Stepping:   5.00000000E-08
--residual--   0   0  2.32576541E-09
netwon/GMRES   1   2  4.46224750E-22  1.16288349E-16  1.62797926E-11
Update computed in 1 newton steps using 3 function evaluations
Stepping:   1.00000000E-07
--residual--   0   0  4.65153398E-09
netwon/GMRES   1   2  3.59058110E-21  4.65154039E-16  6.50863743E-11
Update computed in 1 newton steps using 3 function evaluations
Stepping:   1.00000000E-07
--residual--   0   0  4.65154039E-09
netwon/GMRES   1   2  3.59047432E-21  4.65154691E-16  6.50536062E-11
Update computed in 1 newton steps using 3 function evaluations
Stepping:   2.00000000E-07
--residual--   0   0  9.30309382E-09
netwon/GMRES   1   2  2.97154727E-20  1.86062410E-15  2.59952704E-10
Update computed in 1 newton steps using 3 function evaluations
Stepping:   2.00000000E-07
--residual--   0   0  9.30312050E-09
netwon/GMRES   1   2  2.97122767E-20  1.86062960E-15  2.59691430E-10
Update computed in 1 newton steps using 3 function evaluations
Stepping:   2.00000000E-07
--residual--   0   0  9.30314800E-09
netwon/GMRES   1   2  2.96973599E-20  1.86063527E-15  2.59430602E-10
Update computed in 1 newton steps using 3 function evaluations
Stepping:   5.00000000E-07
--residual--   0   0  2.32579408E-08
netwon/GMRES   1   2  8.07715904E-19  1.16290633E-14  1.61738203E-09
Update computed in 1 newton steps using 3 function evaluations
Stepping:   5.00000000E-07
--residual--   0   0  2.32581266E-08
netwon/GMRES   1   2  8.06926263E-19  1.16291625E-14  1.61334004E-09
Update computed in 1 newton steps using 3 function evaluations
Stepping:   1.00000000E-06
--residual--   0   0  4.65166501E-08
netwon/GMRES   1   2  2.08262202E-17  4.65175169E-14  6.42128198E-09
Update computed in 1 newton steps using 3 function evaluations
Stepping:   1.00000000E-06
--residual--   0   0  4.65175169E-08
netwon/GMRES   1   2  2.07876029E-17  4.65184817E-14  6.38947372E-09
Update computed in 1 newton steps using 3 function evaluations
Stepping:   2.00000000E-06
--residual--   0   0  9.30369635E-08
netwon/GMRES   1   2  6.25666836E-16  1.86082752E-13  2.53074089E-08
Update computed in 1 newton steps using 3 function evaluations
Stepping:   2.00000000E-06
--residual--   0   0  9.30413760E-08
netwon/GMRES   1   2  6.23486525E-16  1.86093046E-13  2.50610652E-08
Update computed in 1 newton steps using 3 function evaluations
Stepping:   2.00000000E-06
--residual--   0   0  9.30465232E-08
netwon/GMRES   1   2  6.21320523E-16  1.86104754E-13  2.48187469E-08
Update computed in 1 newton steps using 3 function evaluations
Stepping:   5.00000000E-06
--residual--   0   0  2.32630942E-07
netwon/GMRES   1   3  4.43665946E-16  1.16337102E-12  1.51471478E-07
Update computed in 1 newton steps using 4 function evaluations
Stepping:   5.00000000E-06
--residual--   0   0  2.32674203E-07
netwon/GMRES   1   3  4.41519364E-16  1.16363430E-12  1.47967021E-07
Update computed in 1 newton steps using 4 function evaluations
Stepping:   1.00000000E-05
--residual--   0   0  4.65453717E-07
netwon/GMRES   1   3  4.17770806E-15  4.65707587E-12  5.65778311E-07
Update computed in 1 newton steps using 4 function evaluations
Stepping:   1.00000000E-05
--residual--   0   0  4.65707585E-07
netwon/GMRES   1   3  4.14608655E-15  4.66014369E-12  5.41532006E-07
Update computed in 1 newton steps using 4 function evaluations
Stepping:   2.00000000E-05
--residual--   0   0  9.32028732E-07
netwon/GMRES   1   4  2.70725212E-14  1.86684936E-11  1.99554754E-06
netwon/GMRES   2   4  2.21501329E-22  5.36501311E-19  1.99554806E-06
Update computed in 2 newton steps using 9 function evaluations
Stepping:   2.00000000E-05
--residual--   0   0  9.33424657E-07
netwon/GMRES   1   4  2.66789092E-14  1.87000611E-11  1.84532543E-06
netwon/GMRES   2   4  2.34772605E-22  5.29064886E-19  1.84532594E-06
Update computed in 2 newton steps using 9 function evaluations
Stepping:   2.00000000E-05
--residual--   0   0  9.35003034E-07
netwon/GMRES   1   4  2.63192434E-14  1.87332483E-11  1.71204765E-06
netwon/GMRES   2   4  2.42635767E-22  5.22201995E-19  1.71204815E-06
Update computed in 2 newton steps using 9 function evaluations
Stepping:   5.00000000E-05
--residual--   0   0  2.34165598E-06
netwon/GMRES   1   6  3.98852455E-13  1.17521191E-10  9.06225802E-06
netwon/GMRES   2   6  5.87043390E-22  1.95994436E-17  9.06226516E-06
Update computed in 2 newton steps using 13 function evaluations
Stepping:   5.00000000E-05
--residual--   0   0  2.35042352E-06
netwon/GMRES   1   6  3.87662862E-13  1.17873289E-10  7.75905433E-06
netwon/GMRES   2   6  5.52760051E-22  1.90688356E-17  7.75906166E-06
Update computed in 2 newton steps using 13 function evaluations
Stepping:   1.00000000E-04
--residual--   0   0  4.71493099E-06
netwon/GMRES   1   8  2.93370467E-12  4.72063748E-10  2.37809629E-05
netwon/GMRES   2   8  9.49036682E-21  2.84758125E-16  2.37810251E-05
Update computed in 2 newton steps using 17 function evaluations
Stepping:   1.00000000E-04
--residual--   0   0  4.72063541E-06
netwon/GMRES   1   8  2.78038973E-12  4.70388012E-10  1.86504335E-05
netwon/GMRES   2   8  8.44313845E-21  2.70161082E-16  1.86505048E-05
Update computed in 2 newton steps using 17 function evaluations
Stepping:   2.00000000E-04
--residual--   0   0  9.40775642E-06
netwon/GMRES   1  13  1.99550198E-11  1.83960949E-09  5.10271178E-05
netwon/GMRES   2  13  1.28920041E-19  3.78165639E-15  5.10277979E-05
Update computed in 2 newton steps using 27 function evaluations
Stepping:   2.00000000E-04
--residual--   0   0  9.19803472E-06
netwon/GMRES   1  13  1.78203808E-11  1.77533567E-09  3.75573874E-05
netwon/GMRES   2  13  1.41670710E-19  3.37959968E-15  3.75581732E-05
Update computed in 2 newton steps using 27 function evaluations
Stepping:   2.00000000E-04
--residual--   0   0  8.87666737E-06
netwon/GMRES   1  13  1.58618614E-11  1.69686667E-09  2.96686594E-05
netwon/GMRES   2  13  1.67192074E-19  3.00937783E-15  2.96694943E-05
Update computed in 2 newton steps using 27 function evaluations
Stepping:   5.00000000E-04
--residual--   0   0  2.12108096E-05
netwon/GMRES   1  21  1.85760878E-10  9.25795259E-09  1.30050470E-04
netwon/GMRES   2  22  9.35399134E-19  8.23093556E-14  1.30061383E-04
Update computed in 2 newton steps using 44 function evaluations
Stepping:   5.00000000E-04
--residual--   0   0  1.85158126E-05
netwon/GMRES   1  21  1.39563483E-10  8.00811600E-09  1.00220187E-04
netwon/GMRES   2  21  1.16877553E-18  6.19676556E-14  1.00228902E-04
Update computed in 2 newton steps using 43 function evaluations
Stepping:   5.00000000E-04
--residual--   0   0  1.60161651E-05
netwon/GMRES   1  21  1.05765218E-10  6.95190905E-09  8.05244255E-05
netwon/GMRES   2  21  7.06562447E-19  4.70515754E-14  8.05311521E-05
Update computed in 2 newton steps using 43 function evaluations
Stepping:   5.00000000E-04
--residual--   0   0  1.39037688E-05
netwon/GMRES   1  20  8.10200532E-11  6.08729340E-09  6.61793621E-05
netwon/GMRES   2  22  5.67521299E-19  3.61028282E-14  6.61845302E-05
Update computed in 2 newton steps using 43 function evaluations
Stepping:   5.00000000E-04
--residual--   0   0  1.21745500E-05
netwon/GMRES   1  19  6.27487681E-11  5.38369785E-09  5.52159987E-05
netwon/GMRES   2  22  4.19385707E-19  2.79970079E-14  5.52199927E-05
Update computed in 2 newton steps using 42 function evaluations
Stepping:   5.00000000E-04
--residual--   0   0  1.07673678E-05
netwon/GMRES   1  19  4.91180596E-11  4.80841485E-09  4.65900880E-05
netwon/GMRES   2  21  7.09295438E-19  2.19366388E-14  4.65932040E-05
Update computed in 2 newton steps using 41 function evaluations
Stepping:   1.00000000E-03
--residual--   0   0  1.92336166E-05
netwon/GMRES   1  26  2.53959662E-10  1.57824360E-08  1.38295299E-04
netwon/GMRES   2  28  1.52053659E-18  2.05792362E-13  1.38309879E-04
Update computed in 2 newton steps using 55 function evaluations
Stepping:   1.00000000E-03
--residual--   0   0  1.57823436E-05
netwon/GMRES   1  25  1.69420777E-10  1.33255889E-08  1.04893747E-04
netwon/GMRES   2  28  1.26101228E-18  1.37244668E-13  1.04903421E-04
Update computed in 2 newton steps using 54 function evaluations
Stepping:   1.00000000E-03
--residual--   0   0  1.33255286E-05
netwon/GMRES   1  22  1.16246776E-10  1.15123101E-08  8.08988412E-05
netwon/GMRES   2  28  8.40903018E-19  9.40809882E-14  8.09054513E-05
Update computed in 2 newton steps using 51 function evaluations
Stepping:   1.00000000E-03
--residual--   0   0  1.15122699E-05
netwon/GMRES   1  21  8.17694529E-11  1.01313187E-08  6.32469980E-05
netwon/GMRES   2  28  6.62954975E-19  6.60932337E-14  6.32516255E-05
Update computed in 2 newton steps using 50 function evaluations
Stepping:   2.00000000E-03
--residual--   0   0  2.02625827E-05
netwon/GMRES   1  27  3.64421345E-10  3.27853428E-08  1.66341259E-04
netwon/GMRES   2  30  3.18812350E-18  4.94536033E-13  1.66358353E-04
Update computed in 2 newton steps using 58 function evaluations
Stepping:   2.00000000E-03
--residual--   0   0  1.63925754E-05
netwon/GMRES   1  26  2.13930633E-10  2.76091298E-08  1.12938465E-04
netwon/GMRES   2  30  2.16599624E-18  2.89269656E-13  1.12948235E-04
Update computed in 2 newton steps using 57 function evaluations
Stepping:   2.00000000E-03
--residual--   0   0  1.38045122E-05
netwon/GMRES   1  26  1.30332669E-10  2.39287713E-08  7.90479370E-05
netwon/GMRES   2  30  2.05540494E-18  1.75732428E-13  7.90536589E-05
Update computed in 2 newton steps using 57 function evaluations
Stepping:   2.00000000E-03
--residual--   0   0  1.19643559E-05
netwon/GMRES   1  25  8.14974447E-11  2.11857376E-08  5.70286809E-05
netwon/GMRES   2  31  5.93004353E-19  1.09599906E-13  5.70320742E-05
Update computed in 2 newton steps using 57 function evaluations
Stepping:   2.00000000E-03
--residual--   0   0  1.05928516E-05
netwon/GMRES   1  25  5.19173576E-11  1.90643996E-08  4.23888084E-05
netwon/GMRES   2  31  3.81988642E-19  6.96154962E-14  4.23908365E-05
Update computed in 2 newton steps using 57 function evaluations
Stepping:   2.00000000E-03
--residual--   0   0  9.53218955E-06
netwon/GMRES   1  24  3.36253110E-11  1.73749023E-08  3.24058810E-05
netwon/GMRES   2  31  4.41952659E-19  4.48199107E-14  3.24071049E-05
Update computed in 2 newton steps using 56 function evaluations
Stepping:   5.00000000E-03
--residual--   0   0  2.17186122E-05
netwon/GMRES   1  27  2.32463159E-10  8.96663595E-08  1.22906969E-04
netwon/GMRES   2  34  5.28054389E-18  5.29932790E-13  1.22912326E-04
Update computed in 2 newton steps using 62 function evaluations
Stepping:   5.00000000E-03
--residual--   0   0  1.79332377E-05
netwon/GMRES   1  26  1.21360053E-10  7.70641567E-08  7.99436051E-05
netwon/GMRES   2  35  1.24565592E-18  2.40227289E-13  7.99460283E-05
Update computed in 2 newton steps using 62 function evaluations
Stepping:   5.00000000E-03
--residual--   0   0  1.54128153E-05
netwon/GMRES   1  26  8.66303166E-11  6.80253738E-08  5.49940172E-05
netwon/GMRES   2  33  1.26813577E-18  1.17340962E-13  5.49952748E-05
Update computed in 2 newton steps using 60 function evaluations
Stepping:   5.00000000E-03
--residual--   0   0  1.36050666E-05
netwon/GMRES   1  26  7.86505721E-11  6.11878415E-08  3.97698414E-05
netwon/GMRES   2  32  1.07283140E-18  6.66361753E-14  3.97705727E-05
Update computed in 2 newton steps using 59 function evaluations
Stepping:   1.00000000E-02
--residual--   0   0  2.44751276E-05
netwon/GMRES   1  27  6.19414917E-10  2.05850528E-07  1.00550927E-04
netwon/GMRES   2  36  4.60345957E-18  4.86778955E-13  1.00553218E-04
Update computed in 2 newton steps using 64 function evaluations
Stepping:   1.00000000E-02
--residual--   0   0  2.05850394E-05
netwon/GMRES   1  27  6.26204350E-10  1.79182867E-07  7.13398877E-05
netwon/GMRES   2  35  1.16649402E-17  3.95080357E-13  7.13410271E-05
Update computed in 2 newton steps using 63 function evaluations
Stepping:   1.00000000E-02
--residual--   0   0  1.79182810E-05
netwon/GMRES   1  27  6.34462446E-10  1.59575045E-07  5.51632027E-05
netwon/GMRES   2  35  1.01602696E-17  3.77445002E-13  5.51638120E-05
Update computed in 2 newton steps using 63 function evaluations
Stepping:   1.00000000E-02
--residual--   0   0  1.59575022E-05
netwon/GMRES   1  27  6.42553741E-10  1.44459789E-07  4.49953442E-05
netwon/GMRES   2  35  1.08060069E-17  3.75511383E-13  4.49957089E-05
Update computed in 2 newton steps using 63 function evaluations
Stepping:   2.00000000E-02
--residual--   0   0  2.88919559E-05
netwon/GMRES   1  28  5.25210358E-09  4.90641158E-07  1.32015089E-04
netwon/GMRES   2  35  2.45685397E-17  3.62174069E-12  1.32016562E-04
Update computed in 2 newton steps using 64 function evaluations
Stepping:   2.00000000E-02
--residual--   0   0  2.45320566E-05
netwon/GMRES   1  28  5.34451264E-09  4.29708868E-07  1.01022235E-04
netwon/GMRES   2  35  1.36268418E-17  3.62546496E-12  1.01023296E-04
Update computed in 2 newton steps using 64 function evaluations
Stepping:   2.00000000E-02
--residual--   0   0  2.14854423E-05
netwon/GMRES   1  28  5.42016982E-09  3.84301157E-07  7.93753310E-05
netwon/GMRES   2  35  2.76453058E-17  3.63043826E-12  7.93761922E-05
Update computed in 2 newton steps using 64 function evaluations
Stepping:   2.00000000E-02
--residual--   0   0  1.92150558E-05
netwon/GMRES   1  28  5.48137083E-09  3.48896804E-07  6.36102627E-05
netwon/GMRES   2  35  2.93742372E-17  3.63227972E-12  6.36109880E-05
Update computed in 2 newton steps using 64 function evaluations
Stepping:   2.00000000E-02
--residual--   0   0  1.74448370E-05
netwon/GMRES   1  28  5.53052189E-09  3.20353137E-07  5.18268553E-05
netwon/GMRES   2  35  2.96031659E-17  3.63183200E-12  5.18274709E-05
Update computed in 2 newton steps using 64 function evaluations
Stepping:   2.00000000E-02
--residual--   0   0  1.60176526E-05
netwon/GMRES   1  28  5.56965272E-09  2.96743948E-07  4.28553885E-05
netwon/GMRES   2  35  2.78936706E-17  3.62782159E-12  4.28559079E-05
Update computed in 2 newton steps using 64 function evaluations
Stepping:   5.00000000E-02
--residual--   0   0  3.70929807E-05
netwon/GMRES   1  29  8.78846713E-08  1.57792345E-06  1.82850107E-04
netwon/GMRES   2  38  9.87692502E-16  7.19621723E-11  1.82853254E-04
netwon/GMRES   3  44  1.82211704E-18  4.96543671E-18  1.82853254E-04
Update computed in 3 newton steps using 112 function evaluations
Stepping:   5.00000000E-02
--residual--   0   0  3.15583764E-05
netwon/GMRES   1  29  8.82902408E-08  1.37960065E-06  1.31896828E-04
netwon/GMRES   2  38  9.49009305E-16  7.01434059E-11  1.31898063E-04
netwon/GMRES   3  44  2.23338184E-18  4.71041871E-18  1.31898063E-04
Update computed in 3 newton steps using 112 function evaluations
Stepping:   5.00000000E-02
--residual--   0   0  2.75919073E-05
netwon/GMRES   1  29  8.83805417E-08  1.22943480E-06  9.97293011E-05
netwon/GMRES   2  38  9.14199324E-16  6.84897403E-11  9.97288711E-05
netwon/GMRES   3  43  1.33247493E-18  4.42046584E-18  9.97288711E-05
Update computed in 3 newton steps using 111 function evaluations
Stepping:   5.00000000E-02
--residual--   0   0  2.45885817E-05
netwon/GMRES   1  29  8.82436677E-08  1.11131009E-06  7.83881182E-05
netwon/GMRES   2  37  1.50306218E-15  6.69710099E-11  7.83862777E-05
netwon/GMRES   3  44  1.04514405E-18  4.30155876E-18  7.83862777E-05
Update computed in 3 newton steps using 111 function evaluations
Stepping:   5.00000000E-02
--residual--   0   0  2.22260818E-05
netwon/GMRES   1  29  8.79386093E-08  1.01574978E-06  6.35470135E-05
netwon/GMRES   2  37  1.32161472E-15  6.55606575E-11  6.35439955E-05
netwon/GMRES   3  43  2.06265168E-18  4.06707997E-18  6.35439955E-05
Update computed in 3 newton steps using 110 function evaluations
Stepping:   5.00000000E-02
--residual--   0   0  2.03148717E-05
netwon/GMRES   1  29  8.75059219E-08  9.36770893E-07  5.27797477E-05
netwon/GMRES   2  37  1.15998944E-15  6.42370255E-11  5.27757571E-05
netwon/GMRES   3  43  2.17427005E-18  3.86363453E-18  5.27757571E-05
Update computed in 3 newton steps using 110 function evaluations
Stepping:   1.00000000E-01
--residual--   0   0  3.74705823E-05
netwon/GMRES   1  29  6.90447404E-07  3.25762818E-06  1.56638412E-04
netwon/GMRES   2  36  4.42438305E-14  6.34055040E-10  1.56590062E-04
netwon/GMRES   3  43  5.40707664E-18  3.19038043E-16  1.56590062E-04
Update computed in 3 newton steps using 109 function evaluations
Stepping:   1.00000000E-01
--residual--   0   0  3.25753565E-05
netwon/GMRES   1  29  6.79040076E-07  2.89315654E-06  1.21135354E-04
netwon/GMRES   2  36  4.12661555E-14  6.02343568E-10  1.21082075E-04
netwon/GMRES   3  43  4.44066436E-18  2.89953337E-16  1.21082075E-04
Update computed in 3 newton steps using 109 function evaluations
Stepping:   1.00000000E-01
--residual--   0   0  2.89306338E-05
netwon/GMRES   1  29  6.66525579E-07  2.61179683E-06  9.67082741E-05
netwon/GMRES   2  36  3.92838082E-14  5.74281905E-10  9.66529445E-05
netwon/GMRES   3  42  4.78702452E-18  2.63951904E-16  9.66529445E-05
Update computed in 3 newton steps using 108 function evaluations
Stepping:   1.00000000E-01
--residual--   0   0  2.61170442E-05
netwon/GMRES   1  28  6.53308822E-07  2.38814423E-06  7.92194079E-05
netwon/GMRES   2  38  3.57038515E-14  5.48862193E-10  7.91650830E-05
netwon/GMRES   3  43  3.61876176E-18  2.40885933E-16  7.91650830E-05
Update computed in 3 newton steps using 110 function evaluations
Stepping:   1.00000000E-01
--residual--   0   0  2.38805385E-05
netwon/GMRES   1  28  6.39680238E-07  2.20586228E-06  6.63310941E-05
netwon/GMRES   2  38  3.31829738E-14  5.25488421E-10  6.62803980E-05
netwon/GMRES   3  40  3.08220627E-18  2.19755936E-16  6.62803980E-05
Update computed in 3 newton steps using 107 function evaluations
Stepping:   1.00000000E-01
--residual--   0   0  2.20577486E-05
netwon/GMRES   1  28  6.25853198E-07  2.05406481E-06  5.66348882E-05
netwon/GMRES   2  38  3.07843546E-14  5.03759679E-10  5.65898462E-05
netwon/GMRES   3  40  5.11985701E-18  2.00570169E-16  5.65898462E-05
Update computed in 3 newton steps using 107 function evaluations
Stepping:   1.00000000E-01
--residual--   0   0  2.05398112E-05
netwon/GMRES   1  28  6.11984885E-07  1.92535027E-06  4.92325153E-05
netwon/GMRES   2  38  2.85151791E-14  4.83429685E-10  4.91944990E-05
netwon/GMRES   3  39  5.16454092E-18  1.83159981E-16  4.91944990E-05
Update computed in 3 newton steps using 106 function evaluations
Stepping:   2.00000000E-01
--residual--   0   0  3.85054159E-05
netwon/GMRES   1  31  4.67651532E-06  6.87238926E-06  1.57819747E-04
netwon/GMRES   2  39  1.47879042E-12  5.14633691E-09  1.57587838E-04
netwon/GMRES   3  41  6.56022338E-18  1.70964185E-14  1.57587836E-04
Update computed in 3 newton steps using 112 function evaluations
Stepping:   2.00000000E-01
--residual--   0   0  3.43569399E-05
netwon/GMRES   1  32  4.46437556E-06  6.23347650E-06  1.32248476E-04
netwon/GMRES   2  39  1.26219285E-12  4.71574322E-09  1.32139293E-04
netwon/GMRES   3  41  6.18388018E-18  1.43040021E-14  1.32139290E-04
Update computed in 3 newton steps using 113 function evaluations
Stepping:   2.00000000E-01
--residual--   0   0  3.11630298E-05
netwon/GMRES   1  33  4.26185011E-06  5.73039392E-06  1.14894111E-04
netwon/GMRES   2  39  1.07721396E-12  4.33371488E-09  1.14884764E-04
netwon/GMRES   3  41  1.00652612E-17  1.20005209E-14  1.14884762E-04
Update computed in 3 newton steps using 114 function evaluations
Stepping:   2.00000000E-01
--residual--   0   0  2.86482331E-05
netwon/GMRES   1  33  4.06942376E-06  5.32765462E-06  1.02266630E-04
netwon/GMRES   2  39  9.20227773E-13  3.99006641E-09  1.02337410E-04
netwon/GMRES   3  41  9.68511734E-18  1.00936660E-14  1.02337408E-04
Update computed in 3 newton steps using 114 function evaluations
Stepping:   2.00000000E-01
--residual--   0   0  2.66351081E-05
netwon/GMRES   1  34  3.88703794E-06  4.99997999E-06  9.23578370E-05
netwon/GMRES   2  39  7.86914979E-13  3.67774421E-09  9.24911453E-05
netwon/GMRES   3  42  6.54012028E-18  8.50297393E-15  9.24911434E-05
Update computed in 3 newton steps using 116 function evaluations
Stepping:   2.00000000E-01
--residual--   0   0  2.49972600E-05
netwon/GMRES   1  34  3.71434356E-06  4.72859375E-06  8.40980136E-05
netwon/GMRES   2  39  6.73981100E-13  3.39206578E-09  8.42790298E-05
netwon/GMRES   3  43  1.19285049E-17  7.16836483E-15  8.42790280E-05
Update computed in 3 newton steps using 117 function evaluations
Stepping:   2.00000000E-01
--residual--   0   0  2.36408047E-05
netwon/GMRES   1  34  3.55085150E-06  4.49950970E-06  7.69430483E-05
netwon/GMRES   2  39  5.78190935E-13  3.12995049E-09  7.71592992E-05
netwon/GMRES   3  43  8.67167574E-18  6.04595486E-15  7.71592976E-05
Update computed in 3 newton steps using 117 function evaluations
Stepping:   2.00000000E-01
--residual--   0   0  2.24958081E-05
netwon/GMRES   1  34  3.39601421E-06  4.30241720E-06  7.06141409E-05
netwon/GMRES   2  39  4.96856818E-13  2.88928571E-09  7.08550115E-05
netwon/GMRES   3  43  7.17214115E-18  5.10026340E-15  7.08550100E-05
Update computed in 3 newton steps using 117 function evaluations
Stepping:   2.00000000E-01
--residual--   0   0  2.15107146E-05
netwon/GMRES   1  34  3.24927571E-06  4.12977334E-06  6.49566753E-05
netwon/GMRES   2  39  4.27690529E-13  2.66851997E-09  6.52131628E-05
netwon/GMRES   3  43  7.50391003E-18  4.30294379E-15  6.52131615E-05
Update computed in 3 newton steps using 117 function evaluations
Stepping:   2.00000000E-01
--residual--   0   0  2.06478100E-05
netwon/GMRES   1  34  3.11009818E-06  3.97606118E-06  5.98727833E-05
netwon/GMRES   2  39  3.68772174E-13  2.46638719E-09  6.01374101E-05
netwon/GMRES   3  43  5.28136710E-18  3.63085622E-15  6.01374089E-05
Update computed in 3 newton steps using 117 function evaluations
Stepping:   2.00000000E-01
--residual--   0   0  1.98795120E-05
netwon/GMRES   1  34  2.97797507E-06  3.83722706E-06  5.52920947E-05
netwon/GMRES   2  39  3.18491667E-13  2.28172824E-09  5.55588450E-05
netwon/GMRES   3  43  9.21596338E-18  3.06472440E-15  5.55588440E-05
Update computed in 3 newton steps using 117 function evaluations
Stepping:   2.00000000E-01
--residual--   0   0  1.91855569E-05
netwon/GMRES   1  34  2.85243644E-06  3.71027846E-06  5.11593903E-05
netwon/GMRES   2  39  2.75503927E-13  2.11338835E-09  5.14235998E-05
netwon/GMRES   3  43  7.27185444E-18  2.58825245E-15  5.14235990E-05
Update computed in 3 newton steps using 117 function evaluations
Stepping:   2.00000000E-01
--residual--   0   0  1.85509880E-05
netwon/GMRES   1  34  2.73305002E-06  3.59300118E-06  4.74288214E-05
netwon/GMRES   2  39  2.38685089E-13  1.96017588E-09  4.76870109E-05
netwon/GMRES   3  43  5.81874204E-18  2.18754365E-15  4.76870102E-05
Update computed in 3 newton steps using 117 function evaluations
Stepping:   2.00000000E-01
--residual--   0   0  1.79647403E-05
netwon/GMRES   1  34  2.61941988E-06  3.48375586E-06  4.40606391E-05
netwon/GMRES   2  39  2.07089545E-13  1.82086455E-09  4.43103189E-05
netwon/GMRES   3  43  1.14562393E-17  1.85070938E-15  4.43103183E-05
Update computed in 3 newton steps using 117 function evaluations
Stepping:   5.00000000E-01
--residual--   0   0  4.35465580E-05
netwon/GMRES   1  36  3.69039929E-05  2.01969044E-05  2.27930103E-04
netwon/GMRES   2  41  3.44615517E-11  4.17851378E-08  2.30838798E-04
netwon/GMRES   3  45  1.89444860E-17  6.81682660E-13  2.30838699E-04
Update computed in 3 newton steps using 123 function evaluations
Stepping:   5.00000000E-01
--residual--   0   0  4.03943278E-05
netwon/GMRES   1  36  3.33185770E-05  1.88316959E-05  1.94218705E-04
netwon/GMRES   2  41  2.44632830E-11  3.42644031E-08  1.96801160E-04
netwon/GMRES   3  45  1.64809061E-17  4.56823168E-13  1.96801092E-04
Update computed in 3 newton steps using 123 function evaluations
Stepping:   5.00000000E-01
--residual--   0   0  3.76650762E-05
netwon/GMRES   1  36  3.01135367E-05  1.76350194E-05  1.67623179E-04
netwon/GMRES   2  41  1.74787011E-11  2.83787056E-08  1.69843837E-04
netwon/GMRES   3  45  2.06976024E-17  3.09373280E-13  1.69843790E-04
Update computed in 3 newton steps using 123 function evaluations
Stepping:   5.00000000E-01
--residual--   0   0  3.52722472E-05
netwon/GMRES   1  37  2.72401951E-05  1.65784523E-05  1.46300939E-04
netwon/GMRES   2  41  1.25580793E-11  2.37261863E-08  1.48185996E-04
netwon/GMRES   3  44  2.71926510E-17  2.12073982E-13  1.48185964E-04
Update computed in 3 newton steps using 123 function evaluations
Stepping:   5.00000000E-01
--residual--   0   0  3.31592684E-05
netwon/GMRES   1  36  2.46580645E-05  1.56409544E-05  1.28894500E-04
netwon/GMRES   2  41  9.06331422E-12  2.00120046E-08  1.30483797E-04
netwon/GMRES   3  44  1.95352668E-17  1.47340910E-13  1.30483774E-04
Update computed in 3 newton steps using 122 function evaluations
Stepping:   5.00000000E-01
--residual--   0   0  3.12842222E-05
netwon/GMRES   1  36  2.23329646E-05  1.48055892E-05  1.14448914E-04
netwon/GMRES   2  41  6.56171216E-12  1.70217670E-08  1.15785917E-04
netwon/GMRES   3  44  1.98544639E-17  1.04135609E-13  1.15785901E-04
Update computed in 3 newton steps using 122 function evaluations
Stepping:   5.00000000E-01
--residual--   0   0  2.96133361E-05
netwon/GMRES   1  36  2.02358586E-05  1.40581885E-05  1.02293019E-04
netwon/GMRES   2  39  4.76599238E-12  1.45966626E-08  1.03419614E-04
netwon/GMRES   3  44  2.15524359E-17  7.49593201E-14  1.03419603E-04
Update computed in 3 newton steps using 120 function evaluations
Stepping:   5.00000000E-01
--residual--   0   0  2.81183355E-05
netwon/GMRES   1  37  1.83417721E-05  1.33867469E-05  9.19476415E-05
netwon/GMRES   2  39  3.46544400E-12  1.26161174E-08  9.29014988E-05
netwon/GMRES   3  44  2.48748307E-17  5.49363541E-14  9.29014911E-05
Update computed in 3 newton steps using 121 function evaluations
Stepping:   5.00000000E-01
--residual--   0   0  2.67752467E-05
netwon/GMRES   1  37  1.66291175E-05  1.27810518E-05  8.30609534E-05
netwon/GMRES   2  39  2.52093530E-12  1.09865872E-08  8.38743945E-05
netwon/GMRES   3  44  1.67618375E-17  4.09995102E-14  8.38743890E-05
Update computed in 3 newton steps using 121 function evaluations
Stepping:   5.00000000E-01
--residual--   0   0  2.55636648E-05
netwon/GMRES   1  37  1.50790508E-05  1.22323890E-05  7.53659440E-05
netwon/GMRES   2  39  1.83378335E-12  9.63460092E-09  7.60657223E-05
netwon/GMRES   3  44  1.33483324E-17  3.11049659E-14  7.60657183E-05
Update computed in 3 newton steps using 121 function evaluations
Stepping:   5.00000000E-01
--residual--   0   0  2.44661704E-05
netwon/GMRES   1  37  1.36750574E-05  1.17332923E-05  6.86538027E-05
netwon/GMRES   2  39  1.33473439E-12  8.50229794E-09  6.92614340E-05
netwon/GMRES   3  44  2.05420919E-17  2.39303937E-14  6.92614310E-05
Update computed in 3 newton steps using 121 function evaluations
Stepping:   5.00000000E-01
--residual--   0   0  2.34678330E-05
netwon/GMRES   1  37  1.24025798E-05  1.12773381E-05  6.27577089E-05
netwon/GMRES   2  39  9.72635186E-13  7.54430224E-09  6.32901091E-05
netwon/GMRES   3  44  2.47938490E-17  1.86253843E-14  6.32901068E-05
Update computed in 3 newton steps using 121 function evaluations
Stepping:   1.00000000E+00
--residual--   0   0  4.51116075E-05
netwon/GMRES   1  40  8.19733311E-05  4.18354141E-05  2.09017433E-04
netwon/GMRES   2  41  2.92718059E-11  7.49900882E-08  2.11972675E-04
netwon/GMRES   3  47  4.00132385E-17  1.39103685E-12  2.11972592E-04
Update computed in 3 newton steps using 129 function evaluations
Stepping:   1.00000000E+00
--residual--   0   0  4.18414782E-05
netwon/GMRES   1  40  6.77103865E-05  3.90503031E-05  1.78292070E-04
netwon/GMRES   2  41  1.42839347E-11  6.03665799E-08  1.80706342E-04
netwon/GMRES   3  47  4.45865683E-17  8.83055674E-13  1.80706291E-04
Update computed in 3 newton steps using 129 function evaluations
Stepping:   1.00000000E+00
--residual--   0   0  3.90554573E-05
netwon/GMRES   1  41  5.59092040E-05  3.66340979E-05  1.53039726E-04
netwon/GMRES   2  40  6.75924731E-12  4.90923797E-08  1.55010100E-04
netwon/GMRES   3  47  4.79230210E-17  5.71490026E-13  1.55010068E-04
Update computed in 3 newton steps using 129 function evaluations
Stepping:   1.00000000E+00
--residual--   0   0  3.66384728E-05
netwon/GMRES   1  41  4.61416640E-05  3.45052100E-05  1.32021737E-04
netwon/GMRES   2  39  3.52947897E-12  4.01930492E-08  1.33632480E-04
netwon/GMRES   3  47  3.80406899E-17  3.68927299E-13  1.33632460E-04
Update computed in 3 newton steps using 128 function evaluations
Stepping:   1.00000000E+00
--residual--   0   0  3.45088841E-05
netwon/GMRES   1  41  3.80569991E-05  3.26058568E-05  1.14386793E-04
netwon/GMRES   2  39  2.76808914E-12  3.30664706E-08  1.15701993E-04
netwon/GMRES   3  47  3.00453493E-17  2.41620965E-13  1.15701980E-04
Update computed in 3 newton steps using 128 function evaluations
Stepping:   1.00000000E+00
--residual--   0   0  3.26088961E-05
netwon/GMRES   1  41  3.13663887E-05  3.08947629E-05  9.95256066E-05
netwon/GMRES   2  41  2.62546776E-12  2.73109198E-08  1.00597179E-04
netwon/GMRES   3  47  3.26696658E-17  1.59378710E-13  1.00597171E-04
Update computed in 3 newton steps using 130 function evaluations
Stepping:   1.00000000E+00
--residual--   0   0  3.08972355E-05
netwon/GMRES   1  40  2.58312136E-05  2.93418772E-05  8.69724733E-05
netwon/GMRES   2  41  2.47255010E-12  2.26377013E-08  8.78436301E-05
netwon/GMRES   3  47  3.42448927E-17  1.06344283E-13  8.78436243E-05
Update computed in 3 newton steps using 129 function evaluations
Stepping:   1.00000000E+00
--residual--   0   0  2.93438546E-05
netwon/GMRES   1  39  2.12539020E-05  2.79247203E-05  7.63520768E-05
netwon/GMRES   2  41  2.21221982E-12  1.88282152E-08  7.70589446E-05
netwon/GMRES   3  46  3.64895764E-17  7.16441658E-14  7.70589407E-05
Update computed in 3 newton steps using 127 function evaluations
Stepping:   1.00000000E+00
--residual--   0   0  2.79262741E-05
netwon/GMRES   1  39  1.74706454E-05  2.66259337E-05  6.73519834E-05
netwon/GMRES   2  41  1.90387021E-12  1.57120198E-08  6.79246078E-05
netwon/GMRES   3  46  4.16402488E-17  4.86903599E-14  6.79246051E-05
Update computed in 3 newton steps using 127 function evaluations
Stepping:   1.00000000E+00
--residual--   0   0  2.66271322E-05
netwon/GMRES   1  41  1.43455300E-05  2.54316660E-05  5.97083487E-05
netwon/GMRES   2  41  1.59494140E-12  1.31544220E-08  6.01715300E-05
netwon/GMRES   3  46  4.44930174E-17  3.33859108E-14  6.01715281E-05
Update computed in 3 newton steps using 129 function evaluations
Stepping:   2.00000000E+00
--residual--   0   0  5.08651426E-05
netwon/GMRES   1  42  7.85021500E-05  9.31409729E-05  1.89221958E-04
netwon/GMRES   2  44  6.82509191E-11  1.34001490E-07  1.91305473E-04
netwon/GMRES   3  44  6.04775421E-17  1.88869649E-12  1.91305420E-04
Update computed in 3 newton steps using 131 function evaluations
Stepping:   2.00000000E+00
--residual--   0   0  4.65723513E-05
netwon/GMRES   1  42  5.33884397E-05  8.58283175E-05  1.54687594E-04
netwon/GMRES   2  43  4.48980064E-11  9.76950413E-08  1.56064781E-04
netwon/GMRES   3  44  6.95397198E-17  1.03595042E-12  1.56064754E-04
Update computed in 3 newton steps using 130 function evaluations
Stepping:   2.00000000E+00
--residual--   0   0  4.29145359E-05
netwon/GMRES   1  42  3.60941682E-05  7.95383565E-05  1.28477603E-04
netwon/GMRES   2  43  2.90619414E-11  7.21417154E-08  1.29373329E-04
netwon/GMRES   3  44  8.78850637E-17  5.33262032E-13  1.29373314E-04
Update computed in 3 newton steps using 130 function evaluations
Stepping:   2.00000000E+00
--residual--   0   0  3.97686977E-05
netwon/GMRES   1  42  2.42291548E-05  7.40844432E-05  1.08228271E-04
netwon/GMRES   2  43  1.86739744E-11  5.39106848E-08  1.08799987E-04
netwon/GMRES   3  44  9.41090079E-17  2.87141146E-13  1.08799979E-04
Update computed in 3 newton steps using 130 function evaluations
Stepping:   2.00000000E+00
--residual--   0   0  3.70412870E-05
netwon/GMRES   1  42  1.61266274E-05  6.93214137E-05  9.23270713E-05
netwon/GMRES   2  43  1.19563854E-11  4.07426612E-08  9.26816359E-05
netwon/GMRES   3  44  6.75378311E-17  1.60190162E-13  9.26816313E-05
Update computed in 3 newton steps using 130 function evaluations
Stepping:   2.00000000E+00
--residual--   0   0  3.46595688E-05
netwon/GMRES   1  42  1.06255852E-05  6.51345808E-05  7.96593478E-05
netwon/GMRES   2  43  7.63740378E-12  3.11223437E-08  7.98694354E-05
netwon/GMRES   3  44  7.16346012E-17  9.21078387E-14  7.98694327E-05
Update computed in 3 newton steps using 130 function evaluations
Stepping:   2.00000000E+00
--residual--   0   0  3.25660989E-05
netwon/GMRES   1  42  6.91855773E-06  6.14321889E-05  6.94428535E-05
netwon/GMRES   2  43  4.86524770E-12  2.40174956E-08  6.95578482E-05
netwon/GMRES   3  44  6.99407161E-17  5.44550067E-14  6.95578466E-05
Update computed in 3 newton steps using 130 function evaluations
Stepping:   2.00000000E+00
--residual--   0   0  3.07149345E-05
netwon/GMRES   1  42  4.44512728E-06  5.81400368E-05  6.11164388E-05
netwon/GMRES   2  43  3.08665202E-12  1.87159555E-08  6.11697613E-05
netwon/GMRES   3  44  8.01361883E-17  3.29992313E-14  6.11697604E-05
Update computed in 3 newton steps using 130 function evaluations
Stepping:   2.00000000E+00
--residual--   0   0  2.90689345E-05
netwon/GMRES   1  42  2.81750470E-06  5.51975461E-05  5.42677821E-05
netwon/GMRES   2  43  1.94581532E-12  1.47211158E-08  5.42818892E-05
netwon/GMRES   3  45  8.42942118E-17  2.04531160E-14  5.42818886E-05
Update computed in 3 newton steps using 131 function evaluations
Stepping:   2.00000000E+00
--residual--   0   0  2.75977847E-05
netwon/GMRES   1  42  1.76849839E-06  5.25548356E-05  4.85871778E-05
netwon/GMRES   2  43  1.21533812E-12  1.16833404E-08  4.85770117E-05
netwon/GMRES   3  45  7.66138524E-17  1.29716711E-14  4.85770113E-05
Update computed in 3 newton steps using 131 function evaluations
Stepping:   5.00000000E+00
--residual--   0   0  6.56913242E-05
netwon/GMRES   1  43  1.05551048E-05  2.93602861E-04  2.40283222E-04
netwon/GMRES   2  45  1.16180411E-10  2.68740347E-07  2.39623701E-04
netwon/GMRES   3  44  1.53946148E-16  3.24862445E-12  2.39623662E-04
Update computed in 3 newton steps using 133 function evaluations
Stepping:   5.00000000E+00
--residual--   0   0  5.87101879E-05
netwon/GMRES   1  44  5.96412290E-06  2.66000364E-04  1.96541137E-04
netwon/GMRES   2  46  3.10201492E-11  1.69169039E-07  1.95915787E-04
netwon/GMRES   3  44  1.43363195E-16  1.39719119E-12  1.95915770E-04
Update computed in 3 newton steps using 135 function evaluations
Stepping:   5.00000000E+00
--residual--   0   0  5.31923597E-05
netwon/GMRES   1  45  4.52396750E-06  2.43638955E-04  1.65345250E-04
netwon/GMRES   2  47  5.20662259E-12  1.10574857E-07  1.64787264E-04
netwon/GMRES   3  46  2.20902728E-16  6.61864631E-13  1.64787256E-04
Update computed in 3 newton steps using 139 function evaluations
Stepping:   5.00000000E+00
--residual--   0   0  4.87218947E-05
netwon/GMRES   1  45  3.79427459E-06  2.25145743E-04  1.42216776E-04
netwon/GMRES   2  47  1.52379399E-12  7.55221564E-08  1.41724776E-04
netwon/GMRES   3  46  1.85772681E-16  3.47879002E-13  1.41724772E-04
Update computed in 3 newton steps using 139 function evaluations
Stepping:   5.00000000E+00
--residual--   0   0  4.50244818E-05
netwon/GMRES   1  45  3.66631103E-06  2.09582865E-04  1.24455949E-04
netwon/GMRES   2  47  4.72319238E-12  5.43345563E-08  1.24019914E-04
netwon/GMRES   3  42  1.98927600E-16  2.02145054E-13  1.24019912E-04
Update computed in 3 newton steps using 135 function evaluations
Stepping:   5.00000000E+00
--residual--   0   0  4.19127479E-05
netwon/GMRES   1  44  3.89880601E-06  1.96290276E-04  1.10399401E-04
netwon/GMRES   2  47  7.80879017E-12  4.13858250E-08  1.10009224E-04
netwon/GMRES   3  43  2.69898443E-16  1.29020558E-13  1.10009223E-04
Update computed in 3 newton steps using 135 function evaluations
Stepping:   5.00000000E+00
--residual--   0   0  3.92548202E-05
netwon/GMRES   1  44  4.19715375E-06  1.84791500E-04  9.89931821E-05
netwon/GMRES   2  46  1.01837895E-11  3.33037632E-08  9.86407262E-05
netwon/GMRES   3  42  1.94723549E-16  8.96587195E-14  9.86407254E-05
Update computed in 3 newton steps using 133 function evaluations
Stepping:   5.00000000E+00
--residual--   0   0  3.69554919E-05
netwon/GMRES   1  43  4.42778160E-06  1.74734927E-04  8.95472875E-05
netwon/GMRES   2  46  1.16780597E-11  2.80615128E-08  8.92264002E-05
netwon/GMRES   3  42  1.80707069E-16  6.61990605E-14  8.92263997E-05
Update computed in 3 newton steps using 132 function evaluations
Stepping:   5.00000000E+00
--residual--   0   0  3.49444975E-05
netwon/GMRES   1  43  4.56425527E-06  1.65855937E-04  8.15941050E-05
netwon/GMRES   2  45  1.24401448E-11  2.44691585E-08  8.13001573E-05
netwon/GMRES   3  42  1.69605990E-16  5.08009631E-14  8.13001570E-05
Update computed in 3 newton steps using 131 function evaluations
Stepping:   5.00000000E+00
--residual--   0   0  3.31689485E-05
netwon/GMRES   1  43  4.61889632E-06  1.57951745E-04  7.48060207E-05
netwon/GMRES   2  45  1.26765995E-11  2.18497253E-08  7.45354583E-05
netwon/GMRES   3  42  1.84494864E-16  4.08627426E-14  7.45354581E-05
Update computed in 3 newton steps using 131 function evaluations
Stepping:   5.00000000E+00
--residual--   0   0  3.15883108E-05
netwon/GMRES   1  43  4.61236413E-06  1.50864350E-04  6.89464759E-05
netwon/GMRES   2  44  1.25666840E-11  1.98256542E-08  6.86964857E-05
netwon/GMRES   3  42  1.45576557E-16  3.44800658E-14  6.86964856E-05
Update computed in 3 newton steps using 130 function evaluations
Stepping:   5.00000000E+00
--residual--   0   0  1.16101333E-05
netwon/GMRES   1  42  1.75606971E-06  5.55931778E-05  4.64346700E-05
netwon/GMRES   2  44  4.71218302E-12  6.99822507E-09  4.62661309E-05
netwon/GMRES   3  42  5.68779178E-17  1.11663731E-14  4.62661308E-05
Update computed in 3 newton steps using 129 function evaluations
Stepping:   1.00000000E+01
--residual--   0   0  2.22359397E-05
netwon/GMRES   1  44  1.36392075E-05  2.05189340E-04  1.62292396E-04
netwon/GMRES   2  45  2.89143073E-10  8.48232827E-08  1.61136252E-04
netwon/GMRES   3  41  1.20202421E-16  8.20284542E-13  1.61136250E-04
Update computed in 3 newton steps using 131 function evaluations
Stepping:   1.00000000E+01
--residual--   0   0  2.05145961E-05
netwon/GMRES   1  44  1.29997060E-05  1.90755920E-04  1.42586653E-04
netwon/GMRES   2  44  2.62360596E-10  7.31416496E-08  1.41579169E-04
netwon/GMRES   3  40  1.23680046E-16  6.14263325E-13  1.41579168E-04
Update computed in 3 newton steps using 129 function evaluations
Stepping:   1.00000000E+01
--residual--   0   0  1.90717761E-05
netwon/GMRES   1  43  1.23233820E-05  1.78465863E-04  1.26621250E-04
netwon/GMRES   2  44  2.36145586E-10  6.39859015E-08  1.25735182E-04
netwon/GMRES   3  40  1.39872533E-16  4.72196700E-13  1.25735181E-04
Update computed in 3 newton steps using 128 function evaluations
Stepping:   1.00000000E+01
--residual--   0   0  1.78431981E-05
netwon/GMRES   1  43  1.16563039E-05  1.67862979E-04  1.13476052E-04
netwon/GMRES   2  44  2.12008159E-10  5.65881595E-08  1.12690876E-04
netwon/GMRES   3  40  1.35414158E-16  3.70332825E-13  1.12690876E-04
Update computed in 3 newton steps using 128 function evaluations
Stepping:   1.00000000E+01
--residual--   0   0  1.67832673E-05
netwon/GMRES   1  43  1.10192738E-05  1.58613979E-04  1.02501664E-04
netwon/GMRES   2  44  1.90372614E-10  5.04888846E-08  1.01801206E-04
netwon/GMRES   3  40  1.32866309E-16  2.95221722E-13  1.01801206E-04
Update computed in 3 newton steps using 128 function evaluations
Stepping:   1.00000000E+01
--residual--   0   0  1.58586704E-05
netwon/GMRES   1  43  1.04205041E-05  1.50469203E-04  9.32284092E-05
netwon/GMRES   2  44  1.71208746E-10  4.53846240E-08  9.25997407E-05
netwon/GMRES   3  40  1.36389620E-16  2.38657561E-13  9.25997408E-05
Update computed in 3 newton steps using 128 function evaluations
Stepping:   1.00000000E+01
--residual--   0   0  1.50444524E-05
netwon/GMRES   1  43  9.86209452E-06  1.43237639E-04  8.53088877E-05
netwon/GMRES   2  44  1.54313700E-10  4.10617442E-08  8.47415576E-05
netwon/GMRES   3  40  1.11496659E-16  1.95329180E-13  8.47415578E-05
Update computed in 3 newton steps using 128 function evaluations
Stepping:   1.00000000E+01
--residual--   0   0  1.43215202E-05
netwon/GMRES   1  42  9.34326091E-06  1.36770463E-04  7.84812345E-05
netwon/GMRES   2  44  1.39434761E-10  3.73634157E-08  7.79667136E-05
netwon/GMRES   3  40  1.51719686E-16  1.61654304E-13  7.79667138E-05
Update computed in 3 newton steps using 127 function evaluations
Stepping:   1.00000000E+01
--residual--   0   0  1.36749976E-05
netwon/GMRES   1  41  8.86192525E-06  1.30949874E-04  7.25448208E-05
netwon/GMRES   2  43  1.26320259E-10  3.41714522E-08  7.20760841E-05
netwon/GMRES   3  40  1.18542681E-16  1.32560625E-13  7.20760843E-05
Update computed in 3 newton steps using 125 function evaluations
Stepping:   1.00000000E+01
--residual--   0   0  1.30931095E-05
netwon/GMRES   1  41  8.41550436E-06  1.25681337E-04  6.73437153E-05
netwon/GMRES   2  43  1.14740284E-10  3.13947807E-08  6.69149303E-05
netwon/GMRES   3  40  1.38969454E-16  1.12156281E-13  6.69149305E-05
Update computed in 3 newton steps using 125 function evaluations
Stepping:   1.00000000E+01
--residual--   0   0  1.25664060E-05
netwon/GMRES   1  40  8.00128980E-06  1.20888048E-04  6.27551733E-05
netwon/GMRES   2  42  1.04492079E-10  2.89622678E-08  6.23614591E-05
netwon/GMRES   3  40  1.29515149E-16  9.74724030E-14  6.23614593E-05
Update computed in 3 newton steps using 123 function evaluations
Stepping:   1.00000000E+01
--residual--   0   0  1.20872101E-05
netwon/GMRES   1  40  7.61663572E-06  1.16506934E-04  5.86814571E-05
netwon/GMRES   2  41  9.53968521E-11  2.68175968E-08  5.83186995E-05
netwon/GMRES   3  40  1.15205763E-16  8.30639973E-14  5.83186997E-05
Update computed in 3 newton steps using 122 function evaluations
Stepping:   2.00000000E+01
--residual--   0   0  2.32984339E-05
netwon/GMRES   1  41  5.65116073E-05  4.34825314E-04  2.09166354E-04
netwon/GMRES   2  42  4.14320068E-09  3.32602207E-07  2.06716837E-04
netwon/GMRES   3  38  2.18300846E-16  5.53805268E-12  2.06716843E-04
Update computed in 3 newton steps using 122 function evaluations
Stepping:   2.00000000E+01
--residual--   0   0  2.17316203E-05
netwon/GMRES   1  41  5.17333905E-05  4.08079830E-04  1.86072572E-04
netwon/GMRES   2  42  3.51085162E-09  2.88527599E-07  1.83951520E-04
netwon/GMRES   3  37  2.82049107E-16  4.14627039E-12  1.83951525E-04
Update computed in 3 newton steps using 121 function evaluations
Stepping:   2.00000000E+01
--residual--   0   0  2.03955541E-05
netwon/GMRES   1  41  4.74695906E-05  3.84977995E-04  1.67010826E-04
netwon/GMRES   2  41  2.99130874E-09  2.52667699E-07  1.65158130E-04
netwon/GMRES   3  37  2.17070649E-16  3.16153570E-12  1.65158133E-04
Update computed in 3 newton steps using 120 function evaluations
Stepping:   2.00000000E+01
--residual--   0   0  1.92414584E-05
netwon/GMRES   1  41  4.37020203E-05  3.64800635E-04  1.51041585E-04
netwon/GMRES   2  41  2.56570736E-09  2.23147247E-07  1.49410538E-04
netwon/GMRES   3  37  2.76372857E-16  2.46540555E-12  1.49410540E-04
Update computed in 3 newton steps using 120 function evaluations
Stepping:   2.00000000E+01
--residual--   0   0  1.82334225E-05
netwon/GMRES   1  41  4.03702598E-05  3.47006529E-04  1.37490043E-04
netwon/GMRES   2  41  2.21515984E-09  1.98556216E-07  1.36043953E-04
netwon/GMRES   3  37  2.52106419E-16  1.95255196E-12  1.36043955E-04
Update computed in 3 newton steps using 120 function evaluations
Stepping:   2.00000000E+01
--residual--   0   0  1.73444199E-05
netwon/GMRES   1  41  3.74129755E-05  3.31180485E-04  1.25860775E-04
netwon/GMRES   2  41  1.92429130E-09  1.77843713E-07  1.24570624E-04
netwon/GMRES   3  37  2.59655029E-16  1.56764877E-12  1.24570625E-04
Update computed in 3 newton steps using 120 function evaluations
Stepping:   2.00000000E+01
--residual--   0   0  1.65537167E-05
netwon/GMRES   1  41  3.47767310E-05  3.16998672E-04  1.15782649E-04
netwon/GMRES   2  41  1.68112467E-09  1.60223081E-07  1.14625226E-04
netwon/GMRES   3  37  2.84646804E-16  1.27418254E-12  1.14625227E-04
Update computed in 3 newton steps using 120 function evaluations
Stepping:   2.00000000E+01
--residual--   0   0  1.58451409E-05
netwon/GMRES   1  40  3.24166247E-05  3.04204832E-04  1.06972797E-04
netwon/GMRES   2  40  1.47639098E-09  1.45098756E-07  1.05929317E-04
netwon/GMRES   3  37  1.68150440E-16  1.05330398E-12  1.05929318E-04
Update computed in 3 newton steps using 118 function evaluations
Stepping:   2.00000000E+01
--residual--   0   0  1.52058950E-05
netwon/GMRES   1  40  3.02951627E-05  2.92593574E-04  9.92123008E-05
netwon/GMRES   2  39  1.30285663E-09  1.32013930E-07  9.82673864E-05
netwon/GMRES   3  37  2.32912581E-16  8.68526500E-13  9.82673870E-05
Update computed in 3 newton steps using 117 function evaluations
Stepping:   2.00000000E+01
--residual--   0   0  1.46257212E-05
netwon/GMRES   1  40  2.83809667E-05  2.81998395E-04  9.23293714E-05
netwon/GMRES   2  39  1.15486152E-09  1.20613201E-07  9.14703056E-05
netwon/GMRES   3  37  3.88105021E-16  7.28009392E-13  9.14703061E-05
Update computed in 3 newton steps using 117 function evaluations
Stepping:   2.00000000E+01
--residual--   0   0  1.40963037E-05
netwon/GMRES   1  40  2.66476491E-05  2.72282925E-04  8.61874922E-05
netwon/GMRES   2  39  1.02792407E-09  1.10616681E-07  8.54036592E-05
netwon/GMRES   3  37  2.21374479E-16  6.15515955E-13  8.54036596E-05
Update computed in 3 newton steps using 117 function evaluations
Stepping:   2.00000000E+01
--residual--   0   0  1.36108315E-05
netwon/GMRES   1  40  2.50729022E-05  2.63334435E-04  8.06769109E-05
netwon/GMRES   2  39  9.18467297E-10  1.01801285E-07  7.99593728E-05
netwon/GMRES   3  37  1.69213808E-16  5.24638295E-13  7.99593731E-05
Update computed in 3 newton steps using 117 function evaluations
Stepping:   2.00000000E+01
--residual--   0   0  1.31636743E-05
netwon/GMRES   1  40  2.36377679E-05  2.55058951E-04  7.57084423E-05
netwon/GMRES   2  39  8.23614715E-10  9.39872560E-08  7.50496160E-05
netwon/GMRES   3  37  2.23068934E-16  4.50591395E-13  7.50496163E-05
Update computed in 3 newton steps using 117 function evaluations
Stepping:   2.00000000E+01
--residual--   0   0  1.27501382E-05
netwon/GMRES   1  39  2.23260521E-05  2.47377519E-04  7.12088946E-05
netwon/GMRES   2  39  7.41036377E-10  8.70283190E-08  7.06023010E-05
netwon/GMRES   3  37  2.50497855E-16  3.89762987E-13  7.06023013E-05
Update computed in 3 newton steps using 116 function evaluations
Stepping:   2.00000000E+01
--residual--   0   0  1.23662798E-05
netwon/GMRES   1  39  2.11238562E-05  2.40223331E-04  6.71176480E-05
netwon/GMRES   2  39  6.68831995E-10  8.08042849E-08  6.65577165E-05
netwon/GMRES   3  37  2.59910052E-16  3.39407389E-13  6.65577167E-05
Update computed in 3 newton steps using 116 function evaluations
Stepping:   2.00000000E+01
--residual--   0   0  1.20087617E-05
netwon/GMRES   1  39  2.00191955E-05  2.33539475E-04  6.33840690E-05
netwon/GMRES   2  39  6.05441435E-10  7.52156605E-08  6.28659816E-05
netwon/GMRES   3  37  2.07951547E-16  2.97416692E-13  6.28659818E-05
Update computed in 3 newton steps using 116 function evaluations
Stepping:   2.00000000E+01
--residual--   0   0  1.16747414E-05
netwon/GMRES   1  39  1.90016912E-05  2.27277170E-04  5.99655319E-05
netwon/GMRES   2  39  5.49576133E-10  7.01793923E-08  5.94850998E-05
netwon/GMRES   3  37  3.41273479E-16  2.62158626E-13  5.94850999E-05
Update computed in 3 newton steps using 116 function evaluations
Stepping:   2.00000000E+01
--residual--   0   0  1.13617822E-05
netwon/GMRES   1  39  1.80623185E-05  2.21394363E-04  5.68258913E-05
netwon/GMRES   2  39  5.00165909E-10  6.56256728E-08  5.63794546E-05
netwon/GMRES   3  37  2.65538378E-16  2.32359547E-13  5.63794547E-05
Update computed in 3 newton steps using 116 function evaluations
Stepping:   2.00000000E+01
--residual--   0   0  1.10677833E-05
netwon/GMRES   1  39  1.71931984E-05  2.15854598E-04  5.39342903E-05
netwon/GMRES   2  39  4.56317052E-10  6.14954455E-08  5.35186370E-05
netwon/GMRES   3  37  2.19327317E-16  2.07010452E-13  5.35186371E-05
Update computed in 3 newton steps using 116 function evaluations
Stepping:   5.00000000E+01
--residual--   0   0  2.69773094E-05
netwon/GMRES   1  39  2.47014511E-04  1.26932917E-03  3.02791203E-04
netwon/GMRES   2  38  4.87902664E-08  1.80130733E-06  2.97329512E-04
netwon/GMRES   3  37  5.58407765E-16  4.39533305E-11  2.97329515E-04
netwon/GMRES   4  38  4.57549401E-16  5.27775179E-17  2.97329515E-04
Update computed in 4 newton steps using 153 function evaluations
Stepping:   5.00000000E+01
--residual--   0   0  2.53641217E-05
netwon/GMRES   1  39  2.21387167E-04  1.19888878E-03  2.68151533E-04
netwon/GMRES   2  38  3.96576533E-08  1.53655891E-06  2.63509379E-04
netwon/GMRES   3  36  8.90006197E-16  3.18302532E-11  2.63509380E-04
netwon/GMRES   4  38  5.15643944E-16  1.40506473E-17  2.63509380E-04
Update computed in 4 newton steps using 152 function evaluations
Stepping:   5.00000000E+01
--residual--   0   0  2.39585203E-05
netwon/GMRES   1  38  1.99393357E-04  1.13683190E-03  2.39286742E-04
netwon/GMRES   2  37  3.25173035E-08  1.32190905E-06  2.35309377E-04
netwon/GMRES   3  35  6.29541848E-16  2.35919369E-11  2.35309377E-04
netwon/GMRES   4  38  7.32557872E-16  2.30472683E-17  2.35309377E-04
Update computed in 4 newton steps using 149 function evaluations
Stepping:   5.00000000E+01
--residual--   0   0  2.27200073E-05
netwon/GMRES   1  39  1.80590206E-04  1.08163965E-03  2.14948442E-04
netwon/GMRES   2  37  2.69205240E-08  1.14695808E-06  2.11513278E-04
netwon/GMRES   3  35  7.11681506E-16  1.79809357E-11  2.11513277E-04
netwon/GMRES   4  37  3.52224151E-16  1.14584282E-17  2.11513277E-04
Update computed in 4 newton steps using 149 function evaluations
Stepping:   5.00000000E+01
--residual--   0   0  2.16183284E-05
netwon/GMRES   1  39  1.64407320E-04  1.03215281E-03  1.94219157E-04
netwon/GMRES   2  37  2.24850527E-08  1.00288069E-06  1.91230601E-04
netwon/GMRES   3  35  8.06433166E-16  1.39685627E-11  1.91230601E-04
netwon/GMRES   4  39  2.62216510E-16  1.29223926E-17  1.91230601E-04
Update computed in 4 newton steps using 151 function evaluations
Stepping:   5.00000000E+01
--residual--   0   0  2.06303956E-05
netwon/GMRES   1  39  1.50379132E-04  9.87469555E-04  1.76407422E-04
netwon/GMRES   2  37  1.89313397E-08  8.83045343E-07  1.73790291E-04
netwon/GMRES   3  35  9.44056930E-16  1.10444559E-11  1.73790290E-04
netwon/GMRES   4  39  5.53703598E-16  8.05581499E-18  1.73790290E-04
Update computed in 4 newton steps using 151 function evaluations
Stepping:   5.00000000E+01
--residual--   0   0  1.97382456E-05
netwon/GMRES   1  39  1.38137589E-04  9.46876401E-04  1.60982511E-04
netwon/GMRES   2  37  1.60555478E-08  7.82473701E-07  1.58676972E-04
netwon/GMRES   3  35  8.19266917E-16  8.87072614E-12  1.58676972E-04
Update computed in 3 newton steps using 112 function evaluations
Stepping:   5.00000000E+01
--residual--   0   0  1.89276645E-05
netwon/GMRES   1  39  1.27389923E-04  9.09800374E-04  1.47530863E-04
netwon/GMRES   2  37  1.37071403E-08  6.97380021E-07  1.45488785E-04
netwon/GMRES   3  35  6.81416379E-16  7.22500626E-12  1.45488784E-04
Update computed in 3 newton steps using 112 function evaluations
Stepping:   5.00000000E+01
--residual--   0   0  1.81872364E-05
netwon/GMRES   1  38  1.17900976E-04  8.75775224E-04  1.35725920E-04
netwon/GMRES   2  37  1.17734502E-08  6.24847701E-07  1.33908200E-04
netwon/GMRES   3  35  5.78131224E-16  5.95968921E-12  1.33908199E-04
Update computed in 3 newton steps using 111 function evaluations
Stepping:   5.00000000E+01
--residual--   0   0  1.75076700E-05
netwon/GMRES   1  38  1.09480106E-04  8.44417057E-04  1.25306764E-04
netwon/GMRES   2  37  1.01691075E-08  5.62601978E-07  1.23681353E-04
netwon/GMRES   3  35  7.76017011E-16  4.97311537E-12  1.23681352E-04
Update computed in 3 newton steps using 111 function evaluations
Stepping:   5.00000000E+01
--residual--   0   0  1.68813145E-05
netwon/GMRES   1  38  1.01971438E-04  8.15406444E-04  1.16062713E-04
netwon/GMRES   2  37  8.82869120E-09  5.08850453E-07  1.14603131E-04
netwon/GMRES   3  35  5.96114892E-16  4.19354066E-12  1.14603130E-04
Update computed in 3 newton steps using 111 function evaluations
Stepping:   5.00000000E+01
--residual--   0   0  1.63018026E-05
netwon/GMRES   1  38  9.52465236E-05  7.88475071E-04  1.07822019E-04
netwon/GMRES   2  37  7.70154582E-09  4.62166207E-07  1.06506223E-04
netwon/GMRES   3  35  7.52114384E-16  3.56970502E-12  1.06506223E-04
Update computed in 3 newton steps using 111 function evaluations
Stepping:   5.00000000E+01
--residual--   0   0  1.57637855E-05
netwon/GMRES   1  38  8.91987537E-05  7.63395627E-04  1.00443461E-04
netwon/GMRES   2  37  6.74806940E-09  4.21403227E-07  9.92529778E-05
netwon/GMRES   3  35  6.36898306E-16  3.06456617E-12  9.92529773E-05
Update computed in 3 newton steps using 111 function evaluations
Stepping:   5.00000000E+01
--residual--   0   0  1.52627309E-05
netwon/GMRES   1  37  8.37390502E-05  7.39974046E-04  9.38099943E-05
netwon/GMRES   2  37  5.93702515E-09  3.85632835E-07  9.27292462E-05
netwon/GMRES   3  35  7.47974288E-16  2.65104486E-12  9.27292457E-05
Update computed in 3 newton steps using 110 function evaluations
Stepping:   5.00000000E+01
--residual--   0   0  1.47947690E-05
netwon/GMRES   1  38  7.87925212E-05  7.18043478E-04  8.78239202E-05
netwon/GMRES   2  37  5.24357135E-09  3.54098465E-07  8.68396888E-05
netwon/GMRES   3  34  5.69502795E-16  2.30909642E-12  8.68396884E-05
Update computed in 3 newton steps using 110 function evaluations
Stepping:   5.00000000E+01
--residual--   0   0  1.43565723E-05
netwon/GMRES   1  38  7.42958399E-05  6.97459548E-04  8.24031346E-05
netwon/GMRES   2  37  4.64779896E-09  3.26177589E-07  8.15041461E-05
netwon/GMRES   3  34  5.07922612E-16  2.02370593E-12  8.15041457E-05
Update computed in 3 newton steps using 110 function evaluations
Stepping:   5.00000000E+01
--residual--   0   0  1.39452611E-05
netwon/GMRES   1  38  7.01951659E-05  6.78096593E-04  7.74782180E-05
netwon/GMRES   2  37  4.13363976E-09  3.01355131E-07  7.66548077E-05
netwon/GMRES   3  34  5.54356752E-16  1.78349580E-12  7.66548074E-05
Update computed in 3 newton steps using 110 function evaluations
Stepping:   5.00000000E+01
--residual--   0   0  1.35583287E-05
netwon/GMRES   1  38  6.64444938E-05  6.59844645E-04  7.29901413E-05
netwon/GMRES   2  37  3.68803745E-09  2.79202643E-07  7.22339842E-05
netwon/GMRES   3  34  6.03413174E-16  1.57974562E-12  7.22339839E-05
Update computed in 3 newton steps using 110 function evaluations
Stepping:   5.00000000E+01
--residual--   0   0  1.31935812E-05
netwon/GMRES   1  38  6.30043255E-05  6.42606993E-04  6.88884435E-05
netwon/GMRES   2  36  3.30045511E-09  2.59361469E-07  6.81923362E-05
netwon/GMRES   3  34  5.71214204E-16  1.40840613E-12  6.81923360E-05
Update computed in 3 newton steps using 109 function evaluations
Stepping:   5.00000000E+01
--residual--   0   0  1.28490890E-05
netwon/GMRES   1  38  5.98405977E-05  6.26298187E-04  6.51297744E-05
netwon/GMRES   2  35  2.96148322E-09  2.41529777E-07  6.44874582E-05
netwon/GMRES   3  34  7.06370617E-16  1.25305483E-12  6.44874580E-05
Update computed in 3 newton steps using 108 function evaluations
Stepping:   5.00000000E+01
--residual--   0   0  1.25231471E-05
netwon/GMRES   1  38  5.69238103E-05  6.10842413E-04  6.16767203E-05
netwon/GMRES   2  36  2.66462294E-09  2.25452271E-07  6.10827352E-05
netwon/GMRES   3  33  6.87578758E-16  1.12468252E-12  6.10827351E-05
Update computed in 3 newton steps using 108 function evaluations
Stepping:   5.00000000E+01
--residual--   0   0  1.22142424E-05
netwon/GMRES   1  37  5.42283125E-05  5.96172129E-04  5.84968498E-05
netwon/GMRES   2  37  2.40385082E-09  2.10911854E-07  5.79464158E-05
netwon/GMRES   3  33  7.22116531E-16  1.01327755E-12  5.79464156E-05
Update computed in 3 newton steps using 108 function evaluations
Stepping:   1.00000000E+02
--residual--   0   0  2.38420541E-05
netwon/GMRES   1  38  4.03861815E-04  2.27478172E-03  2.14654439E-04
netwon/GMRES   2  37  6.95081737E-08  2.58904482E-06  2.10817012E-04
netwon/GMRES   3  35  1.47634736E-15  4.41155660E-11  2.10817010E-04
netwon/GMRES   4  37  1.14515305E-15  4.48935808E-17  2.10817010E-04
Update computed in 4 newton steps using 148 function evaluations
Stepping:   1.00000000E+02
--residual--   0   0  2.27317947E-05
netwon/GMRES   1  38  3.69754468E-04  2.17404713E-03  1.94339463E-04
netwon/GMRES   2  37  5.74764823E-08  2.26544281E-06  1.91009612E-04
netwon/GMRES   3  35  1.38664836E-15  3.50196865E-11  1.91009610E-04
netwon/GMRES   4  37  9.73800183E-16  3.42575564E-17  1.91009610E-04
Update computed in 4 newton steps using 148 function evaluations
Stepping:   1.00000000E+02
--residual--   0   0  2.17265285E-05
netwon/GMRES   1  38  3.39944128E-04  2.08237339E-03  1.76859525E-04
netwon/GMRES   2  37  4.78612469E-08  1.99501239E-06  1.73949720E-04
netwon/GMRES   3  35  1.44429083E-15  2.81957319E-11  1.73949718E-04
netwon/GMRES   4  37  8.18499982E-16  3.14585386E-17  1.73949718E-04
Update computed in 4 newton steps using 148 function evaluations
Stepping:   1.00000000E+02
--residual--   0   0  2.08115277E-05
netwon/GMRES   1  38  3.13792683E-04  1.99854986E-03  1.61703869E-04
netwon/GMRES   2  36  4.01371751E-08  1.76820851E-06  1.59145390E-04
netwon/GMRES   3  35  1.58716658E-15  2.30180211E-11  1.59145388E-04
netwon/GMRES   4  36  1.18702529E-15  2.35438094E-17  1.59145388E-04
Update computed in 4 newton steps using 146 function evaluations
Stepping:   1.00000000E+02
--residual--   0   0  1.99747524E-05
netwon/GMRES   1  38  2.90711205E-04  1.92157764E-03  1.48474050E-04
netwon/GMRES   2  36  3.38805278E-08  1.57646836E-06  1.46211788E-04
netwon/GMRES   3  35  1.53017255E-15  1.89866435E-11  1.46211786E-04
netwon/GMRES   4  36  1.39598773E-15  2.02189488E-17  1.46211786E-04
Update computed in 4 newton steps using 146 function evaluations
Stepping:   1.00000000E+02
--residual--   0   0  1.92062663E-05
netwon/GMRES   1  38  2.70223442E-04  1.85062449E-03  1.36853996E-04
netwon/GMRES   2  36  2.87719743E-08  1.41314752E-06  1.34843313E-04
netwon/GMRES   3  34  1.82594920E-15  1.58208662E-11  1.34843311E-04
netwon/GMRES   4  37  8.32695389E-16  2.99932245E-17  1.34843311E-04
Update computed in 4 newton steps using 146 function evaluations
Stepping:   1.00000000E+02
--residual--   0   0  1.84977884E-05
netwon/GMRES   1  38  2.51942968E-04  1.78499087E-03  1.26590227E-04
netwon/GMRES   2  36  2.45703175E-08  1.27306797E-06  1.24794638E-04
netwon/GMRES   3  34  1.17551058E-15  1.33026597E-11  1.24794636E-04
netwon/GMRES   4  37  1.33110298E-15  2.19020458E-17  1.24794636E-04
Update computed in 4 newton steps using 146 function evaluations
Stepping:   1.00000000E+02
--residual--   0   0  1.78423557E-05
netwon/GMRES   1  38  2.35553604E-04  1.72408403E-03  1.17477502E-04
netwon/GMRES   2  36  2.10911710E-08  1.15215282E-06  1.15866943E-04
netwon/GMRES   3  34  1.51116171E-15  1.12761459E-11  1.15866942E-04
netwon/GMRES   4  37  1.20429899E-15  1.53930578E-17  1.15866942E-04
Update computed in 4 newton steps using 146 function evaluations
Stepping:   1.00000000E+02
--residual--   0   0  1.72340664E-05
netwon/GMRES   1  38  2.20794588E-04  1.66739801E-03  1.09348173E-04
netwon/GMRES   2  36  1.81922000E-08  1.04716114E-06  1.07897688E-04
netwon/GMRES   3  34  1.55631256E-15  9.62811222E-12  1.07897687E-04
Update computed in 3 newton steps using 109 function evaluations
Stepping:   1.00000000E+02
--residual--   0   0  1.66678816E-05
netwon/GMRES   1  38  2.07449273E-04  1.61449806E-03  1.02064190E-04
netwon/GMRES   2  36  1.57625335E-08  9.55493681E-07  1.00752918E-04
netwon/GMRES   3  34  9.74423954E-16  8.27506358E-12  1.00752917E-04
Update computed in 3 newton steps using 109 function evaluations
Stepping:   1.00000000E+02
--residual--   0   0  1.61394706E-05
netwon/GMRES   1  38  1.95336431E-04  1.56500833E-03  9.55110225E-05
netwon/GMRES   2  36  1.37150881E-08  8.75048708E-07  9.43214143E-05
netwon/GMRES   3  34  1.23512911E-15  7.15460139E-12  9.43214135E-05
Update computed in 3 newton steps using 109 function evaluations
Stepping:   1.00000000E+02
--residual--   0   0  1.56450881E-05
netwon/GMRES   1  38  1.84303482E-04  1.51860203E-03  8.95929948E-05
netwon/GMRES   2  36  1.19809269E-08  8.04113911E-07  8.85101996E-05
netwon/GMRES   3  34  1.60004528E-15  6.21945986E-12  8.85101989E-05
Update computed in 3 newton steps using 109 function evaluations
Stepping:   1.00000000E+02
--residual--   0   0  1.51814777E-05
netwon/GMRES   1  38  1.74221195E-04  1.47499359E-03  8.42296687E-05
netwon/GMRES   2  36  1.05050804E-08  7.41284345E-07  8.32410492E-05
netwon/GMRES   3  33  1.23197396E-15  5.43340240E-12  8.32410485E-05
Update computed in 3 newton steps using 108 function evaluations
Stepping:   1.00000000E+02
--residual--   0   0  1.47457927E-05
netwon/GMRES   1  37  1.64979495E-04  1.43393225E-03  7.93530122E-05
netwon/GMRES   2  36  9.24341796E-09  6.85399846E-07  7.84477583E-05
netwon/GMRES   3  33  1.09040646E-15  4.76835168E-12  7.84477578E-05
Update computed in 3 newton steps using 107 function evaluations
Stepping:   1.00000000E+02
--residual--   0   0  1.43355330E-05
netwon/GMRES   1  37  1.56484123E-04  1.39519684E-03  7.49051639E-05
netwon/GMRES   2  36  8.16028383E-09  6.35495708E-07  7.40739849E-05
netwon/GMRES   3  33  1.01471685E-15  4.20231908E-12  7.40739844E-05
Update computed in 3 newton steps using 107 function evaluations
Stepping:   1.00000000E+02
--residual--   0   0  1.39484932E-05
netwon/GMRES   1  37  1.48653963E-04  1.35859145E-03  7.08366580E-05
netwon/GMRES   2  35  7.22655402E-09  5.90766205E-07  7.00715311E-05
netwon/GMRES   3  33  9.51049996E-16  3.74007464E-12  7.00715307E-05
Update computed in 3 newton steps using 106 function evaluations
Stepping:   1.00000000E+02
--residual--   0   0  1.35827197E-05
netwon/GMRES   1  37  1.41418875E-04  1.32394192E-03  6.71049979E-05
netwon/GMRES   2  35  6.41883810E-09  5.50533955E-07  6.63989659E-05
netwon/GMRES   3  33  1.01330979E-15  3.32030361E-12  6.63989655E-05
Update computed in 3 newton steps using 106 function evaluations
Stepping:   1.00000000E+02
--residual--   0   0  1.32364753E-05
netwon/GMRES   1  37  1.34717945E-04  1.29109284E-03  6.36735072E-05
netwon/GMRES   2  35  5.71750465E-09  5.14226786E-07  6.30205124E-05
netwon/GMRES   3  33  5.06955912E-16  2.95753694E-12  6.30205121E-05
Update computed in 3 newton steps using 106 function evaluations
Stepping:   1.00000000E+02
--residual--   0   0  1.29082097E-05
netwon/GMRES   1  37  1.28498042E-04  1.25990506E-03  6.05103960E-05
netwon/GMRES   2  35  5.10647233E-09  4.81358994E-07  5.99051435E-05
netwon/GMRES   3  33  1.35872873E-15  2.64270020E-12  5.99051433E-05
Update computed in 3 newton steps using 106 function evaluations
Stepping:   1.00000000E+02
--residual--   0   0  1.25965345E-05
netwon/GMRES   1  37  1.22712642E-04  1.23025361E-03  5.75879975E-05
netwon/GMRES   2  35  4.57239724E-09  4.51516405E-07  5.70258425E-05
netwon/GMRES   3  33  1.03374752E-15  2.36838270E-12  5.70258423E-05
Update computed in 3 newton steps using 106 function evaluations
Stepping:   1.00000000E+02
--residual--   0   0  1.23002028E-05
netwon/GMRES   1  36  1.17320852E-04  1.20202588E-03  5.48821404E-05
netwon/GMRES   2  35  4.10415381E-09  4.24344327E-07  5.43589943E-05
netwon/GMRES   3  33  1.29561648E-15  2.12847392E-12  5.43589941E-05
Update computed in 3 newton steps using 105 function evaluations
Stepping:   1.00000000E+02
--residual--   0   0  1.20180910E-05
netwon/GMRES   1  36  1.12286601E-04  1.17512017E-03  5.23716307E-05
netwon/GMRES   2  35  3.69242541E-09  3.99537561E-07  5.18838828E-05
netwon/GMRES   3  33  9.87094246E-16  1.91791693E-12  5.18838826E-05
Update computed in 3 newton steps using 105 function evaluations
Stepping:   1.00000000E+02
--residual--   0   0  1.17491839E-05
netwon/GMRES   1  36  1.07577960E-04  1.14944434E-03  5.00378210E-05
netwon/GMRES   2  35  3.32938227E-09  3.76832757E-07  4.95822726E-05
netwon/GMRES   3  33  1.10113728E-15  1.73251099E-12  4.95822724E-05
Update computed in 3 newton steps using 105 function evaluations
Stepping:   1.00000000E+02
--residual--   0   0  1.14925619E-05
netwon/GMRES   1  36  1.03166574E-04  1.12491471E-03  4.78642504E-05
netwon/GMRES   2  35  3.00841381E-09  3.56001619E-07  4.74380595E-05
netwon/GMRES   3  33  1.08552458E-15  1.56873601E-12  4.74380593E-05
Update computed in 3 newton steps using 105 function evaluations
Stepping:   1.00000000E+02
--residual--   0   0  1.12473898E-05
netwon/GMRES   1  36  9.90271907E-05  1.10145511E-03  4.58363434E-05
netwon/GMRES   2  35  2.72392127E-09  3.36845583E-07  4.54369777E-05
netwon/GMRES   3  33  1.02962424E-15  1.42363932E-12  4.54369775E-05
Update computed in 3 newton steps using 105 function evaluations
Stepping:   1.00000000E+02
--residual--   0   0  1.10129072E-05
netwon/GMRES   1  36  9.51372482E-05  1.07899605E-03  4.39411553E-05
netwon/GMRES   2  34  2.47112516E-09  3.19191363E-07  4.35663525E-05
netwon/GMRES   3  33  9.68834704E-16  1.29249553E-12  4.35663524E-05
Update computed in 3 newton steps using 104 function evaluations
Stepping:   1.00000000E+02
--residual--   0   0  1.07884204E-05
netwon/GMRES   1  36  9.14765362E-05  1.05747400E-03  4.21671577E-05
netwon/GMRES   2  34  2.24600461E-09  3.02887220E-07  4.18148915E-05
netwon/GMRES   3  33  6.85414229E-16  1.17792336E-12  4.18148914E-05
Update computed in 3 newton steps using 104 function evaluations
Stepping:   1.00000000E+02
--residual--   0   0  1.05732950E-05
netwon/GMRES   1  36  8.80269016E-05  1.03683074E-03  4.05040557E-05
netwon/GMRES   2  34  2.04506432E-09  2.87799885E-07  4.01725067E-05
netwon/GMRES   3  33  8.80492226E-16  1.07558262E-12  4.01725066E-05
Update computed in 3 newton steps using 104 function evaluations
Stepping:   1.00000000E+02
--residual--   0   0  1.03669497E-05
netwon/GMRES   1  36  8.47719977E-05  1.01701283E-03  3.89426325E-05
netwon/GMRES   2  34  1.86532137E-09  2.73811951E-07  3.86301632E-05
netwon/GMRES   3  33  1.06863503E-15  9.83952359E-13  3.86301631E-05
Update computed in 3 newton steps using 104 function evaluations
Stepping:   1.00000000E+02
--residual--   0   0  1.01688510E-05
netwon/GMRES   1  36  8.16970686E-05  9.97971120E-04  3.74746159E-05
netwon/GMRES   2  34  1.70420716E-09  2.60819693E-07  3.71797493E-05
netwon/GMRES   3  33  1.41234575E-15  9.01723137E-13  3.71797492E-05
Update computed in 3 newton steps using 104 function evaluations
Stepping:   1.00000000E+02
--residual--   0   0  9.97850790E-06
netwon/GMRES   1  36  7.87887641E-05  9.79660321E-04  3.60925645E-05
netwon/GMRES   2  34  1.55950386E-09  2.48731218E-07  3.58139655E-05
netwon/GMRES   3  33  9.91163786E-16  8.27771260E-13  3.58139654E-05
Update computed in 3 newton steps using 104 function evaluations
Stepping:   1.00000000E+02
--residual--   0   0  9.79546825E-06
netwon/GMRES   1  36  7.60349784E-05  9.62038640E-04  3.47897689E-05
netwon/GMRES   2  34  1.42929133E-09  2.37464901E-07  3.45262279E-05
netwon/GMRES   3  33  8.72059610E-16  7.61123294E-13  3.45262279E-05
Update computed in 3 newton steps using 104 function evaluations
Stepping:   1.00000000E+02
--residual--   0   0  9.61931462E-06
netwon/GMRES   1  36  7.34247116E-05  9.45067438E-04  3.35601668E-05
netwon/GMRES   2  34  1.31190230E-09  2.26948052E-07  3.33105860E-05
netwon/GMRES   3  33  1.23174292E-15  7.00940213E-13  3.33105860E-05
Update computed in 3 newton steps using 104 function evaluations
Stepping:   1.00000000E+02
--residual--   0   0  9.44966111E-06
netwon/GMRES   1  36  7.09479475E-05  9.28710943E-04  3.23982689E-05
netwon/GMRES   2  34  1.20588556E-09  2.17115783E-07  3.21616502E-05
netwon/GMRES   3  32  1.49602697E-15  6.46490114E-13  3.21616501E-05
Update computed in 3 newton steps using 103 function evaluations
Stepping:   1.00000000E+02
--residual--   0   0  9.28615041E-06
netwon/GMRES   1  36  6.85955487E-05  9.12935979E-04  3.12990955E-05
netwon/GMRES   2  34  1.10997560E-09  2.07910030E-07  3.10745293E-05
netwon/GMRES   3  32  1.18553282E-15  5.97135782E-13  3.10745292E-05
Update computed in 3 newton steps using 103 function evaluations
Stepping:   1.00000000E+02
--residual--   0   0  9.12845115E-06
netwon/GMRES   1  36  6.63591636E-05  8.97711742E-04  3.02581200E-05
netwon/GMRES   2  34  1.02306482E-09  1.99278719E-07  3.00447762E-05
netwon/GMRES   3  32  1.42981085E-15  5.52321957E-13  3.00447761E-05
Update computed in 3 newton steps using 103 function evaluations
Stepping:   1.00000000E+02
--residual--   0   0  8.97625563E-06
netwon/GMRES   1  36  6.42311449E-05  8.83009584E-04  2.92712204E-05
netwon/GMRES   2  34  9.44183359E-10  1.91175052E-07  2.90683400E-05
netwon/GMRES   3  32  1.13340973E-15  5.11561410E-13  2.90683399E-05
Update computed in 3 newton steps using 103 function evaluations
Stepping:   1.00000000E+02
--residual--   0   0  8.82927767E-06
netwon/GMRES   1  36  6.22044789E-05  8.68802831E-04  2.83346362E-05
netwon/GMRES   2  34  8.72478053E-10  1.83556870E-07  2.81415244E-05
netwon/GMRES   3  32  1.20340361E-15  4.74426488E-13  2.81415243E-05
Update computed in 3 newton steps using 103 function evaluations
Stepping:   1.00000000E+02
--residual--   0   0  8.68725081E-06
netwon/GMRES   1  36  6.02727216E-05  8.55066612E-04  2.74449312E-05
netwon/GMRES   2  34  8.07199619E-10  1.76386133E-07  2.72609506E-05
netwon/GMRES   3  32  1.46615454E-15  4.40543349E-13  2.72609506E-05
Update computed in 3 newton steps using 103 function evaluations
Stepping:   1.00000000E+02
--residual--   0   0  8.54992657E-06
netwon/GMRES   1  36  5.84299436E-05  8.41777708E-04  2.65989604E-05
netwon/GMRES   2  34  7.47685293E-10  1.69628435E-07  2.64235254E-05
netwon/GMRES   3  32  1.58489122E-15  4.09577624E-13  2.64235254E-05
Update computed in 3 newton steps using 103 function evaluations
Stepping:   1.00000000E+02
--residual--   0   0  8.41707301E-06
netwon/GMRES   1  36  5.66706804E-05  8.28914419E-04  2.57938402E-05
netwon/GMRES   2  34  6.93349563E-10  1.63252609E-07  2.56264123E-05
netwon/GMRES   3  32  9.20920279E-16  3.81235484E-13  2.56264123E-05
Update computed in 3 newton steps using 103 function evaluations
Stepping:   1.00000000E+02
--residual--   0   0  8.28847331E-06
netwon/GMRES   1  36  5.49898885E-05  8.16456440E-04  2.50269233E-05
netwon/GMRES   2  34  6.43675249E-10  1.57230362E-07  2.48670063E-05
netwon/GMRES   3  32  1.56637805E-15  3.55260912E-13  2.48670062E-05
Update computed in 3 newton steps using 103 function evaluations
Stepping:   1.00000000E+02
--residual--   0   0  8.16392460E-06
netwon/GMRES   1  36  5.33829066E-05  8.04384747E-04  2.42957755E-05
netwon/GMRES   2  34  5.98202122E-10  1.51535972E-07  2.41429115E-05
netwon/GMRES   3  32  1.28602337E-15  3.31421338E-13  2.41429114E-05
Update computed in 3 newton steps using 103 function evaluations
Stepping:   1.00000000E+02
--residual--   0   0  8.04323683E-06
netwon/GMRES   1  36  5.18454206E-05  7.92681504E-04  2.35981551E-05
netwon/GMRES   2  34  5.56521948E-10  1.46146008E-07  2.34519212E-05
netwon/GMRES   3  32  1.02232700E-15  3.09513360E-13  2.34519212E-05
Update computed in 3 newton steps using 103 function evaluations
Stepping:   1.00000000E+02
--residual--   0   0  7.92623175E-06
netwon/GMRES   1  36  5.03734326E-05  7.81329961E-04  2.29319952E-05
netwon/GMRES   2  34  5.18270678E-10  1.41039094E-07  2.27920003E-05
netwon/GMRES   3  32  7.12035355E-16  2.89352479E-13  2.27920002E-05
Update computed in 3 newton steps using 103 function evaluations
Stepping:   1.00000000E+02
--residual--   0   0  7.81274204E-06
netwon/GMRES   1  36  4.89632328E-05  7.70314384E-04  2.22953874E-05
netwon/GMRES   2  34  4.83124251E-10  1.36195697E-07  2.21612691E-05
netwon/GMRES   3  32  9.07773407E-16  2.70778794E-13  2.21612690E-05
Update computed in 3 newton steps using 103 function evaluations
Stepping:   1.00000000E+02
--residual--   0   0  7.70261045E-06
netwon/GMRES   1  36  4.76113748E-05  7.59619967E-04  2.16865672E-05
netwon/GMRES   2  34  4.50792669E-10  1.31597940E-07  2.15579896E-05
netwon/GMRES   3  32  1.17624793E-15  2.53644767E-13  2.15579895E-05
Update computed in 3 newton steps using 103 function evaluations
Stepping:   1.00000000E+02
--residual--   0   0  7.59568904E-06
netwon/GMRES   1  36  4.63146529E-05  7.49232773E-04  2.11039013E-05
netwon/GMRES   2  34  4.21016430E-10  1.27229435E-07  2.09805525E-05
netwon/GMRES   3  32  7.23126723E-16  2.37821025E-13  2.09805525E-05
Update computed in 3 newton steps using 103 function evaluations
Stepping:   1.00000000E+02
--residual--   0   0  7.49183855E-06
netwon/GMRES   1  36  4.50700818E-05  7.39139666E-04  2.05458761E-05
netwon/GMRES   2  34  3.93563994E-10  1.23075143E-07  2.04274662E-05
netwon/GMRES   3  32  9.15979730E-16  2.23190667E-13  2.04274662E-05
Update computed in 3 newton steps using 103 function evaluations
Stepping:   1.00000000E+02
--residual--   0   0  7.39092772E-06
netwon/GMRES   1  35  4.38748788E-05  7.29328256E-04  2.00110867E-05
netwon/GMRES   2  34  3.68226270E-10  1.19121193E-07  1.98973462E-05
netwon/GMRES   3  32  8.00218585E-16  2.09647889E-13  1.98973462E-05
Update computed in 3 newton steps using 102 function evaluations
Stepping:   1.00000000E+02
--residual--   0   0  7.29283272E-06
netwon/GMRES   1  35  4.27264468E-05  7.19786846E-04  1.94982287E-05
netwon/GMRES   2  34  3.44815539E-10  1.15354947E-07  1.93889061E-05
netwon/GMRES   3  32  1.01678463E-15  1.97098249E-13  1.93889061E-05
Update computed in 3 newton steps using 102 function evaluations
Stepping:   1.00000000E+02
--residual--   0   0  7.19743665E-06
netwon/GMRES   1  35  4.16223597E-05  7.10504381E-04  1.90060885E-05
netwon/GMRES   2  34  3.23163843E-10  1.11764626E-07  1.89009496E-05
netwon/GMRES   3  32  9.81157073E-16  1.85458681E-13  1.89009496E-05
Update computed in 3 newton steps using 102 function evaluations
Stepping:   1.00000000E+02
--residual--   0   0  7.10462907E-06
netwon/GMRES   1  35  4.05603487E-05  7.01470410E-04  1.85335363E-05
netwon/GMRES   2  34  3.03118672E-10  1.08339403E-07  1.84323625E-05
netwon/GMRES   3  32  8.25354926E-16  1.74649945E-13  1.84323625E-05
Update computed in 3 newton steps using 102 function evaluations
Stepping:   1.00000000E+02
--residual--   0   0  7.01430551E-06
netwon/GMRES   1  35  3.95382900E-05  6.92675040E-04  1.80795195E-05
netwon/GMRES   2  34  2.84542943E-10  1.05069273E-07  1.79821064E-05
netwon/GMRES   3  32  1.13416526E-15  1.64603230E-13  1.79821064E-05
Update computed in 3 newton steps using 102 function evaluations
Stepping:   1.00000000E+02
--residual--   0   0  6.92636710E-06
netwon/GMRES   1  35  3.85541939E-05  6.84108903E-04  1.76430558E-05
netwon/GMRES   2  34  2.67312811E-10  1.01944979E-07  1.75492124E-05
netwon/GMRES   3  32  1.20747012E-15  1.55256516E-13  1.75492124E-05
Update computed in 3 newton steps using 102 function evaluations
Stepping:   1.00000000E+02
--residual--   0   0  6.84072021E-06
netwon/GMRES   1  35  3.76061945E-05  6.75763115E-04  1.72232280E-05
netwon/GMRES   2  34  2.51316213E-10  9.89579459E-08  1.71327754E-05
netwon/GMRES   3  32  1.33620260E-15  1.46552860E-13  1.71327754E-05
Update computed in 3 newton steps using 102 function evaluations
Stepping:   1.00000000E+02
--residual--   0   0  6.75727608E-06
netwon/GMRES   1  35  3.66925402E-05  6.67629253E-04  1.68191788E-05
netwon/GMRES   2  34  2.36451503E-10  9.61002226E-08  1.67319494E-05
netwon/GMRES   3  32  1.16296532E-15  1.38439645E-13  1.67319494E-05
Update computed in 3 newton steps using 102 function evaluations
Stepping:   1.00000000E+02
--residual--   0   0  6.67595051E-06
netwon/GMRES   1  35  3.58115858E-05  6.59699319E-04  1.64301062E-05
netwon/GMRES   2  34  2.22626240E-10  9.33644259E-08  1.63459428E-05
netwon/GMRES   3  32  1.21353823E-15  1.30871428E-13  1.63459428E-05
Update computed in 3 newton steps using 102 function evaluations
Stepping:   1.00000000E+02
--residual--   0   0  6.59666357E-06
netwon/GMRES   1  35  3.49617844E-05  6.51965718E-04  1.60552590E-05
netwon/GMRES   2  33  2.09942835E-10  9.07436932E-08  1.59740142E-05
netwon/GMRES   3  31  1.01776448E-15  1.25193454E-13  1.59740141E-05
Update computed in 3 newton steps using 100 function evaluations
Stepping:   1.00000000E+02
--residual--   0   0  6.51933933E-06
netwon/GMRES   1  35  3.41416801E-05  6.44421228E-04  1.56939332E-05
netwon/GMRES   2  33  1.97944442E-10  8.82316427E-08  1.56154683E-05
netwon/GMRES   3  31  8.98893429E-16  1.18519275E-13  1.56154683E-05
Update computed in 3 newton steps using 100 function evaluations
Stepping:   1.00000000E+02
--residual--   0   0  6.44390563E-06
netwon/GMRES   1  35  3.33499022E-05  6.37058980E-04  1.53454685E-05
netwon/GMRES   2  33  1.86756954E-10  8.58223273E-08  1.52696533E-05
netwon/GMRES   3  31  1.00213273E-15  1.12276520E-13  1.52696532E-05
Update computed in 3 newton steps using 100 function evaluations
Stepping:   1.00000000E+02
--residual--   0   0  6.37029382E-06
netwon/GMRES   1  34  3.25851587E-05  6.29872436E-04  1.50092448E-05
netwon/GMRES   2  33  1.76317692E-10  8.35102101E-08  1.49359566E-05
netwon/GMRES   3  31  1.18918251E-15  1.06431981E-13  1.49359566E-05
Update computed in 3 newton steps using 99 function evaluations
Stepping:   1.00000000E+02
--residual--   0   0  6.29843854E-06
netwon/GMRES   1  34  3.18462312E-05  6.22855371E-04  1.46846794E-05
netwon/GMRES   2  33  1.66568574E-10  8.12901049E-08  1.46138028E-05
netwon/GMRES   3  31  1.03453175E-15  1.00956796E-13  1.46138028E-05
Update computed in 3 newton steps using 99 function evaluations
Stepping:   1.00000000E+02
--residual--   0   0  6.22827756E-06
netwon/GMRES   1  34  3.11319696E-05  6.16001850E-04  1.43712246E-05
netwon/GMRES   2  33  1.57457522E-10  7.91571857E-08  1.43026508E-05
netwon/GMRES   3  31  9.61165484E-16  9.58247852E-14  1.43026508E-05
Update computed in 3 newton steps using 99 function evaluations
Stepping:   1.00000000E+02
--residual--   0   0  6.15975158E-06
netwon/GMRES   1  34  3.04412877E-05  6.09306215E-04  1.40683646E-05
netwon/GMRES   2  33  1.48936408E-10  7.71069344E-08  1.40019910E-05
netwon/GMRES   3  31  1.00238859E-15  9.10096219E-14  1.40019910E-05
Update computed in 3 newton steps using 99 function evaluations
Stepping:   1.00000000E+02
--residual--   0   0  6.09280404E-06
netwon/GMRES   1  34  2.97731588E-05  6.02763068E-04  1.37756138E-05
netwon/GMRES   2  33  1.40960810E-10  7.51351233E-08  1.37113437E-05
netwon/GMRES   3  31  1.01652639E-15  8.64871664E-14  1.37113437E-05
Update computed in 3 newton steps using 99 function evaluations
Stepping:   1.00000000E+02
--residual--   0   0  6.02738097E-06
netwon/GMRES   1  34  2.91266119E-05  5.96367254E-04  1.34925146E-05
netwon/GMRES   2  33  1.33491080E-10  7.32377918E-08  1.34302564E-05
netwon/GMRES   3  31  8.37869919E-16  8.22395365E-14  1.34302564E-05
Update computed in 3 newton steps using 99 function evaluations
Stepping:   1.00000000E+02
--residual--   0   0  5.96343086E-06
netwon/GMRES   1  34  2.85007281E-05  5.90113849E-04  1.32186351E-05
netwon/GMRES   2  33  1.26489673E-10  7.14112277E-08  1.31583024E-05
netwon/GMRES   3  31  1.06999590E-15  7.82452922E-14  1.31583024E-05
Update computed in 3 newton steps using 99 function evaluations
Stepping:   1.00000000E+02
--residual--   0   0  5.90090449E-06
netwon/GMRES   1  34  2.78946371E-05  5.83998150E-04  1.29535679E-05
netwon/GMRES   2  33  1.19923195E-10  6.96519480E-08  1.28950789E-05
netwon/GMRES   3  31  1.00799641E-15  7.44866760E-14  1.28950789E-05
Update computed in 3 newton steps using 99 function evaluations
Stepping:   1.00000000E+02
--residual--   0   0  5.83975484E-06
netwon/GMRES   1  34  2.73075142E-05  5.78015657E-04  1.26969280E-05
netwon/GMRES   2  33  1.13760652E-10  6.79566818E-08  1.26402054E-05
netwon/GMRES   3  31  1.18048261E-15  7.09481968E-14  1.26402054E-05
Update computed in 3 newton steps using 99 function evaluations
Stepping:   1.00000000E+02
--residual--   0   0  5.77993693E-06
netwon/GMRES   1  34  2.67385775E-05  5.72162065E-04  1.24483516E-05
netwon/GMRES   2  33  1.07972960E-10  6.63223560E-08  1.23933222E-05
netwon/GMRES   3  31  1.00272048E-15  6.76144186E-14  1.23933222E-05
Update computed in 3 newton steps using 99 function evaluations
Stepping:   1.00000000E+02
--residual--   0   0  5.72140773E-06
netwon/GMRES   1  34  2.61870851E-05  5.66433254E-04  1.22074946E-05
netwon/GMRES   2  33  1.02534088E-10  6.47460796E-08  1.21540890E-05
netwon/GMRES   3  31  8.71140298E-16  6.44714166E-14  1.21540890E-05
Update computed in 3 newton steps using 99 function evaluations
Stepping:   1.00000000E+02
--residual--   0   0  5.66412606E-06
netwon/GMRES   1  34  2.56523329E-05  5.60825278E-04  1.19740314E-05
netwon/GMRES   2  33  9.74199134E-11  6.32251324E-08  1.19221837E-05
netwon/GMRES   3  31  1.14276401E-15  6.15070200E-14  1.19221837E-05
Update computed in 3 newton steps using 99 function evaluations
Stepping:   1.00000000E+02
--residual--   0   0  5.60805246E-06
netwon/GMRES   1  34  2.51336519E-05  5.55334356E-04  1.17476536E-05
netwon/GMRES   2  33  9.26080437E-11  6.17569518E-08  1.16973013E-05
netwon/GMRES   3  31  8.80860144E-16  5.87087325E-14  1.16973013E-05
Update computed in 3 newton steps using 99 function evaluations
Stepping:   1.00000000E+02
--residual--   0   0  5.55314916E-06
netwon/GMRES   1  34  2.46304065E-05  5.49956864E-04  1.15280688E-05
netwon/GMRES   2  33  8.80776289E-11  6.03391227E-08  1.14791527E-05
netwon/GMRES   3  31  1.09040780E-15  5.60655533E-14  1.14791527E-05
Update computed in 3 newton steps using 99 function evaluations
Stepping:   1.00000000E+02
--residual--   0   0  5.49937991E-06
netwon/GMRES   1  34  2.41419921E-05  5.44689326E-04  1.13150001E-05
netwon/GMRES   2  33  8.38096137E-11  5.89693669E-08  1.12674638E-05
netwon/GMRES   3  31  8.88816540E-16  5.35663827E-14  1.12674638E-05
Update computed in 3 newton steps using 99 function evaluations
Stepping:   1.00000000E+02
--residual--   0   0  5.44670998E-06
netwon/GMRES   1  34  2.36678338E-05  5.39528407E-04  1.11081844E-05
netwon/GMRES   2  33  7.97868200E-11  5.76455341E-08  1.10619746E-05
netwon/GMRES   3  31  6.09042903E-16  5.12036295E-14  1.10619746E-05
Update computed in 3 newton steps using 99 function evaluations
Stepping:   1.00000000E+02
--residual--   0   0  5.39510601E-06
netwon/GMRES   1  34  2.32073843E-05  5.34470906E-04  1.09073724E-05
netwon/GMRES   2  33  7.59930372E-11  5.63655936E-08  1.08624381E-05
netwon/GMRES   3  31  8.34406603E-16  4.89683789E-14  1.08624381E-05
Update computed in 3 newton steps using 99 function evaluations
Stepping:   1.00000000E+02
--residual--   0   0  5.34453602E-06
netwon/GMRES   1  34  2.27601221E-05  5.29513748E-04  1.07123269E-05
netwon/GMRES   2  33  7.24132713E-11  5.51276255E-08  1.06686196E-05
netwon/GMRES   3  31  8.42903415E-16  4.68525796E-14  1.06686196E-05
Update computed in 3 newton steps using 99 function evaluations
Stepping:   1.00000000E+02
--residual--   0   0  5.29496927E-06
netwon/GMRES   1  34  2.23255508E-05  5.24653981E-04  1.05228227E-05
netwon/GMRES   2  33  6.90332697E-11  5.39298147E-08  1.04802964E-05
netwon/GMRES   3  31  1.09942156E-15  4.48478454E-14  1.04802964E-05
Update computed in 3 newton steps using 99 function evaluations
Stepping:   1.00000000E+02
--residual--   0   0  5.24637623E-06
netwon/GMRES   1  34  2.19031968E-05  5.19888765E-04  1.03386456E-05
netwon/GMRES   2  33  6.58403011E-11  5.27704430E-08  1.02972564E-05
netwon/GMRES   3  31  1.18898188E-15  4.29475575E-14  1.02972564E-05
Update computed in 3 newton steps using 99 function evaluations
Stepping:   1.00000000E+02
--residual--   0   0  5.19872853E-06
netwon/GMRES   1  34  2.14926086E-05  5.15215371E-04  1.01595918E-05
netwon/GMRES   2  33  6.28229497E-11  5.16478839E-08  1.01192979E-05
netwon/GMRES   3  31  1.40781013E-15  4.11468228E-14  1.01192979E-05
Update computed in 3 newton steps using 99 function evaluations
Stepping:   1.00000000E+02
--residual--   0   0  5.15199889E-06
netwon/GMRES   1  34  2.10933553E-05  5.10631174E-04  9.98546741E-06
netwon/GMRES   2  33  5.99689967E-11  5.05605958E-08  9.94622892E-06
netwon/GMRES   3  31  8.83578655E-16  3.94369214E-14  9.94622891E-06
Update computed in 3 newton steps using 99 function evaluations
