Initializing...
==> Cluster identification................     0.004
    --> Domain assignment ..............     0.008
    --> Equation construction ..........     0.000
    --> Equation ordering ..............     0.527
    --> Equation mapping ...............     0.012
    --> Source association .............     0.521
    --> Anchoring ......................     0.001
==> Cluster list build ...................     1.069
    --> Products .......................     7.758
    --> Reactions ......................     6.056
    --> Leaks ..........................     0.104
    --> Emissions ......................     1.025
    --> Transforms .....................     0.008
    --> Sinks ..........................     0.000
    --> Scale Factors ..................     0.003
==> Kinetics reconstruction ..............    14.955
    --> Reaction Block .................     0.183
    --> Stamp ..........................     0.025
    --> Jacobian .......................     0.353
==> Matrix construction ..................     0.561
Total time elapsed:     16.592
    clusters     :   3991
    equations    :   3991
    3d reactions : 871283
    1d reactions : 0
    3d leaks     : 0
    1d leaks     : 0
    3d emissions : 6000
    1d emissions : 0
  Preconditioner : 2718251
