CONFIGURATION: Unrecognized option relative ignored for computing int_density
CONFIGURATION: Unrecognized option relative ignored for computing frank_density
CONFIGURATION: Unrecognized option relative ignored for computing perfect_density
CONFIGURATION: Unrecognized option relative ignored for computing faulted_density
CONFIGURATION: Unrecognized option relative ignored for computing void_density
NEWTON STEP: A step was accepted above threshold at   1.45296777E-11
NEWTON STEP: A step was accepted above threshold at   4.14888134E-12
NEWTON STEP: A step was accepted above threshold at   2.15008545E-13
NEWTON STEP: A step was accepted above threshold at   1.85682549E-13
NEWTON STEP: A step was accepted above threshold at   8.57199016E-13
NEWTON STEP: A step was accepted above threshold at   1.60389228E-13
NEWTON STEP: A step was accepted above threshold at   1.94951537E-10
NEWTON STEP: A step was accepted above threshold at   3.58583516E-10
NEWTON STEP: A step was accepted above threshold at   3.35249769E-10
NEWTON STEP: A step was accepted above threshold at   3.26223442E-10
NEWTON STEP: A step was accepted above threshold at   1.94939011E-10
NEWTON STEP: A step was rejected above threshold at   1.44333624E-09
NEWTON STEP: A step was accepted above threshold at   4.19287238E-10
NEWTON STEP: A step was accepted above threshold at   6.67657480E-10
NEWTON STEP: A step was rejected above threshold at   2.62176722E-09
NEWTON STEP: A step was rejected above threshold at   1.48047145E-09
NEWTON STEP: A step was accepted above threshold at   1.64023538E-10
NEWTON STEP: A step was accepted above threshold at   1.75314268E-12
NEWTON STEP: A step was accepted above threshold at   9.42691434E-11
NEWTON STEP: A step was accepted above threshold at   8.47712193E-12
NEWTON STEP: A step was accepted above threshold at   1.50537341E-11
NEWTON STEP: A step was accepted above threshold at   1.32084103E-13
NEWTON STEP: A step was accepted above threshold at   9.80954130E-14
NEWTON STEP: A step was accepted above threshold at   1.06810309E-13
NEWTON STEP: A step was accepted above threshold at   6.23748403E-12
NEWTON STEP: A step was accepted above threshold at   1.89878452E-12
NEWTON STEP: A step was accepted above threshold at   7.24013198E-13
NEWTON STEP: A step was accepted above threshold at   1.66725751E-11
NEWTON STEP: A step was accepted above threshold at   8.52743327E-14
