Initializing...
==> Cluster identification................     0.000
    --> Domain assignment ..............     0.002
    --> Equation construction ..........     0.000
    --> Equation ordering ..............     0.043
    --> Equation mapping ...............     0.002
    --> Source association .............     0.073
    --> Anchoring ......................     0.001
==> Cluster list build ...................     0.121
    --> Products .......................     1.245
    --> Reactions ......................     0.970
    --> Leaks ..........................     0.018
    --> Emissions ......................     0.159
    --> Transforms .....................     0.001
    --> Sinks ..........................     0.000
    --> Scale Factors ..................     0.000
==> Kinetics reconstruction ..............     2.393
    --> Reaction Block .................     0.018
    --> Stamp ..........................     0.002
    --> Jacobian .......................     0.033
==> Matrix construction ..................     0.054
Total time elapsed:      2.569
    clusters     :    401
    equations    :    413
    3d reactions : 113882
    1d reactions : 0
    3d leaks     : 0
    1d leaks     : 0
    3d emissions : 600
    1d emissions : 0
  Preconditioner : 252079
Axis 01 upper boundary enchroachment detected
Expanded from 1000 to 6000
Resizing...
==> Cluster identification................     0.000
    --> Domain assignment ..............     0.001
    --> Equation construction ..........     0.000
    --> Equation ordering ..............     0.067
    --> Equation mapping ...............     0.004
    --> Source association .............     0.098
    --> Anchoring ......................     0.000
==> Cluster list build ...................     0.170
    --> Products .......................     2.393
    --> Reactions ......................     2.521
    --> Leaks ..........................     0.018
    --> Emissions ......................     0.203
    --> Transforms .....................     0.001
    --> Sinks ..........................     0.000
    --> Scale Factors ..................     0.000
==> Kinetics reconstruction ..............     5.136
    --> Reaction Block .................     0.022
    --> Stamp ..........................     0.002
    --> Jacobian .......................     0.049
==> Matrix construction ..................     0.073
Total time elapsed:      5.380
    clusters     :    419
    equations    :    449
    3d reactions : 137494
    1d reactions : 0
    3d leaks     : 0
    1d leaks     : 0
    3d emissions : 600
    1d emissions : 0
  Preconditioner : 269647
Axis 01 upper boundary enchroachment detected
Expanded from 6000 to 36000
Resizing...
==> Cluster identification................     0.001
    --> Domain assignment ..............     0.001
    --> Equation construction ..........     0.000
    --> Equation ordering ..............     0.039
    --> Equation mapping ...............     0.003
    --> Source association .............     0.106
    --> Anchoring ......................     0.000
==> Cluster list build ...................     0.149
    --> Products .......................     6.866
    --> Reactions ......................     9.043
    --> Leaks ..........................     0.025
    --> Emissions ......................     0.201
    --> Transforms .....................     0.001
    --> Sinks ..........................     0.000
    --> Scale Factors ..................     0.000
==> Kinetics reconstruction ..............    16.136
    --> Reaction Block .................     0.024
    --> Stamp ..........................     0.003
    --> Jacobian .......................     0.050
==> Matrix construction ..................     0.077
Total time elapsed:     16.365
    clusters     :    449
    equations    :    509
    3d reactions : 178364
    1d reactions : 0
    3d leaks     : 0
    1d leaks     : 0
    3d emissions : 600
    1d emissions : 0
  Preconditioner : 298927
Axis 01 lower boundary enchroachment detected
Expanded from -100 to -600
Resizing...
==> Cluster identification................     0.000
    --> Domain assignment ..............     0.001
    --> Equation construction ..........     0.000
    --> Equation ordering ..............     0.044
    --> Equation mapping ...............     0.004
    --> Source association .............     0.096
    --> Anchoring ......................     0.000
==> Cluster list build ...................     0.145
    --> Products .......................     7.003
    --> Reactions ......................     9.377
    --> Leaks ..........................     0.021
    --> Emissions ......................     0.201
    --> Transforms .....................     0.001
    --> Sinks ..........................     0.000
    --> Scale Factors ..................     0.001
==> Kinetics reconstruction ..............    16.604
    --> Reaction Block .................     0.025
    --> Stamp ..........................     0.002
    --> Jacobian .......................     0.065
==> Matrix construction ..................     0.092
Total time elapsed:     16.842
    clusters     :    461
    equations    :    533
    3d reactions : 211886
    1d reactions : 0
    3d leaks     : 0
    1d leaks     : 0
    3d emissions : 836
    1d emissions : 0
  Preconditioner : 312367
Axis 01 lower boundary enchroachment detected
Expanded from -600 to -3600
Resizing...
==> Cluster identification................     0.000
    --> Domain assignment ..............     0.002
    --> Equation construction ..........     0.000
    --> Equation ordering ..............     0.045
    --> Equation mapping ...............     0.002
    --> Source association .............     0.122
    --> Anchoring ......................     0.000
==> Cluster list build ...................     0.171
    --> Products .......................     7.575
    --> Reactions ......................    10.245
    --> Leaks ..........................     0.025
    --> Emissions ......................     0.241
    --> Transforms .....................     0.001
    --> Sinks ..........................     0.001
    --> Scale Factors ..................     0.000
==> Kinetics reconstruction ..............    18.088
    --> Reaction Block .................     0.029
    --> Stamp ..........................     0.002
    --> Jacobian .......................     0.072
==> Matrix construction ..................     0.103
Total time elapsed:     18.364
    clusters     :    475
    equations    :    561
    3d reactions : 231140
    1d reactions : 0
    3d leaks     : 0
    1d leaks     : 0
    3d emissions : 1116
    1d emissions : 0
  Preconditioner : 326535
Axis 01 lower boundary enchroachment detected
Expanded from -3600 to -21600
Resizing...
==> Cluster identification................     0.000
    --> Domain assignment ..............     0.001
    --> Equation construction ..........     0.001
    --> Equation ordering ..............     0.047
    --> Equation mapping ...............     0.002
    --> Source association .............     0.121
    --> Anchoring ......................     0.000
==> Cluster list build ...................     0.172
    --> Products .......................    10.482
    --> Reactions ......................    14.655
    --> Leaks ..........................     0.023
    --> Emissions ......................     0.316
    --> Transforms .....................     0.001
    --> Sinks ..........................     0.000
    --> Scale Factors ..................     0.001
==> Kinetics reconstruction ..............    25.478
    --> Reaction Block .................     0.032
    --> Stamp ..........................     0.003
    --> Jacobian .......................     0.083
==> Matrix construction ..................     0.118
Total time elapsed:     25.769
    clusters     :    501
    equations    :    613
    3d reactions : 268255
    1d reactions : 0
    3d leaks     : 0
    1d leaks     : 0
    3d emissions : 1636
    1d emissions : 0
  Preconditioner : 352847
Axis 01 lower boundary enchroachment detected
Expanded from -21600 to -100000
Resizing...
==> Cluster identification................     0.000
    --> Domain assignment ..............     0.002
    --> Equation construction ..........     0.000
    --> Equation ordering ..............     0.045
    --> Equation mapping ...............     0.003
    --> Source association .............     0.128
    --> Anchoring ......................     0.001
==> Cluster list build ...................     0.179
    --> Products .......................    21.585
    --> Reactions ......................    30.937
    --> Leaks ..........................     0.027
    --> Emissions ......................     0.598
    --> Transforms .....................     0.001
    --> Sinks ..........................     0.000
    --> Scale Factors ..................     0.001
==> Kinetics reconstruction ..............    53.149
    --> Reaction Block .................     0.040
    --> Stamp ..........................     0.003
    --> Jacobian .......................     0.097
==> Matrix construction ..................     0.140
Total time elapsed:     53.468
    clusters     :    537
    equations    :    685
    3d reactions : 320158
    1d reactions : 0
    3d leaks     : 0
    1d leaks     : 0
    3d emissions : 2356
    1d emissions : 0
  Preconditioner : 389279
