Initializing...
==> Cluster identification................     0.002
    --> Domain assignment ..............     0.002
    --> Equation construction ..........     0.001
    --> Equation ordering ..............     0.022
    --> Equation mapping ...............     0.004
    --> Source association .............     0.039
    --> Anchoring ......................     0.001
==> Cluster list build ...................     0.069
    --> Products .......................     0.865
    --> Reactions ......................     0.861
    --> Leaks ..........................     0.015
    --> Emissions ......................     0.082
    --> Transforms .....................     0.002
    --> Sinks ..........................     0.001
    --> Scale Factors ..................     0.001
==> Kinetics reconstruction ..............     1.827
    --> Reaction Block .................     0.012
    --> Stamp ..........................     0.003
    --> Jacobian .......................     0.079
==> Matrix construction ..................     0.093
Total time elapsed:      1.995
    clusters     :    723
    equations    :    758
    3d reactions : 198759
    1d reactions : 0
    3d leaks     : 0
    1d leaks     : 0
    3d emissions : 1632
    1d emissions : 0
  Preconditioner : 538591
Axis 01 upper boundary was reached and expansion was accelerated
Expanded from 5000 to 55000
Resizing...
==> Cluster identification................     0.000
    --> Domain assignment ..............     0.002
    --> Equation construction ..........     0.001
    --> Equation ordering ..............     0.017
    --> Equation mapping ...............     0.004
    --> Source association .............     0.043
    --> Anchoring ......................     0.002
==> Cluster list build ...................     0.069
    --> Products .......................     2.798
    --> Reactions ......................     3.823
    --> Leaks ..........................     0.016
    --> Emissions ......................     0.092
    --> Transforms .....................     0.015
    --> Sinks ..........................     0.003
    --> Scale Factors ..................     0.001
==> Kinetics reconstruction ..............     6.749
    --> Reaction Block .................     0.014
    --> Stamp ..........................     0.003
    --> Jacobian .......................     0.098
==> Matrix construction ..................     0.115
Total time elapsed:      6.936
    clusters     :    765
    equations    :    842
    3d reactions : 241719
    1d reactions : 0
    3d leaks     : 0
    1d leaks     : 0
    3d emissions : 1632
    1d emissions : 0
  Preconditioner : 581095
Axis 01 lower boundary was reached and expansion was accelerated
Expanded from -500 to -5500
Resizing...
==> Cluster identification................     0.000
    --> Domain assignment ..............     0.002
    --> Equation construction ..........     0.001
    --> Equation ordering ..............     0.019
    --> Equation mapping ...............     0.003
    --> Source association .............     0.046
    --> Anchoring ......................     0.001
==> Cluster list build ...................     0.072
    --> Products .......................     3.029
    --> Reactions ......................     4.258
    --> Leaks ..........................     0.016
    --> Emissions ......................     0.104
    --> Transforms .....................     0.001
    --> Sinks ..........................     0.001
    --> Scale Factors ..................     0.001
==> Kinetics reconstruction ..............     7.411
    --> Reaction Block .................     0.015
    --> Stamp ..........................     0.003
    --> Jacobian .......................     0.107
==> Matrix construction ..................     0.125
Total time elapsed:      7.611
    clusters     :    785
    equations    :    882
    3d reactions : 261534
    1d reactions : 0
    3d leaks     : 0
    1d leaks     : 0
    3d emissions : 2032
    1d emissions : 0
  Preconditioner : 603045
Axis 01 lower boundary enchroachment detected
Expanded from -5500 to -60500
Resizing...
==> Cluster identification................     0.001
    --> Domain assignment ..............     0.001
    --> Equation construction ..........     0.001
    --> Equation ordering ..............     0.019
    --> Equation mapping ...............     0.008
    --> Source association .............     0.057
    --> Anchoring ......................     0.008
==> Cluster list build ...................     0.094
    --> Products .......................     5.166
    --> Reactions ......................     7.452
    --> Leaks ..........................     0.018
    --> Emissions ......................     0.183
    --> Transforms .....................     0.002
    --> Sinks ..........................     0.001
    --> Scale Factors ..................     0.002
==> Kinetics reconstruction ..............    12.825
    --> Reaction Block .................     0.018
    --> Stamp ..........................     0.003
    --> Jacobian .......................     0.119
==> Matrix construction ..................     0.140
Total time elapsed:     13.316
    clusters     :    829
    equations    :    970
    3d reactions : 306723
    1d reactions : 0
    3d leaks     : 0
    1d leaks     : 0
    3d emissions : 2912
    1d emissions : 0
  Preconditioner : 647573
