CONFIGURATION: Unrecognized option relative ignored for computing int_density
CONFIGURATION: Unrecognized option relative ignored for computing frank_density
CONFIGURATION: Unrecognized option relative ignored for computing perfect_density
CONFIGURATION: Unrecognized option relative ignored for computing faulted_density
CONFIGURATION: Unrecognized option relative ignored for computing void_density
NEWTON STEP: A step was accepted above threshold at   1.42330028E-13
NEWTON STEP: A step was accepted above threshold at   2.55241534E-12
NEWTON STEP: A step was accepted above threshold at   6.64571202E-12
NEWTON STEP: A step was accepted above threshold at   5.19579955E-12
NEWTON STEP: A step was accepted above threshold at   1.76327470E-13
NEWTON STEP: A step was rejected above threshold at   2.47642073E-09
NEWTON STEP: A step was rejected above threshold at   3.65909846E-09
NEWTON STEP: A step was accepted above threshold at   5.55420894E-13
NEWTON STEP: A step was rejected above threshold at   5.89175303E-09
NEWTON STEP: A step was accepted above threshold at   2.74992599E-13
NEWTON STEP: A step was rejected above threshold at   7.84664715E-09
NEWTON STEP: A step was rejected above threshold at   2.01756422E-09
NEWTON STEP: A step was accepted above threshold at   4.76061753E-10
NEWTON STEP: A step was accepted above threshold at   1.94851897E-12
NEWTON STEP: A step was accepted above threshold at   2.08278177E-10
NEWTON STEP: A step was accepted above threshold at   7.96368018E-11
NEWTON STEP: A step was accepted above threshold at   2.07723034E-11
NEWTON STEP: A step was accepted above threshold at   1.81062942E-12
NEWTON STEP: A step was accepted above threshold at   1.25924861E-12
NEWTON STEP: A step was accepted above threshold at   2.54957462E-12
NEWTON STEP: A step was accepted above threshold at   2.79365112E-11
NEWTON STEP: A step was accepted above threshold at   2.11575453E-12
NEWTON STEP: A step was accepted above threshold at   6.90175116E-11
NEWTON STEP: A step was accepted above threshold at   8.41073375E-12
NEWTON STEP: A step was accepted above threshold at   4.11621344E-12
NEWTON STEP: A step was accepted above threshold at   3.10641037E-11
NEWTON STEP: A step was accepted above threshold at   2.31036893E-11
NEWTON STEP: A step was accepted above threshold at   5.50278051E-12
