Initializing...
==> Cluster identification................     0.000
    --> Domain assignment ..............     0.001
    --> Equation construction ..........     0.000
    --> Equation ordering ..............     0.040
    --> Equation mapping ...............     0.003
    --> Source association .............     0.079
    --> Anchoring ......................     0.000
==> Cluster list build ...................     0.123
    --> Products .......................     0.828
    --> Reactions ......................     0.714
    --> Leaks ..........................     0.016
    --> Emissions ......................     0.161
    --> Transforms .....................     0.001
    --> Sinks ..........................     0.000
    --> Scale Factors ..................     0.000
==> Kinetics reconstruction ..............     1.721
    --> Reaction Block .................     0.016
    --> Stamp ..........................     0.002
    --> Jacobian .......................     0.026
==> Matrix construction ..................     0.043
Total time elapsed:      1.888
    clusters     :   401
    equations    :   413
    3d reactions : 84540
    1d reactions : 0
    3d leaks     : 0
    1d leaks     : 0
    3d emissions : 600
    1d emissions : 0
  Preconditioner : 252079
Axis 01 upper boundary enchroachment detected
Expanded from 1000 to 6000
Resizing...
==> Cluster identification................     0.000
    --> Domain assignment ..............     0.002
    --> Equation construction ..........     0.000
    --> Equation ordering ..............     0.042
    --> Equation mapping ...............     0.002
    --> Source association .............     0.088
    --> Anchoring ......................     0.001
==> Cluster list build ...................     0.135
    --> Products .......................     1.500
    --> Reactions ......................     1.624
    --> Leaks ..........................     0.016
    --> Emissions ......................     0.174
    --> Transforms .....................     0.001
    --> Sinks ..........................     0.000
    --> Scale Factors ..................     0.000
==> Kinetics reconstruction ..............     3.315
    --> Reaction Block .................     0.017
    --> Stamp ..........................     0.002
    --> Jacobian .......................     0.030
==> Matrix construction ..................     0.049
Total time elapsed:      3.500
    clusters     :    419
    equations    :    449
    3d reactions : 101165
    1d reactions : 0
    3d leaks     : 0
    1d leaks     : 0
    3d emissions : 600
    1d emissions : 0
  Preconditioner : 269647
Axis 01 lower boundary enchroachment detected
Expanded from -100 to -600
Resizing...
==> Cluster identification................     0.000
    --> Domain assignment ..............     0.001
    --> Equation construction ..........     0.000
    --> Equation ordering ..............     0.045
    --> Equation mapping ...............     0.004
    --> Source association .............     0.087
    --> Anchoring ......................     0.000
==> Cluster list build ...................     0.137
    --> Products .......................     1.697
    --> Reactions ......................     1.823
    --> Leaks ..........................     0.019
    --> Emissions ......................     0.192
    --> Transforms .....................     0.001
    --> Sinks ..........................     0.000
    --> Scale Factors ..................     0.000
==> Kinetics reconstruction ..............     3.732
    --> Reaction Block .................     0.016
    --> Stamp ..........................     0.002
    --> Jacobian .......................     0.038
==> Matrix construction ..................     0.056
Total time elapsed:      3.927
    clusters     :    431
    equations    :    473
    3d reactions : 120721
    1d reactions : 0
    3d leaks     : 0
    1d leaks     : 0
    3d emissions : 836
    1d emissions : 0
  Preconditioner : 283087
Axis 01 upper boundary enchroachment detected
Expanded from 6000 to 36000
Resizing...
==> Cluster identification................     0.000
    --> Domain assignment ..............     0.002
    --> Equation construction ..........     0.000
    --> Equation ordering ..............     0.044
    --> Equation mapping ...............     0.004
    --> Source association .............     0.105
    --> Anchoring ......................     0.001
==> Cluster list build ...................     0.156
    --> Products .......................     4.944
    --> Reactions ......................     6.593
    --> Leaks ..........................     0.021
    --> Emissions ......................     0.209
    --> Transforms .....................     0.001
    --> Sinks ..........................     0.000
    --> Scale Factors ..................     0.001
==> Kinetics reconstruction ..............    11.769
    --> Reaction Block .................     0.022
    --> Stamp ..........................     0.002
    --> Jacobian .......................     0.047
==> Matrix construction ..................     0.071
Total time elapsed:     11.996
    clusters     :    461
    equations    :    533
    3d reactions : 149332
    1d reactions : 0
    3d leaks     : 0
    1d leaks     : 0
    3d emissions : 836
    1d emissions : 0
  Preconditioner : 312367
Axis 01 lower boundary enchroachment detected
Expanded from -600 to -3600
Resizing...
==> Cluster identification................     0.000
    --> Domain assignment ..............     0.002
    --> Equation construction ..........     0.000
    --> Equation ordering ..............     0.046
    --> Equation mapping ...............     0.003
    --> Source association .............     0.112
    --> Anchoring ......................     0.000
==> Cluster list build ...................     0.163
    --> Products .......................     5.290
    --> Reactions ......................     7.107
    --> Leaks ..........................     0.019
    --> Emissions ......................     0.229
    --> Transforms .....................     0.001
    --> Sinks ..........................     0.000
    --> Scale Factors ..................     0.001
==> Kinetics reconstruction ..............    12.647
    --> Reaction Block .................     0.023
    --> Stamp ..........................     0.003
    --> Jacobian .......................     0.051
==> Matrix construction ..................     0.077
Total time elapsed:     12.888
    clusters     :    475
    equations    :    561
    3d reactions : 163198
    1d reactions : 0
    3d leaks     : 0
    1d leaks     : 0
    3d emissions : 1116
    1d emissions : 0
  Preconditioner : 326535
Axis 01 lower boundary enchroachment detected
Expanded from -3600 to -21600
Resizing...
==> Cluster identification................     0.001
    --> Domain assignment ..............     0.001
    --> Equation construction ..........     0.000
    --> Equation ordering ..............     0.049
    --> Equation mapping ...............     0.004
    --> Source association .............     0.119
    --> Anchoring ......................     0.000
==> Cluster list build ...................     0.173
    --> Products .......................     7.403
    --> Reactions ......................    10.189
    --> Leaks ..........................     0.019
    --> Emissions ......................     0.323
    --> Transforms .....................     0.001
    --> Sinks ..........................     0.000
    --> Scale Factors ..................     0.001
==> Kinetics reconstruction ..............    17.936
    --> Reaction Block .................     0.029
    --> Stamp ..........................     0.003
    --> Jacobian .......................     0.060
==> Matrix construction ..................     0.092
Total time elapsed:     18.203
    clusters     :    501
    equations    :    613
    3d reactions : 189846
    1d reactions : 0
    3d leaks     : 0
    1d leaks     : 0
    3d emissions : 1636
    1d emissions : 0
  Preconditioner : 352847
Axis 01 lower boundary enchroachment detected
Expanded from -21600 to -100000
Resizing...
==> Cluster identification................     0.000
    --> Domain assignment ..............     0.002
    --> Equation construction ..........     0.000
    --> Equation ordering ..............     0.055
    --> Equation mapping ...............     0.004
    --> Source association .............     0.121
    --> Anchoring ......................     0.001
==> Cluster list build ...................     0.183
    --> Products .......................    15.642
    --> Reactions ......................    22.121
    --> Leaks ..........................     0.023
    --> Emissions ......................     0.622
    --> Transforms .....................     0.001
    --> Sinks ..........................     0.000
    --> Scale Factors ..................     0.001
==> Kinetics reconstruction ..............    38.410
    --> Reaction Block .................     0.033
    --> Stamp ..........................     0.003
    --> Jacobian .......................     0.071
==> Matrix construction ..................     0.107
Total time elapsed:     38.701
    clusters     :    537
    equations    :    685
    3d reactions : 226833
    1d reactions : 0
    3d leaks     : 0
    1d leaks     : 0
    3d emissions : 2356
    1d emissions : 0
  Preconditioner : 389279
