Initializing...
==> Cluster identification................     0.001
    --> Domain assignment ..............     0.004
    --> Equation construction ..........     0.000
    --> Equation ordering ..............     0.076
    --> Equation mapping ...............     0.004
    --> Source association .............     0.186
    --> Anchoring ......................     0.000
==> Cluster list build ...................     0.270
    --> Products .......................    24.441
    --> Reactions ......................    34.367
    --> Leaks ..........................     0.033
    --> Emissions ......................     1.088
    --> Transforms .....................     0.002
    --> Sinks ..........................     0.000
    --> Scale Factors ..................     0.001
==> Kinetics reconstruction ..............    59.932
    --> Reaction Block .................     0.047
    --> Stamp ..........................     0.004
    --> Jacobian .......................     0.113
==> Matrix construction ..................     0.164
Total time elapsed:     60.368
    clusters     :    825
    equations    :    962
    3d reactions : 302957
    1d reactions : 0
    3d leaks     : 0
    1d leaks     : 0
    3d emissions : 3672
    1d emissions : 0
  Preconditioner : 643525
Axis 01 lower boundary was reached and expansion was accelerated
Expanded from -200000 to -1000000
Resizing...
==> Cluster identification................     0.000
    --> Domain assignment ..............     0.002
    --> Equation construction ..........     0.001
    --> Equation ordering ..............     0.077
    --> Equation mapping ...............     0.005
    --> Source association .............     0.215
    --> Anchoring ......................     0.001
==> Cluster list build ...................     0.301
    --> Products .......................   104.618
    --> Reactions ......................   154.980
    --> Leaks ..........................     0.038
    --> Emissions ......................     4.142
    --> Transforms .....................     0.002
    --> Sinks ..........................     0.000
    --> Scale Factors ..................     0.001
==> Kinetics reconstruction ..............   263.781
    --> Reaction Block .................     0.060
    --> Stamp ..........................     0.005
    --> Jacobian .......................     0.148
==> Matrix construction ..................     0.213
Total time elapsed:    264.296
    clusters     :    907
    equations    :   1126
    3d reactions : 387798
    1d reactions : 0
    3d leaks     : 0
    1d leaks     : 0
    3d emissions : 5310
    1d emissions : 0
  Preconditioner : 726509
Axis 01 upper boundary was reached and expansion was accelerated
Expanded from 5000 to 55000
Resizing...
==> Cluster identification................     0.001
    --> Domain assignment ..............     0.003
    --> Equation construction ..........     0.000
    --> Equation ordering ..............     0.078
    --> Equation mapping ...............     0.005
    --> Source association .............     0.216
    --> Anchoring ......................     0.000
==> Cluster list build ...................     0.302
    --> Products .......................   110.230
    --> Reactions ......................   162.962
    --> Leaks ..........................     0.038
    --> Emissions ......................     4.230
    --> Transforms .....................     0.002
    --> Sinks ..........................     0.000
    --> Scale Factors ..................     0.001
==> Kinetics reconstruction ..............   277.463
    --> Reaction Block .................     0.068
    --> Stamp ..........................     0.006
    --> Jacobian .......................     0.184
==> Matrix construction ..................     0.258
Total time elapsed:    278.026
    clusters     :    949
    equations    :   1210
    3d reactions : 430758
    1d reactions : 0
    3d leaks     : 0
    1d leaks     : 0
    3d emissions : 5310
    1d emissions : 0
  Preconditioner : 769013
