Initializing...
==> Cluster identification................     0.001
    --> Domain assignment ..............     0.002
    --> Equation construction ..........     0.001
    --> Equation ordering ..............     0.023
    --> Equation mapping ...............     0.004
    --> Source association .............     0.039
    --> Anchoring ......................     0.001
==> Cluster list build ...................     0.070
    --> Products .......................     0.865
    --> Reactions ......................     0.796
    --> Leaks ..........................     0.014
    --> Emissions ......................     0.082
    --> Transforms .....................     0.002
    --> Sinks ..........................     0.001
    --> Scale Factors ..................     0.001
==> Kinetics reconstruction ..............     1.761
    --> Reaction Block .................     0.013
    --> Stamp ..........................     0.003
    --> Jacobian .......................     0.079
==> Matrix construction ..................     0.094
Total time elapsed:      1.931
    clusters     :    723
    equations    :    758
    3d reactions : 198764
    1d reactions : 0
    3d leaks     : 0
    1d leaks     : 0
    3d emissions : 1632
    1d emissions : 0
  Preconditioner : 538591
Axis 01 upper boundary was reached and expansion was accelerated
Expanded from 5000 to 55000
Resizing...
==> Cluster identification................     0.000
    --> Domain assignment ..............     0.002
    --> Equation construction ..........     0.000
    --> Equation ordering ..............     0.017
    --> Equation mapping ...............     0.004
    --> Source association .............     0.043
    --> Anchoring ......................     0.001
==> Cluster list build ...................     0.067
    --> Products .......................     2.791
    --> Reactions ......................     3.811
    --> Leaks ..........................     0.016
    --> Emissions ......................     0.091
    --> Transforms .....................     0.002
    --> Sinks ..........................     0.001
    --> Scale Factors ..................     0.001
==> Kinetics reconstruction ..............     6.714
    --> Reaction Block .................     0.014
    --> Stamp ..........................     0.003
    --> Jacobian .......................     0.099
==> Matrix construction ..................     0.116
Total time elapsed:      6.902
    clusters     :    765
    equations    :    842
    3d reactions : 241734
    1d reactions : 0
    3d leaks     : 0
    1d leaks     : 0
    3d emissions : 1632
    1d emissions : 0
  Preconditioner : 581095
Axis 01 lower boundary enchroachment detected
Expanded from -500 to -3000
Resizing...
==> Cluster identification................     0.000
    --> Domain assignment ..............     0.002
    --> Equation construction ..........     0.001
    --> Equation ordering ..............     0.018
    --> Equation mapping ...............     0.002
    --> Source association .............     0.046
    --> Anchoring ......................     0.002
==> Cluster list build ...................     0.071
    --> Products .......................     2.920
    --> Reactions ......................     3.992
    --> Leaks ..........................     0.016
    --> Emissions ......................     0.099
    --> Transforms .....................     0.002
    --> Sinks ..........................     0.001
    --> Scale Factors ..................     0.001
==> Kinetics reconstruction ..............     7.032
    --> Reaction Block .................     0.014
    --> Stamp ..........................     0.003
    --> Jacobian .......................     0.104
==> Matrix construction ..................     0.121
Total time elapsed:      7.228
    clusters     :    779
    equations    :    870
    3d reactions : 255659
    1d reactions : 0
    3d leaks     : 0
    1d leaks     : 0
    3d emissions : 1912
    1d emissions : 0
  Preconditioner : 596973
Axis 01 lower boundary was reached and expansion was accelerated
Expanded from -3000 to -33000
Resizing...
==> Cluster identification................     0.001
    --> Domain assignment ..............     0.002
    --> Equation construction ..........     0.000
    --> Equation ordering ..............     0.018
    --> Equation mapping ...............     0.003
    --> Source association .............     0.049
    --> Anchoring ......................     0.001
==> Cluster list build ...................     0.073
    --> Products .......................     4.135
    --> Reactions ......................     5.857
    --> Leaks ..........................     0.017
    --> Emissions ......................     0.146
    --> Transforms .....................     0.002
    --> Sinks ..........................     0.001
    --> Scale Factors ..................     0.001
==> Kinetics reconstruction ..............    10.160
    --> Reaction Block .................     0.017
    --> Stamp ..........................     0.003
    --> Jacobian .......................     0.118
==> Matrix construction ..................     0.138
Total time elapsed:     10.375
    clusters     :    815
    equations    :    942
    3d reactions : 292269
    1d reactions : 0
    3d leaks     : 0
    1d leaks     : 0
    3d emissions : 2632
    1d emissions : 0
  Preconditioner : 633405
