CONFIGURATION: Unrecognized option relative ignored for computing int_density
CONFIGURATION: Unrecognized option relative ignored for computing frank_density
CONFIGURATION: Unrecognized option relative ignored for computing perfect_density
CONFIGURATION: Unrecognized option relative ignored for computing faulted_density
CONFIGURATION: Unrecognized option relative ignored for computing void_density
NEWTON STEP: A step was accepted above threshold at   2.87602149E-13
NEWTON STEP: A step was accepted above threshold at   4.46009468E-14
NEWTON STEP: A step was accepted above threshold at   2.47887196E-14
NEWTON STEP: A step was accepted above threshold at   1.43883700E-14
NEWTON STEP: A step was accepted above threshold at   3.66241587E-14
NEWTON STEP: A step was accepted above threshold at   5.05382665E-13
NEWTON STEP: A step was accepted above threshold at   8.59242191E-13
NEWTON STEP: A step was accepted above threshold at   2.10480095E-12
NEWTON STEP: A step was accepted above threshold at   3.45653475E-12
NEWTON STEP: A step was accepted above threshold at   8.05684486E-12
NEWTON STEP: A step was accepted above threshold at   1.76093750E-11
NEWTON STEP: A step was accepted above threshold at   2.80264570E-11
NEWTON STEP: A step was accepted above threshold at   2.98044010E-11
NEWTON STEP: A step was accepted above threshold at   3.40599095E-11
NEWTON STEP: A step was accepted above threshold at   1.16910365E-11
NEWTON STEP: A step was accepted above threshold at   2.29886701E-11
NEWTON STEP: A step was accepted above threshold at   1.04316596E-10
NEWTON STEP: A step was accepted above threshold at   2.05764617E-10
NEWTON STEP: A step was accepted above threshold at   1.07188249E-12
NEWTON STEP: A step was rejected above threshold at   5.56642098E-07
NEWTON STEP: A step was rejected above threshold at   2.69634575E-08
NEWTON STEP: A step was rejected above threshold at   3.25489308E-09
NEWTON STEP: A step was rejected above threshold at   1.49245800E-09
NEWTON STEP: A step was rejected above threshold at   9.32130122E-09
NEWTON STEP: A step was accepted above threshold at   1.80550714E-13
NEWTON STEP: A step was accepted above threshold at   7.19101221E-13
NEWTON STEP: A step was rejected above threshold at   1.28013950E-08
NEWTON STEP: A step was accepted above threshold at   1.27209749E-10
NEWTON STEP: A step was rejected above threshold at   2.22741247E-09
NEWTON STEP: A step was accepted above threshold at   2.28904258E-10
NEWTON STEP: A step was accepted above threshold at   6.82975272E-10
NEWTON STEP: A step was rejected above threshold at   1.94325894E-08
NEWTON STEP: A step was rejected above threshold at   6.87553374E-09
NEWTON STEP: A step was accepted above threshold at   5.13973534E-10
NEWTON STEP: A step was accepted above threshold at   6.36054646E-10
NEWTON STEP: A step was rejected above threshold at   1.83573098E-09
NEWTON STEP: A step was accepted above threshold at   8.75112934E-10
NEWTON STEP: A step was rejected above threshold at   1.16573500E-09
NEWTON STEP: A step was accepted above threshold at   5.40245911E-10
NEWTON STEP: A step was accepted above threshold at   6.58946667E-10
NEWTON STEP: A step was rejected above threshold at   1.53576519E-09
NEWTON STEP: A step was accepted above threshold at   7.76817723E-10
NEWTON STEP: A step was accepted above threshold at   8.86819111E-10
NEWTON STEP: A step was rejected above threshold at   1.73067233E-09
NEWTON STEP: A step was accepted above threshold at   9.77642055E-10
NEWTON STEP: A step was rejected above threshold at   1.06837991E-09
NEWTON STEP: A step was accepted above threshold at   1.51953316E-10
NEWTON STEP: A step was accepted above threshold at   2.31551549E-10
NEWTON STEP: A step was accepted above threshold at   2.18827255E-10
NEWTON STEP: A step was accepted above threshold at   6.39966561E-10
NEWTON STEP: A step was accepted above threshold at   7.54889057E-10
NEWTON STEP: A step was rejected above threshold at   1.56539345E-09
NEWTON STEP: A step was accepted above threshold at   8.63046391E-10
NEWTON STEP: A step was accepted above threshold at   9.54268680E-10
NEWTON STEP: A step was rejected above threshold at   1.94576890E-09
NEWTON STEP: A step was rejected above threshold at   1.04390814E-09
NEWTON STEP: A step was accepted above threshold at   1.44118238E-10
NEWTON STEP: A step was accepted above threshold at   1.32927503E-10
NEWTON STEP: A step was accepted above threshold at   2.36242031E-10
NEWTON STEP: A step was accepted above threshold at   2.15657597E-10
NEWTON STEP: A step was accepted above threshold at   1.95824663E-10
NEWTON STEP: A step was accepted above threshold at   1.87043370E-10
NEWTON STEP: A step was accepted above threshold at   5.61153264E-10
NEWTON STEP: A step was accepted above threshold at   6.83761490E-10
NEWTON STEP: A step was rejected above threshold at   1.32634628E-09
NEWTON STEP: A step was accepted above threshold at   7.96070379E-10
NEWTON STEP: A step was accepted above threshold at   9.04058850E-10
NEWTON STEP: A step was rejected above threshold at   1.84694318E-09
NEWTON STEP: A step was rejected above threshold at   1.00656474E-09
NEWTON STEP: A step was accepted above threshold at   1.38481184E-10
NEWTON STEP: A step was accepted above threshold at   1.29216708E-10
NEWTON STEP: A step was accepted above threshold at   2.71547223E-10
NEWTON STEP: A step was accepted above threshold at   2.83580302E-10
NEWTON STEP: A step was accepted above threshold at   2.94561135E-10
NEWTON STEP: A step was accepted above threshold at   3.06102385E-10
NEWTON STEP: A step was accepted above threshold at   8.49882959E-10
NEWTON STEP: A step was accepted above threshold at   9.67554418E-10
NEWTON STEP: A step was rejected above threshold at   2.02780634E-09
NEWTON STEP: A step was rejected above threshold at   1.07753987E-09
NEWTON STEP: A step was accepted above threshold at   1.74067630E-10
NEWTON STEP: A step was accepted above threshold at   1.53066745E-10
NEWTON STEP: A step was accepted above threshold at   2.93490208E-10
NEWTON STEP: A step was accepted above threshold at   3.09731183E-10
NEWTON STEP: A step was accepted above threshold at   3.18604048E-10
NEWTON STEP: A step was accepted above threshold at   3.36695472E-10
NEWTON STEP: A step was accepted above threshold at   9.28818948E-10
NEWTON STEP: A step was rejected above threshold at   1.04183271E-09
NEWTON STEP: A step was accepted above threshold at   1.74523895E-10
NEWTON STEP: A step was accepted above threshold at   3.50685031E-10
NEWTON STEP: A step was accepted above threshold at   3.55894536E-10
NEWTON STEP: A step was accepted above threshold at   9.64810563E-10
NEWTON STEP: A step was rejected above threshold at   1.07660105E-09
NEWTON STEP: A step was accepted above threshold at   1.72927795E-10
NEWTON STEP: A step was accepted above threshold at   3.36877183E-10
NEWTON STEP: A step was accepted above threshold at   3.21171900E-10
NEWTON STEP: A step was accepted above threshold at   8.78860362E-10
NEWTON STEP: A step was accepted above threshold at   9.89599284E-10
NEWTON STEP: A step was rejected above threshold at   2.05458071E-09
NEWTON STEP: A step was rejected above threshold at   1.10267075E-09
NEWTON STEP: A step was accepted above threshold at   1.73491838E-10
NEWTON STEP: A step was accepted above threshold at   1.44137674E-10
NEWTON STEP: A step was accepted above threshold at   2.64376310E-10
NEWTON STEP: A step was accepted above threshold at   2.40250297E-10
NEWTON STEP: A step was accepted above threshold at   2.14430168E-10
NEWTON STEP: A step was accepted above threshold at   1.99397846E-10
NEWTON STEP: A step was accepted above threshold at   5.90497347E-10
NEWTON STEP: A step was accepted above threshold at   7.00888007E-10
NEWTON STEP: A step was rejected above threshold at   1.50109809E-09
NEWTON STEP: A step was accepted above threshold at   8.08711395E-10
NEWTON STEP: A step was accepted above threshold at   9.28294713E-10
NEWTON STEP: A step was rejected above threshold at   1.85170233E-09
NEWTON STEP: A step was rejected above threshold at   1.03710875E-09
NEWTON STEP: A step was accepted above threshold at   1.42922906E-10
NEWTON STEP: A step was accepted above threshold at   1.16022463E-10
NEWTON STEP: A step was accepted above threshold at   1.90026054E-10
NEWTON STEP: A step was accepted above threshold at   1.71831765E-10
NEWTON STEP: A step was accepted above threshold at   1.47408574E-10
NEWTON STEP: A step was accepted above threshold at   1.19368421E-10
NEWTON STEP: A step was accepted above threshold at   4.18949696E-10
NEWTON STEP: A step was accepted above threshold at   5.66391139E-10
NEWTON STEP: A step was rejected above threshold at   1.28979846E-09
NEWTON STEP: A step was accepted above threshold at   7.16770350E-10
NEWTON STEP: A step was accepted above threshold at   8.46432856E-10
NEWTON STEP: A step was rejected above threshold at   1.47483599E-09
NEWTON STEP: A step was accepted above threshold at   9.62380754E-10
NEWTON STEP: A step was rejected above threshold at   1.09869983E-09
NEWTON STEP: A step was accepted above threshold at   1.49856237E-10
NEWTON STEP: A step was accepted above threshold at   2.42667925E-10
NEWTON STEP: A step was accepted above threshold at   2.08247167E-10
NEWTON STEP: A step was accepted above threshold at   6.35575687E-10
NEWTON STEP: A step was accepted above threshold at   7.64612545E-10
NEWTON STEP: A step was rejected above threshold at   1.76923875E-09
NEWTON STEP: A step was accepted above threshold at   9.00100845E-10
NEWTON STEP: A step was rejected above threshold at   1.03267962E-09
NEWTON STEP: A step was accepted above threshold at   1.24988175E-10
NEWTON STEP: A step was accepted above threshold at   2.18925800E-10
NEWTON STEP: A step was accepted above threshold at   1.81078344E-10
NEWTON STEP: A step was accepted above threshold at   5.86244912E-10
NEWTON STEP: A step was accepted above threshold at   7.43006320E-10
NEWTON STEP: A step was rejected above threshold at   1.57718178E-09
NEWTON STEP: A step was accepted above threshold at   9.05428655E-10
NEWTON STEP: A step was rejected above threshold at   1.03265667E-09
NEWTON STEP: A step was accepted above threshold at   1.39324387E-10
NEWTON STEP: A step was accepted above threshold at   2.24875144E-10
NEWTON STEP: A step was accepted above threshold at   1.99077889E-10
NEWTON STEP: A step was accepted above threshold at   6.49431951E-10
NEWTON STEP: A step was accepted above threshold at   8.28572577E-10
NEWTON STEP: A step was rejected above threshold at   1.86795395E-09
NEWTON STEP: A step was accepted above threshold at   9.83514843E-10
NEWTON STEP: A step was rejected above threshold at   1.17304086E-09
NEWTON STEP: A step was accepted above threshold at   1.74228021E-10
NEWTON STEP: A step was accepted above threshold at   3.15206724E-10
NEWTON STEP: A step was accepted above threshold at   2.67886850E-10
NEWTON STEP: A step was accepted above threshold at   8.22927263E-10
NEWTON STEP: A step was rejected above threshold at   1.00346293E-09
NEWTON STEP: A step was accepted above threshold at   1.59574979E-10
NEWTON STEP: A step was accepted above threshold at   3.17122118E-10
NEWTON STEP: A step was accepted above threshold at   3.07575307E-10
NEWTON STEP: A step was accepted above threshold at   9.49417823E-10
NEWTON STEP: A step was rejected above threshold at   1.14369711E-09
NEWTON STEP: A step was accepted above threshold at   1.83930282E-10
NEWTON STEP: A step was accepted above threshold at   3.77188765E-10
NEWTON STEP: A step was accepted above threshold at   3.91012337E-10
NEWTON STEP: A step was rejected above threshold at   1.15117001E-09
NEWTON STEP: A step was accepted above threshold at   1.91017470E-10
NEWTON STEP: A step was accepted above threshold at   1.93073209E-10
NEWTON STEP: A step was accepted above threshold at   4.12248951E-10
NEWTON STEP: A step was accepted above threshold at   4.31737499E-10
NEWTON STEP: A step was accepted above threshold at   4.49507456E-10
NEWTON STEP: A step was accepted above threshold at   4.69956280E-10
NEWTON STEP: A step was rejected above threshold at   1.35046644E-09
NEWTON STEP: A step was accepted above threshold at   2.10948558E-10
NEWTON STEP: A step was accepted above threshold at   1.93406459E-10
NEWTON STEP: A step was accepted above threshold at   3.74110660E-10
NEWTON STEP: A step was accepted above threshold at   3.76465470E-10
NEWTON STEP: A step was accepted above threshold at   3.45920398E-10
NEWTON STEP: A step was accepted above threshold at   3.22916602E-10
NEWTON STEP: A step was rejected above threshold at   1.00384729E-09
NEWTON STEP: A step was accepted above threshold at   1.40499347E-10
NEWTON STEP: A step was accepted above threshold at   1.19022419E-10
NEWTON STEP: A step was accepted above threshold at   2.34919352E-10
NEWTON STEP: A step was accepted above threshold at   2.24753676E-10
NEWTON STEP: A step was accepted above threshold at   2.18559243E-10
NEWTON STEP: A step was accepted above threshold at   1.76345558E-10
NEWTON STEP: A step was accepted above threshold at   6.52171019E-10
NEWTON STEP: A step was accepted above threshold at   8.58310818E-10
NEWTON STEP: A step was rejected above threshold at   2.05297690E-09
NEWTON STEP: A step was rejected above threshold at   1.08049275E-09
NEWTON STEP: A step was accepted above threshold at   1.14634334E-10
NEWTON STEP: A step was accepted above threshold at   8.92774448E-11
NEWTON STEP: A step was accepted above threshold at   1.67383994E-10
NEWTON STEP: A step was accepted above threshold at   1.60134692E-10
NEWTON STEP: A step was accepted above threshold at   1.46679163E-10
NEWTON STEP: A step was accepted above threshold at   1.33250958E-10
NEWTON STEP: A step was accepted above threshold at   5.73451674E-10
NEWTON STEP: A step was accepted above threshold at   7.76902191E-10
NEWTON STEP: A step was rejected above threshold at   1.11355612E-09
NEWTON STEP: A step was rejected above threshold at   1.03738635E-09
NEWTON STEP: A step was accepted above threshold at   5.69748281E-11
NEWTON STEP: A step was accepted above threshold at   4.30606259E-11
NEWTON STEP: A step was accepted above threshold at   8.17630144E-11
NEWTON STEP: A step was accepted above threshold at   8.50485526E-11
NEWTON STEP: A step was accepted above threshold at   8.80946605E-11
NEWTON STEP: A step was accepted above threshold at   8.02404253E-11
NEWTON STEP: A step was accepted above threshold at   4.31918127E-10
NEWTON STEP: A step was accepted above threshold at   7.16385908E-10
NEWTON STEP: A step was rejected above threshold at   1.29392845E-09
NEWTON STEP: A step was accepted above threshold at   9.85731848E-10
NEWTON STEP: A step was rejected above threshold at   1.27472880E-09
NEWTON STEP: A step was accepted above threshold at   7.24513928E-11
NEWTON STEP: A step was accepted above threshold at   1.19092145E-10
NEWTON STEP: A step was accepted above threshold at   6.76586507E-11
NEWTON STEP: A step was accepted above threshold at   4.21358113E-10
NEWTON STEP: A step was accepted above threshold at   7.26390785E-10
NEWTON STEP: A step was rejected above threshold at   1.27783689E-09
NEWTON STEP: A step was rejected above threshold at   1.03283529E-09
NEWTON STEP: A step was accepted above threshold at   6.61104909E-11
NEWTON STEP: A step was accepted above threshold at   3.27452573E-11
NEWTON STEP: A step was accepted above threshold at   5.00998517E-11
NEWTON STEP: A step was accepted above threshold at   3.93040049E-11
NEWTON STEP: A step was accepted above threshold at   3.33689079E-11
NEWTON STEP: A step was accepted above threshold at   3.46789595E-11
NEWTON STEP: A step was accepted above threshold at   3.79664622E-10
NEWTON STEP: A step was accepted above threshold at   6.94911113E-10
NEWTON STEP: A step was rejected above threshold at   1.05623919E-09
NEWTON STEP: A step was rejected above threshold at   1.01736189E-09
NEWTON STEP: A step was accepted above threshold at   5.81403539E-11
NEWTON STEP: A step was accepted above threshold at   3.98820257E-11
NEWTON STEP: A step was accepted above threshold at   3.71992538E-11
NEWTON STEP: A step was accepted above threshold at   3.40222476E-11
NEWTON STEP: A step was accepted above threshold at   2.96243332E-11
NEWTON STEP: A step was accepted above threshold at   3.08850739E-11
NEWTON STEP: A step was accepted above threshold at   3.95821036E-10
NEWTON STEP: A step was accepted above threshold at   6.80583046E-10
NEWTON STEP: A step was rejected above threshold at   1.06616391E-09
NEWTON STEP: A step was rejected above threshold at   1.02370278E-09
NEWTON STEP: A step was accepted above threshold at   5.28372770E-11
NEWTON STEP: A step was accepted above threshold at   2.24009534E-11
NEWTON STEP: A step was accepted above threshold at   3.67484614E-11
NEWTON STEP: A step was accepted above threshold at   2.47269098E-11
NEWTON STEP: A step was accepted above threshold at   1.53605752E-11
NEWTON STEP: A step was accepted above threshold at   3.08990625E-11
NEWTON STEP: A step was accepted above threshold at   3.47325817E-10
NEWTON STEP: A step was accepted above threshold at   6.97401165E-10
NEWTON STEP: A step was accepted above threshold at   8.34221028E-10
NEWTON STEP: A step was rejected above threshold at   1.06254142E-09
NEWTON STEP: A step was accepted above threshold at   7.78877501E-10
NEWTON STEP: A step was rejected above threshold at   1.01585022E-09
NEWTON STEP: A step was accepted above threshold at   5.15828646E-11
NEWTON STEP: A step was accepted above threshold at   5.27078976E-11
NEWTON STEP: A step was accepted above threshold at   2.63147934E-11
NEWTON STEP: A step was accepted above threshold at   4.66622898E-10
NEWTON STEP: A step was accepted above threshold at   6.48904319E-10
NEWTON STEP: A step was accepted above threshold at   7.85199436E-10
NEWTON STEP: A step was rejected above threshold at   3.74877049E-09
NEWTON STEP: A step was accepted above threshold at   6.83662493E-10
NEWTON STEP: A step was accepted above threshold at   7.45464257E-10
NEWTON STEP: A step was rejected above threshold at   5.50064338E-09
NEWTON STEP: A step was rejected above threshold at   1.09150271E-09
NEWTON STEP: A step was accepted above threshold at   7.48557724E-10
NEWTON STEP: A step was rejected above threshold at   1.13774503E-09
NEWTON STEP: A step was accepted above threshold at   7.40093758E-11
NEWTON STEP: A step was accepted above threshold at   6.47858433E-11
NEWTON STEP: A step was accepted above threshold at   4.10270538E-11
NEWTON STEP: A step was accepted above threshold at   5.44094422E-10
NEWTON STEP: A step was accepted above threshold at   9.35035081E-10
NEWTON STEP: A step was rejected above threshold at   2.32781918E-09
NEWTON STEP: A step was rejected above threshold at   1.35947733E-09
NEWTON STEP: A step was accepted above threshold at   9.70824955E-11
NEWTON STEP: A step was accepted above threshold at   5.33968742E-11
NEWTON STEP: A step was accepted above threshold at   5.90892517E-11
NEWTON STEP: A step was accepted above threshold at   7.15139981E-11
NEWTON STEP: A step was accepted above threshold at   5.84803125E-11
NEWTON STEP: A step was accepted above threshold at   8.29716746E-11
NEWTON STEP: A step was accepted above threshold at   7.25366122E-10
NEWTON STEP: A step was rejected above threshold at   1.24979304E-09
NEWTON STEP: A step was accepted above threshold at   6.49146298E-11
NEWTON STEP: A step was accepted above threshold at   1.38869385E-10
NEWTON STEP: A step was accepted above threshold at   1.37933106E-10
NEWTON STEP: A step was accepted above threshold at   8.74523320E-10
NEWTON STEP: A step was rejected above threshold at   1.41957402E-09
NEWTON STEP: A step was accepted above threshold at   1.28525799E-10
NEWTON STEP: A step was accepted above threshold at   2.05139366E-10
NEWTON STEP: A step was accepted above threshold at   1.45418200E-10
NEWTON STEP: A step was accepted above threshold at   9.19585783E-10
NEWTON STEP: A step was rejected above threshold at   1.47893188E-09
NEWTON STEP: A step was accepted above threshold at   1.88955301E-10
NEWTON STEP: A step was accepted above threshold at   4.03446138E-10
NEWTON STEP: A step was accepted above threshold at   4.29247695E-10
NEWTON STEP: A step was rejected above threshold at   1.62558083E-09
NEWTON STEP: A step was accepted above threshold at   2.25044768E-10
NEWTON STEP: A step was accepted above threshold at   2.44925617E-10
NEWTON STEP: A step was accepted above threshold at   5.53705175E-10
NEWTON STEP: A step was accepted above threshold at   6.02097961E-10
NEWTON STEP: A step was accepted above threshold at   6.83021059E-10
NEWTON STEP: A step was accepted above threshold at   7.64806937E-10
NEWTON STEP: A step was rejected above threshold at   1.97433279E-09
NEWTON STEP: A step was accepted above threshold at   8.48683181E-11
NEWTON STEP: A step was accepted above threshold at   1.48074945E-11
NEWTON STEP: A step was accepted above threshold at   4.32357732E-11
NEWTON STEP: A step was accepted above threshold at   7.15039564E-12
NEWTON STEP: A step was accepted above threshold at   1.05928078E-11
NEWTON STEP: A step was accepted above threshold at   1.65066171E-11
NEWTON STEP: A step was accepted above threshold at   2.45989354E-11
NEWTON STEP: A step was accepted above threshold at   5.37371349E-11
NEWTON STEP: A step was accepted above threshold at   3.13819338E-13
NEWTON STEP: A step was accepted above threshold at   1.01813444E-11
NEWTON STEP: A step was accepted above threshold at   9.55460071E-13
NEWTON STEP: A step was accepted above threshold at   5.47363124E-14
NEWTON STEP: A step was accepted above threshold at   1.81980459E-14
NEWTON STEP: A step was accepted above threshold at   3.29381075E-12
NEWTON STEP: A step was accepted above threshold at   2.68517992E-11
NEWTON STEP: A step was accepted above threshold at   1.88544030E-12
NEWTON STEP: A step was accepted above threshold at   8.61353206E-10
NEWTON STEP: A step was rejected above threshold at   1.48722584E-09
NEWTON STEP: A step was accepted above threshold at   2.29151134E-11
NEWTON STEP: A step was accepted above threshold at   4.39197805E-11
NEWTON STEP: A step was rejected above threshold at   3.72288171E-08
NEWTON STEP: A step was accepted above threshold at   1.90943811E-10
NEWTON STEP: A step was accepted above threshold at   1.75898345E-11
NEWTON STEP: A step was accepted above threshold at   1.26290579E-10
NEWTON STEP: A step was accepted above threshold at   5.41479645E-11
