Initializing...
==> Cluster identification................     0.000
    --> Domain assignment ..............     0.002
    --> Equation construction ..........     0.000
    --> Equation ordering ..............     0.042
    --> Equation mapping ...............     0.003
    --> Source association .............     0.084
    --> Anchoring ......................     0.000
==> Cluster list build ...................     0.131
    --> Products .......................     0.920
    --> Reactions ......................     0.771
    --> Leaks ..........................     0.018
    --> Emissions ......................     0.174
    --> Transforms .....................     0.001
    --> Sinks ..........................     0.000
    --> Scale Factors ..................     0.001
==> Kinetics reconstruction ..............     1.885
    --> Reaction Block .................     0.014
    --> Stamp ..........................     0.002
    --> Jacobian .......................     0.031
==> Matrix construction ..................     0.048
Total time elapsed:      2.064
    clusters     :   401
    equations    :   413
    3d reactions : 84555
    1d reactions : 0
    3d leaks     : 0
    1d leaks     : 0
    3d emissions : 0
    1d emissions : 0
  Preconditioner : 252079
Axis 01 upper boundary enchroachment detected
Expanded from 1000 to 6000
Resizing...
==> Cluster identification................     0.000
    --> Domain assignment ..............     0.002
    --> Equation construction ..........     0.000
    --> Equation ordering ..............     0.040
    --> Equation mapping ...............     0.002
    --> Source association .............     0.088
    --> Anchoring ......................     0.001
==> Cluster list build ...................     0.133
    --> Products .......................     1.639
    --> Reactions ......................     1.800
    --> Leaks ..........................     0.020
    --> Emissions ......................     0.182
    --> Transforms .....................     0.001
    --> Sinks ..........................     0.000
    --> Scale Factors ..................     0.001
==> Kinetics reconstruction ..............     3.643
    --> Reaction Block .................     0.019
    --> Stamp ..........................     0.002
    --> Jacobian .......................     0.031
==> Matrix construction ..................     0.052
Total time elapsed:      3.828
    clusters     :    419
    equations    :    449
    3d reactions : 101151
    1d reactions : 0
    3d leaks     : 0
    1d leaks     : 0
    3d emissions : 0
    1d emissions : 0
  Preconditioner : 269647
Axis 01 lower boundary enchroachment detected
Expanded from -100 to -600
Resizing...
==> Cluster identification................     0.000
    --> Domain assignment ..............     0.002
    --> Equation construction ..........     0.000
    --> Equation ordering ..............     0.044
    --> Equation mapping ...............     0.004
    --> Source association .............     0.092
    --> Anchoring ......................     0.000
==> Cluster list build ...................     0.142
    --> Products .......................     1.682
    --> Reactions ......................     1.854
    --> Leaks ..........................     0.017
    --> Emissions ......................     0.191
    --> Transforms .....................     0.001
    --> Sinks ..........................     0.001
    --> Scale Factors ..................     0.000
==> Kinetics reconstruction ..............     3.746
    --> Reaction Block .................     0.018
    --> Stamp ..........................     0.002
    --> Jacobian .......................     0.041
==> Matrix construction ..................     0.061
Total time elapsed:      3.949
    clusters     :    431
    equations    :    473
    3d reactions : 120738
    1d reactions : 0
    3d leaks     : 0
    1d leaks     : 0
    3d emissions : 0
    1d emissions : 0
  Preconditioner : 283087
Axis 01 upper boundary enchroachment detected
Expanded from 6000 to 36000
Resizing...
==> Cluster identification................     0.001
    --> Domain assignment ..............     0.001
    --> Equation construction ..........     0.000
    --> Equation ordering ..............     0.045
    --> Equation mapping ...............     0.004
    --> Source association .............     0.101
    --> Anchoring ......................     0.000
==> Cluster list build ...................     0.151
    --> Products .......................     4.900
    --> Reactions ......................     6.524
    --> Leaks ..........................     0.019
    --> Emissions ......................     0.211
    --> Transforms .....................     0.001
    --> Sinks ..........................     0.000
    --> Scale Factors ..................     0.000
==> Kinetics reconstruction ..............    11.656
    --> Reaction Block .................     0.023
    --> Stamp ..........................     0.002
    --> Jacobian .......................     0.047
==> Matrix construction ..................     0.072
Total time elapsed:     11.881
    clusters     :    461
    equations    :    533
    3d reactions : 149341
    1d reactions : 0
    3d leaks     : 0
    1d leaks     : 0
    3d emissions : 0
    1d emissions : 0
  Preconditioner : 312367
Axis 01 lower boundary enchroachment detected
Expanded from -600 to -3600
Resizing...
==> Cluster identification................     0.001
    --> Domain assignment ..............     0.001
    --> Equation construction ..........     0.000
    --> Equation ordering ..............     0.045
    --> Equation mapping ...............     0.003
    --> Source association .............     0.111
    --> Anchoring ......................     0.000
==> Cluster list build ...................     0.160
    --> Products .......................     5.304
    --> Reactions ......................     7.089
    --> Leaks ..........................     0.018
    --> Emissions ......................     0.220
    --> Transforms .....................     0.001
    --> Sinks ..........................     0.000
    --> Scale Factors ..................     0.001
==> Kinetics reconstruction ..............    12.633
    --> Reaction Block .................     0.025
    --> Stamp ..........................     0.002
    --> Jacobian .......................     0.052
==> Matrix construction ..................     0.079
Total time elapsed:     12.874
    clusters     :    475
    equations    :    561
    3d reactions : 163194
    1d reactions : 0
    3d leaks     : 0
    1d leaks     : 0
    3d emissions : 0
    1d emissions : 0
  Preconditioner : 326535
Axis 01 lower boundary enchroachment detected
Expanded from -3600 to -21600
Resizing...
==> Cluster identification................     0.001
    --> Domain assignment ..............     0.001
    --> Equation construction ..........     0.000
    --> Equation ordering ..............     0.048
    --> Equation mapping ...............     0.004
    --> Source association .............     0.127
    --> Anchoring ......................     0.001
==> Cluster list build ...................     0.181
    --> Products .......................     7.332
    --> Reactions ......................    10.138
    --> Leaks ..........................     0.022
    --> Emissions ......................     0.233
    --> Transforms .....................     0.001
    --> Sinks ..........................     0.000
    --> Scale Factors ..................     0.001
==> Kinetics reconstruction ..............    17.727
    --> Reaction Block .................     0.026
    --> Stamp ..........................     0.002
    --> Jacobian .......................     0.060
==> Matrix construction ..................     0.088
Total time elapsed:     17.997
    clusters     :    501
    equations    :    613
    3d reactions : 189853
    1d reactions : 0
    3d leaks     : 0
    1d leaks     : 0
    3d emissions : 0
    1d emissions : 0
  Preconditioner : 352847
Axis 01 lower boundary enchroachment detected
Expanded from -21600 to -100000
Resizing...
==> Cluster identification................     0.000
    --> Domain assignment ..............     0.002
    --> Equation construction ..........     0.000
    --> Equation ordering ..............     0.048
    --> Equation mapping ...............     0.004
    --> Source association .............     0.129
    --> Anchoring ......................     0.000
==> Cluster list build ...................     0.183
    --> Products .......................    15.338
    --> Reactions ......................    21.943
    --> Leaks ..........................     0.022
    --> Emissions ......................     0.266
    --> Transforms .....................     0.002
    --> Sinks ..........................     0.000
    --> Scale Factors ..................     0.001
==> Kinetics reconstruction ..............    37.572
    --> Reaction Block .................     0.033
    --> Stamp ..........................     0.003
    --> Jacobian .......................     0.070
==> Matrix construction ..................     0.106
Total time elapsed:     37.862
    clusters     :    537
    equations    :    685
    3d reactions : 226838
    1d reactions : 0
    3d leaks     : 0
    1d leaks     : 0
    3d emissions : 0
    1d emissions : 0
  Preconditioner : 389279
