Initializing...
==> Cluster identification................     0.000
    --> Domain assignment ..............     0.002
    --> Equation construction ..........     0.000
    --> Equation ordering ..............     0.041
    --> Equation mapping ...............     0.002
    --> Source association .............     0.075
    --> Anchoring ......................     0.001
==> Cluster list build ...................     0.121
    --> Products .......................     0.890
    --> Reactions ......................     0.783
    --> Leaks ..........................     0.016
    --> Emissions ......................     0.162
    --> Transforms .....................     0.000
    --> Sinks ..........................     0.001
    --> Scale Factors ..................     0.000
==> Kinetics reconstruction ..............     1.853
    --> Reaction Block .................     0.015
    --> Stamp ..........................     0.002
    --> Jacobian .......................     0.029
==> Matrix construction ..................     0.046
Total time elapsed:      2.022
    clusters     :   401
    equations    :   413
    3d reactions : 84555
    1d reactions : 0
    3d leaks     : 0
    1d leaks     : 0
    3d emissions : 600
    1d emissions : 0
  Preconditioner : 252079
Axis 01 upper boundary enchroachment detected
Expanded from 1000 to 6000
Resizing...
==> Cluster identification................     0.000
    --> Domain assignment ..............     0.002
    --> Equation construction ..........     0.000
    --> Equation ordering ..............     0.040
    --> Equation mapping ...............     0.004
    --> Source association .............     0.091
    --> Anchoring ......................     0.001
==> Cluster list build ...................     0.138
    --> Products .......................     1.546
    --> Reactions ......................     1.650
    --> Leaks ..........................     0.015
    --> Emissions ......................     0.176
    --> Transforms .....................     0.000
    --> Sinks ..........................     0.000
    --> Scale Factors ..................     0.001
==> Kinetics reconstruction ..............     3.388
    --> Reaction Block .................     0.015
    --> Stamp ..........................     0.003
    --> Jacobian .......................     0.030
==> Matrix construction ..................     0.048
Total time elapsed:      3.574
    clusters     :    419
    equations    :    449
    3d reactions : 101151
    1d reactions : 0
    3d leaks     : 0
    1d leaks     : 0
    3d emissions : 600
    1d emissions : 0
  Preconditioner : 269647
Axis 01 upper boundary enchroachment detected
Expanded from 6000 to 36000
Resizing...
==> Cluster identification................     0.001
    --> Domain assignment ..............     0.001
    --> Equation construction ..........     0.000
    --> Equation ordering ..............     0.036
    --> Equation mapping ...............     0.004
    --> Source association .............     0.093
    --> Anchoring ......................     0.000
==> Cluster list build ...................     0.134
    --> Products .......................     4.678
    --> Reactions ......................     6.464
    --> Leaks ..........................     0.017
    --> Emissions ......................     0.197
    --> Transforms .....................     0.001
    --> Sinks ..........................     0.000
    --> Scale Factors ..................     0.000
==> Kinetics reconstruction ..............    11.358
    --> Reaction Block .................     0.021
    --> Stamp ..........................     0.002
    --> Jacobian .......................     0.038
==> Matrix construction ..................     0.061
Total time elapsed:     11.554
    clusters     :    449
    equations    :    509
    3d reactions : 129754
    1d reactions : 0
    3d leaks     : 0
    1d leaks     : 0
    3d emissions : 600
    1d emissions : 0
  Preconditioner : 298927
Axis 01 lower boundary enchroachment detected
Expanded from -100 to -600
Resizing...
==> Cluster identification................     0.001
    --> Domain assignment ..............     0.001
    --> Equation construction ..........     0.000
    --> Equation ordering ..............     0.038
    --> Equation mapping ...............     0.003
    --> Source association .............     0.101
    --> Anchoring ......................     0.000
==> Cluster list build ...................     0.143
    --> Products .......................     4.963
    --> Reactions ......................     6.572
    --> Leaks ..........................     0.018
    --> Emissions ......................     0.209
    --> Transforms .....................     0.001
    --> Sinks ..........................     0.000
    --> Scale Factors ..................     0.000
==> Kinetics reconstruction ..............    11.763
    --> Reaction Block .................     0.023
    --> Stamp ..........................     0.002
    --> Jacobian .......................     0.047
==> Matrix construction ..................     0.072
Total time elapsed:     11.981
    clusters     :    461
    equations    :    533
    3d reactions : 149341
    1d reactions : 0
    3d leaks     : 0
    1d leaks     : 0
    3d emissions : 836
    1d emissions : 0
  Preconditioner : 312367
Axis 01 lower boundary enchroachment detected
Expanded from -600 to -3600
Resizing...
==> Cluster identification................     0.000
    --> Domain assignment ..............     0.001
    --> Equation construction ..........     0.000
    --> Equation ordering ..............     0.045
    --> Equation mapping ...............     0.003
    --> Source association .............     0.101
    --> Anchoring ......................     0.001
==> Cluster list build ...................     0.151
    --> Products .......................     5.458
    --> Reactions ......................     7.292
    --> Leaks ..........................     0.018
    --> Emissions ......................     0.235
    --> Transforms .....................     0.001
    --> Sinks ..........................     0.000
    --> Scale Factors ..................     0.001
==> Kinetics reconstruction ..............    13.005
    --> Reaction Block .................     0.024
    --> Stamp ..........................     0.002
    --> Jacobian .......................     0.052
==> Matrix construction ..................     0.078
Total time elapsed:     13.235
    clusters     :    475
    equations    :    561
    3d reactions : 163194
    1d reactions : 0
    3d leaks     : 0
    1d leaks     : 0
    3d emissions : 1116
    1d emissions : 0
  Preconditioner : 326535
Axis 01 lower boundary enchroachment detected
Expanded from -3600 to -21600
Resizing...
==> Cluster identification................     0.001
    --> Domain assignment ..............     0.001
    --> Equation construction ..........     0.000
    --> Equation ordering ..............     0.046
    --> Equation mapping ...............     0.004
    --> Source association .............     0.120
    --> Anchoring ......................     0.000
==> Cluster list build ...................     0.171
    --> Products .......................     7.594
    --> Reactions ......................    10.701
    --> Leaks ..........................     0.021
    --> Emissions ......................     0.337
    --> Transforms .....................     0.001
    --> Sinks ..........................     0.000
    --> Scale Factors ..................     0.000
==> Kinetics reconstruction ..............    18.654
    --> Reaction Block .................     0.027
    --> Stamp ..........................     0.003
    --> Jacobian .......................     0.060
==> Matrix construction ..................     0.090
Total time elapsed:     18.917
    clusters     :    501
    equations    :    613
    3d reactions : 189853
    1d reactions : 0
    3d leaks     : 0
    1d leaks     : 0
    3d emissions : 1636
    1d emissions : 0
  Preconditioner : 352847
Axis 01 lower boundary enchroachment detected
Expanded from -21600 to -100000
Resizing...
==> Cluster identification................     0.001
    --> Domain assignment ..............     0.002
    --> Equation construction ..........     0.000
    --> Equation ordering ..............     0.050
    --> Equation mapping ...............     0.002
    --> Source association .............     0.128
    --> Anchoring ......................     0.000
==> Cluster list build ...................     0.182
    --> Products .......................    15.572
    --> Reactions ......................    21.388
    --> Leaks ..........................     0.022
    --> Emissions ......................     0.631
    --> Transforms .....................     0.002
    --> Sinks ..........................     0.000
    --> Scale Factors ..................     0.000
==> Kinetics reconstruction ..............    37.615
    --> Reaction Block .................     0.032
    --> Stamp ..........................     0.004
    --> Jacobian .......................     0.074
==> Matrix construction ..................     0.110
Total time elapsed:     37.910
    clusters     :    537
    equations    :    685
    3d reactions : 226838
    1d reactions : 0
    3d leaks     : 0
    1d leaks     : 0
    3d emissions : 2356
    1d emissions : 0
  Preconditioner : 389279
