CONFIGURATION: Unrecognized option relative ignored for computing int_density
CONFIGURATION: Unrecognized option relative ignored for computing frank_density
CONFIGURATION: Unrecognized option relative ignored for computing perfect_density
CONFIGURATION: Unrecognized option relative ignored for computing faulted_density
CONFIGURATION: Unrecognized option relative ignored for computing void_density
NEWTON STEP: A step was accepted above threshold at   1.13228558E-14
NEWTON STEP: A step was rejected above threshold at   2.41250909E-09
NEWTON STEP: A step was accepted above threshold at   4.03144244E-14
NEWTON STEP: A step was accepted above threshold at   2.75445540E-13
NEWTON STEP: A step was accepted above threshold at   2.30579493E-12
NEWTON STEP: A step was rejected above threshold at   2.91409934E-09
NEWTON STEP: A step was accepted above threshold at   4.19408194E-10
NEWTON STEP: A step was accepted above threshold at   3.52170739E-11
NEWTON STEP: A step was accepted above threshold at   1.42279929E-11
NEWTON STEP: A step was accepted above threshold at   2.74179039E-12
NEWTON STEP: A step was rejected above threshold at   2.78020962E-09
NEWTON STEP: A step was accepted above threshold at   4.76106379E-13
NEWTON STEP: A step was accepted above threshold at   3.50658461E-13
NEWTON STEP: A step was accepted above threshold at   2.64392850E-13
NEWTON STEP: A step was accepted above threshold at   1.04617239E-13
NEWTON STEP: A step was rejected above threshold at   8.22320424E-09
NEWTON STEP: A step was accepted above threshold at   1.50878798E-14
NEWTON STEP: A step was rejected above threshold at   3.10574992E-09
NEWTON STEP: A step was rejected above threshold at   1.95515436E-09
NEWTON STEP: A step was rejected above threshold at   1.25263894E-09
NEWTON STEP: A step was accepted above threshold at   2.69785027E-14
NEWTON STEP: A step was accepted above threshold at   9.39004639E-10
NEWTON STEP: A step was rejected above threshold at   1.26406545E-09
NEWTON STEP: A step was accepted above threshold at   4.56083860E-14
NEWTON STEP: A step was accepted above threshold at   6.96192936E-14
NEWTON STEP: A step was accepted above threshold at   6.82277337E-10
NEWTON STEP: A step was accepted above threshold at   8.33300737E-10
NEWTON STEP: A step was accepted above threshold at   1.60551571E-11
NEWTON STEP: A step was accepted above threshold at   2.64433505E-11
NEWTON STEP: A step was accepted above threshold at   3.67751884E-11
NEWTON STEP: A step was accepted above threshold at   4.03325085E-11
NEWTON STEP: A step was accepted above threshold at   2.35569143E-12
NEWTON STEP: A step was accepted above threshold at   2.50805892E-12
NEWTON STEP: A step was accepted above threshold at   1.56012805E-12
NEWTON STEP: A step was accepted above threshold at   8.12816373E-12
NEWTON STEP: A step was accepted above threshold at   1.03363706E-13
NEWTON STEP: A step was accepted above threshold at   1.61127359E-12
NEWTON STEP: A step was accepted above threshold at   1.94050070E-13
NEWTON STEP: A step was accepted above threshold at   5.53259157E-13
NEWTON STEP: A step was accepted above threshold at   4.98511724E-13
NEWTON STEP: A step was accepted above threshold at   3.31815651E-14
NEWTON STEP: A step was accepted above threshold at   3.27392731E-13
NEWTON STEP: A step was accepted above threshold at   3.01391811E-13
NEWTON STEP: A step was accepted above threshold at   6.24687787E-14
NEWTON STEP: A step was accepted above threshold at   1.59197409E-14
NEWTON STEP: A step was accepted above threshold at   1.32394193E-13
NEWTON STEP: A step was accepted above threshold at   3.06613226E-12
NEWTON STEP: A step was accepted above threshold at   4.16010998E-11
NEWTON STEP: A step was rejected above threshold at   1.14069401E-09
NEWTON STEP: A step was rejected above threshold at   2.68041521E-08
NEWTON STEP: A step was accepted above threshold at   1.13761396E-10
NEWTON STEP: A step was accepted above threshold at   8.00834404E-11
NEWTON STEP: A step was rejected above threshold at   7.34741459E-09
NEWTON STEP: A step was accepted above threshold at   2.25575277E-10
NEWTON STEP: A step was accepted above threshold at   2.50493230E-10
NEWTON STEP: A step was rejected above threshold at   6.47486346E-09
NEWTON STEP: A step was accepted above threshold at   3.64651890E-10
NEWTON STEP: A step was accepted above threshold at   3.93193748E-10
NEWTON STEP: A step was rejected above threshold at   3.79325402E-09
NEWTON STEP: A step was accepted above threshold at   3.08545211E-10
NEWTON STEP: A step was accepted above threshold at   4.51564331E-10
NEWTON STEP: A step was rejected above threshold at   2.16055099E-09
NEWTON STEP: A step was accepted above threshold at   4.51560861E-10
NEWTON STEP: A step was accepted above threshold at   4.16753259E-10
NEWTON STEP: A step was rejected above threshold at   1.84842097E-09
NEWTON STEP: A step was accepted above threshold at   5.03661864E-10
NEWTON STEP: A step was accepted above threshold at   4.10742560E-10
NEWTON STEP: A step was accepted above threshold at   7.47440010E-10
NEWTON STEP: A step was rejected above threshold at   3.49588897E-09
NEWTON STEP: A step was accepted above threshold at   2.42539562E-10
NEWTON STEP: A step was accepted above threshold at   3.36054710E-10
NEWTON STEP: A step was rejected above threshold at   2.26654200E-09
NEWTON STEP: A step was accepted above threshold at   3.70107959E-10
NEWTON STEP: A step was accepted above threshold at   4.03962341E-10
NEWTON STEP: A step was accepted above threshold at   7.81359609E-10
NEWTON STEP: A step was rejected above threshold at   7.48746428E-09
NEWTON STEP: A step was accepted above threshold at   1.72046412E-10
NEWTON STEP: A step was accepted above threshold at   3.81780837E-10
NEWTON STEP: A step was accepted above threshold at   7.89058714E-10
NEWTON STEP: A step was rejected above threshold at   1.80971641E-09
NEWTON STEP: A step was accepted above threshold at   8.33405943E-11
NEWTON STEP: A step was accepted above threshold at   1.60989828E-10
NEWTON STEP: A step was rejected above threshold at   2.86243799E-09
NEWTON STEP: A step was accepted above threshold at   1.48855200E-10
NEWTON STEP: A step was accepted above threshold at   1.41073515E-10
NEWTON STEP: A step was rejected above threshold at   4.57998662E-09
NEWTON STEP: A step was accepted above threshold at   2.58818251E-10
NEWTON STEP: A step was accepted above threshold at   2.83903086E-10
NEWTON STEP: A step was rejected above threshold at   3.12079304E-09
NEWTON STEP: A step was accepted above threshold at   2.80205276E-10
NEWTON STEP: A step was accepted above threshold at   4.82497477E-10
NEWTON STEP: A step was rejected above threshold at   4.98275935E-09
NEWTON STEP: A step was accepted above threshold at   7.69444724E-10
NEWTON STEP: A step was rejected above threshold at   1.56263283E-09
NEWTON STEP: A step was rejected above threshold at   1.55200948E-09
NEWTON STEP: A step was accepted above threshold at   2.55928432E-10
NEWTON STEP: A step was accepted above threshold at   1.77167903E-10
NEWTON STEP: A step was rejected above threshold at   2.89155176E-09
NEWTON STEP: A step was accepted above threshold at   9.72463521E-11
NEWTON STEP: A step was accepted above threshold at   8.21626618E-11
NEWTON STEP: A step was accepted above threshold at   1.57443149E-10
NEWTON STEP: A step was accepted above threshold at   8.86985580E-11
NEWTON STEP: A step was accepted above threshold at   1.82827860E-11
NEWTON STEP: A step was accepted above threshold at   3.15176387E-14
NEWTON STEP: A step was accepted above threshold at   7.38476415E-13
NEWTON STEP: A step was accepted above threshold at   4.95355656E-14
NEWTON STEP: A step was accepted above threshold at   2.46723097E-13
NEWTON STEP: A step was accepted above threshold at   1.84163655E-10
NEWTON STEP: A step was accepted above threshold at   3.15319236E-11
NEWTON STEP: A step was accepted above threshold at   3.20924323E-14
NEWTON STEP: A step was accepted above threshold at   2.68289765E-14
NEWTON STEP: A step was accepted above threshold at   8.46726267E-14
NEWTON STEP: A step was accepted above threshold at   2.92356431E-14
NEWTON STEP: A step was accepted above threshold at   2.90556307E-11
