Initializing...
==> Cluster identification................     0.003
    --> Domain assignment ..............     0.004
    --> Equation construction ..........     0.000
    --> Equation ordering ..............     0.107
    --> Equation mapping ...............     0.006
    --> Source association .............     0.183
    --> Anchoring ......................     0.000
==> Cluster list build ...................     0.300
    --> Products .......................    24.351
    --> Reactions ......................    34.393
    --> Leaks ..........................     0.033
    --> Emissions ......................     1.063
    --> Transforms .....................     0.002
    --> Sinks ..........................     0.000
    --> Scale Factors ..................     0.001
==> Kinetics reconstruction ..............    59.843
    --> Reaction Block .................     0.044
    --> Stamp ..........................     0.004
    --> Jacobian .......................     0.113
==> Matrix construction ..................     0.162
Total time elapsed:     60.310
    clusters     :    825
    equations    :    962
    3d reactions : 302957
    1d reactions : 0
    3d leaks     : 0
    1d leaks     : 0
    3d emissions : 3672
    1d emissions : 0
  Preconditioner : 643525
Axis 01 lower boundary was reached and expansion was accelerated
Expanded from -200000 to -1000000
Resizing...
==> Cluster identification................     0.000
    --> Domain assignment ..............     0.003
    --> Equation construction ..........     0.000
    --> Equation ordering ..............     0.080
    --> Equation mapping ...............     0.005
    --> Source association .............     0.224
    --> Anchoring ......................     0.001
==> Cluster list build ...................     0.313
    --> Products .......................   105.835
    --> Reactions ......................   154.976
    --> Leaks ..........................     0.041
    --> Emissions ......................     4.168
    --> Transforms .....................     0.002
    --> Sinks ..........................     0.000
    --> Scale Factors ..................     0.001
==> Kinetics reconstruction ..............   265.023
    --> Reaction Block .................     0.062
    --> Stamp ..........................     0.005
    --> Jacobian .......................     0.145
==> Matrix construction ..................     0.212
Total time elapsed:    265.548
    clusters     :    907
    equations    :   1126
    3d reactions : 387798
    1d reactions : 0
    3d leaks     : 0
    1d leaks     : 0
    3d emissions : 5310
    1d emissions : 0
  Preconditioner : 726509
Axis 01 upper boundary was reached and expansion was accelerated
Expanded from 5000 to 55000
Resizing...
==> Cluster identification................     0.001
    --> Domain assignment ..............     0.002
    --> Equation construction ..........     0.000
    --> Equation ordering ..............     0.076
    --> Equation mapping ...............     0.007
    --> Source association .............     0.232
    --> Anchoring ......................     0.000
==> Cluster list build ...................     0.317
    --> Products .......................   110.051
    --> Reactions ......................   162.880
    --> Leaks ..........................     0.039
    --> Emissions ......................     4.181
    --> Transforms .....................     0.002
    --> Sinks ..........................     0.001
    --> Scale Factors ..................     0.000
==> Kinetics reconstruction ..............   277.155
    --> Reaction Block .................     0.066
    --> Stamp ..........................     0.005
    --> Jacobian .......................     0.169
==> Matrix construction ..................     0.240
Total time elapsed:    277.714
    clusters     :    949
    equations    :   1210
    3d reactions : 430758
    1d reactions : 0
    3d leaks     : 0
    1d leaks     : 0
    3d emissions : 5310
    1d emissions : 0
  Preconditioner : 769013
