CONFIGURATION: Unrecognized option relative ignored for computing int_density
CONFIGURATION: Unrecognized option relative ignored for computing frank_density
CONFIGURATION: Unrecognized option relative ignored for computing perfect_density
CONFIGURATION: Unrecognized option relative ignored for computing faulted_density
CONFIGURATION: Unrecognized option relative ignored for computing void_density
NEWTON STEP: A step was accepted above threshold at   2.91271130E-11
NEWTON STEP: A step was accepted above threshold at   2.42092795E-11
NEWTON STEP: A step was accepted above threshold at   1.22278497E-11
NEWTON STEP: A step was accepted above threshold at   1.35119734E-14
NEWTON STEP: A step was accepted above threshold at   5.01827327E-12
NEWTON STEP: A step was accepted above threshold at   6.30418816E-12
NEWTON STEP: A step was accepted above threshold at   7.11007268E-12
NEWTON STEP: A step was accepted above threshold at   8.08125849E-12
NEWTON STEP: A step was accepted above threshold at   8.88286885E-12
NEWTON STEP: A step was accepted above threshold at   9.64111010E-12
NEWTON STEP: A step was accepted above threshold at   2.13246567E-12
NEWTON STEP: A step was accepted above threshold at   2.48421168E-12
NEWTON STEP: A step was accepted above threshold at   1.20525746E-12
NEWTON STEP: A step was accepted above threshold at   3.33594538E-10
NEWTON STEP: A step was accepted above threshold at   3.02591381E-12
NEWTON STEP: A step was accepted above threshold at   1.31735938E-14
NEWTON STEP: A step was accepted above threshold at   8.34518923E-10
NEWTON STEP: A step was accepted above threshold at   1.01993732E-11
NEWTON STEP: A step was accepted above threshold at   1.99420714E-13
